[2021/12/01 15:55:34.429] - Starting server with initial configuration: {"gasLimit":67219750000000,"gasPrice":100000,"hardfork":"muirGlacier","hostname":"127.0.0.1","port":7545,"network_id":5777,"default_balance_ether":10000,"total_accounts":100,"unlocked_accounts":[],"locked":false,"vmErrorsOnRPCResponse":true,"verbose":false,"db_path":"/Users/zeshunshi/Library/Application Support/Ganache/workspaces/AWESOME/chaindata","logDirectory":"/Users/zeshunshi/Documents/SCTesting/logs_Ganache"}
[2021/12/01 15:55:34.621] - eth_subscribe
[2021/12/01 15:55:34.624] - eth_getLogs
[2021/12/01 15:55:34.625] - eth_subscribe
[2021/12/01 15:55:34.653] - eth_subscribe
[2021/12/01 15:55:34.654] - eth_getLogs
[2021/12/01 15:55:34.654] - eth_subscribe
[2021/12/01 15:55:34.663] - eth_blockNumber
[2021/12/01 15:55:34.663] - eth_accounts
[2021/12/01 15:55:34.663] - eth_gasPrice
[2021/12/01 15:55:34.664] - eth_getBlockByNumber
[2021/12/01 15:55:34.664] - eth_subscribe
[2021/12/01 15:55:34.669] - eth_accounts
[2021/12/01 15:55:34.700] - eth_getBalance
[2021/12/01 15:55:34.705] - eth_getTransactionCount
[2021/12/01 15:55:34.708] - eth_getBalance
[2021/12/01 15:55:34.712] - eth_getTransactionCount
[2021/12/01 15:55:34.716] - eth_getBalance
[2021/12/01 15:55:34.720] - eth_getTransactionCount
[2021/12/01 15:55:34.723] - eth_getBalance
[2021/12/01 15:55:34.729] - eth_getTransactionCount
[2021/12/01 15:55:34.733] - eth_getBalance
[2021/12/01 15:55:34.737] - eth_getTransactionCount
[2021/12/01 15:55:34.740] - eth_getBalance
[2021/12/01 15:55:34.743] - eth_getTransactionCount
[2021/12/01 15:55:34.746] - eth_getBalance
[2021/12/01 15:55:34.750] - eth_getTransactionCount
[2021/12/01 15:55:34.753] - eth_getBalance
[2021/12/01 15:55:34.759] - eth_getTransactionCount
[2021/12/01 15:55:34.760] - eth_getBalance
[2021/12/01 15:55:34.763] - eth_getTransactionCount
[2021/12/01 15:55:34.770] - eth_getBalance
[2021/12/01 15:55:34.774] - eth_getTransactionCount
[2021/12/01 15:55:34.777] - eth_getBalance
[2021/12/01 15:55:34.780] - eth_getTransactionCount
[2021/12/01 15:55:34.784] - eth_getBalance
[2021/12/01 15:55:34.787] - eth_getTransactionCount
[2021/12/01 15:55:34.790] - eth_getBalance
[2021/12/01 15:55:34.794] - eth_getTransactionCount
[2021/12/01 15:55:34.799] - eth_getBalance
[2021/12/01 15:55:34.803] - eth_getTransactionCount
[2021/12/01 15:55:34.807] - eth_getBalance
[2021/12/01 15:55:34.809] - eth_getTransactionCount
[2021/12/01 15:55:34.813] - eth_getBalance
[2021/12/01 15:55:34.817] - eth_getTransactionCount
[2021/12/01 15:55:34.820] - eth_getBalance
[2021/12/01 15:55:34.823] - eth_getTransactionCount
[2021/12/01 15:55:34.826] - eth_getBalance
[2021/12/01 15:55:34.830] - eth_getTransactionCount
[2021/12/01 15:55:34.833] - eth_getBalance
[2021/12/01 15:55:34.836] - eth_getTransactionCount
[2021/12/01 15:55:34.839] - eth_getBalance
[2021/12/01 15:55:34.843] - eth_getTransactionCount
[2021/12/01 15:55:34.846] - eth_getBalance
[2021/12/01 15:55:34.850] - eth_getTransactionCount
[2021/12/01 15:55:34.855] - eth_getBalance
[2021/12/01 15:55:34.860] - eth_getTransactionCount
[2021/12/01 15:55:34.864] - eth_getBalance
[2021/12/01 15:55:34.867] - eth_getTransactionCount
[2021/12/01 15:55:34.870] - eth_getBalance
[2021/12/01 15:55:34.874] - eth_getTransactionCount
[2021/12/01 15:55:34.877] - eth_getBalance
[2021/12/01 15:55:34.880] - eth_getTransactionCount
[2021/12/01 15:55:34.883] - eth_getBalance
[2021/12/01 15:55:34.887] - eth_getTransactionCount
[2021/12/01 15:55:34.890] - eth_getBalance
[2021/12/01 15:55:34.893] - eth_getTransactionCount
[2021/12/01 15:55:34.899] - eth_getBalance
[2021/12/01 15:55:34.902] - eth_getTransactionCount
[2021/12/01 15:55:34.906] - eth_getBalance
[2021/12/01 15:55:34.909] - eth_getTransactionCount
[2021/12/01 15:55:34.913] - eth_getBalance
[2021/12/01 15:55:34.916] - eth_getTransactionCount
[2021/12/01 15:55:34.920] - eth_getBalance
[2021/12/01 15:55:34.923] - eth_getTransactionCount
[2021/12/01 15:55:34.927] - eth_getBalance
[2021/12/01 15:55:34.931] - eth_getTransactionCount
[2021/12/01 15:55:34.936] - eth_getBalance
[2021/12/01 15:55:34.943] - eth_getTransactionCount
[2021/12/01 15:55:34.948] - eth_getBalance
[2021/12/01 15:55:34.951] - eth_getTransactionCount
[2021/12/01 15:55:34.956] - eth_getBalance
[2021/12/01 15:55:34.960] - eth_getTransactionCount
[2021/12/01 15:55:34.965] - eth_getBalance
[2021/12/01 15:55:34.969] - eth_getTransactionCount
[2021/12/01 15:55:34.974] - eth_getBalance
[2021/12/01 15:55:34.978] - eth_getTransactionCount
[2021/12/01 15:55:34.982] - eth_getBalance
[2021/12/01 15:55:34.987] - eth_getTransactionCount
[2021/12/01 15:55:34.991] - eth_getBalance
[2021/12/01 15:55:34.999] - eth_getTransactionCount
[2021/12/01 15:55:35.004] - eth_getBalance
[2021/12/01 15:55:35.009] - eth_getTransactionCount
[2021/12/01 15:55:35.013] - eth_getBalance
[2021/12/01 15:55:35.018] - eth_getTransactionCount
[2021/12/01 15:55:35.022] - eth_getBalance
[2021/12/01 15:55:35.026] - eth_getTransactionCount
[2021/12/01 15:55:35.031] - eth_getBalance
[2021/12/01 15:55:35.035] - eth_getTransactionCount
[2021/12/01 15:55:35.040] - eth_getBalance
[2021/12/01 15:55:35.044] - eth_getTransactionCount
[2021/12/01 15:55:35.049] - eth_getBalance
[2021/12/01 15:55:35.053] - eth_getTransactionCount
[2021/12/01 15:55:35.058] - eth_getBalance
[2021/12/01 15:55:35.063] - eth_getTransactionCount
[2021/12/01 15:55:35.068] - eth_getBalance
[2021/12/01 15:55:35.072] - eth_getTransactionCount
[2021/12/01 15:55:35.077] - eth_getBalance
[2021/12/01 15:55:35.081] - eth_getTransactionCount
[2021/12/01 15:55:35.086] - eth_getBalance
[2021/12/01 15:55:35.090] - eth_getTransactionCount
[2021/12/01 15:55:35.095] - eth_getBalance
[2021/12/01 15:55:35.099] - eth_getTransactionCount
[2021/12/01 15:55:35.104] - eth_getBalance
[2021/12/01 15:55:35.108] - eth_getTransactionCount
[2021/12/01 15:55:35.113] - eth_getBalance
[2021/12/01 15:55:35.118] - eth_getTransactionCount
[2021/12/01 15:55:35.122] - eth_getBalance
[2021/12/01 15:55:35.127] - eth_getTransactionCount
[2021/12/01 15:55:35.131] - eth_getBalance
[2021/12/01 15:55:35.135] - eth_getTransactionCount
[2021/12/01 15:55:35.140] - eth_getBalance
[2021/12/01 15:55:35.144] - eth_getTransactionCount
[2021/12/01 15:55:35.147] - eth_getBalance
[2021/12/01 15:55:35.151] - eth_getTransactionCount
[2021/12/01 15:55:35.154] - eth_getBalance
[2021/12/01 15:55:35.157] - eth_getTransactionCount
[2021/12/01 15:55:35.161] - eth_getBalance
[2021/12/01 15:55:35.165] - eth_getTransactionCount
[2021/12/01 15:55:35.168] - eth_getBalance
[2021/12/01 15:55:35.172] - eth_getTransactionCount
[2021/12/01 15:55:35.175] - eth_getBalance
[2021/12/01 15:55:35.178] - eth_getTransactionCount
[2021/12/01 15:55:35.181] - eth_getBalance
[2021/12/01 15:55:35.184] - eth_getTransactionCount
[2021/12/01 15:55:35.187] - eth_getBalance
[2021/12/01 15:55:35.190] - eth_getTransactionCount
[2021/12/01 15:55:35.194] - eth_getBalance
[2021/12/01 15:55:35.197] - eth_getTransactionCount
[2021/12/01 15:55:35.200] - eth_getBalance
[2021/12/01 15:55:35.204] - eth_getTransactionCount
[2021/12/01 15:55:35.208] - eth_getBalance
[2021/12/01 15:55:35.211] - eth_getTransactionCount
[2021/12/01 15:55:35.214] - eth_getBalance
[2021/12/01 15:55:35.218] - eth_getTransactionCount
[2021/12/01 15:55:35.221] - eth_getBalance
[2021/12/01 15:55:35.224] - eth_getTransactionCount
[2021/12/01 15:55:35.227] - eth_getBalance
[2021/12/01 15:55:35.230] - eth_getTransactionCount
[2021/12/01 15:55:35.235] - eth_getBalance
[2021/12/01 15:55:35.237] - eth_getTransactionCount
[2021/12/01 15:55:35.240] - eth_getBalance
[2021/12/01 15:55:35.245] - eth_getTransactionCount
[2021/12/01 15:55:35.248] - eth_getBalance
[2021/12/01 15:55:35.251] - eth_getTransactionCount
[2021/12/01 15:55:35.254] - eth_getBalance
[2021/12/01 15:55:35.258] - eth_getTransactionCount
[2021/12/01 15:55:35.261] - eth_getBalance
[2021/12/01 15:55:35.264] - eth_getTransactionCount
[2021/12/01 15:55:35.267] - eth_getBalance
[2021/12/01 15:55:35.270] - eth_getTransactionCount
[2021/12/01 15:55:35.273] - eth_getBalance
[2021/12/01 15:55:35.281] - eth_getTransactionCount
[2021/12/01 15:55:35.282] - eth_getBalance
[2021/12/01 15:55:35.284] - eth_getTransactionCount
[2021/12/01 15:55:35.288] - eth_getBalance
[2021/12/01 15:55:35.291] - eth_getTransactionCount
[2021/12/01 15:55:35.294] - eth_getBalance
[2021/12/01 15:55:35.297] - eth_getTransactionCount
[2021/12/01 15:55:35.300] - eth_getBalance
[2021/12/01 15:55:35.304] - eth_getTransactionCount
[2021/12/01 15:55:35.307] - eth_getBalance
[2021/12/01 15:55:35.310] - eth_getTransactionCount
[2021/12/01 15:55:35.313] - eth_getBalance
[2021/12/01 15:55:35.316] - eth_getTransactionCount
[2021/12/01 15:55:35.320] - eth_getBalance
[2021/12/01 15:55:35.324] - eth_getTransactionCount
[2021/12/01 15:55:35.327] - eth_getBalance
[2021/12/01 15:55:35.330] - eth_getTransactionCount
[2021/12/01 15:55:35.333] - eth_getBalance
[2021/12/01 15:55:35.336] - eth_getTransactionCount
[2021/12/01 15:55:35.340] - eth_getBalance
[2021/12/01 15:55:35.343] - eth_getTransactionCount
[2021/12/01 15:55:35.346] - eth_getBalance
[2021/12/01 15:55:35.349] - eth_getTransactionCount
[2021/12/01 15:55:35.352] - eth_getBalance
[2021/12/01 15:55:35.356] - eth_getTransactionCount
[2021/12/01 15:55:35.359] - eth_getBalance
[2021/12/01 15:55:35.363] - eth_getTransactionCount
[2021/12/01 15:55:35.366] - eth_getBalance
[2021/12/01 15:55:35.369] - eth_getTransactionCount
[2021/12/01 15:55:35.372] - eth_getBalance
[2021/12/01 15:55:35.376] - eth_getTransactionCount
[2021/12/01 15:55:35.379] - eth_getBalance
[2021/12/01 15:55:35.382] - eth_getTransactionCount
[2021/12/01 15:55:35.385] - eth_getBalance
[2021/12/01 15:55:35.388] - eth_getTransactionCount
[2021/12/01 15:55:35.392] - eth_getBalance
[2021/12/01 15:55:35.395] - eth_getTransactionCount
[2021/12/01 15:55:35.398] - eth_getBalance
[2021/12/01 15:55:35.402] - eth_getTransactionCount
[2021/12/01 15:55:35.405] - eth_getBalance
[2021/12/01 15:55:35.410] - eth_getTransactionCount
[2021/12/01 15:55:35.414] - eth_getBalance
[2021/12/01 15:55:35.419] - eth_getTransactionCount
[2021/12/01 15:55:35.421] - eth_getBalance
[2021/12/01 15:55:35.424] - eth_getTransactionCount
[2021/12/01 15:55:35.427] - eth_getBalance
[2021/12/01 15:55:35.430] - eth_getTransactionCount
[2021/12/01 15:55:35.433] - eth_getBalance
[2021/12/01 15:55:35.437] - eth_getTransactionCount
[2021/12/01 15:55:35.440] - eth_getBalance
[2021/12/01 15:55:35.444] - eth_getTransactionCount
[2021/12/01 15:55:35.447] - eth_blockNumber
[2021/12/01 15:55:35.447] - eth_accounts
[2021/12/01 15:55:35.447] - eth_gasPrice
[2021/12/01 15:55:35.481] - eth_getTransactionCount
[2021/12/01 15:55:35.485] - eth_getBalance
[2021/12/01 15:55:35.488] - eth_getTransactionCount
[2021/12/01 15:55:35.491] - eth_getBalance
[2021/12/01 15:55:35.494] - eth_getTransactionCount
[2021/12/01 15:55:35.498] - eth_getBalance
[2021/12/01 15:55:35.501] - eth_getTransactionCount
[2021/12/01 15:55:35.507] - eth_getBalance
[2021/12/01 15:55:35.508] - eth_getTransactionCount
[2021/12/01 15:55:35.511] - eth_getBalance
[2021/12/01 15:55:35.517] - eth_getTransactionCount
[2021/12/01 15:55:35.519] - eth_getBalance
[2021/12/01 15:55:35.522] - eth_getTransactionCount
[2021/12/01 15:55:35.526] - eth_getBalance
[2021/12/01 15:55:35.529] - eth_getTransactionCount
[2021/12/01 15:55:35.532] - eth_getBalance
[2021/12/01 15:55:35.535] - eth_getTransactionCount
[2021/12/01 15:55:35.539] - eth_getBalance
[2021/12/01 15:55:35.542] - eth_getTransactionCount
[2021/12/01 15:55:35.545] - eth_getBalance
[2021/12/01 15:55:35.548] - eth_getTransactionCount
[2021/12/01 15:55:35.551] - eth_getBalance
[2021/12/01 15:55:35.555] - eth_getTransactionCount
[2021/12/01 15:55:35.558] - eth_getBalance
[2021/12/01 15:55:35.562] - eth_getTransactionCount
[2021/12/01 15:55:35.566] - eth_getBalance
[2021/12/01 15:55:35.569] - eth_getTransactionCount
[2021/12/01 15:55:35.572] - eth_getBalance
[2021/12/01 15:55:35.575] - eth_getTransactionCount
[2021/12/01 15:55:35.580] - eth_getBalance
[2021/12/01 15:55:35.586] - eth_getTransactionCount
[2021/12/01 15:55:35.587] - eth_getBalance
[2021/12/01 15:55:35.589] - eth_getTransactionCount
[2021/12/01 15:55:35.592] - eth_getBalance
[2021/12/01 15:55:35.595] - eth_getTransactionCount
[2021/12/01 15:55:35.599] - eth_getBalance
[2021/12/01 15:55:35.603] - eth_getTransactionCount
[2021/12/01 15:55:35.607] - eth_getBalance
[2021/12/01 15:55:35.611] - eth_getTransactionCount
[2021/12/01 15:55:35.616] - eth_getBalance
[2021/12/01 15:55:35.619] - eth_getTransactionCount
[2021/12/01 15:55:35.623] - eth_getBalance
[2021/12/01 15:55:35.627] - eth_getTransactionCount
[2021/12/01 15:55:35.631] - eth_getBalance
[2021/12/01 15:55:35.635] - eth_getTransactionCount
[2021/12/01 15:55:35.639] - eth_getBalance
[2021/12/01 15:55:35.643] - eth_getTransactionCount
[2021/12/01 15:55:35.647] - eth_getBalance
[2021/12/01 15:55:35.651] - eth_getTransactionCount
[2021/12/01 15:55:35.656] - eth_getBalance
[2021/12/01 15:55:35.660] - eth_getTransactionCount
[2021/12/01 15:55:35.664] - eth_getBalance
[2021/12/01 15:55:35.667] - eth_getTransactionCount
[2021/12/01 15:55:35.671] - eth_getBalance
[2021/12/01 15:55:35.675] - eth_getTransactionCount
[2021/12/01 15:55:35.679] - eth_getBalance
[2021/12/01 15:55:35.683] - eth_getTransactionCount
[2021/12/01 15:55:35.687] - eth_getBalance
[2021/12/01 15:55:35.691] - eth_getTransactionCount
[2021/12/01 15:55:35.694] - eth_getBalance
[2021/12/01 15:55:35.698] - eth_getTransactionCount
[2021/12/01 15:55:35.703] - eth_getBalance
[2021/12/01 15:55:35.707] - eth_getTransactionCount
[2021/12/01 15:55:35.711] - eth_getBalance
[2021/12/01 15:55:35.715] - eth_getTransactionCount
[2021/12/01 15:55:35.724] - eth_getBalance
[2021/12/01 15:55:35.729] - eth_getTransactionCount
[2021/12/01 15:55:35.733] - eth_getBalance
[2021/12/01 15:55:35.741] - eth_getTransactionCount
[2021/12/01 15:55:35.743] - eth_getBalance
[2021/12/01 15:55:35.744] - eth_getTransactionCount
[2021/12/01 15:55:35.749] - eth_getBalance
[2021/12/01 15:55:35.752] - eth_getTransactionCount
[2021/12/01 15:55:35.758] - eth_getBalance
[2021/12/01 15:55:35.761] - eth_getTransactionCount
[2021/12/01 15:55:35.765] - eth_getBalance
[2021/12/01 15:55:35.769] - eth_getTransactionCount
[2021/12/01 15:55:35.773] - eth_getBalance
[2021/12/01 15:55:35.777] - eth_getTransactionCount
[2021/12/01 15:55:35.780] - eth_getBalance
[2021/12/01 15:55:35.784] - eth_getTransactionCount
[2021/12/01 15:55:35.788] - eth_getBalance
[2021/12/01 15:55:35.792] - eth_getTransactionCount
[2021/12/01 15:55:35.796] - eth_getBalance
[2021/12/01 15:55:35.799] - eth_getTransactionCount
[2021/12/01 15:55:35.804] - eth_getBalance
[2021/12/01 15:55:35.808] - eth_getTransactionCount
[2021/12/01 15:55:35.812] - eth_getBalance
[2021/12/01 15:55:35.816] - eth_getTransactionCount
[2021/12/01 15:55:35.825] - eth_getBalance
[2021/12/01 15:55:35.826] - eth_getTransactionCount
[2021/12/01 15:55:35.829] - eth_getBalance
[2021/12/01 15:55:35.832] - eth_getTransactionCount
[2021/12/01 15:55:35.835] - eth_getBalance
[2021/12/01 15:55:35.839] - eth_getTransactionCount
[2021/12/01 15:55:35.846] - eth_getBalance
[2021/12/01 15:55:35.848] - eth_getTransactionCount
[2021/12/01 15:55:35.853] - eth_getBalance
[2021/12/01 15:55:35.864] - eth_getTransactionCount
[2021/12/01 15:55:35.866] - eth_getBalance
[2021/12/01 15:55:35.866] - eth_getTransactionCount
[2021/12/01 15:55:35.868] - eth_getBalance
[2021/12/01 15:55:35.872] - eth_getTransactionCount
[2021/12/01 15:55:35.877] - eth_getBalance
[2021/12/01 15:55:35.881] - eth_getTransactionCount
[2021/12/01 15:55:35.885] - eth_getBalance
[2021/12/01 15:55:35.889] - eth_getTransactionCount
[2021/12/01 15:55:35.894] - eth_getBalance
[2021/12/01 15:55:35.899] - eth_getTransactionCount
[2021/12/01 15:55:35.906] - eth_getBalance
[2021/12/01 15:55:35.910] - eth_getTransactionCount
[2021/12/01 15:55:35.914] - eth_getBalance
[2021/12/01 15:55:35.918] - eth_getTransactionCount
[2021/12/01 15:55:35.922] - eth_getBalance
[2021/12/01 15:55:35.926] - eth_getTransactionCount
[2021/12/01 15:55:35.930] - eth_getBalance
[2021/12/01 15:55:35.934] - eth_getTransactionCount
[2021/12/01 15:55:35.940] - eth_getBalance
[2021/12/01 15:55:35.942] - eth_getTransactionCount
[2021/12/01 15:55:35.946] - eth_getBalance
[2021/12/01 15:55:35.950] - eth_getTransactionCount
[2021/12/01 15:55:35.955] - eth_getBalance
[2021/12/01 15:55:35.959] - eth_getTransactionCount
[2021/12/01 15:55:35.963] - eth_getBalance
[2021/12/01 15:55:35.967] - eth_getTransactionCount
[2021/12/01 15:55:35.971] - eth_getBalance
[2021/12/01 15:55:35.975] - eth_getTransactionCount
[2021/12/01 15:55:35.979] - eth_getBalance
[2021/12/01 15:55:35.983] - eth_getTransactionCount
[2021/12/01 15:55:35.987] - eth_getBalance
[2021/12/01 15:55:35.993] - eth_getTransactionCount
[2021/12/01 15:55:35.997] - eth_getBalance
[2021/12/01 15:55:36.002] - eth_getTransactionCount
[2021/12/01 15:55:36.009] - eth_getBalance
[2021/12/01 15:55:36.013] - eth_getTransactionCount
[2021/12/01 15:55:36.017] - eth_getBalance
[2021/12/01 15:55:36.021] - eth_getTransactionCount
[2021/12/01 15:55:36.024] - eth_getBalance
[2021/12/01 15:55:36.028] - eth_getTransactionCount
[2021/12/01 15:55:36.032] - eth_getBalance
[2021/12/01 15:55:36.036] - eth_getTransactionCount
[2021/12/01 15:55:36.040] - eth_getBalance
[2021/12/01 15:55:36.044] - eth_getTransactionCount
[2021/12/01 15:55:36.048] - eth_getBalance
[2021/12/01 15:55:36.052] - eth_getTransactionCount
[2021/12/01 15:55:36.057] - eth_getBalance
[2021/12/01 15:55:36.061] - eth_getTransactionCount
[2021/12/01 15:55:36.065] - eth_getBalance
[2021/12/01 15:55:36.069] - eth_getTransactionCount
[2021/12/01 15:55:36.073] - eth_getBalance
[2021/12/01 15:55:36.077] - eth_getTransactionCount
[2021/12/01 15:55:36.080] - eth_getBalance
[2021/12/01 15:55:36.084] - eth_getTransactionCount
[2021/12/01 15:55:36.088] - eth_getBalance
[2021/12/01 15:55:36.092] - eth_getTransactionCount
[2021/12/01 15:55:36.096] - eth_getBalance
[2021/12/01 15:55:36.100] - eth_getTransactionCount
[2021/12/01 15:55:36.105] - eth_getBalance
[2021/12/01 15:55:36.108] - eth_getTransactionCount
[2021/12/01 15:55:36.113] - eth_getBalance
[2021/12/01 15:55:36.116] - eth_getTransactionCount
[2021/12/01 15:55:36.120] - eth_getBalance
[2021/12/01 15:55:36.124] - eth_getTransactionCount
[2021/12/01 15:55:36.128] - eth_getBalance
[2021/12/01 15:55:36.132] - eth_getTransactionCount
[2021/12/01 15:55:36.136] - eth_getBalance
[2021/12/01 15:55:36.140] - eth_getTransactionCount
[2021/12/01 15:55:36.143] - eth_getBalance
[2021/12/01 15:55:36.147] - eth_getTransactionCount
[2021/12/01 15:55:36.152] - eth_getBalance
[2021/12/01 15:55:36.156] - eth_getTransactionCount
[2021/12/01 15:55:36.160] - eth_getBalance
[2021/12/01 15:55:36.164] - eth_getTransactionCount
[2021/12/01 15:55:36.167] - eth_getBalance
[2021/12/01 15:55:36.171] - eth_getTransactionCount
[2021/12/01 15:55:36.175] - eth_getBalance
[2021/12/01 15:55:36.179] - eth_getTransactionCount
[2021/12/01 15:55:36.183] - eth_getBalance
[2021/12/01 15:55:36.187] - eth_getTransactionCount
[2021/12/01 15:55:36.190] - eth_getBalance
[2021/12/01 15:55:36.194] - eth_getTransactionCount
[2021/12/01 15:55:36.199] - eth_getBalance
[2021/12/01 15:55:36.203] - eth_getTransactionCount
[2021/12/01 15:55:36.207] - eth_getBalance
[2021/12/01 15:55:36.211] - eth_getTransactionCount
[2021/12/01 15:55:36.215] - eth_getBalance
[2021/12/01 15:55:36.219] - eth_getTransactionCount
[2021/12/01 15:55:36.223] - eth_getBalance
[2021/12/01 15:55:36.226] - eth_getTransactionCount
[2021/12/01 15:55:36.230] - eth_getBalance
[2021/12/01 15:55:36.235] - eth_getTransactionCount
[2021/12/01 15:55:36.238] - eth_getBalance
[2021/12/01 15:55:36.242] - eth_getTransactionCount
[2021/12/01 15:55:36.247] - eth_getBalance
[2021/12/01 15:55:36.251] - eth_getTransactionCount
[2021/12/01 15:55:36.255] - eth_getBalance
[2021/12/01 15:55:36.259] - eth_getTransactionCount
[2021/12/01 15:55:36.263] - eth_getBalance
[2021/12/01 15:55:36.267] - eth_getTransactionCount
[2021/12/01 15:55:36.273] - eth_getBlockByNumber
[2021/12/01 15:55:36.274] - eth_subscribe
[2021/12/01 15:55:42.151] - eth_getBalance
[2021/12/01 15:55:42.164] - eth_getTransactionCount
[2021/12/01 15:55:42.178] - eth_getBalance
[2021/12/01 15:55:42.191] - eth_getTransactionCount
[2021/12/01 15:55:42.204] - eth_getBalance
[2021/12/01 15:55:42.217] - eth_getTransactionCount
[2021/12/01 15:55:42.229] - eth_getBalance
[2021/12/01 15:55:42.243] - eth_getTransactionCount
[2021/12/01 15:55:42.256] - eth_getBalance
[2021/12/01 15:55:42.269] - eth_getTransactionCount
[2021/12/01 15:55:42.283] - eth_getBalance
[2021/12/01 15:55:42.300] - eth_getTransactionCount
[2021/12/01 15:55:42.313] - eth_getBalance
[2021/12/01 15:55:42.327] - eth_getTransactionCount
[2021/12/01 15:55:42.340] - eth_getBalance
[2021/12/01 15:55:42.353] - eth_getTransactionCount
[2021/12/01 15:55:42.366] - eth_getBalance
[2021/12/01 15:55:42.379] - eth_getTransactionCount
[2021/12/01 15:55:42.394] - eth_getBalance
[2021/12/01 15:55:42.409] - eth_getTransactionCount
[2021/12/01 15:55:42.425] - eth_getBalance
[2021/12/01 15:55:42.438] - eth_getTransactionCount
[2021/12/01 15:55:42.451] - eth_getBalance
[2021/12/01 15:55:42.469] - eth_getTransactionCount
[2021/12/01 15:55:42.490] - eth_getBalance
[2021/12/01 15:55:42.518] - eth_getTransactionCount
[2021/12/01 15:55:42.541] - eth_getBalance
[2021/12/01 15:55:42.559] - eth_getTransactionCount
[2021/12/01 15:55:42.577] - eth_getBalance
[2021/12/01 15:55:42.593] - eth_getTransactionCount
[2021/12/01 15:55:42.607] - eth_getBalance
[2021/12/01 15:55:42.621] - eth_getTransactionCount
[2021/12/01 15:55:42.635] - eth_getBalance
[2021/12/01 15:55:42.648] - eth_getTransactionCount
[2021/12/01 15:55:42.663] - eth_getBalance
[2021/12/01 15:55:42.676] - eth_getTransactionCount
[2021/12/01 15:55:42.689] - eth_getBalance
[2021/12/01 15:55:42.702] - eth_getTransactionCount
[2021/12/01 15:55:42.716] - eth_getBalance
[2021/12/01 15:55:42.733] - eth_getTransactionCount
[2021/12/01 15:55:42.746] - eth_getBalance
[2021/12/01 15:55:42.759] - eth_getTransactionCount
[2021/12/01 15:55:42.773] - eth_getBalance
[2021/12/01 15:55:42.787] - eth_getTransactionCount
[2021/12/01 15:55:42.803] - eth_getBalance
[2021/12/01 15:55:42.819] - eth_getTransactionCount
[2021/12/01 15:55:42.832] - eth_getBalance
[2021/12/01 15:55:42.845] - eth_getTransactionCount
[2021/12/01 15:55:42.858] - eth_getBalance
[2021/12/01 15:55:42.872] - eth_getTransactionCount
[2021/12/01 15:55:42.886] - eth_getBalance
[2021/12/01 15:55:42.899] - eth_getTransactionCount
[2021/12/01 15:55:42.912] - eth_getBalance
[2021/12/01 15:55:42.925] - eth_getTransactionCount
[2021/12/01 15:55:42.939] - eth_getBalance
[2021/12/01 15:55:42.953] - eth_getTransactionCount
[2021/12/01 15:55:42.966] - eth_getBalance
[2021/12/01 15:55:42.982] - eth_getTransactionCount
[2021/12/01 15:55:43.006] - eth_getBalance
[2021/12/01 15:55:43.026] - eth_getTransactionCount
[2021/12/01 15:55:43.046] - eth_getBalance
[2021/12/01 15:55:43.063] - eth_getTransactionCount
[2021/12/01 15:55:43.082] - eth_getBalance
[2021/12/01 15:55:43.100] - eth_getTransactionCount
[2021/12/01 15:55:43.117] - eth_getBalance
[2021/12/01 15:55:43.139] - eth_getTransactionCount
[2021/12/01 15:55:43.165] - eth_getBalance
[2021/12/01 15:55:43.191] - eth_getTransactionCount
[2021/12/01 15:55:43.221] - eth_getBalance
[2021/12/01 15:55:43.254] - eth_getTransactionCount
[2021/12/01 15:55:43.282] - eth_getBalance
[2021/12/01 15:55:43.319] - eth_getTransactionCount
[2021/12/01 15:55:43.352] - eth_getBalance
[2021/12/01 15:55:43.373] - eth_getTransactionCount
[2021/12/01 15:55:43.392] - eth_getBalance
[2021/12/01 15:55:43.409] - eth_getTransactionCount
[2021/12/01 15:55:43.429] - eth_getBalance
[2021/12/01 15:55:43.447] - eth_getTransactionCount
[2021/12/01 15:55:43.464] - eth_getBalance
[2021/12/01 15:55:43.477] - eth_getTransactionCount
[2021/12/01 15:55:43.490] - eth_getBalance
[2021/12/01 15:55:43.504] - eth_getTransactionCount
[2021/12/01 15:55:43.516] - eth_getBalance
[2021/12/01 15:55:43.529] - eth_getTransactionCount
[2021/12/01 15:55:43.542] - eth_getBalance
[2021/12/01 15:55:43.555] - eth_getTransactionCount
[2021/12/01 15:55:43.569] - eth_getBalance
[2021/12/01 15:55:43.583] - eth_getTransactionCount
[2021/12/01 15:55:43.597] - eth_getBalance
[2021/12/01 15:55:43.610] - eth_getTransactionCount
[2021/12/01 15:55:43.625] - eth_getBalance
[2021/12/01 15:55:43.638] - eth_getTransactionCount
[2021/12/01 15:55:43.657] - eth_getBalance
[2021/12/01 15:55:43.684] - eth_getTransactionCount
[2021/12/01 15:55:43.713] - eth_getBalance
[2021/12/01 15:55:43.741] - eth_getTransactionCount
[2021/12/01 15:55:43.773] - eth_getBalance
[2021/12/01 15:55:43.793] - eth_getTransactionCount
[2021/12/01 15:55:43.808] - eth_getBalance
[2021/12/01 15:55:43.829] - eth_getTransactionCount
[2021/12/01 15:55:43.861] - eth_getBalance
[2021/12/01 15:55:43.878] - eth_getTransactionCount
[2021/12/01 15:55:43.896] - eth_getBalance
[2021/12/01 15:55:43.911] - eth_getTransactionCount
[2021/12/01 15:55:43.925] - eth_getBalance
[2021/12/01 15:55:43.938] - eth_getTransactionCount
[2021/12/01 15:55:43.951] - eth_getBalance
[2021/12/01 15:55:43.965] - eth_getTransactionCount
[2021/12/01 15:55:43.978] - eth_getBalance
[2021/12/01 15:55:43.992] - eth_getTransactionCount
[2021/12/01 15:55:44.006] - eth_getBalance
[2021/12/01 15:55:44.020] - eth_getTransactionCount
[2021/12/01 15:55:44.035] - eth_getBalance
[2021/12/01 15:55:44.050] - eth_getTransactionCount
[2021/12/01 15:55:44.065] - eth_getBalance
[2021/12/01 15:55:44.082] - eth_getTransactionCount
[2021/12/01 15:55:44.098] - eth_getBalance
[2021/12/01 15:55:44.115] - eth_getTransactionCount
[2021/12/01 15:55:44.130] - eth_getBalance
[2021/12/01 15:55:44.144] - eth_getTransactionCount
[2021/12/01 15:55:44.158] - eth_getBalance
[2021/12/01 15:55:44.173] - eth_getTransactionCount
[2021/12/01 15:55:44.188] - eth_getBalance
[2021/12/01 15:55:44.204] - eth_getTransactionCount
[2021/12/01 15:55:44.219] - eth_getBalance
[2021/12/01 15:55:44.234] - eth_getTransactionCount
[2021/12/01 15:55:44.248] - eth_getBalance
[2021/12/01 15:55:44.263] - eth_getTransactionCount
[2021/12/01 15:55:44.279] - eth_getBalance
[2021/12/01 15:55:44.294] - eth_getTransactionCount
[2021/12/01 15:55:44.309] - eth_getBalance
[2021/12/01 15:55:44.322] - eth_getTransactionCount
[2021/12/01 15:55:44.334] - eth_getBalance
[2021/12/01 15:55:44.347] - eth_getTransactionCount
[2021/12/01 15:55:44.360] - eth_getBalance
[2021/12/01 15:55:44.374] - eth_getTransactionCount
[2021/12/01 15:55:44.386] - eth_getBalance
[2021/12/01 15:55:44.398] - eth_getTransactionCount
[2021/12/01 15:55:44.411] - eth_getBalance
[2021/12/01 15:55:44.423] - eth_getTransactionCount
[2021/12/01 15:55:44.436] - eth_getBalance
[2021/12/01 15:55:44.448] - eth_getTransactionCount
[2021/12/01 15:55:44.460] - eth_getBalance
[2021/12/01 15:55:44.472] - eth_getTransactionCount
[2021/12/01 15:55:44.485] - eth_getBalance
[2021/12/01 15:55:44.497] - eth_getTransactionCount
[2021/12/01 15:55:44.509] - eth_getBalance
[2021/12/01 15:55:44.521] - eth_getTransactionCount
[2021/12/01 15:55:44.533] - eth_getBalance
[2021/12/01 15:55:44.546] - eth_getTransactionCount
[2021/12/01 15:55:44.558] - eth_getBalance
[2021/12/01 15:55:44.569] - eth_getTransactionCount
[2021/12/01 15:55:44.581] - eth_getBalance
[2021/12/01 15:55:44.593] - eth_getTransactionCount
[2021/12/01 15:55:44.606] - eth_getBalance
[2021/12/01 15:55:44.619] - eth_getTransactionCount
[2021/12/01 15:55:44.631] - eth_getBalance
[2021/12/01 15:55:44.643] - eth_getTransactionCount
[2021/12/01 15:55:44.658] - eth_getBalance
[2021/12/01 15:55:44.674] - eth_getTransactionCount
[2021/12/01 15:55:44.688] - eth_getBalance
[2021/12/01 15:55:44.701] - eth_getTransactionCount
[2021/12/01 15:55:44.713] - eth_getBalance
[2021/12/01 15:55:44.727] - eth_getTransactionCount
[2021/12/01 15:55:44.742] - eth_getBalance
[2021/12/01 15:55:44.757] - eth_getTransactionCount
[2021/12/01 15:55:44.770] - eth_getBalance
[2021/12/01 15:55:44.784] - eth_getTransactionCount
[2021/12/01 15:55:44.797] - eth_getBalance
[2021/12/01 15:55:44.811] - eth_getTransactionCount
[2021/12/01 15:55:44.826] - eth_getBalance
[2021/12/01 15:55:44.839] - eth_getTransactionCount
[2021/12/01 15:55:44.852] - eth_getBalance
[2021/12/01 15:55:44.864] - eth_getTransactionCount
[2021/12/01 15:55:44.880] - eth_getBalance
[2021/12/01 15:55:44.897] - eth_getTransactionCount
[2021/12/01 15:55:44.911] - eth_getBalance
[2021/12/01 15:55:44.924] - eth_getTransactionCount
[2021/12/01 15:55:44.936] - eth_getBalance
[2021/12/01 15:55:44.950] - eth_getTransactionCount
[2021/12/01 15:55:44.968] - eth_getBalance
[2021/12/01 15:55:44.983] - eth_getTransactionCount
[2021/12/01 15:55:44.999] - eth_getBalance
[2021/12/01 15:55:45.015] - eth_getTransactionCount
[2021/12/01 15:55:45.029] - eth_getBalance
[2021/12/01 15:55:45.045] - eth_getTransactionCount
[2021/12/01 15:55:45.061] - eth_getBalance
[2021/12/01 15:55:45.076] - eth_getTransactionCount
[2021/12/01 15:55:45.090] - eth_getBalance
[2021/12/01 15:55:45.104] - eth_getTransactionCount
[2021/12/01 15:55:45.118] - eth_getBalance
[2021/12/01 15:55:45.132] - eth_getTransactionCount
[2021/12/01 15:55:45.145] - eth_getBalance
[2021/12/01 15:55:45.157] - eth_getTransactionCount
[2021/12/01 15:55:45.170] - eth_getBalance
[2021/12/01 15:55:45.183] - eth_getTransactionCount
[2021/12/01 15:55:45.198] - eth_getBalance
[2021/12/01 15:55:45.211] - eth_getTransactionCount
[2021/12/01 15:55:45.225] - eth_getBalance
[2021/12/01 15:55:45.239] - eth_getTransactionCount
[2021/12/01 15:55:45.253] - eth_getBalance
[2021/12/01 15:55:45.269] - eth_getTransactionCount
[2021/12/01 15:55:45.283] - eth_getBalance
[2021/12/01 15:55:45.297] - eth_getTransactionCount
[2021/12/01 15:55:45.312] - eth_getBalance
[2021/12/01 15:55:45.327] - eth_getTransactionCount
[2021/12/01 15:55:45.343] - eth_getBalance
[2021/12/01 15:55:45.358] - eth_getTransactionCount
[2021/12/01 15:55:45.374] - eth_getBalance
[2021/12/01 15:55:45.387] - eth_getTransactionCount
[2021/12/01 15:55:45.406] - eth_getBalance
[2021/12/01 15:55:45.423] - eth_getTransactionCount
[2021/12/01 15:55:45.437] - eth_getBalance
[2021/12/01 15:55:45.450] - eth_getTransactionCount
[2021/12/01 15:55:45.463] - eth_getBalance
[2021/12/01 15:55:45.476] - eth_getTransactionCount
[2021/12/01 15:55:45.491] - eth_getBalance
[2021/12/01 15:55:45.504] - eth_getTransactionCount
[2021/12/01 15:55:45.517] - eth_getBalance
[2021/12/01 15:55:45.529] - eth_getTransactionCount
[2021/12/01 15:55:45.542] - eth_getBalance
[2021/12/01 15:55:45.554] - eth_getTransactionCount
[2021/12/01 15:55:45.567] - eth_getBalance
[2021/12/01 15:55:45.578] - eth_getTransactionCount
[2021/12/01 15:55:45.591] - eth_getBalance
[2021/12/01 15:55:45.603] - eth_getTransactionCount
[2021/12/01 15:55:45.616] - eth_getBalance
[2021/12/01 15:55:45.629] - eth_getTransactionCount
[2021/12/01 15:55:45.641] - eth_getBalance
[2021/12/01 15:55:45.653] - eth_getTransactionCount
[2021/12/01 15:55:45.665] - eth_getBalance
[2021/12/01 15:55:45.677] - eth_getTransactionCount
[2021/12/01 15:55:45.690] - eth_getBalance
[2021/12/01 15:55:45.703] - eth_getTransactionCount
[2021/12/01 15:55:45.715] - eth_getBalance
[2021/12/01 15:55:45.727] - eth_getTransactionCount
[2021/12/01 15:55:45.743] - eth_getBalance
[2021/12/01 15:55:45.759] - eth_getTransactionCount
[2021/12/01 15:55:45.775] - eth_getBalance
[2021/12/01 15:55:45.789] - eth_getTransactionCount
[2021/12/01 15:55:45.804] - eth_getBalance
[2021/12/01 15:55:45.819] - eth_getTransactionCount
[2021/12/01 15:55:45.834] - eth_getBalance
[2021/12/01 15:55:45.850] - eth_getTransactionCount
[2021/12/01 15:55:45.865] - eth_getBalance
[2021/12/01 15:55:45.879] - eth_getTransactionCount
[2021/12/01 15:55:45.893] - eth_getBalance
[2021/12/01 15:55:45.907] - eth_getTransactionCount
[2021/12/01 15:55:45.923] - eth_getBalance
[2021/12/01 15:55:45.936] - eth_getTransactionCount
[2021/12/01 15:55:45.950] - eth_getBalance
[2021/12/01 15:55:45.966] - eth_getTransactionCount
[2021/12/01 15:55:45.980] - eth_getBalance
[2021/12/01 15:55:45.995] - eth_getTransactionCount
[2021/12/01 15:55:46.010] - eth_getBalance
[2021/12/01 15:55:46.025] - eth_getTransactionCount
[2021/12/01 15:55:46.039] - eth_getBalance
[2021/12/01 15:55:46.054] - eth_getTransactionCount
[2021/12/01 15:55:46.068] - eth_getBalance
[2021/12/01 15:55:46.085] - eth_getTransactionCount
[2021/12/01 15:55:46.099] - eth_getBalance
[2021/12/01 15:55:46.113] - eth_getTransactionCount
[2021/12/01 15:55:46.126] - eth_getBalance
[2021/12/01 15:55:46.140] - eth_getTransactionCount
[2021/12/01 15:55:46.154] - eth_getBalance
[2021/12/01 15:55:46.166] - eth_getTransactionCount
[2021/12/01 15:55:46.178] - eth_getBalance
[2021/12/01 15:55:46.190] - eth_getTransactionCount
[2021/12/01 15:55:46.201] - eth_getBalance
[2021/12/01 15:55:46.214] - eth_getTransactionCount
[2021/12/01 15:55:46.226] - eth_getBalance
[2021/12/01 15:55:46.237] - eth_getTransactionCount
[2021/12/01 15:55:46.254] - eth_getBalance
[2021/12/01 15:55:46.260] - eth_getTransactionCount
[2021/12/01 15:55:46.271] - eth_getBalance
[2021/12/01 15:55:46.284] - eth_getTransactionCount
[2021/12/01 15:55:46.295] - eth_getBalance
[2021/12/01 15:55:46.307] - eth_getTransactionCount
[2021/12/01 15:55:46.318] - eth_getBalance
[2021/12/01 15:55:46.330] - eth_getTransactionCount
[2021/12/01 15:55:46.343] - eth_getBalance
[2021/12/01 15:55:46.358] - eth_getTransactionCount
[2021/12/01 15:55:46.375] - eth_getBalance
[2021/12/01 15:55:46.388] - eth_getTransactionCount
[2021/12/01 15:55:46.401] - eth_getBalance
[2021/12/01 15:55:46.416] - eth_getTransactionCount
[2021/12/01 15:55:46.428] - eth_getBalance
[2021/12/01 15:55:46.440] - eth_getTransactionCount
[2021/12/01 15:55:46.452] - eth_getBalance
[2021/12/01 15:55:46.464] - eth_getTransactionCount
[2021/12/01 15:55:46.476] - eth_getBalance
[2021/12/01 15:55:46.488] - eth_getTransactionCount
[2021/12/01 15:55:46.499] - eth_getBalance
[2021/12/01 15:55:46.511] - eth_getTransactionCount
[2021/12/01 15:55:46.522] - eth_getBalance
[2021/12/01 15:55:46.534] - eth_getTransactionCount
[2021/12/01 15:55:46.546] - eth_getBalance
[2021/12/01 15:55:46.558] - eth_getTransactionCount
[2021/12/01 15:55:46.570] - eth_getBalance
[2021/12/01 15:55:46.585] - eth_getTransactionCount
[2021/12/01 15:55:46.598] - eth_getBalance
[2021/12/01 15:55:46.610] - eth_getTransactionCount
[2021/12/01 15:55:46.622] - eth_getBalance
[2021/12/01 15:55:46.634] - eth_getTransactionCount
[2021/12/01 15:55:46.645] - eth_getBalance
[2021/12/01 15:55:46.657] - eth_getTransactionCount
[2021/12/01 15:55:46.669] - eth_getBalance
[2021/12/01 15:55:46.681] - eth_getTransactionCount
[2021/12/01 15:55:46.693] - eth_getBalance
[2021/12/01 15:55:46.704] - eth_getTransactionCount
[2021/12/01 15:55:46.716] - eth_getBalance
[2021/12/01 15:55:46.728] - eth_getTransactionCount
[2021/12/01 15:55:46.740] - eth_getBalance
[2021/12/01 15:55:46.752] - eth_getTransactionCount
[2021/12/01 15:55:46.763] - eth_getBalance
[2021/12/01 15:55:46.775] - eth_getTransactionCount
[2021/12/01 15:55:46.787] - eth_getBalance
[2021/12/01 15:55:46.799] - eth_getTransactionCount
[2021/12/01 15:55:46.811] - eth_getBalance
[2021/12/01 15:55:46.822] - eth_getTransactionCount
[2021/12/01 15:55:46.834] - eth_getBalance
[2021/12/01 15:55:46.846] - eth_getTransactionCount
[2021/12/01 15:55:46.858] - eth_getBalance
[2021/12/01 15:55:46.874] - eth_getTransactionCount
[2021/12/01 15:55:46.890] - eth_getBalance
[2021/12/01 15:55:46.901] - eth_getTransactionCount
[2021/12/01 15:55:46.912] - eth_getBalance
[2021/12/01 15:55:46.925] - eth_getTransactionCount
[2021/12/01 15:55:46.936] - eth_getBalance
[2021/12/01 15:55:46.948] - eth_getTransactionCount
[2021/12/01 15:55:46.969] - eth_getBalance
[2021/12/01 15:55:46.972] - eth_getTransactionCount
[2021/12/01 15:55:46.991] - eth_getBalance
[2021/12/01 15:55:47.005] - eth_getTransactionCount
[2021/12/01 15:55:47.010] - eth_getBalance
[2021/12/01 15:55:47.021] - eth_getTransactionCount
[2021/12/01 15:55:47.033] - eth_getBalance
[2021/12/01 15:55:47.045] - eth_getTransactionCount
[2021/12/01 15:55:47.056] - eth_getBalance
[2021/12/01 15:55:47.068] - eth_getTransactionCount
[2021/12/01 15:55:47.079] - eth_getBalance
[2021/12/01 15:55:47.091] - eth_getTransactionCount
[2021/12/01 15:55:47.103] - eth_getBalance
[2021/12/01 15:55:47.115] - eth_getTransactionCount
[2021/12/01 15:55:47.126] - eth_getBalance
[2021/12/01 15:55:47.138] - eth_getTransactionCount
[2021/12/01 15:55:47.150] - eth_getBalance
[2021/12/01 15:55:47.161] - eth_getTransactionCount
[2021/12/01 15:55:47.174] - eth_getBalance
[2021/12/01 15:55:47.186] - eth_getTransactionCount
[2021/12/01 15:55:47.197] - eth_getBalance
[2021/12/01 15:55:47.208] - eth_getTransactionCount
[2021/12/01 15:55:47.220] - eth_getBalance
[2021/12/01 15:55:47.233] - eth_getTransactionCount
[2021/12/01 15:55:47.245] - eth_getBalance
[2021/12/01 15:55:47.256] - eth_getTransactionCount
[2021/12/01 15:55:47.268] - eth_getBalance
[2021/12/01 15:55:47.280] - eth_getTransactionCount
[2021/12/01 15:55:47.292] - eth_getBalance
[2021/12/01 15:55:47.304] - eth_getTransactionCount
[2021/12/01 15:55:47.315] - eth_getBalance
[2021/12/01 15:55:47.327] - eth_getTransactionCount
[2021/12/01 15:55:47.339] - eth_getBalance
[2021/12/01 15:55:47.351] - eth_getTransactionCount
[2021/12/01 15:55:47.363] - eth_getBalance
[2021/12/01 15:55:47.374] - eth_getTransactionCount
[2021/12/01 15:55:47.386] - eth_getBalance
[2021/12/01 15:55:47.398] - eth_getTransactionCount
[2021/12/01 15:55:47.410] - eth_getBalance
[2021/12/01 15:55:47.422] - eth_getTransactionCount
[2021/12/01 15:55:47.434] - eth_getBalance
[2021/12/01 15:55:47.447] - eth_getTransactionCount
[2021/12/01 15:55:47.459] - eth_getBalance
[2021/12/01 15:55:47.471] - eth_getTransactionCount
[2021/12/01 15:55:47.483] - eth_getBalance
[2021/12/01 15:55:47.495] - eth_getTransactionCount
[2021/12/01 15:55:47.506] - eth_getBalance
[2021/12/01 15:55:47.518] - eth_getTransactionCount
[2021/12/01 15:55:47.529] - eth_getBalance
[2021/12/01 15:55:47.542] - eth_getTransactionCount
[2021/12/01 15:55:47.553] - eth_getBalance
[2021/12/01 15:55:47.565] - eth_getTransactionCount
[2021/12/01 15:55:47.577] - eth_getBalance
[2021/12/01 15:55:47.588] - eth_getTransactionCount
[2021/12/01 15:55:47.601] - eth_getBalance
[2021/12/01 15:55:47.612] - eth_getTransactionCount
[2021/12/01 15:55:47.624] - eth_getBalance
[2021/12/01 15:55:47.636] - eth_getTransactionCount
[2021/12/01 15:55:47.647] - eth_getBalance
[2021/12/01 15:55:47.659] - eth_getTransactionCount
[2021/12/01 15:55:47.671] - eth_getBalance
[2021/12/01 15:55:47.683] - eth_getTransactionCount
[2021/12/01 15:55:47.694] - eth_getBalance
[2021/12/01 15:55:47.705] - eth_getTransactionCount
[2021/12/01 15:55:47.717] - eth_getBalance
[2021/12/01 15:55:47.729] - eth_getTransactionCount
[2021/12/01 15:55:47.741] - eth_getBalance
[2021/12/01 15:55:47.752] - eth_getTransactionCount
[2021/12/01 15:55:47.764] - eth_getBalance
[2021/12/01 15:55:47.775] - eth_getTransactionCount
[2021/12/01 15:57:03.243] - eth_unsubscribe
[2021/12/01 15:57:03.251] - eth_unsubscribe
