[2021/11/20 00:25:53.245] - Starting server with initial configuration: {"gasLimit":67219750000000,"gasPrice":20000000000,"hardfork":"muirGlacier","hostname":"127.0.0.1","port":7545,"network_id":5777,"default_balance_ether":10000,"total_accounts":100,"unlocked_accounts":[],"locked":false,"vmErrorsOnRPCResponse":true,"verbose":false,"db_path":"/Users/zeshunshi/Library/Application Support/Ganache/workspaces/AWESOME/chaindata","logDirectory":"/Users/zeshunshi/Documents/SCTesting/logs_Ganache"}
[2021/11/20 00:25:53.377] - eth_subscribe
[2021/11/20 00:25:53.378] - eth_getLogs
[2021/11/20 00:25:53.378] - eth_subscribe
[2021/11/20 00:25:53.394] - eth_subscribe
[2021/11/20 00:25:53.395] - eth_getLogs
[2021/11/20 00:25:53.395] - eth_subscribe
[2021/11/20 00:25:53.413] - eth_blockNumber
[2021/11/20 00:25:53.413] - eth_accounts
[2021/11/20 00:25:53.413] - eth_gasPrice
[2021/11/20 00:25:53.413] - eth_getBlockByNumber
[2021/11/20 00:25:53.414] - eth_subscribe
[2021/11/20 00:25:53.423] - eth_accounts
[2021/11/20 00:25:53.460] - eth_getBalance
[2021/11/20 00:25:53.465] - eth_getTransactionCount
[2021/11/20 00:25:53.468] - eth_getBalance
[2021/11/20 00:25:53.473] - eth_getTransactionCount
[2021/11/20 00:25:53.476] - eth_getBalance
[2021/11/20 00:25:53.487] - eth_getTransactionCount
[2021/11/20 00:25:53.496] - eth_getBalance
[2021/11/20 00:25:53.500] - eth_getTransactionCount
[2021/11/20 00:25:53.503] - eth_getBalance
[2021/11/20 00:25:53.507] - eth_getTransactionCount
[2021/11/20 00:25:53.510] - eth_getBalance
[2021/11/20 00:25:53.513] - eth_getTransactionCount
[2021/11/20 00:25:53.516] - eth_getBalance
[2021/11/20 00:25:53.519] - eth_getTransactionCount
[2021/11/20 00:25:53.523] - eth_getBalance
[2021/11/20 00:25:53.526] - eth_getTransactionCount
[2021/11/20 00:25:53.533] - eth_getBalance
[2021/11/20 00:25:53.536] - eth_getTransactionCount
[2021/11/20 00:25:53.544] - eth_getBalance
[2021/11/20 00:25:53.552] - eth_getTransactionCount
[2021/11/20 00:25:53.555] - eth_getBalance
[2021/11/20 00:25:53.559] - eth_getTransactionCount
[2021/11/20 00:25:53.562] - eth_getBalance
[2021/11/20 00:25:53.565] - eth_getTransactionCount
[2021/11/20 00:25:53.573] - eth_getBalance
[2021/11/20 00:25:53.574] - eth_getTransactionCount
[2021/11/20 00:25:53.575] - eth_getBalance
[2021/11/20 00:25:53.579] - eth_getTransactionCount
[2021/11/20 00:25:53.583] - eth_getBalance
[2021/11/20 00:25:53.594] - eth_getTransactionCount
[2021/11/20 00:25:53.595] - eth_getBalance
[2021/11/20 00:25:53.595] - eth_getTransactionCount
[2021/11/20 00:25:53.597] - eth_getBalance
[2021/11/20 00:25:53.600] - eth_getTransactionCount
[2021/11/20 00:25:53.603] - eth_getBalance
[2021/11/20 00:25:53.606] - eth_getTransactionCount
[2021/11/20 00:25:53.610] - eth_getBalance
[2021/11/20 00:25:53.613] - eth_getTransactionCount
[2021/11/20 00:25:53.616] - eth_getBalance
[2021/11/20 00:25:53.620] - eth_getTransactionCount
[2021/11/20 00:25:53.626] - eth_getBalance
[2021/11/20 00:25:53.627] - eth_getTransactionCount
[2021/11/20 00:25:53.633] - eth_getBalance
[2021/11/20 00:25:53.635] - eth_getTransactionCount
[2021/11/20 00:25:53.637] - eth_getBalance
[2021/11/20 00:25:53.641] - eth_getTransactionCount
[2021/11/20 00:25:53.647] - eth_getBalance
[2021/11/20 00:25:53.648] - eth_getTransactionCount
[2021/11/20 00:25:53.653] - eth_getBalance
[2021/11/20 00:25:53.654] - eth_getTransactionCount
[2021/11/20 00:25:53.661] - eth_getBalance
[2021/11/20 00:25:53.663] - eth_getTransactionCount
[2021/11/20 00:25:53.668] - eth_getBalance
[2021/11/20 00:25:53.671] - eth_getTransactionCount
[2021/11/20 00:25:53.675] - eth_getBalance
[2021/11/20 00:25:53.678] - eth_getTransactionCount
[2021/11/20 00:25:53.682] - eth_getBalance
[2021/11/20 00:25:53.685] - eth_getTransactionCount
[2021/11/20 00:25:53.689] - eth_getBalance
[2021/11/20 00:25:53.694] - eth_getTransactionCount
[2021/11/20 00:25:53.697] - eth_getBalance
[2021/11/20 00:25:53.702] - eth_getTransactionCount
[2021/11/20 00:25:53.707] - eth_getBalance
[2021/11/20 00:25:53.712] - eth_getTransactionCount
[2021/11/20 00:25:53.717] - eth_getBalance
[2021/11/20 00:25:53.722] - eth_getTransactionCount
[2021/11/20 00:25:53.726] - eth_getBalance
[2021/11/20 00:25:53.732] - eth_getTransactionCount
[2021/11/20 00:25:53.738] - eth_getBalance
[2021/11/20 00:25:53.739] - eth_getTransactionCount
[2021/11/20 00:25:53.743] - eth_getBalance
[2021/11/20 00:25:53.747] - eth_getTransactionCount
[2021/11/20 00:25:53.751] - eth_getBalance
[2021/11/20 00:25:53.755] - eth_getTransactionCount
[2021/11/20 00:25:53.761] - eth_getBalance
[2021/11/20 00:25:53.766] - eth_getTransactionCount
[2021/11/20 00:25:53.772] - eth_getBalance
[2021/11/20 00:25:53.776] - eth_getTransactionCount
[2021/11/20 00:25:53.780] - eth_getBalance
[2021/11/20 00:25:53.787] - eth_getTransactionCount
[2021/11/20 00:25:53.789] - eth_getBalance
[2021/11/20 00:25:53.798] - eth_getTransactionCount
[2021/11/20 00:25:53.799] - eth_getBalance
[2021/11/20 00:25:53.805] - eth_getTransactionCount
[2021/11/20 00:25:53.808] - eth_getBalance
[2021/11/20 00:25:53.814] - eth_getTransactionCount
[2021/11/20 00:25:53.820] - eth_getBalance
[2021/11/20 00:25:53.821] - eth_getTransactionCount
[2021/11/20 00:25:53.827] - eth_getBalance
[2021/11/20 00:25:53.831] - eth_getTransactionCount
[2021/11/20 00:25:53.835] - eth_getBalance
[2021/11/20 00:25:53.839] - eth_getTransactionCount
[2021/11/20 00:25:53.843] - eth_getBalance
[2021/11/20 00:25:53.849] - eth_getTransactionCount
[2021/11/20 00:25:53.849] - eth_getBalance
[2021/11/20 00:25:53.858] - eth_getTransactionCount
[2021/11/20 00:25:53.859] - eth_getBalance
[2021/11/20 00:25:53.860] - eth_getTransactionCount
[2021/11/20 00:25:53.867] - eth_getBalance
[2021/11/20 00:25:53.868] - eth_getTransactionCount
[2021/11/20 00:25:53.871] - eth_getBalance
[2021/11/20 00:25:53.875] - eth_getTransactionCount
[2021/11/20 00:25:53.880] - eth_getBalance
[2021/11/20 00:25:53.882] - eth_getTransactionCount
[2021/11/20 00:25:53.886] - eth_getBalance
[2021/11/20 00:25:53.890] - eth_getTransactionCount
[2021/11/20 00:25:53.895] - eth_getBalance
[2021/11/20 00:25:53.900] - eth_getTransactionCount
[2021/11/20 00:25:53.902] - eth_getBalance
[2021/11/20 00:25:53.905] - eth_getTransactionCount
[2021/11/20 00:25:53.908] - eth_getBalance
[2021/11/20 00:25:53.912] - eth_getTransactionCount
[2021/11/20 00:25:53.916] - eth_getBalance
[2021/11/20 00:25:53.919] - eth_getTransactionCount
[2021/11/20 00:25:53.923] - eth_getBalance
[2021/11/20 00:25:53.926] - eth_getTransactionCount
[2021/11/20 00:25:53.929] - eth_getBalance
[2021/11/20 00:25:53.933] - eth_getTransactionCount
[2021/11/20 00:25:53.937] - eth_getBalance
[2021/11/20 00:25:53.946] - eth_getTransactionCount
[2021/11/20 00:25:53.946] - eth_getBalance
[2021/11/20 00:25:53.946] - eth_getTransactionCount
[2021/11/20 00:25:53.950] - eth_getBalance
[2021/11/20 00:25:53.953] - eth_getTransactionCount
[2021/11/20 00:25:53.958] - eth_getBalance
[2021/11/20 00:25:53.965] - eth_getTransactionCount
[2021/11/20 00:25:53.965] - eth_getBalance
[2021/11/20 00:25:53.967] - eth_getTransactionCount
[2021/11/20 00:25:53.971] - eth_getBalance
[2021/11/20 00:25:53.974] - eth_getTransactionCount
[2021/11/20 00:25:53.977] - eth_getBalance
[2021/11/20 00:25:53.980] - eth_getTransactionCount
[2021/11/20 00:25:53.984] - eth_getBalance
[2021/11/20 00:25:53.987] - eth_getTransactionCount
[2021/11/20 00:25:53.990] - eth_getBalance
[2021/11/20 00:25:53.996] - eth_getTransactionCount
[2021/11/20 00:25:53.998] - eth_getBalance
[2021/11/20 00:25:54.001] - eth_getTransactionCount
[2021/11/20 00:25:54.004] - eth_getBalance
[2021/11/20 00:25:54.009] - eth_getTransactionCount
[2021/11/20 00:25:54.012] - eth_getBalance
[2021/11/20 00:25:54.015] - eth_getTransactionCount
[2021/11/20 00:25:54.018] - eth_getBalance
[2021/11/20 00:25:54.021] - eth_getTransactionCount
[2021/11/20 00:25:54.024] - eth_getBalance
[2021/11/20 00:25:54.028] - eth_getTransactionCount
[2021/11/20 00:25:54.031] - eth_getBalance
[2021/11/20 00:25:54.034] - eth_getTransactionCount
[2021/11/20 00:25:54.038] - eth_getBalance
[2021/11/20 00:25:54.042] - eth_getTransactionCount
[2021/11/20 00:25:54.046] - eth_getBalance
[2021/11/20 00:25:54.051] - eth_getTransactionCount
[2021/11/20 00:25:54.054] - eth_getBalance
[2021/11/20 00:25:54.058] - eth_getTransactionCount
[2021/11/20 00:25:54.061] - eth_getBalance
[2021/11/20 00:25:54.065] - eth_getTransactionCount
[2021/11/20 00:25:54.068] - eth_getBalance
[2021/11/20 00:25:54.072] - eth_getTransactionCount
[2021/11/20 00:25:54.076] - eth_getBalance
[2021/11/20 00:25:54.079] - eth_getTransactionCount
[2021/11/20 00:25:54.084] - eth_getBalance
[2021/11/20 00:25:54.088] - eth_getTransactionCount
[2021/11/20 00:25:54.091] - eth_getBalance
[2021/11/20 00:25:54.095] - eth_getTransactionCount
[2021/11/20 00:25:54.099] - eth_getBalance
[2021/11/20 00:25:54.105] - eth_getTransactionCount
[2021/11/20 00:25:54.109] - eth_getBalance
[2021/11/20 00:25:54.114] - eth_getTransactionCount
[2021/11/20 00:25:54.118] - eth_getBalance
[2021/11/20 00:25:54.121] - eth_getTransactionCount
[2021/11/20 00:25:54.124] - eth_getBalance
[2021/11/20 00:25:54.129] - eth_getTransactionCount
[2021/11/20 00:25:54.136] - eth_getBalance
[2021/11/20 00:25:54.136] - eth_getTransactionCount
[2021/11/20 00:25:54.139] - eth_getBalance
[2021/11/20 00:25:54.142] - eth_getTransactionCount
[2021/11/20 00:25:54.146] - eth_getBalance
[2021/11/20 00:25:54.149] - eth_getTransactionCount
[2021/11/20 00:25:54.158] - eth_getBalance
[2021/11/20 00:25:54.158] - eth_getTransactionCount
[2021/11/20 00:25:54.159] - eth_getBalance
[2021/11/20 00:25:54.163] - eth_getTransactionCount
[2021/11/20 00:25:54.168] - eth_getBalance
[2021/11/20 00:25:54.178] - eth_getTransactionCount
[2021/11/20 00:25:54.179] - eth_getBalance
[2021/11/20 00:25:54.181] - eth_getTransactionCount
[2021/11/20 00:25:54.184] - eth_getBalance
[2021/11/20 00:25:54.187] - eth_getTransactionCount
[2021/11/20 00:25:54.191] - eth_getBalance
[2021/11/20 00:25:54.201] - eth_getTransactionCount
[2021/11/20 00:25:54.201] - eth_getBalance
[2021/11/20 00:25:54.202] - eth_getTransactionCount
[2021/11/20 00:25:54.203] - eth_getBalance
[2021/11/20 00:25:54.212] - eth_getTransactionCount
[2021/11/20 00:25:54.212] - eth_getBalance
[2021/11/20 00:25:54.213] - eth_getTransactionCount
[2021/11/20 00:25:54.222] - eth_getBalance
[2021/11/20 00:25:54.223] - eth_getTransactionCount
[2021/11/20 00:25:54.225] - eth_getBalance
[2021/11/20 00:25:54.230] - eth_getTransactionCount
[2021/11/20 00:25:54.232] - eth_blockNumber
[2021/11/20 00:25:54.232] - eth_accounts
[2021/11/20 00:25:54.232] - eth_gasPrice
[2021/11/20 00:25:54.232] - eth_getBlockByNumber
[2021/11/20 00:25:54.233] - eth_subscribe
[2021/11/20 00:25:54.262] - eth_getTransactionCount
[2021/11/20 00:25:54.266] - eth_getBalance
[2021/11/20 00:25:54.269] - eth_getTransactionCount
[2021/11/20 00:25:54.272] - eth_getBalance
[2021/11/20 00:25:54.276] - eth_getTransactionCount
[2021/11/20 00:25:54.294] - eth_getBalance
[2021/11/20 00:25:54.295] - eth_getTransactionCount
[2021/11/20 00:25:54.295] - eth_getBalance
[2021/11/20 00:25:54.295] - eth_getTransactionCount
[2021/11/20 00:25:54.306] - eth_getBalance
[2021/11/20 00:25:54.307] - eth_getTransactionCount
[2021/11/20 00:25:54.308] - eth_getBalance
[2021/11/20 00:25:54.308] - eth_getTransactionCount
[2021/11/20 00:25:54.311] - eth_getBalance
[2021/11/20 00:25:54.313] - eth_getTransactionCount
[2021/11/20 00:25:54.316] - eth_getBalance
[2021/11/20 00:25:54.320] - eth_getTransactionCount
[2021/11/20 00:25:54.323] - eth_getBalance
[2021/11/20 00:25:54.331] - eth_getTransactionCount
[2021/11/20 00:25:54.331] - eth_getBalance
[2021/11/20 00:25:54.333] - eth_getTransactionCount
[2021/11/20 00:25:54.337] - eth_getBalance
[2021/11/20 00:25:54.340] - eth_getTransactionCount
[2021/11/20 00:25:54.343] - eth_getBalance
[2021/11/20 00:25:54.347] - eth_getTransactionCount
[2021/11/20 00:25:54.351] - eth_getBalance
[2021/11/20 00:25:54.354] - eth_getTransactionCount
[2021/11/20 00:25:54.357] - eth_getBalance
[2021/11/20 00:25:54.361] - eth_getTransactionCount
[2021/11/20 00:25:54.364] - eth_getBalance
[2021/11/20 00:25:54.367] - eth_getTransactionCount
[2021/11/20 00:25:54.370] - eth_getBalance
[2021/11/20 00:25:54.373] - eth_getTransactionCount
[2021/11/20 00:25:54.377] - eth_getBalance
[2021/11/20 00:25:54.383] - eth_getTransactionCount
[2021/11/20 00:25:54.384] - eth_getBalance
[2021/11/20 00:25:54.387] - eth_getTransactionCount
[2021/11/20 00:25:54.396] - eth_getBalance
[2021/11/20 00:25:54.396] - eth_getTransactionCount
[2021/11/20 00:25:54.397] - eth_getBalance
[2021/11/20 00:25:54.401] - eth_getTransactionCount
[2021/11/20 00:25:54.404] - eth_getBalance
[2021/11/20 00:25:54.407] - eth_getTransactionCount
[2021/11/20 00:25:54.410] - eth_getBalance
[2021/11/20 00:25:54.414] - eth_getTransactionCount
[2021/11/20 00:25:54.417] - eth_getBalance
[2021/11/20 00:25:54.421] - eth_getTransactionCount
[2021/11/20 00:25:54.424] - eth_getBalance
[2021/11/20 00:25:54.428] - eth_getTransactionCount
[2021/11/20 00:25:54.432] - eth_getBalance
[2021/11/20 00:25:54.438] - eth_getTransactionCount
[2021/11/20 00:25:54.443] - eth_getBalance
[2021/11/20 00:25:54.445] - eth_getTransactionCount
[2021/11/20 00:25:54.448] - eth_getBalance
[2021/11/20 00:25:54.452] - eth_getTransactionCount
[2021/11/20 00:25:54.456] - eth_getBalance
[2021/11/20 00:25:54.459] - eth_getTransactionCount
[2021/11/20 00:25:54.463] - eth_getBalance
[2021/11/20 00:25:54.467] - eth_getTransactionCount
[2021/11/20 00:25:54.472] - eth_getBalance
[2021/11/20 00:25:54.477] - eth_getTransactionCount
[2021/11/20 00:25:54.481] - eth_getBalance
[2021/11/20 00:25:54.484] - eth_getTransactionCount
[2021/11/20 00:25:54.488] - eth_getBalance
[2021/11/20 00:25:54.491] - eth_getTransactionCount
[2021/11/20 00:25:54.494] - eth_getBalance
[2021/11/20 00:25:54.497] - eth_getTransactionCount
[2021/11/20 00:25:54.500] - eth_getBalance
[2021/11/20 00:25:54.504] - eth_getTransactionCount
[2021/11/20 00:25:54.507] - eth_getBalance
[2021/11/20 00:25:54.510] - eth_getTransactionCount
[2021/11/20 00:25:54.513] - eth_getBalance
[2021/11/20 00:25:54.517] - eth_getTransactionCount
[2021/11/20 00:25:54.521] - eth_getBalance
[2021/11/20 00:25:54.524] - eth_getTransactionCount
[2021/11/20 00:25:54.528] - eth_getBalance
[2021/11/20 00:25:54.531] - eth_getTransactionCount
[2021/11/20 00:25:54.536] - eth_getBalance
[2021/11/20 00:25:54.538] - eth_getTransactionCount
[2021/11/20 00:25:54.543] - eth_getBalance
[2021/11/20 00:25:54.546] - eth_getTransactionCount
[2021/11/20 00:25:54.551] - eth_getBalance
[2021/11/20 00:25:54.555] - eth_getTransactionCount
[2021/11/20 00:25:54.558] - eth_getBalance
[2021/11/20 00:25:54.561] - eth_getTransactionCount
[2021/11/20 00:25:54.565] - eth_getBalance
[2021/11/20 00:25:54.569] - eth_getTransactionCount
[2021/11/20 00:25:54.572] - eth_getBalance
[2021/11/20 00:25:54.575] - eth_getTransactionCount
[2021/11/20 00:25:54.579] - eth_getBalance
[2021/11/20 00:25:54.586] - eth_getTransactionCount
[2021/11/20 00:25:54.586] - eth_getBalance
[2021/11/20 00:25:54.588] - eth_getTransactionCount
[2021/11/20 00:25:54.591] - eth_getBalance
[2021/11/20 00:25:54.595] - eth_getTransactionCount
[2021/11/20 00:25:54.599] - eth_getBalance
[2021/11/20 00:25:54.601] - eth_getTransactionCount
[2021/11/20 00:25:54.606] - eth_getBalance
[2021/11/20 00:25:54.609] - eth_getTransactionCount
[2021/11/20 00:25:54.612] - eth_getBalance
[2021/11/20 00:25:54.616] - eth_getTransactionCount
[2021/11/20 00:25:54.619] - eth_getBalance
[2021/11/20 00:25:54.622] - eth_getTransactionCount
[2021/11/20 00:25:54.625] - eth_getBalance
[2021/11/20 00:25:54.628] - eth_getTransactionCount
[2021/11/20 00:25:54.631] - eth_getBalance
[2021/11/20 00:25:54.638] - eth_getTransactionCount
[2021/11/20 00:25:54.644] - eth_getBalance
[2021/11/20 00:25:54.645] - eth_getTransactionCount
[2021/11/20 00:25:54.649] - eth_getBalance
[2021/11/20 00:25:54.652] - eth_getTransactionCount
[2021/11/20 00:25:54.656] - eth_getBalance
[2021/11/20 00:25:54.660] - eth_getTransactionCount
[2021/11/20 00:25:54.666] - eth_getBalance
[2021/11/20 00:25:54.669] - eth_getTransactionCount
[2021/11/20 00:25:54.672] - eth_getBalance
[2021/11/20 00:25:54.675] - eth_getTransactionCount
[2021/11/20 00:25:54.684] - eth_getBalance
[2021/11/20 00:25:54.685] - eth_getTransactionCount
[2021/11/20 00:25:54.685] - eth_getBalance
[2021/11/20 00:25:54.691] - eth_getTransactionCount
[2021/11/20 00:25:54.693] - eth_getBalance
[2021/11/20 00:25:54.696] - eth_getTransactionCount
[2021/11/20 00:25:54.700] - eth_getBalance
[2021/11/20 00:25:54.704] - eth_getTransactionCount
[2021/11/20 00:25:54.713] - eth_getBalance
[2021/11/20 00:25:54.713] - eth_getTransactionCount
[2021/11/20 00:25:54.713] - eth_getBalance
[2021/11/20 00:25:54.716] - eth_getTransactionCount
[2021/11/20 00:25:54.720] - eth_getBalance
[2021/11/20 00:25:54.727] - eth_getTransactionCount
[2021/11/20 00:25:54.727] - eth_getBalance
[2021/11/20 00:25:54.732] - eth_getTransactionCount
[2021/11/20 00:25:54.734] - eth_getBalance
[2021/11/20 00:25:54.738] - eth_getTransactionCount
[2021/11/20 00:25:54.741] - eth_getBalance
[2021/11/20 00:25:54.744] - eth_getTransactionCount
[2021/11/20 00:25:54.752] - eth_getBalance
[2021/11/20 00:25:54.761] - eth_getTransactionCount
[2021/11/20 00:25:54.762] - eth_getBalance
[2021/11/20 00:25:54.764] - eth_getTransactionCount
[2021/11/20 00:25:54.770] - eth_getBalance
[2021/11/20 00:25:54.774] - eth_getTransactionCount
[2021/11/20 00:25:54.779] - eth_getBalance
[2021/11/20 00:25:54.787] - eth_getTransactionCount
[2021/11/20 00:25:54.787] - eth_getBalance
[2021/11/20 00:25:54.795] - eth_getTransactionCount
[2021/11/20 00:25:54.800] - eth_getBalance
[2021/11/20 00:25:54.806] - eth_getTransactionCount
[2021/11/20 00:25:54.809] - eth_getBalance
[2021/11/20 00:25:54.813] - eth_getTransactionCount
[2021/11/20 00:25:54.816] - eth_getBalance
[2021/11/20 00:25:54.824] - eth_getTransactionCount
[2021/11/20 00:25:54.825] - eth_getBalance
[2021/11/20 00:25:54.826] - eth_getTransactionCount
[2021/11/20 00:25:54.830] - eth_getBalance
[2021/11/20 00:25:54.837] - eth_getTransactionCount
[2021/11/20 00:25:54.839] - eth_getBalance
[2021/11/20 00:25:54.841] - eth_getTransactionCount
[2021/11/20 00:25:54.846] - eth_getBalance
[2021/11/20 00:25:54.847] - eth_getTransactionCount
[2021/11/20 00:25:54.855] - eth_getBalance
[2021/11/20 00:25:54.864] - eth_getTransactionCount
[2021/11/20 00:25:54.864] - eth_getBalance
[2021/11/20 00:25:54.867] - eth_getTransactionCount
[2021/11/20 00:25:54.874] - eth_getBalance
[2021/11/20 00:25:54.874] - eth_getTransactionCount
[2021/11/20 00:25:54.876] - eth_getBalance
[2021/11/20 00:25:54.880] - eth_getTransactionCount
[2021/11/20 00:25:54.884] - eth_getBalance
[2021/11/20 00:25:54.888] - eth_getTransactionCount
[2021/11/20 00:25:54.891] - eth_getBalance
[2021/11/20 00:25:54.894] - eth_getTransactionCount
[2021/11/20 00:25:54.898] - eth_getBalance
[2021/11/20 00:25:54.901] - eth_getTransactionCount
[2021/11/20 00:25:54.905] - eth_getBalance
[2021/11/20 00:25:54.908] - eth_getTransactionCount
[2021/11/20 00:25:54.912] - eth_getBalance
[2021/11/20 00:25:54.915] - eth_getTransactionCount
[2021/11/20 00:25:54.919] - eth_getBalance
[2021/11/20 00:25:54.922] - eth_getTransactionCount
[2021/11/20 00:25:54.926] - eth_getBalance
[2021/11/20 00:25:54.930] - eth_getTransactionCount
[2021/11/20 00:25:54.933] - eth_getBalance
[2021/11/20 00:25:54.941] - eth_getTransactionCount
[2021/11/20 00:25:54.946] - eth_getBalance
[2021/11/20 00:25:54.948] - eth_getTransactionCount
[2021/11/20 00:25:54.951] - eth_getBalance
[2021/11/20 00:25:54.955] - eth_getTransactionCount
[2021/11/20 00:25:54.958] - eth_getBalance
[2021/11/20 00:25:54.961] - eth_getTransactionCount
[2021/11/20 00:25:54.966] - eth_getBalance
[2021/11/20 00:25:54.968] - eth_getTransactionCount
[2021/11/20 00:25:54.974] - eth_getBalance
[2021/11/20 00:25:54.976] - eth_getTransactionCount
[2021/11/20 00:25:54.979] - eth_getBalance
[2021/11/20 00:25:54.982] - eth_getTransactionCount
[2021/11/20 00:25:54.985] - eth_getBalance
[2021/11/20 00:25:54.988] - eth_getTransactionCount
[2021/11/20 00:25:56.736] - eth_getBalance
[2021/11/20 00:25:56.737] - eth_getTransactionCount
[2021/11/20 00:25:56.737] - eth_getBalance
[2021/11/20 00:25:56.738] - eth_getTransactionCount
[2021/11/20 00:25:56.738] - eth_getBalance
[2021/11/20 00:25:56.739] - eth_getTransactionCount
[2021/11/20 00:25:56.739] - eth_getBalance
[2021/11/20 00:25:56.740] - eth_getTransactionCount
[2021/11/20 00:25:56.740] - eth_getBalance
[2021/11/20 00:25:56.741] - eth_getTransactionCount
[2021/11/20 00:25:56.741] - eth_getBalance
[2021/11/20 00:25:56.742] - eth_getTransactionCount
[2021/11/20 00:25:56.742] - eth_getBalance
[2021/11/20 00:25:56.743] - eth_getTransactionCount
[2021/11/20 00:25:56.743] - eth_getBalance
[2021/11/20 00:25:56.743] - eth_getTransactionCount
[2021/11/20 00:25:56.744] - eth_getBalance
[2021/11/20 00:25:56.744] - eth_getTransactionCount
[2021/11/20 00:25:56.745] - eth_getBalance
[2021/11/20 00:25:56.745] - eth_getTransactionCount
[2021/11/20 00:25:56.746] - eth_getBalance
[2021/11/20 00:25:56.746] - eth_getTransactionCount
[2021/11/20 00:25:56.747] - eth_getBalance
[2021/11/20 00:25:56.748] - eth_getTransactionCount
[2021/11/20 00:25:56.751] - eth_getBalance
[2021/11/20 00:25:56.752] - eth_getTransactionCount
[2021/11/20 00:25:56.752] - eth_getBalance
[2021/11/20 00:25:56.752] - eth_getTransactionCount
[2021/11/20 00:25:56.756] - eth_getBalance
[2021/11/20 00:25:56.757] - eth_getTransactionCount
[2021/11/20 00:25:56.757] - eth_getBalance
[2021/11/20 00:25:56.757] - eth_getTransactionCount
[2021/11/20 00:25:56.757] - eth_getBalance
[2021/11/20 00:25:56.757] - eth_getTransactionCount
[2021/11/20 00:25:56.758] - eth_getBalance
[2021/11/20 00:25:56.758] - eth_getTransactionCount
[2021/11/20 00:25:56.758] - eth_getBalance
[2021/11/20 00:25:56.758] - eth_getTransactionCount
[2021/11/20 00:25:56.761] - eth_getBalance
[2021/11/20 00:25:56.761] - eth_getTransactionCount
[2021/11/20 00:25:56.761] - eth_getBalance
[2021/11/20 00:25:56.761] - eth_getTransactionCount
[2021/11/20 00:25:56.761] - eth_getBalance
[2021/11/20 00:25:56.770] - eth_getTransactionCount
[2021/11/20 00:25:56.771] - eth_getBalance
[2021/11/20 00:25:56.771] - eth_getTransactionCount
[2021/11/20 00:25:56.772] - eth_getBalance
[2021/11/20 00:25:56.772] - eth_getTransactionCount
[2021/11/20 00:25:56.772] - eth_getBalance
[2021/11/20 00:25:56.772] - eth_getTransactionCount
[2021/11/20 00:25:56.772] - eth_getBalance
[2021/11/20 00:25:56.772] - eth_getTransactionCount
[2021/11/20 00:25:56.772] - eth_getBalance
[2021/11/20 00:25:56.773] - eth_getTransactionCount
[2021/11/20 00:25:56.774] - eth_getBalance
[2021/11/20 00:25:56.774] - eth_getTransactionCount
[2021/11/20 00:25:56.774] - eth_getBalance
[2021/11/20 00:25:56.774] - eth_getTransactionCount
[2021/11/20 00:25:56.774] - eth_getBalance
[2021/11/20 00:25:56.774] - eth_getTransactionCount
[2021/11/20 00:25:56.774] - eth_getBalance
[2021/11/20 00:25:56.774] - eth_getTransactionCount
[2021/11/20 00:25:56.774] - eth_getBalance
[2021/11/20 00:25:56.774] - eth_getTransactionCount
[2021/11/20 00:25:56.774] - eth_getBalance
[2021/11/20 00:25:56.775] - eth_getTransactionCount
[2021/11/20 00:25:56.777] - eth_getBalance
[2021/11/20 00:25:56.779] - eth_getTransactionCount
[2021/11/20 00:25:56.779] - eth_getBalance
[2021/11/20 00:25:56.779] - eth_getTransactionCount
[2021/11/20 00:25:56.779] - eth_getBalance
[2021/11/20 00:25:56.785] - eth_getTransactionCount
[2021/11/20 00:25:56.785] - eth_getBalance
[2021/11/20 00:25:56.787] - eth_getTransactionCount
[2021/11/20 00:25:56.791] - eth_getBalance
[2021/11/20 00:25:56.791] - eth_getTransactionCount
[2021/11/20 00:25:56.791] - eth_getBalance
[2021/11/20 00:25:56.791] - eth_getTransactionCount
[2021/11/20 00:25:56.791] - eth_getBalance
[2021/11/20 00:25:56.791] - eth_getTransactionCount
[2021/11/20 00:25:56.793] - eth_getBalance
[2021/11/20 00:25:56.793] - eth_getTransactionCount
[2021/11/20 00:25:56.793] - eth_getBalance
[2021/11/20 00:25:56.793] - eth_getTransactionCount
[2021/11/20 00:25:56.796] - eth_getBalance
[2021/11/20 00:25:56.796] - eth_getTransactionCount
[2021/11/20 00:25:56.796] - eth_getBalance
[2021/11/20 00:25:56.796] - eth_getTransactionCount
[2021/11/20 00:25:56.796] - eth_getBalance
[2021/11/20 00:25:56.796] - eth_getTransactionCount
[2021/11/20 00:25:56.797] - eth_getBalance
[2021/11/20 00:25:56.797] - eth_getTransactionCount
[2021/11/20 00:25:56.797] - eth_getBalance
[2021/11/20 00:25:56.797] - eth_getTransactionCount
[2021/11/20 00:25:56.798] - eth_getBalance
[2021/11/20 00:25:56.798] - eth_getTransactionCount
[2021/11/20 00:25:56.799] - eth_getBalance
[2021/11/20 00:25:56.799] - eth_getTransactionCount
[2021/11/20 00:25:56.800] - eth_getBalance
[2021/11/20 00:25:56.800] - eth_getTransactionCount
[2021/11/20 00:25:56.800] - eth_getBalance
[2021/11/20 00:25:56.801] - eth_getTransactionCount
[2021/11/20 00:25:56.801] - eth_getBalance
[2021/11/20 00:25:56.802] - eth_getTransactionCount
[2021/11/20 00:25:56.802] - eth_getBalance
[2021/11/20 00:25:56.803] - eth_getTransactionCount
[2021/11/20 00:25:56.803] - eth_getBalance
[2021/11/20 00:25:56.804] - eth_getTransactionCount
[2021/11/20 00:25:56.804] - eth_getBalance
[2021/11/20 00:25:56.805] - eth_getTransactionCount
[2021/11/20 00:25:56.805] - eth_getBalance
[2021/11/20 00:25:56.814] - eth_getTransactionCount
[2021/11/20 00:25:56.815] - eth_getBalance
[2021/11/20 00:25:56.815] - eth_getTransactionCount
[2021/11/20 00:25:56.815] - eth_getBalance
[2021/11/20 00:25:56.815] - eth_getTransactionCount
[2021/11/20 00:25:56.816] - eth_getBalance
[2021/11/20 00:25:56.816] - eth_getTransactionCount
[2021/11/20 00:25:56.816] - eth_getBalance
[2021/11/20 00:25:56.816] - eth_getTransactionCount
[2021/11/20 00:25:56.816] - eth_getBalance
[2021/11/20 00:25:56.816] - eth_getTransactionCount
[2021/11/20 00:25:56.816] - eth_getBalance
[2021/11/20 00:25:56.816] - eth_getTransactionCount
[2021/11/20 00:25:56.816] - eth_getBalance
[2021/11/20 00:25:56.816] - eth_getTransactionCount
[2021/11/20 00:25:56.817] - eth_getBalance
[2021/11/20 00:25:56.817] - eth_getTransactionCount
[2021/11/20 00:25:56.817] - eth_getBalance
[2021/11/20 00:25:56.817] - eth_getTransactionCount
[2021/11/20 00:25:56.818] - eth_getBalance
[2021/11/20 00:25:56.818] - eth_getTransactionCount
[2021/11/20 00:25:56.821] - eth_getBalance
[2021/11/20 00:25:56.822] - eth_getTransactionCount
[2021/11/20 00:25:56.822] - eth_getBalance
[2021/11/20 00:25:56.823] - eth_getTransactionCount
[2021/11/20 00:25:56.829] - eth_getBalance
[2021/11/20 00:25:56.831] - eth_getTransactionCount
[2021/11/20 00:25:56.831] - eth_getBalance
[2021/11/20 00:25:56.831] - eth_getTransactionCount
[2021/11/20 00:25:56.835] - eth_getBalance
[2021/11/20 00:25:56.835] - eth_getTransactionCount
[2021/11/20 00:25:56.836] - eth_getBalance
[2021/11/20 00:25:56.836] - eth_getTransactionCount
[2021/11/20 00:25:56.836] - eth_getBalance
[2021/11/20 00:25:56.836] - eth_getTransactionCount
[2021/11/20 00:25:56.837] - eth_getBalance
[2021/11/20 00:25:56.837] - eth_getTransactionCount
[2021/11/20 00:25:56.841] - eth_getBalance
[2021/11/20 00:25:56.841] - eth_getTransactionCount
[2021/11/20 00:25:56.841] - eth_getBalance
[2021/11/20 00:25:56.841] - eth_getTransactionCount
[2021/11/20 00:25:56.842] - eth_getBalance
[2021/11/20 00:25:56.842] - eth_getTransactionCount
[2021/11/20 00:25:56.842] - eth_getBalance
[2021/11/20 00:25:56.842] - eth_getTransactionCount
[2021/11/20 00:25:56.842] - eth_getBalance
[2021/11/20 00:25:56.842] - eth_getTransactionCount
[2021/11/20 00:25:56.842] - eth_getBalance
[2021/11/20 00:25:56.843] - eth_getTransactionCount
[2021/11/20 00:25:56.843] - eth_getBalance
[2021/11/20 00:25:56.843] - eth_getTransactionCount
[2021/11/20 00:25:56.843] - eth_getBalance
[2021/11/20 00:25:56.843] - eth_getTransactionCount
[2021/11/20 00:25:56.843] - eth_getBalance
[2021/11/20 00:25:56.843] - eth_getTransactionCount
[2021/11/20 00:25:56.843] - eth_getBalance
[2021/11/20 00:25:56.843] - eth_getTransactionCount
[2021/11/20 00:25:56.843] - eth_getBalance
[2021/11/20 00:25:56.844] - eth_getTransactionCount
[2021/11/20 00:25:56.844] - eth_getBalance
[2021/11/20 00:25:56.845] - eth_getTransactionCount
[2021/11/20 00:25:56.845] - eth_getBalance
[2021/11/20 00:25:56.846] - eth_getTransactionCount
[2021/11/20 00:25:56.846] - eth_getBalance
[2021/11/20 00:25:56.846] - eth_getTransactionCount
[2021/11/20 00:25:56.847] - eth_getBalance
[2021/11/20 00:25:56.847] - eth_getTransactionCount
[2021/11/20 00:25:56.848] - eth_getBalance
[2021/11/20 00:25:56.848] - eth_getTransactionCount
[2021/11/20 00:25:56.849] - eth_getBalance
[2021/11/20 00:25:56.849] - eth_getTransactionCount
[2021/11/20 00:25:56.850] - eth_getBalance
[2021/11/20 00:25:56.850] - eth_getTransactionCount
[2021/11/20 00:25:56.851] - eth_getBalance
[2021/11/20 00:25:56.856] - eth_getTransactionCount
[2021/11/20 00:25:56.857] - eth_getBalance
[2021/11/20 00:25:56.857] - eth_getTransactionCount
[2021/11/20 00:25:56.858] - eth_getBalance
[2021/11/20 00:25:56.862] - eth_getTransactionCount
[2021/11/20 00:25:56.864] - eth_getBalance
[2021/11/20 00:25:56.869] - eth_getTransactionCount
[2021/11/20 00:25:56.870] - eth_getBalance
[2021/11/20 00:25:56.870] - eth_getTransactionCount
[2021/11/20 00:25:56.871] - eth_getBalance
[2021/11/20 00:25:56.871] - eth_getTransactionCount
[2021/11/20 00:25:56.872] - eth_getBalance
[2021/11/20 00:25:56.872] - eth_getTransactionCount
[2021/11/20 00:25:56.875] - eth_getBalance
[2021/11/20 00:25:56.877] - eth_getTransactionCount
[2021/11/20 00:25:56.877] - eth_getBalance
[2021/11/20 00:25:56.877] - eth_getTransactionCount
[2021/11/20 00:25:56.877] - eth_getBalance
[2021/11/20 00:25:56.879] - eth_getTransactionCount
[2021/11/20 00:25:56.879] - eth_getBalance
[2021/11/20 00:25:56.879] - eth_getTransactionCount
[2021/11/20 00:25:56.883] - eth_getBalance
[2021/11/20 00:25:56.885] - eth_getTransactionCount
[2021/11/20 00:25:56.886] - eth_getBalance
[2021/11/20 00:25:56.887] - eth_getTransactionCount
[2021/11/20 00:25:56.887] - eth_getBalance
[2021/11/20 00:25:56.892] - eth_getTransactionCount
[2021/11/20 00:25:56.894] - eth_getBalance
[2021/11/20 00:25:56.894] - eth_getTransactionCount
[2021/11/20 00:25:56.895] - eth_getBalance
[2021/11/20 00:25:56.895] - eth_getTransactionCount
[2021/11/20 00:25:56.895] - eth_getBalance
[2021/11/20 00:25:56.903] - eth_getTransactionCount
[2021/11/20 00:25:56.904] - eth_getBalance
[2021/11/20 00:25:56.904] - eth_getTransactionCount
[2021/11/20 00:25:56.904] - eth_getBalance
[2021/11/20 00:25:56.904] - eth_getTransactionCount
[2021/11/20 00:25:56.904] - eth_getBalance
[2021/11/20 00:25:56.904] - eth_getTransactionCount
[2021/11/20 00:25:56.904] - eth_getBalance
[2021/11/20 00:25:56.904] - eth_getTransactionCount
[2021/11/20 00:25:56.905] - eth_getBalance
[2021/11/20 00:25:56.905] - eth_getTransactionCount
[2021/11/20 00:25:56.905] - eth_getBalance
[2021/11/20 00:25:56.905] - eth_getTransactionCount
[2021/11/20 00:25:56.906] - eth_getBalance
[2021/11/20 00:25:56.906] - eth_getTransactionCount
[2021/11/20 00:25:56.906] - eth_getBalance
[2021/11/20 00:25:56.906] - eth_getTransactionCount
[2021/11/20 00:25:56.906] - eth_getBalance
[2021/11/20 00:25:56.907] - eth_getTransactionCount
[2021/11/20 00:25:56.907] - eth_getBalance
[2021/11/20 00:25:56.908] - eth_getTransactionCount
[2021/11/20 00:25:56.908] - eth_getBalance
[2021/11/20 00:25:56.909] - eth_getTransactionCount
[2021/11/20 00:25:56.910] - eth_getBalance
[2021/11/20 00:25:56.910] - eth_getTransactionCount
[2021/11/20 00:25:56.911] - eth_getBalance
[2021/11/20 00:25:56.911] - eth_getTransactionCount
[2021/11/20 00:25:56.912] - eth_getBalance
[2021/11/20 00:25:56.912] - eth_getTransactionCount
[2021/11/20 00:25:56.913] - eth_getBalance
[2021/11/20 00:25:56.914] - eth_getTransactionCount
[2021/11/20 00:25:56.914] - eth_getBalance
[2021/11/20 00:25:56.915] - eth_getTransactionCount
[2021/11/20 00:25:56.916] - eth_getBalance
[2021/11/20 00:25:56.916] - eth_getTransactionCount
[2021/11/20 00:25:56.917] - eth_getBalance
[2021/11/20 00:25:56.917] - eth_getTransactionCount
[2021/11/20 00:25:56.918] - eth_getBalance
[2021/11/20 00:25:56.918] - eth_getTransactionCount
[2021/11/20 00:25:56.919] - eth_getBalance
[2021/11/20 00:25:56.920] - eth_getTransactionCount
[2021/11/20 00:25:56.920] - eth_getBalance
[2021/11/20 00:25:56.941] - eth_getTransactionCount
[2021/11/20 00:25:56.941] - eth_getBalance
[2021/11/20 00:25:56.941] - eth_getTransactionCount
[2021/11/20 00:25:56.941] - eth_getBalance
[2021/11/20 00:25:56.942] - eth_getTransactionCount
[2021/11/20 00:25:56.942] - eth_getBalance
[2021/11/20 00:25:56.942] - eth_getTransactionCount
[2021/11/20 00:25:56.948] - eth_getBalance
[2021/11/20 00:25:56.949] - eth_getTransactionCount
[2021/11/20 00:25:56.953] - eth_getBalance
[2021/11/20 00:25:56.959] - eth_getTransactionCount
[2021/11/20 00:25:56.959] - eth_getBalance
[2021/11/20 00:25:56.959] - eth_getTransactionCount
[2021/11/20 00:25:56.959] - eth_getBalance
[2021/11/20 00:25:56.960] - eth_getTransactionCount
[2021/11/20 00:25:56.960] - eth_getBalance
[2021/11/20 00:25:56.960] - eth_getTransactionCount
[2021/11/20 00:25:56.960] - eth_getBalance
[2021/11/20 00:25:56.960] - eth_getTransactionCount
[2021/11/20 00:25:56.960] - eth_getBalance
[2021/11/20 00:25:56.964] - eth_getTransactionCount
[2021/11/20 00:25:56.965] - eth_getBalance
[2021/11/20 00:25:56.965] - eth_getTransactionCount
[2021/11/20 00:25:56.965] - eth_getBalance
[2021/11/20 00:25:56.965] - eth_getTransactionCount
[2021/11/20 00:25:56.965] - eth_getBalance
[2021/11/20 00:25:56.965] - eth_getTransactionCount
[2021/11/20 00:25:56.966] - eth_getBalance
[2021/11/20 00:25:56.966] - eth_getTransactionCount
[2021/11/20 00:25:56.966] - eth_getBalance
[2021/11/20 00:25:56.966] - eth_getTransactionCount
[2021/11/20 00:25:56.966] - eth_getBalance
[2021/11/20 00:25:56.967] - eth_getTransactionCount
[2021/11/20 00:25:56.967] - eth_getBalance
[2021/11/20 00:25:56.967] - eth_getTransactionCount
[2021/11/20 00:25:56.967] - eth_getBalance
[2021/11/20 00:25:56.967] - eth_getTransactionCount
[2021/11/20 00:25:56.967] - eth_getBalance
[2021/11/20 00:25:56.967] - eth_getTransactionCount
[2021/11/20 00:25:56.967] - eth_getBalance
[2021/11/20 00:25:56.967] - eth_getTransactionCount
[2021/11/20 00:25:56.968] - eth_getBalance
[2021/11/20 00:25:56.968] - eth_getTransactionCount
[2021/11/20 00:25:56.968] - eth_getBalance
[2021/11/20 00:25:56.968] - eth_getTransactionCount
[2021/11/20 00:25:56.968] - eth_getBalance
[2021/11/20 00:25:56.968] - eth_getTransactionCount
[2021/11/20 00:25:56.968] - eth_getBalance
[2021/11/20 00:25:56.969] - eth_getTransactionCount
[2021/11/20 00:25:56.969] - eth_getBalance
[2021/11/20 00:25:56.970] - eth_getTransactionCount
[2021/11/20 00:25:56.970] - eth_getBalance
[2021/11/20 00:25:56.970] - eth_getTransactionCount
[2021/11/20 00:25:56.970] - eth_getBalance
[2021/11/20 00:25:56.974] - eth_getTransactionCount
[2021/11/20 00:25:56.975] - eth_getBalance
[2021/11/20 00:25:56.975] - eth_getTransactionCount
[2021/11/20 00:25:56.975] - eth_getBalance
[2021/11/20 00:25:56.975] - eth_getTransactionCount
[2021/11/20 00:25:56.975] - eth_getBalance
[2021/11/20 00:25:56.975] - eth_getTransactionCount
[2021/11/20 00:25:56.975] - eth_getBalance
[2021/11/20 00:25:56.976] - eth_getTransactionCount
[2021/11/20 00:25:56.976] - eth_getBalance
[2021/11/20 00:25:56.977] - eth_getTransactionCount
[2021/11/20 00:25:56.977] - eth_getBalance
[2021/11/20 00:25:56.977] - eth_getTransactionCount
[2021/11/20 00:25:56.977] - eth_getBalance
[2021/11/20 00:25:56.978] - eth_getTransactionCount
[2021/11/20 00:25:56.979] - eth_getBalance
[2021/11/20 00:25:56.979] - eth_getTransactionCount
[2021/11/20 00:25:56.980] - eth_getBalance
[2021/11/20 00:25:56.981] - eth_getTransactionCount
[2021/11/20 00:25:56.981] - eth_getBalance
[2021/11/20 00:25:56.982] - eth_getTransactionCount
[2021/11/20 00:25:56.983] - eth_getBalance
[2021/11/20 00:25:56.983] - eth_getTransactionCount
[2021/11/20 00:25:56.984] - eth_getBalance
[2021/11/20 00:25:56.985] - eth_getTransactionCount
[2021/11/20 00:25:56.992] - eth_getBalance
[2021/11/20 00:25:56.994] - eth_getTransactionCount
[2021/11/20 00:25:56.994] - eth_getBalance
[2021/11/20 00:25:56.994] - eth_getTransactionCount
[2021/11/20 00:25:56.994] - eth_getBalance
[2021/11/20 00:25:56.994] - eth_getTransactionCount
[2021/11/20 00:25:56.994] - eth_getBalance
[2021/11/20 00:25:56.994] - eth_getTransactionCount
[2021/11/20 00:25:56.994] - eth_getBalance
[2021/11/20 00:25:56.995] - eth_getTransactionCount
[2021/11/20 00:25:56.996] - eth_getBalance
[2021/11/20 00:25:56.996] - eth_getTransactionCount
[2021/11/20 00:25:56.996] - eth_getBalance
[2021/11/20 00:25:56.996] - eth_getTransactionCount
[2021/11/20 00:25:56.996] - eth_getBalance
[2021/11/20 00:25:56.997] - eth_getTransactionCount
[2021/11/20 00:25:56.998] - eth_getBalance
[2021/11/20 00:25:56.998] - eth_getTransactionCount
[2021/11/20 00:25:56.999] - eth_getBalance
[2021/11/20 00:25:57.000] - eth_getTransactionCount
[2021/11/20 00:25:57.003] - eth_getBalance
[2021/11/20 00:25:57.003] - eth_getTransactionCount
[2021/11/20 00:25:57.004] - eth_getBalance
[2021/11/20 00:25:57.004] - eth_getTransactionCount
[2021/11/20 00:25:57.005] - eth_getBalance
[2021/11/20 00:25:57.005] - eth_getTransactionCount
[2021/11/20 00:25:57.006] - eth_getBalance
[2021/11/20 00:25:57.006] - eth_getTransactionCount
[2021/11/20 00:25:57.007] - eth_getBalance
[2021/11/20 00:25:57.007] - eth_getTransactionCount
[2021/11/20 00:25:57.008] - eth_getBalance
[2021/11/20 00:25:57.008] - eth_getTransactionCount
[2021/11/20 00:25:57.010] - eth_getBalance
[2021/11/20 00:25:57.011] - eth_getTransactionCount
[2021/11/20 00:25:57.011] - eth_getBalance
[2021/11/20 00:25:57.012] - eth_getTransactionCount
[2021/11/20 00:25:57.013] - eth_getBalance
[2021/11/20 00:25:57.013] - eth_getTransactionCount
[2021/11/20 00:25:57.013] - eth_getBalance
[2021/11/20 00:25:57.014] - eth_getTransactionCount
[2021/11/20 00:25:57.015] - eth_getBalance
[2021/11/20 00:25:57.015] - eth_getTransactionCount
[2021/11/20 00:25:57.015] - eth_getBalance
[2021/11/20 00:25:57.017] - eth_getTransactionCount
[2021/11/20 00:25:57.019] - eth_getBalance
[2021/11/20 00:25:57.023] - eth_getTransactionCount
[2021/11/20 00:25:57.024] - eth_getBalance
[2021/11/20 00:25:57.024] - eth_getTransactionCount
[2021/11/20 00:25:57.025] - eth_getBalance
[2021/11/20 00:25:57.025] - eth_getTransactionCount
[2021/11/20 00:25:57.025] - eth_getBalance
[2021/11/20 00:25:57.025] - eth_getTransactionCount
[2021/11/20 00:25:57.025] - eth_getBalance
[2021/11/20 00:25:57.025] - eth_getTransactionCount
[2021/11/20 00:25:57.026] - eth_getBalance
[2021/11/20 00:25:57.026] - eth_getTransactionCount
[2021/11/20 00:25:57.026] - eth_getBalance
[2021/11/20 00:25:57.026] - eth_getTransactionCount
[2021/11/20 00:25:57.027] - eth_getBalance
[2021/11/20 00:25:57.027] - eth_getTransactionCount
[2021/11/20 00:25:57.034] - eth_getBalance
[2021/11/20 00:25:57.035] - eth_getTransactionCount
[2021/11/20 00:26:24.397] - eth_unsubscribe
[2021/11/20 00:26:24.400] - eth_unsubscribe
