[2021/11/20 00:25:31.757] - Starting server with initial configuration: {"gasLimit":20000000000,"gasPrice":10000000,"hardfork":"muirGlacier","hostname":"127.0.0.1","port":7545,"network_id":5777,"default_balance_ether":1000,"total_accounts":100,"unlocked_accounts":[],"locked":false,"vmErrorsOnRPCResponse":true,"verbose":false,"db_path":"/Users/zeshunshi/Library/Application Support/Ganache/workspaces/100Nodes/chaindata","logDirectory":"/Users/zeshunshi/Documents/SCTesting/logs_Ganache"}
[2021/11/20 00:25:31.913] - eth_subscribe
[2021/11/20 00:25:31.914] - eth_getLogs
[2021/11/20 00:25:31.916] - eth_subscribe
[2021/11/20 00:25:31.955] - eth_subscribe
[2021/11/20 00:25:31.956] - eth_getLogs
[2021/11/20 00:25:31.956] - eth_subscribe
[2021/11/20 00:25:32.004] - eth_blockNumber
[2021/11/20 00:25:32.004] - eth_accounts
[2021/11/20 00:25:32.004] - eth_gasPrice
[2021/11/20 00:25:32.005] - eth_getBlockByNumber
[2021/11/20 00:25:32.005] - eth_subscribe
[2021/11/20 00:25:32.015] - eth_accounts
[2021/11/20 00:25:32.077] - eth_getBalance
[2021/11/20 00:25:32.088] - eth_getTransactionCount
[2021/11/20 00:25:32.101] - eth_getBalance
[2021/11/20 00:25:32.109] - eth_getTransactionCount
[2021/11/20 00:25:32.116] - eth_getBalance
[2021/11/20 00:25:32.121] - eth_getTransactionCount
[2021/11/20 00:25:32.131] - eth_getBalance
[2021/11/20 00:25:32.141] - eth_getTransactionCount
[2021/11/20 00:25:32.146] - eth_getBalance
[2021/11/20 00:25:32.151] - eth_getTransactionCount
[2021/11/20 00:25:32.161] - eth_getBalance
[2021/11/20 00:25:32.168] - eth_getTransactionCount
[2021/11/20 00:25:32.172] - eth_getBalance
[2021/11/20 00:25:32.181] - eth_getTransactionCount
[2021/11/20 00:25:32.190] - eth_getBalance
[2021/11/20 00:25:32.198] - eth_getTransactionCount
[2021/11/20 00:25:32.204] - eth_getBalance
[2021/11/20 00:25:32.213] - eth_getTransactionCount
[2021/11/20 00:25:32.219] - eth_getBalance
[2021/11/20 00:25:32.227] - eth_getTransactionCount
[2021/11/20 00:25:32.237] - eth_getBalance
[2021/11/20 00:25:32.250] - eth_getTransactionCount
[2021/11/20 00:25:32.256] - eth_getBalance
[2021/11/20 00:25:32.269] - eth_getTransactionCount
[2021/11/20 00:25:32.290] - eth_getBalance
[2021/11/20 00:25:32.298] - eth_getTransactionCount
[2021/11/20 00:25:32.309] - eth_getBalance
[2021/11/20 00:25:32.314] - eth_getTransactionCount
[2021/11/20 00:25:32.318] - eth_getBalance
[2021/11/20 00:25:32.322] - eth_getTransactionCount
[2021/11/20 00:25:32.331] - eth_getBalance
[2021/11/20 00:25:32.342] - eth_getTransactionCount
[2021/11/20 00:25:32.355] - eth_getBalance
[2021/11/20 00:25:32.361] - eth_getTransactionCount
[2021/11/20 00:25:32.367] - eth_getBalance
[2021/11/20 00:25:32.380] - eth_getTransactionCount
[2021/11/20 00:25:32.385] - eth_getBalance
[2021/11/20 00:25:32.390] - eth_getTransactionCount
[2021/11/20 00:25:32.393] - eth_getBalance
[2021/11/20 00:25:32.402] - eth_getTransactionCount
[2021/11/20 00:25:32.407] - eth_getBalance
[2021/11/20 00:25:32.412] - eth_getTransactionCount
[2021/11/20 00:25:32.415] - eth_getBalance
[2021/11/20 00:25:32.420] - eth_getTransactionCount
[2021/11/20 00:25:32.436] - eth_getBalance
[2021/11/20 00:25:32.440] - eth_getTransactionCount
[2021/11/20 00:25:32.444] - eth_getBalance
[2021/11/20 00:25:32.447] - eth_getTransactionCount
[2021/11/20 00:25:32.451] - eth_getBalance
[2021/11/20 00:25:32.455] - eth_getTransactionCount
[2021/11/20 00:25:32.458] - eth_getBalance
[2021/11/20 00:25:32.462] - eth_getTransactionCount
[2021/11/20 00:25:32.465] - eth_getBalance
[2021/11/20 00:25:32.469] - eth_getTransactionCount
[2021/11/20 00:25:32.473] - eth_getBalance
[2021/11/20 00:25:32.477] - eth_getTransactionCount
[2021/11/20 00:25:32.480] - eth_getBalance
[2021/11/20 00:25:32.484] - eth_getTransactionCount
[2021/11/20 00:25:32.487] - eth_getBalance
[2021/11/20 00:25:32.493] - eth_getTransactionCount
[2021/11/20 00:25:32.502] - eth_getBalance
[2021/11/20 00:25:32.508] - eth_getTransactionCount
[2021/11/20 00:25:32.511] - eth_getBalance
[2021/11/20 00:25:32.515] - eth_getTransactionCount
[2021/11/20 00:25:32.527] - eth_getBalance
[2021/11/20 00:25:32.532] - eth_getTransactionCount
[2021/11/20 00:25:32.536] - eth_getBalance
[2021/11/20 00:25:32.547] - eth_getTransactionCount
[2021/11/20 00:25:32.553] - eth_getBalance
[2021/11/20 00:25:32.562] - eth_getTransactionCount
[2021/11/20 00:25:32.563] - eth_getBalance
[2021/11/20 00:25:32.568] - eth_getTransactionCount
[2021/11/20 00:25:32.573] - eth_getBalance
[2021/11/20 00:25:32.586] - eth_getTransactionCount
[2021/11/20 00:25:32.591] - eth_getBalance
[2021/11/20 00:25:32.595] - eth_getTransactionCount
[2021/11/20 00:25:32.599] - eth_getBalance
[2021/11/20 00:25:32.603] - eth_getTransactionCount
[2021/11/20 00:25:32.607] - eth_getBalance
[2021/11/20 00:25:32.613] - eth_getTransactionCount
[2021/11/20 00:25:32.625] - eth_getBalance
[2021/11/20 00:25:32.629] - eth_getTransactionCount
[2021/11/20 00:25:32.632] - eth_getBalance
[2021/11/20 00:25:32.636] - eth_getTransactionCount
[2021/11/20 00:25:32.649] - eth_getBalance
[2021/11/20 00:25:32.654] - eth_getTransactionCount
[2021/11/20 00:25:32.658] - eth_getBalance
[2021/11/20 00:25:32.662] - eth_getTransactionCount
[2021/11/20 00:25:32.666] - eth_getBalance
[2021/11/20 00:25:32.672] - eth_getTransactionCount
[2021/11/20 00:25:32.675] - eth_getBalance
[2021/11/20 00:25:32.679] - eth_getTransactionCount
[2021/11/20 00:25:32.684] - eth_getBalance
[2021/11/20 00:25:32.688] - eth_getTransactionCount
[2021/11/20 00:25:32.693] - eth_getBalance
[2021/11/20 00:25:32.707] - eth_getTransactionCount
[2021/11/20 00:25:32.712] - eth_getBalance
[2021/11/20 00:25:32.717] - eth_getTransactionCount
[2021/11/20 00:25:32.721] - eth_getBalance
[2021/11/20 00:25:32.727] - eth_getTransactionCount
[2021/11/20 00:25:32.731] - eth_getBalance
[2021/11/20 00:25:32.735] - eth_getTransactionCount
[2021/11/20 00:25:32.740] - eth_getBalance
[2021/11/20 00:25:32.757] - eth_getTransactionCount
[2021/11/20 00:25:32.763] - eth_getBalance
[2021/11/20 00:25:32.767] - eth_getTransactionCount
[2021/11/20 00:25:32.771] - eth_getBalance
[2021/11/20 00:25:32.775] - eth_getTransactionCount
[2021/11/20 00:25:32.788] - eth_getBalance
[2021/11/20 00:25:32.797] - eth_getTransactionCount
[2021/11/20 00:25:32.800] - eth_getBalance
[2021/11/20 00:25:32.804] - eth_getTransactionCount
[2021/11/20 00:25:32.816] - eth_getBalance
[2021/11/20 00:25:32.830] - eth_getTransactionCount
[2021/11/20 00:25:32.835] - eth_getBalance
[2021/11/20 00:25:32.848] - eth_getTransactionCount
[2021/11/20 00:25:32.855] - eth_getBalance
[2021/11/20 00:25:32.860] - eth_getTransactionCount
[2021/11/20 00:25:32.864] - eth_getBalance
[2021/11/20 00:25:32.873] - eth_getTransactionCount
[2021/11/20 00:25:32.886] - eth_getBalance
[2021/11/20 00:25:32.892] - eth_getTransactionCount
[2021/11/20 00:25:32.896] - eth_getBalance
[2021/11/20 00:25:32.903] - eth_getTransactionCount
[2021/11/20 00:25:32.905] - eth_getBalance
[2021/11/20 00:25:32.909] - eth_getTransactionCount
[2021/11/20 00:25:32.913] - eth_getBalance
[2021/11/20 00:25:32.917] - eth_getTransactionCount
[2021/11/20 00:25:32.921] - eth_getBalance
[2021/11/20 00:25:32.926] - eth_getTransactionCount
[2021/11/20 00:25:32.930] - eth_getBalance
[2021/11/20 00:25:32.934] - eth_getTransactionCount
[2021/11/20 00:25:32.939] - eth_getBalance
[2021/11/20 00:25:32.943] - eth_getTransactionCount
[2021/11/20 00:25:32.949] - eth_getBalance
[2021/11/20 00:25:32.954] - eth_getTransactionCount
[2021/11/20 00:25:32.958] - eth_getBalance
[2021/11/20 00:25:32.961] - eth_getTransactionCount
[2021/11/20 00:25:32.965] - eth_getBalance
[2021/11/20 00:25:32.970] - eth_getTransactionCount
[2021/11/20 00:25:32.974] - eth_getBalance
[2021/11/20 00:25:32.978] - eth_getTransactionCount
[2021/11/20 00:25:32.990] - eth_getBalance
[2021/11/20 00:25:32.998] - eth_getTransactionCount
[2021/11/20 00:25:33.003] - eth_getBalance
[2021/11/20 00:25:33.007] - eth_getTransactionCount
[2021/11/20 00:25:33.012] - eth_getBalance
[2021/11/20 00:25:33.018] - eth_getTransactionCount
[2021/11/20 00:25:33.020] - eth_getBalance
[2021/11/20 00:25:33.025] - eth_getTransactionCount
[2021/11/20 00:25:33.029] - eth_getBalance
[2021/11/20 00:25:33.033] - eth_getTransactionCount
[2021/11/20 00:25:33.041] - eth_getBalance
[2021/11/20 00:25:33.048] - eth_getTransactionCount
[2021/11/20 00:25:33.055] - eth_getBalance
[2021/11/20 00:25:33.059] - eth_getTransactionCount
[2021/11/20 00:25:33.064] - eth_getBalance
[2021/11/20 00:25:33.070] - eth_getTransactionCount
[2021/11/20 00:25:33.075] - eth_getBalance
[2021/11/20 00:25:33.076] - eth_getTransactionCount
[2021/11/20 00:25:33.080] - eth_getBalance
[2021/11/20 00:25:33.084] - eth_getTransactionCount
[2021/11/20 00:25:33.088] - eth_getBalance
[2021/11/20 00:25:33.099] - eth_getTransactionCount
[2021/11/20 00:25:33.106] - eth_getBalance
[2021/11/20 00:25:33.110] - eth_getTransactionCount
[2021/11/20 00:25:33.117] - eth_getBalance
[2021/11/20 00:25:33.119] - eth_getTransactionCount
[2021/11/20 00:25:33.131] - eth_getBalance
[2021/11/20 00:25:33.138] - eth_getTransactionCount
[2021/11/20 00:25:33.141] - eth_getBalance
[2021/11/20 00:25:33.145] - eth_getTransactionCount
[2021/11/20 00:25:33.155] - eth_getBalance
[2021/11/20 00:25:33.156] - eth_getTransactionCount
[2021/11/20 00:25:33.156] - eth_getBalance
[2021/11/20 00:25:33.160] - eth_getTransactionCount
[2021/11/20 00:25:33.162] - eth_getBalance
[2021/11/20 00:25:33.165] - eth_getTransactionCount
[2021/11/20 00:25:33.168] - eth_getBalance
[2021/11/20 00:25:33.172] - eth_getTransactionCount
[2021/11/20 00:25:33.177] - eth_getBalance
[2021/11/20 00:25:33.179] - eth_getTransactionCount
[2021/11/20 00:25:33.185] - eth_getBalance
[2021/11/20 00:25:33.186] - eth_getTransactionCount
[2021/11/20 00:25:33.191] - eth_getBalance
[2021/11/20 00:25:33.201] - eth_getTransactionCount
[2021/11/20 00:25:33.208] - eth_getBalance
[2021/11/20 00:25:33.211] - eth_getTransactionCount
[2021/11/20 00:25:33.215] - eth_getBalance
[2021/11/20 00:25:33.218] - eth_getTransactionCount
[2021/11/20 00:25:33.221] - eth_getBalance
[2021/11/20 00:25:33.225] - eth_getTransactionCount
[2021/11/20 00:25:33.229] - eth_getBalance
[2021/11/20 00:25:33.232] - eth_getTransactionCount
[2021/11/20 00:25:33.236] - eth_getBalance
[2021/11/20 00:25:33.239] - eth_getTransactionCount
[2021/11/20 00:25:33.242] - eth_getBalance
[2021/11/20 00:25:33.245] - eth_getTransactionCount
[2021/11/20 00:25:33.249] - eth_getBalance
[2021/11/20 00:25:33.252] - eth_getTransactionCount
[2021/11/20 00:25:33.266] - eth_blockNumber
[2021/11/20 00:25:33.266] - eth_accounts
[2021/11/20 00:25:33.266] - eth_gasPrice
[2021/11/20 00:25:33.267] - eth_getBlockByNumber
[2021/11/20 00:25:33.267] - eth_subscribe
[2021/11/20 00:25:33.371] - eth_getTransactionCount
[2021/11/20 00:25:33.374] - eth_getBalance
[2021/11/20 00:25:33.378] - eth_getTransactionCount
[2021/11/20 00:25:33.382] - eth_getBalance
[2021/11/20 00:25:33.386] - eth_getTransactionCount
[2021/11/20 00:25:33.390] - eth_getBalance
[2021/11/20 00:25:33.394] - eth_getTransactionCount
[2021/11/20 00:25:33.397] - eth_getBalance
[2021/11/20 00:25:33.409] - eth_getTransactionCount
[2021/11/20 00:25:33.416] - eth_getBalance
[2021/11/20 00:25:33.419] - eth_getTransactionCount
[2021/11/20 00:25:33.423] - eth_getBalance
[2021/11/20 00:25:33.426] - eth_getTransactionCount
[2021/11/20 00:25:33.429] - eth_getBalance
[2021/11/20 00:25:33.433] - eth_getTransactionCount
[2021/11/20 00:25:33.436] - eth_getBalance
[2021/11/20 00:25:33.439] - eth_getTransactionCount
[2021/11/20 00:25:33.443] - eth_getBalance
[2021/11/20 00:25:33.446] - eth_getTransactionCount
[2021/11/20 00:25:33.449] - eth_getBalance
[2021/11/20 00:25:33.458] - eth_getTransactionCount
[2021/11/20 00:25:33.465] - eth_getBalance
[2021/11/20 00:25:33.468] - eth_getTransactionCount
[2021/11/20 00:25:33.472] - eth_getBalance
[2021/11/20 00:25:33.475] - eth_getTransactionCount
[2021/11/20 00:25:33.486] - eth_getBalance
[2021/11/20 00:25:33.491] - eth_getTransactionCount
[2021/11/20 00:25:33.495] - eth_getBalance
[2021/11/20 00:25:33.500] - eth_getTransactionCount
[2021/11/20 00:25:33.501] - eth_getBalance
[2021/11/20 00:25:33.510] - eth_getTransactionCount
[2021/11/20 00:25:33.517] - eth_getBalance
[2021/11/20 00:25:33.520] - eth_getTransactionCount
[2021/11/20 00:25:33.524] - eth_getBalance
[2021/11/20 00:25:33.528] - eth_getTransactionCount
[2021/11/20 00:25:33.531] - eth_getBalance
[2021/11/20 00:25:33.535] - eth_getTransactionCount
[2021/11/20 00:25:33.537] - eth_getBalance
[2021/11/20 00:25:33.541] - eth_getTransactionCount
[2021/11/20 00:25:33.544] - eth_getBalance
[2021/11/20 00:25:33.547] - eth_getTransactionCount
[2021/11/20 00:25:33.550] - eth_getBalance
[2021/11/20 00:25:33.554] - eth_getTransactionCount
[2021/11/20 00:25:33.557] - eth_getBalance
[2021/11/20 00:25:33.560] - eth_getTransactionCount
[2021/11/20 00:25:33.564] - eth_getBalance
[2021/11/20 00:25:33.567] - eth_getTransactionCount
[2021/11/20 00:25:33.577] - eth_getBalance
[2021/11/20 00:25:33.584] - eth_getTransactionCount
[2021/11/20 00:25:33.587] - eth_getBalance
[2021/11/20 00:25:33.590] - eth_getTransactionCount
[2021/11/20 00:25:33.594] - eth_getBalance
[2021/11/20 00:25:33.598] - eth_getTransactionCount
[2021/11/20 00:25:33.607] - eth_getBalance
[2021/11/20 00:25:33.614] - eth_getTransactionCount
[2021/11/20 00:25:33.617] - eth_getBalance
[2021/11/20 00:25:33.620] - eth_getTransactionCount
[2021/11/20 00:25:33.625] - eth_getBalance
[2021/11/20 00:25:33.628] - eth_getTransactionCount
[2021/11/20 00:25:33.631] - eth_getBalance
[2021/11/20 00:25:33.634] - eth_getTransactionCount
[2021/11/20 00:25:33.637] - eth_getBalance
[2021/11/20 00:25:33.641] - eth_getTransactionCount
[2021/11/20 00:25:33.644] - eth_getBalance
[2021/11/20 00:25:33.647] - eth_getTransactionCount
[2021/11/20 00:25:33.650] - eth_getBalance
[2021/11/20 00:25:33.653] - eth_getTransactionCount
[2021/11/20 00:25:33.656] - eth_getBalance
[2021/11/20 00:25:33.659] - eth_getTransactionCount
[2021/11/20 00:25:33.664] - eth_getBalance
[2021/11/20 00:25:33.667] - eth_getTransactionCount
[2021/11/20 00:25:33.671] - eth_getBalance
[2021/11/20 00:25:33.674] - eth_getTransactionCount
[2021/11/20 00:25:33.677] - eth_getBalance
[2021/11/20 00:25:33.681] - eth_getTransactionCount
[2021/11/20 00:25:33.684] - eth_getBalance
[2021/11/20 00:25:33.687] - eth_getTransactionCount
[2021/11/20 00:25:33.690] - eth_getBalance
[2021/11/20 00:25:33.693] - eth_getTransactionCount
[2021/11/20 00:25:33.703] - eth_getBalance
[2021/11/20 00:25:33.710] - eth_getTransactionCount
[2021/11/20 00:25:33.716] - eth_getBalance
[2021/11/20 00:25:33.719] - eth_getTransactionCount
[2021/11/20 00:25:33.723] - eth_getBalance
[2021/11/20 00:25:33.726] - eth_getTransactionCount
[2021/11/20 00:25:33.729] - eth_getBalance
[2021/11/20 00:25:33.732] - eth_getTransactionCount
[2021/11/20 00:25:33.736] - eth_getBalance
[2021/11/20 00:25:33.739] - eth_getTransactionCount
[2021/11/20 00:25:33.742] - eth_getBalance
[2021/11/20 00:25:33.745] - eth_getTransactionCount
[2021/11/20 00:25:33.748] - eth_getBalance
[2021/11/20 00:25:33.752] - eth_getTransactionCount
[2021/11/20 00:25:33.756] - eth_getBalance
[2021/11/20 00:25:33.759] - eth_getTransactionCount
[2021/11/20 00:25:33.762] - eth_getBalance
[2021/11/20 00:25:33.766] - eth_getTransactionCount
[2021/11/20 00:25:33.769] - eth_getBalance
[2021/11/20 00:25:33.772] - eth_getTransactionCount
[2021/11/20 00:25:33.775] - eth_getBalance
[2021/11/20 00:25:33.778] - eth_getTransactionCount
[2021/11/20 00:25:33.782] - eth_getBalance
[2021/11/20 00:25:33.785] - eth_getTransactionCount
[2021/11/20 00:25:33.788] - eth_getBalance
[2021/11/20 00:25:33.791] - eth_getTransactionCount
[2021/11/20 00:25:33.795] - eth_getBalance
[2021/11/20 00:25:33.799] - eth_getTransactionCount
[2021/11/20 00:25:33.807] - eth_getBalance
[2021/11/20 00:25:33.807] - eth_getTransactionCount
[2021/11/20 00:25:33.811] - eth_getBalance
[2021/11/20 00:25:33.812] - eth_getTransactionCount
[2021/11/20 00:25:33.816] - eth_getBalance
[2021/11/20 00:25:33.819] - eth_getTransactionCount
[2021/11/20 00:25:33.822] - eth_getBalance
[2021/11/20 00:25:33.825] - eth_getTransactionCount
[2021/11/20 00:25:33.828] - eth_getBalance
[2021/11/20 00:25:33.831] - eth_getTransactionCount
[2021/11/20 00:25:33.836] - eth_getBalance
[2021/11/20 00:25:33.839] - eth_getTransactionCount
[2021/11/20 00:25:33.842] - eth_getBalance
[2021/11/20 00:25:33.845] - eth_getTransactionCount
[2021/11/20 00:25:33.849] - eth_getBalance
[2021/11/20 00:25:33.852] - eth_getTransactionCount
[2021/11/20 00:25:33.855] - eth_getBalance
[2021/11/20 00:25:33.858] - eth_getTransactionCount
[2021/11/20 00:25:33.862] - eth_getBalance
[2021/11/20 00:25:33.865] - eth_getTransactionCount
[2021/11/20 00:25:33.868] - eth_getBalance
[2021/11/20 00:25:33.872] - eth_getTransactionCount
[2021/11/20 00:25:33.876] - eth_getBalance
[2021/11/20 00:25:33.879] - eth_getTransactionCount
[2021/11/20 00:25:33.883] - eth_getBalance
[2021/11/20 00:25:33.888] - eth_getTransactionCount
[2021/11/20 00:25:33.891] - eth_getBalance
[2021/11/20 00:25:33.895] - eth_getTransactionCount
[2021/11/20 00:25:33.900] - eth_getBalance
[2021/11/20 00:25:33.903] - eth_getTransactionCount
[2021/11/20 00:25:33.908] - eth_getBalance
[2021/11/20 00:25:33.911] - eth_getTransactionCount
[2021/11/20 00:25:33.915] - eth_getBalance
[2021/11/20 00:25:33.920] - eth_getTransactionCount
[2021/11/20 00:25:33.925] - eth_getBalance
[2021/11/20 00:25:33.931] - eth_getTransactionCount
[2021/11/20 00:25:33.936] - eth_getBalance
[2021/11/20 00:25:33.941] - eth_getTransactionCount
[2021/11/20 00:25:33.946] - eth_getBalance
[2021/11/20 00:25:33.950] - eth_getTransactionCount
[2021/11/20 00:25:33.958] - eth_getBalance
[2021/11/20 00:25:33.964] - eth_getTransactionCount
[2021/11/20 00:25:33.966] - eth_getBalance
[2021/11/20 00:25:33.971] - eth_getTransactionCount
[2021/11/20 00:25:33.976] - eth_getBalance
[2021/11/20 00:25:33.979] - eth_getTransactionCount
[2021/11/20 00:25:33.985] - eth_getBalance
[2021/11/20 00:25:33.989] - eth_getTransactionCount
[2021/11/20 00:25:33.992] - eth_getBalance
[2021/11/20 00:25:33.996] - eth_getTransactionCount
[2021/11/20 00:25:34.000] - eth_getBalance
[2021/11/20 00:25:34.005] - eth_getTransactionCount
[2021/11/20 00:25:34.008] - eth_getBalance
[2021/11/20 00:25:34.012] - eth_getTransactionCount
[2021/11/20 00:25:34.016] - eth_getBalance
[2021/11/20 00:25:34.020] - eth_getTransactionCount
[2021/11/20 00:25:34.024] - eth_getBalance
[2021/11/20 00:25:34.029] - eth_getTransactionCount
[2021/11/20 00:25:34.034] - eth_getBalance
[2021/11/20 00:25:34.038] - eth_getTransactionCount
[2021/11/20 00:25:34.041] - eth_getBalance
[2021/11/20 00:25:34.045] - eth_getTransactionCount
[2021/11/20 00:25:34.048] - eth_getBalance
[2021/11/20 00:25:34.052] - eth_getTransactionCount
[2021/11/20 00:25:34.055] - eth_getBalance
[2021/11/20 00:25:34.058] - eth_getTransactionCount
[2021/11/20 00:25:34.062] - eth_getBalance
[2021/11/20 00:25:34.066] - eth_getTransactionCount
[2021/11/20 00:25:34.071] - eth_getBalance
[2021/11/20 00:25:34.074] - eth_getTransactionCount
[2021/11/20 00:25:34.078] - eth_getBalance
[2021/11/20 00:25:34.082] - eth_getTransactionCount
[2021/11/20 00:25:34.085] - eth_getBalance
[2021/11/20 00:25:34.089] - eth_getTransactionCount
[2021/11/20 00:25:34.093] - eth_getBalance
[2021/11/20 00:25:34.099] - eth_getTransactionCount
[2021/11/20 00:25:34.103] - eth_getBalance
[2021/11/20 00:25:34.106] - eth_getTransactionCount
[2021/11/20 00:25:34.109] - eth_getBalance
[2021/11/20 00:25:34.115] - eth_getTransactionCount
[2021/11/20 00:25:34.120] - eth_getBalance
[2021/11/20 00:25:34.124] - eth_getTransactionCount
[2021/11/20 00:25:34.128] - eth_getBalance
[2021/11/20 00:25:34.133] - eth_getTransactionCount
[2021/11/20 00:25:34.135] - eth_getBalance
[2021/11/20 00:25:34.139] - eth_getTransactionCount
[2021/11/20 00:25:34.142] - eth_getBalance
[2021/11/20 00:25:34.146] - eth_getTransactionCount
[2021/11/20 00:25:34.150] - eth_getBalance
[2021/11/20 00:25:34.154] - eth_getTransactionCount
[2021/11/20 00:25:34.158] - eth_getBalance
[2021/11/20 00:25:34.162] - eth_getTransactionCount
[2021/11/20 00:25:38.119] - eth_getBalance
[2021/11/20 00:25:38.127] - eth_getTransactionCount
[2021/11/20 00:25:38.136] - eth_getBalance
[2021/11/20 00:25:38.145] - eth_getTransactionCount
[2021/11/20 00:25:38.154] - eth_getBalance
[2021/11/20 00:25:38.163] - eth_getTransactionCount
[2021/11/20 00:25:38.173] - eth_getBalance
[2021/11/20 00:25:38.181] - eth_getTransactionCount
[2021/11/20 00:25:38.191] - eth_getBalance
[2021/11/20 00:25:38.200] - eth_getTransactionCount
[2021/11/20 00:25:38.209] - eth_getBalance
[2021/11/20 00:25:38.218] - eth_getTransactionCount
[2021/11/20 00:25:38.227] - eth_getBalance
[2021/11/20 00:25:38.236] - eth_getTransactionCount
[2021/11/20 00:25:38.245] - eth_getBalance
[2021/11/20 00:25:38.254] - eth_getTransactionCount
[2021/11/20 00:25:38.262] - eth_getBalance
[2021/11/20 00:25:38.270] - eth_getTransactionCount
[2021/11/20 00:25:38.277] - eth_getBalance
[2021/11/20 00:25:38.286] - eth_getTransactionCount
[2021/11/20 00:25:38.293] - eth_getBalance
[2021/11/20 00:25:38.301] - eth_getTransactionCount
[2021/11/20 00:25:38.308] - eth_getBalance
[2021/11/20 00:25:38.316] - eth_getTransactionCount
[2021/11/20 00:25:38.323] - eth_getBalance
[2021/11/20 00:25:38.332] - eth_getTransactionCount
[2021/11/20 00:25:38.339] - eth_getBalance
[2021/11/20 00:25:38.347] - eth_getTransactionCount
[2021/11/20 00:25:38.355] - eth_getBalance
[2021/11/20 00:25:38.362] - eth_getTransactionCount
[2021/11/20 00:25:38.370] - eth_getBalance
[2021/11/20 00:25:38.377] - eth_getTransactionCount
[2021/11/20 00:25:38.385] - eth_getBalance
[2021/11/20 00:25:38.393] - eth_getTransactionCount
[2021/11/20 00:25:38.401] - eth_getBalance
[2021/11/20 00:25:38.415] - eth_getTransactionCount
[2021/11/20 00:25:38.424] - eth_getBalance
[2021/11/20 00:25:38.432] - eth_getTransactionCount
[2021/11/20 00:25:38.441] - eth_getBalance
[2021/11/20 00:25:38.448] - eth_getTransactionCount
[2021/11/20 00:25:38.456] - eth_getBalance
[2021/11/20 00:25:38.464] - eth_getTransactionCount
[2021/11/20 00:25:38.471] - eth_getBalance
[2021/11/20 00:25:38.479] - eth_getTransactionCount
[2021/11/20 00:25:38.487] - eth_getBalance
[2021/11/20 00:25:38.495] - eth_getTransactionCount
[2021/11/20 00:25:38.503] - eth_getBalance
[2021/11/20 00:25:38.510] - eth_getTransactionCount
[2021/11/20 00:25:38.518] - eth_getBalance
[2021/11/20 00:25:38.530] - eth_getTransactionCount
[2021/11/20 00:25:38.542] - eth_getBalance
[2021/11/20 00:25:38.551] - eth_getTransactionCount
[2021/11/20 00:25:38.559] - eth_getBalance
[2021/11/20 00:25:38.566] - eth_getTransactionCount
[2021/11/20 00:25:38.574] - eth_getBalance
[2021/11/20 00:25:38.581] - eth_getTransactionCount
[2021/11/20 00:25:38.589] - eth_getBalance
[2021/11/20 00:25:38.597] - eth_getTransactionCount
[2021/11/20 00:25:38.605] - eth_getBalance
[2021/11/20 00:25:38.612] - eth_getTransactionCount
[2021/11/20 00:25:38.620] - eth_getBalance
[2021/11/20 00:25:38.627] - eth_getTransactionCount
[2021/11/20 00:25:38.635] - eth_getBalance
[2021/11/20 00:25:38.643] - eth_getTransactionCount
[2021/11/20 00:25:38.651] - eth_getBalance
[2021/11/20 00:25:38.658] - eth_getTransactionCount
[2021/11/20 00:25:38.667] - eth_getBalance
[2021/11/20 00:25:38.674] - eth_getTransactionCount
[2021/11/20 00:25:38.682] - eth_getBalance
[2021/11/20 00:25:38.690] - eth_getTransactionCount
[2021/11/20 00:25:38.698] - eth_getBalance
[2021/11/20 00:25:38.706] - eth_getTransactionCount
[2021/11/20 00:25:38.714] - eth_getBalance
[2021/11/20 00:25:38.722] - eth_getTransactionCount
[2021/11/20 00:25:38.730] - eth_getBalance
[2021/11/20 00:25:38.739] - eth_getTransactionCount
[2021/11/20 00:25:38.748] - eth_getBalance
[2021/11/20 00:25:38.757] - eth_getTransactionCount
[2021/11/20 00:25:38.765] - eth_getBalance
[2021/11/20 00:25:38.774] - eth_getTransactionCount
[2021/11/20 00:25:38.782] - eth_getBalance
[2021/11/20 00:25:38.790] - eth_getTransactionCount
[2021/11/20 00:25:38.798] - eth_getBalance
[2021/11/20 00:25:38.807] - eth_getTransactionCount
[2021/11/20 00:25:38.815] - eth_getBalance
[2021/11/20 00:25:38.823] - eth_getTransactionCount
[2021/11/20 00:25:38.831] - eth_getBalance
[2021/11/20 00:25:38.838] - eth_getTransactionCount
[2021/11/20 00:25:38.846] - eth_getBalance
[2021/11/20 00:25:38.855] - eth_getTransactionCount
[2021/11/20 00:25:38.863] - eth_getBalance
[2021/11/20 00:25:38.871] - eth_getTransactionCount
[2021/11/20 00:25:38.880] - eth_getBalance
[2021/11/20 00:25:38.889] - eth_getTransactionCount
[2021/11/20 00:25:38.898] - eth_getBalance
[2021/11/20 00:25:38.907] - eth_getTransactionCount
[2021/11/20 00:25:38.917] - eth_getBalance
[2021/11/20 00:25:38.925] - eth_getTransactionCount
[2021/11/20 00:25:38.934] - eth_getBalance
[2021/11/20 00:25:38.943] - eth_getTransactionCount
[2021/11/20 00:25:38.951] - eth_getBalance
[2021/11/20 00:25:38.960] - eth_getTransactionCount
[2021/11/20 00:25:38.971] - eth_getBalance
[2021/11/20 00:25:38.980] - eth_getTransactionCount
[2021/11/20 00:25:38.989] - eth_getBalance
[2021/11/20 00:25:38.998] - eth_getTransactionCount
[2021/11/20 00:25:39.007] - eth_getBalance
[2021/11/20 00:25:39.016] - eth_getTransactionCount
[2021/11/20 00:25:39.026] - eth_getBalance
[2021/11/20 00:25:39.035] - eth_getTransactionCount
[2021/11/20 00:25:39.044] - eth_getBalance
[2021/11/20 00:25:39.053] - eth_getTransactionCount
[2021/11/20 00:25:39.061] - eth_getBalance
[2021/11/20 00:25:39.070] - eth_getTransactionCount
[2021/11/20 00:25:39.080] - eth_getBalance
[2021/11/20 00:25:39.094] - eth_getTransactionCount
[2021/11/20 00:25:39.105] - eth_getBalance
[2021/11/20 00:25:39.113] - eth_getTransactionCount
[2021/11/20 00:25:39.121] - eth_getBalance
[2021/11/20 00:25:39.130] - eth_getTransactionCount
[2021/11/20 00:25:39.139] - eth_getBalance
[2021/11/20 00:25:39.148] - eth_getTransactionCount
[2021/11/20 00:25:39.157] - eth_getBalance
[2021/11/20 00:25:39.166] - eth_getTransactionCount
[2021/11/20 00:25:39.174] - eth_getBalance
[2021/11/20 00:25:39.183] - eth_getTransactionCount
[2021/11/20 00:25:39.192] - eth_getBalance
[2021/11/20 00:25:39.201] - eth_getTransactionCount
[2021/11/20 00:25:39.210] - eth_getBalance
[2021/11/20 00:25:39.218] - eth_getTransactionCount
[2021/11/20 00:25:39.227] - eth_getBalance
[2021/11/20 00:25:39.236] - eth_getTransactionCount
[2021/11/20 00:25:39.244] - eth_getBalance
[2021/11/20 00:25:39.253] - eth_getTransactionCount
[2021/11/20 00:25:39.263] - eth_getBalance
[2021/11/20 00:25:39.272] - eth_getTransactionCount
[2021/11/20 00:25:39.282] - eth_getBalance
[2021/11/20 00:25:39.296] - eth_getTransactionCount
[2021/11/20 00:25:39.310] - eth_getBalance
[2021/11/20 00:25:39.319] - eth_getTransactionCount
[2021/11/20 00:25:39.328] - eth_getBalance
[2021/11/20 00:25:39.337] - eth_getTransactionCount
[2021/11/20 00:25:39.346] - eth_getBalance
[2021/11/20 00:25:39.355] - eth_getTransactionCount
[2021/11/20 00:25:39.363] - eth_getBalance
[2021/11/20 00:25:39.372] - eth_getTransactionCount
[2021/11/20 00:25:39.382] - eth_getBalance
[2021/11/20 00:25:39.391] - eth_getTransactionCount
[2021/11/20 00:25:39.399] - eth_getBalance
[2021/11/20 00:25:39.408] - eth_getTransactionCount
[2021/11/20 00:25:39.416] - eth_getBalance
[2021/11/20 00:25:39.425] - eth_getTransactionCount
[2021/11/20 00:25:39.433] - eth_getBalance
[2021/11/20 00:25:39.442] - eth_getTransactionCount
[2021/11/20 00:25:39.451] - eth_getBalance
[2021/11/20 00:25:39.460] - eth_getTransactionCount
[2021/11/20 00:25:39.468] - eth_getBalance
[2021/11/20 00:25:39.476] - eth_getTransactionCount
[2021/11/20 00:25:39.489] - eth_getBalance
[2021/11/20 00:25:39.503] - eth_getTransactionCount
[2021/11/20 00:25:39.511] - eth_getBalance
[2021/11/20 00:25:39.519] - eth_getTransactionCount
[2021/11/20 00:25:39.527] - eth_getBalance
[2021/11/20 00:25:39.536] - eth_getTransactionCount
[2021/11/20 00:25:39.544] - eth_getBalance
[2021/11/20 00:25:39.552] - eth_getTransactionCount
[2021/11/20 00:25:39.560] - eth_getBalance
[2021/11/20 00:25:39.567] - eth_getTransactionCount
[2021/11/20 00:25:39.575] - eth_getBalance
[2021/11/20 00:25:39.583] - eth_getTransactionCount
[2021/11/20 00:25:39.592] - eth_getBalance
[2021/11/20 00:25:39.599] - eth_getTransactionCount
[2021/11/20 00:25:39.608] - eth_getBalance
[2021/11/20 00:25:39.616] - eth_getTransactionCount
[2021/11/20 00:25:39.623] - eth_getBalance
[2021/11/20 00:25:39.631] - eth_getTransactionCount
[2021/11/20 00:25:39.638] - eth_getBalance
[2021/11/20 00:25:39.646] - eth_getTransactionCount
[2021/11/20 00:25:39.654] - eth_getBalance
[2021/11/20 00:25:39.662] - eth_getTransactionCount
[2021/11/20 00:25:39.669] - eth_getBalance
[2021/11/20 00:25:39.677] - eth_getTransactionCount
[2021/11/20 00:25:39.684] - eth_getBalance
[2021/11/20 00:25:39.692] - eth_getTransactionCount
[2021/11/20 00:25:39.699] - eth_getBalance
[2021/11/20 00:25:39.708] - eth_getTransactionCount
[2021/11/20 00:25:39.721] - eth_getBalance
[2021/11/20 00:25:39.737] - eth_getTransactionCount
[2021/11/20 00:25:39.746] - eth_getBalance
[2021/11/20 00:25:39.754] - eth_getTransactionCount
[2021/11/20 00:25:39.762] - eth_getBalance
[2021/11/20 00:25:39.770] - eth_getTransactionCount
[2021/11/20 00:25:39.778] - eth_getBalance
[2021/11/20 00:25:39.786] - eth_getTransactionCount
[2021/11/20 00:25:39.793] - eth_getBalance
[2021/11/20 00:25:39.801] - eth_getTransactionCount
[2021/11/20 00:25:39.809] - eth_getBalance
[2021/11/20 00:25:39.817] - eth_getTransactionCount
[2021/11/20 00:25:39.825] - eth_getBalance
[2021/11/20 00:25:39.834] - eth_getTransactionCount
[2021/11/20 00:25:39.841] - eth_getBalance
[2021/11/20 00:25:39.849] - eth_getTransactionCount
[2021/11/20 00:25:39.856] - eth_getBalance
[2021/11/20 00:25:39.864] - eth_getTransactionCount
[2021/11/20 00:25:39.872] - eth_getBalance
[2021/11/20 00:25:39.880] - eth_getTransactionCount
[2021/11/20 00:25:39.888] - eth_getBalance
[2021/11/20 00:25:39.896] - eth_getTransactionCount
[2021/11/20 00:25:39.903] - eth_getBalance
[2021/11/20 00:25:39.911] - eth_getTransactionCount
[2021/11/20 00:25:39.919] - eth_getBalance
[2021/11/20 00:25:39.927] - eth_getTransactionCount
[2021/11/20 00:25:39.934] - eth_getBalance
[2021/11/20 00:25:39.944] - eth_getTransactionCount
[2021/11/20 00:25:39.951] - eth_getBalance
[2021/11/20 00:25:39.959] - eth_getTransactionCount
[2021/11/20 00:25:39.967] - eth_getBalance
[2021/11/20 00:25:39.975] - eth_getTransactionCount
[2021/11/20 00:25:39.983] - eth_getBalance
[2021/11/20 00:25:39.991] - eth_getTransactionCount
[2021/11/20 00:25:39.999] - eth_getBalance
[2021/11/20 00:25:40.007] - eth_getTransactionCount
[2021/11/20 00:25:40.015] - eth_getBalance
[2021/11/20 00:25:40.023] - eth_getTransactionCount
[2021/11/20 00:25:40.032] - eth_getBalance
[2021/11/20 00:25:40.039] - eth_getTransactionCount
[2021/11/20 00:25:40.047] - eth_getBalance
[2021/11/20 00:25:40.054] - eth_getTransactionCount
[2021/11/20 00:25:40.062] - eth_getBalance
[2021/11/20 00:25:40.070] - eth_getTransactionCount
[2021/11/20 00:25:40.078] - eth_getBalance
[2021/11/20 00:25:40.086] - eth_getTransactionCount
[2021/11/20 00:25:40.093] - eth_getBalance
[2021/11/20 00:25:40.101] - eth_getTransactionCount
[2021/11/20 00:25:40.108] - eth_getBalance
[2021/11/20 00:25:40.116] - eth_getTransactionCount
[2021/11/20 00:25:40.124] - eth_getBalance
[2021/11/20 00:25:40.132] - eth_getTransactionCount
[2021/11/20 00:25:40.140] - eth_getBalance
[2021/11/20 00:25:40.147] - eth_getTransactionCount
[2021/11/20 00:25:40.155] - eth_getBalance
[2021/11/20 00:25:40.163] - eth_getTransactionCount
[2021/11/20 00:25:40.171] - eth_getBalance
[2021/11/20 00:25:40.179] - eth_getTransactionCount
[2021/11/20 00:25:40.188] - eth_getBalance
[2021/11/20 00:25:40.195] - eth_getTransactionCount
[2021/11/20 00:25:40.203] - eth_getBalance
[2021/11/20 00:25:40.211] - eth_getTransactionCount
[2021/11/20 00:25:40.219] - eth_getBalance
[2021/11/20 00:25:40.227] - eth_getTransactionCount
[2021/11/20 00:25:40.234] - eth_getBalance
[2021/11/20 00:25:40.242] - eth_getTransactionCount
[2021/11/20 00:25:40.250] - eth_getBalance
[2021/11/20 00:25:40.262] - eth_getTransactionCount
[2021/11/20 00:25:40.266] - eth_getBalance
[2021/11/20 00:25:40.276] - eth_getTransactionCount
[2021/11/20 00:25:40.284] - eth_getBalance
[2021/11/20 00:25:40.293] - eth_getTransactionCount
[2021/11/20 00:25:40.301] - eth_getBalance
[2021/11/20 00:25:40.310] - eth_getTransactionCount
[2021/11/20 00:25:40.319] - eth_getBalance
[2021/11/20 00:25:40.328] - eth_getTransactionCount
[2021/11/20 00:25:40.337] - eth_getBalance
[2021/11/20 00:25:40.346] - eth_getTransactionCount
[2021/11/20 00:25:40.354] - eth_getBalance
[2021/11/20 00:25:40.363] - eth_getTransactionCount
[2021/11/20 00:25:40.372] - eth_getBalance
[2021/11/20 00:25:40.380] - eth_getTransactionCount
[2021/11/20 00:25:40.389] - eth_getBalance
[2021/11/20 00:25:40.398] - eth_getTransactionCount
[2021/11/20 00:25:40.407] - eth_getBalance
[2021/11/20 00:25:40.416] - eth_getTransactionCount
[2021/11/20 00:25:40.424] - eth_getBalance
[2021/11/20 00:25:40.432] - eth_getTransactionCount
[2021/11/20 00:25:40.442] - eth_getBalance
[2021/11/20 00:25:40.450] - eth_getTransactionCount
[2021/11/20 00:25:40.459] - eth_getBalance
[2021/11/20 00:25:40.467] - eth_getTransactionCount
[2021/11/20 00:25:40.476] - eth_getBalance
[2021/11/20 00:25:40.490] - eth_getTransactionCount
[2021/11/20 00:25:40.502] - eth_getBalance
[2021/11/20 00:25:40.510] - eth_getTransactionCount
[2021/11/20 00:25:40.518] - eth_getBalance
[2021/11/20 00:25:40.526] - eth_getTransactionCount
[2021/11/20 00:25:40.533] - eth_getBalance
[2021/11/20 00:25:40.542] - eth_getTransactionCount
[2021/11/20 00:25:40.550] - eth_getBalance
[2021/11/20 00:25:40.559] - eth_getTransactionCount
[2021/11/20 00:25:40.567] - eth_getBalance
[2021/11/20 00:25:40.575] - eth_getTransactionCount
[2021/11/20 00:25:40.583] - eth_getBalance
[2021/11/20 00:25:40.591] - eth_getTransactionCount
[2021/11/20 00:25:40.600] - eth_getBalance
[2021/11/20 00:25:40.609] - eth_getTransactionCount
[2021/11/20 00:25:40.617] - eth_getBalance
[2021/11/20 00:25:40.625] - eth_getTransactionCount
[2021/11/20 00:25:40.632] - eth_getBalance
[2021/11/20 00:25:40.640] - eth_getTransactionCount
[2021/11/20 00:25:40.648] - eth_getBalance
[2021/11/20 00:25:40.657] - eth_getTransactionCount
[2021/11/20 00:25:40.665] - eth_getBalance
[2021/11/20 00:25:40.676] - eth_getTransactionCount
[2021/11/20 00:25:40.685] - eth_getBalance
[2021/11/20 00:25:40.694] - eth_getTransactionCount
[2021/11/20 00:25:40.702] - eth_getBalance
[2021/11/20 00:25:40.711] - eth_getTransactionCount
[2021/11/20 00:25:40.721] - eth_getBalance
[2021/11/20 00:25:40.735] - eth_getTransactionCount
[2021/11/20 00:25:40.749] - eth_getBalance
[2021/11/20 00:25:40.758] - eth_getTransactionCount
[2021/11/20 00:25:40.766] - eth_getBalance
[2021/11/20 00:25:40.776] - eth_getTransactionCount
[2021/11/20 00:25:40.785] - eth_getBalance
[2021/11/20 00:25:40.794] - eth_getTransactionCount
[2021/11/20 00:25:40.803] - eth_getBalance
[2021/11/20 00:25:40.812] - eth_getTransactionCount
[2021/11/20 00:25:40.821] - eth_getBalance
[2021/11/20 00:25:40.832] - eth_getTransactionCount
[2021/11/20 00:25:40.836] - eth_getBalance
[2021/11/20 00:25:40.846] - eth_getTransactionCount
[2021/11/20 00:25:40.852] - eth_getBalance
[2021/11/20 00:25:40.860] - eth_getTransactionCount
[2021/11/20 00:25:40.870] - eth_getBalance
[2021/11/20 00:25:40.876] - eth_getTransactionCount
[2021/11/20 00:25:40.884] - eth_getBalance
[2021/11/20 00:25:40.892] - eth_getTransactionCount
[2021/11/20 00:25:40.900] - eth_getBalance
[2021/11/20 00:25:40.909] - eth_getTransactionCount
[2021/11/20 00:25:40.917] - eth_getBalance
[2021/11/20 00:25:40.926] - eth_getTransactionCount
[2021/11/20 00:25:40.934] - eth_getBalance
[2021/11/20 00:25:40.943] - eth_getTransactionCount
[2021/11/20 00:25:40.951] - eth_getBalance
[2021/11/20 00:25:40.958] - eth_getTransactionCount
[2021/11/20 00:25:40.966] - eth_getBalance
[2021/11/20 00:25:40.973] - eth_getTransactionCount
[2021/11/20 00:25:40.981] - eth_getBalance
[2021/11/20 00:25:40.988] - eth_getTransactionCount
[2021/11/20 00:25:40.997] - eth_getBalance
[2021/11/20 00:25:41.005] - eth_getTransactionCount
[2021/11/20 00:25:41.012] - eth_getBalance
[2021/11/20 00:25:41.020] - eth_getTransactionCount
[2021/11/20 00:25:41.029] - eth_getBalance
[2021/11/20 00:25:41.037] - eth_getTransactionCount
[2021/11/20 00:25:41.046] - eth_getBalance
[2021/11/20 00:25:41.054] - eth_getTransactionCount
[2021/11/20 00:25:41.062] - eth_getBalance
[2021/11/20 00:25:41.072] - eth_getTransactionCount
[2021/11/20 00:25:41.082] - eth_getBalance
[2021/11/20 00:25:41.099] - eth_getTransactionCount
[2021/11/20 00:25:41.103] - eth_getBalance
[2021/11/20 00:25:41.112] - eth_getTransactionCount
[2021/11/20 00:25:41.122] - eth_getBalance
[2021/11/20 00:25:41.131] - eth_getTransactionCount
[2021/11/20 00:25:41.140] - eth_getBalance
[2021/11/20 00:25:41.149] - eth_getTransactionCount
[2021/11/20 00:25:41.158] - eth_getBalance
[2021/11/20 00:25:41.168] - eth_getTransactionCount
[2021/11/20 00:25:41.177] - eth_getBalance
[2021/11/20 00:25:41.186] - eth_getTransactionCount
[2021/11/20 00:25:41.195] - eth_getBalance
[2021/11/20 00:25:41.204] - eth_getTransactionCount
[2021/11/20 00:25:41.213] - eth_getBalance
[2021/11/20 00:25:41.223] - eth_getTransactionCount
[2021/11/20 00:25:41.232] - eth_getBalance
[2021/11/20 00:25:41.241] - eth_getTransactionCount
[2021/11/20 00:25:41.251] - eth_getBalance
[2021/11/20 00:25:41.260] - eth_getTransactionCount
[2021/11/20 00:25:41.270] - eth_getBalance
[2021/11/20 00:25:41.279] - eth_getTransactionCount
[2021/11/20 00:25:41.289] - eth_getBalance
[2021/11/20 00:25:41.298] - eth_getTransactionCount
[2021/11/20 00:25:41.306] - eth_getBalance
[2021/11/20 00:25:41.316] - eth_getTransactionCount
[2021/11/20 00:25:41.325] - eth_getBalance
[2021/11/20 00:25:41.334] - eth_getTransactionCount
[2021/11/20 00:25:41.343] - eth_getBalance
[2021/11/20 00:25:41.352] - eth_getTransactionCount
[2021/11/20 00:25:41.361] - eth_getBalance
[2021/11/20 00:25:41.370] - eth_getTransactionCount
[2021/11/20 00:25:41.379] - eth_getBalance
[2021/11/20 00:25:41.389] - eth_getTransactionCount
[2021/11/20 00:25:41.399] - eth_getBalance
[2021/11/20 00:25:41.408] - eth_getTransactionCount
[2021/11/20 00:25:41.418] - eth_getBalance
[2021/11/20 00:25:41.428] - eth_getTransactionCount
[2021/11/20 00:25:41.435] - eth_getBalance
[2021/11/20 00:25:41.444] - eth_getTransactionCount
[2021/11/20 00:25:41.452] - eth_getBalance
[2021/11/20 00:25:41.462] - eth_getTransactionCount
[2021/11/20 00:25:41.472] - eth_getBalance
[2021/11/20 00:25:41.480] - eth_getTransactionCount
[2021/11/20 00:25:41.489] - eth_getBalance
[2021/11/20 00:25:41.497] - eth_getTransactionCount
[2021/11/20 00:25:41.505] - eth_getBalance
[2021/11/20 00:25:41.514] - eth_getTransactionCount
[2021/11/20 00:25:41.522] - eth_getBalance
[2021/11/20 00:25:41.531] - eth_getTransactionCount
[2021/11/20 00:25:41.539] - eth_getBalance
[2021/11/20 00:25:41.547] - eth_getTransactionCount
[2021/11/20 00:25:42.484] - eth_unsubscribe
[2021/11/20 00:25:42.487] - eth_unsubscribe
