[2021/11/26 12:15:18.058] - Starting server with initial configuration: {"gasLimit":67219750000000,"gasPrice":100000,"hardfork":"muirGlacier","hostname":"127.0.0.1","port":7545,"network_id":5777,"default_balance_ether":10000,"total_accounts":100,"unlocked_accounts":[],"locked":false,"vmErrorsOnRPCResponse":true,"verbose":false,"db_path":"/Users/zeshunshi/Library/Application Support/Ganache/workspaces/AWESOME/chaindata","blockTime":5,"logDirectory":"/Users/zeshunshi/Documents/SCTesting/logs_Ganache"}
[2021/11/26 12:15:18.208] - eth_subscribe
[2021/11/26 12:15:18.209] - eth_getLogs
[2021/11/26 12:15:18.209] - eth_subscribe
[2021/11/26 12:15:18.265] - eth_subscribe
[2021/11/26 12:15:18.266] - eth_getLogs
[2021/11/26 12:15:18.266] - eth_subscribe
[2021/11/26 12:15:18.323] - eth_blockNumber
[2021/11/26 12:15:18.323] - eth_accounts
[2021/11/26 12:15:18.324] - eth_gasPrice
[2021/11/26 12:15:18.324] - eth_getBlockByNumber
[2021/11/26 12:15:18.324] - eth_subscribe
[2021/11/26 12:15:18.345] - eth_accounts
[2021/11/26 12:15:18.418] - eth_getBalance
[2021/11/26 12:15:18.429] - eth_getTransactionCount
[2021/11/26 12:15:18.442] - eth_getBalance
[2021/11/26 12:15:18.447] - eth_getTransactionCount
[2021/11/26 12:15:18.454] - eth_getBalance
[2021/11/26 12:15:18.459] - eth_getTransactionCount
[2021/11/26 12:15:18.469] - eth_getBalance
[2021/11/26 12:15:18.480] - eth_getTransactionCount
[2021/11/26 12:15:18.485] - eth_getBalance
[2021/11/26 12:15:18.493] - eth_getTransactionCount
[2021/11/26 12:15:18.503] - eth_getBalance
[2021/11/26 12:15:18.508] - eth_getTransactionCount
[2021/11/26 12:15:18.513] - eth_getBalance
[2021/11/26 12:15:18.519] - eth_getTransactionCount
[2021/11/26 12:15:18.528] - eth_getBalance
[2021/11/26 12:15:18.534] - eth_getTransactionCount
[2021/11/26 12:15:18.544] - eth_getBalance
[2021/11/26 12:15:18.562] - eth_getTransactionCount
[2021/11/26 12:15:18.569] - eth_getBalance
[2021/11/26 12:15:18.576] - eth_getTransactionCount
[2021/11/26 12:15:18.586] - eth_getBalance
[2021/11/26 12:15:18.600] - eth_getTransactionCount
[2021/11/26 12:15:18.607] - eth_getBalance
[2021/11/26 12:15:18.625] - eth_getTransactionCount
[2021/11/26 12:15:18.633] - eth_getBalance
[2021/11/26 12:15:18.650] - eth_getTransactionCount
[2021/11/26 12:15:18.665] - eth_getBalance
[2021/11/26 12:15:18.672] - eth_getTransactionCount
[2021/11/26 12:15:18.676] - eth_getBalance
[2021/11/26 12:15:18.681] - eth_getTransactionCount
[2021/11/26 12:15:18.691] - eth_getBalance
[2021/11/26 12:15:18.704] - eth_getTransactionCount
[2021/11/26 12:15:18.716] - eth_getBalance
[2021/11/26 12:15:18.722] - eth_getTransactionCount
[2021/11/26 12:15:18.727] - eth_getBalance
[2021/11/26 12:15:18.743] - eth_getTransactionCount
[2021/11/26 12:15:18.755] - eth_getBalance
[2021/11/26 12:15:18.761] - eth_getTransactionCount
[2021/11/26 12:15:18.765] - eth_getBalance
[2021/11/26 12:15:18.769] - eth_getTransactionCount
[2021/11/26 12:15:18.779] - eth_getBalance
[2021/11/26 12:15:18.785] - eth_getTransactionCount
[2021/11/26 12:15:18.796] - eth_getBalance
[2021/11/26 12:15:18.802] - eth_getTransactionCount
[2021/11/26 12:15:18.812] - eth_getBalance
[2021/11/26 12:15:18.822] - eth_getTransactionCount
[2021/11/26 12:15:18.822] - eth_getBalance
[2021/11/26 12:15:18.826] - eth_getTransactionCount
[2021/11/26 12:15:18.829] - eth_getBalance
[2021/11/26 12:15:18.833] - eth_getTransactionCount
[2021/11/26 12:15:18.836] - eth_getBalance
[2021/11/26 12:15:18.840] - eth_getTransactionCount
[2021/11/26 12:15:18.843] - eth_getBalance
[2021/11/26 12:15:18.847] - eth_getTransactionCount
[2021/11/26 12:15:18.851] - eth_getBalance
[2021/11/26 12:15:18.854] - eth_getTransactionCount
[2021/11/26 12:15:18.858] - eth_getBalance
[2021/11/26 12:15:18.861] - eth_getTransactionCount
[2021/11/26 12:15:18.866] - eth_getBalance
[2021/11/26 12:15:18.873] - eth_getTransactionCount
[2021/11/26 12:15:18.879] - eth_getBalance
[2021/11/26 12:15:18.885] - eth_getTransactionCount
[2021/11/26 12:15:18.888] - eth_getBalance
[2021/11/26 12:15:18.896] - eth_getTransactionCount
[2021/11/26 12:15:18.902] - eth_getBalance
[2021/11/26 12:15:18.913] - eth_getTransactionCount
[2021/11/26 12:15:18.919] - eth_getBalance
[2021/11/26 12:15:18.924] - eth_getTransactionCount
[2021/11/26 12:15:18.932] - eth_getBalance
[2021/11/26 12:15:18.933] - eth_getTransactionCount
[2021/11/26 12:15:18.945] - eth_getBalance
[2021/11/26 12:15:18.958] - eth_getTransactionCount
[2021/11/26 12:15:18.963] - eth_getBalance
[2021/11/26 12:15:18.967] - eth_getTransactionCount
[2021/11/26 12:15:18.971] - eth_getBalance
[2021/11/26 12:15:18.975] - eth_getTransactionCount
[2021/11/26 12:15:18.979] - eth_getBalance
[2021/11/26 12:15:18.984] - eth_getTransactionCount
[2021/11/26 12:15:18.988] - eth_getBalance
[2021/11/26 12:15:18.994] - eth_getTransactionCount
[2021/11/26 12:15:18.997] - eth_getBalance
[2021/11/26 12:15:19.002] - eth_getTransactionCount
[2021/11/26 12:15:19.006] - eth_getBalance
[2021/11/26 12:15:19.011] - eth_getTransactionCount
[2021/11/26 12:15:19.015] - eth_getBalance
[2021/11/26 12:15:19.018] - eth_getTransactionCount
[2021/11/26 12:15:19.022] - eth_getBalance
[2021/11/26 12:15:19.026] - eth_getTransactionCount
[2021/11/26 12:15:19.029] - eth_getBalance
[2021/11/26 12:15:19.032] - eth_getTransactionCount
[2021/11/26 12:15:19.036] - eth_getBalance
[2021/11/26 12:15:19.039] - eth_getTransactionCount
[2021/11/26 12:15:19.043] - eth_getBalance
[2021/11/26 12:15:19.046] - eth_getTransactionCount
[2021/11/26 12:15:19.056] - eth_getBalance
[2021/11/26 12:15:19.062] - eth_getTransactionCount
[2021/11/26 12:15:19.066] - eth_getBalance
[2021/11/26 12:15:19.069] - eth_getTransactionCount
[2021/11/26 12:15:19.072] - eth_getBalance
[2021/11/26 12:15:19.076] - eth_getTransactionCount
[2021/11/26 12:15:19.080] - eth_getBalance
[2021/11/26 12:15:19.083] - eth_getTransactionCount
[2021/11/26 12:15:19.087] - eth_getBalance
[2021/11/26 12:15:19.101] - eth_getTransactionCount
[2021/11/26 12:15:19.107] - eth_getBalance
[2021/11/26 12:15:19.111] - eth_getTransactionCount
[2021/11/26 12:15:19.114] - eth_getBalance
[2021/11/26 12:15:19.124] - eth_getTransactionCount
[2021/11/26 12:15:19.130] - eth_getBalance
[2021/11/26 12:15:19.134] - eth_getTransactionCount
[2021/11/26 12:15:19.138] - eth_getBalance
[2021/11/26 12:15:19.142] - eth_getTransactionCount
[2021/11/26 12:15:19.153] - eth_getBalance
[2021/11/26 12:15:19.167] - eth_getTransactionCount
[2021/11/26 12:15:19.171] - eth_getBalance
[2021/11/26 12:15:19.174] - eth_getTransactionCount
[2021/11/26 12:15:19.178] - eth_getBalance
[2021/11/26 12:15:19.181] - eth_getTransactionCount
[2021/11/26 12:15:19.192] - eth_getBalance
[2021/11/26 12:15:19.203] - eth_getTransactionCount
[2021/11/26 12:15:19.208] - eth_getBalance
[2021/11/26 12:15:19.212] - eth_getTransactionCount
[2021/11/26 12:15:19.215] - eth_getBalance
[2021/11/26 12:15:19.219] - eth_getTransactionCount
[2021/11/26 12:15:19.222] - eth_getBalance
[2021/11/26 12:15:19.225] - eth_getTransactionCount
[2021/11/26 12:15:19.229] - eth_getBalance
[2021/11/26 12:15:19.232] - eth_getTransactionCount
[2021/11/26 12:15:19.235] - eth_getBalance
[2021/11/26 12:15:19.239] - eth_getTransactionCount
[2021/11/26 12:15:19.242] - eth_getBalance
[2021/11/26 12:15:19.246] - eth_getTransactionCount
[2021/11/26 12:15:19.249] - eth_getBalance
[2021/11/26 12:15:19.253] - eth_getTransactionCount
[2021/11/26 12:15:19.256] - eth_getBalance
[2021/11/26 12:15:19.261] - eth_getTransactionCount
[2021/11/26 12:15:19.263] - eth_getBalance
[2021/11/26 12:15:19.266] - eth_getTransactionCount
[2021/11/26 12:15:19.270] - eth_getBalance
[2021/11/26 12:15:19.273] - eth_getTransactionCount
[2021/11/26 12:15:19.276] - eth_getBalance
[2021/11/26 12:15:19.279] - eth_getTransactionCount
[2021/11/26 12:15:19.282] - eth_getBalance
[2021/11/26 12:15:19.287] - eth_getTransactionCount
[2021/11/26 12:15:19.290] - eth_getBalance
[2021/11/26 12:15:19.293] - eth_getTransactionCount
[2021/11/26 12:15:19.296] - eth_getBalance
[2021/11/26 12:15:19.300] - eth_getTransactionCount
[2021/11/26 12:15:19.309] - eth_getBalance
[2021/11/26 12:15:19.315] - eth_getTransactionCount
[2021/11/26 12:15:19.318] - eth_getBalance
[2021/11/26 12:15:19.327] - eth_getTransactionCount
[2021/11/26 12:15:19.333] - eth_getBalance
[2021/11/26 12:15:19.336] - eth_getTransactionCount
[2021/11/26 12:15:19.340] - eth_getBalance
[2021/11/26 12:15:19.344] - eth_getTransactionCount
[2021/11/26 12:15:19.353] - eth_getBalance
[2021/11/26 12:15:19.359] - eth_getTransactionCount
[2021/11/26 12:15:19.363] - eth_getBalance
[2021/11/26 12:15:19.366] - eth_getTransactionCount
[2021/11/26 12:15:19.370] - eth_getBalance
[2021/11/26 12:15:19.379] - eth_getTransactionCount
[2021/11/26 12:15:19.385] - eth_getBalance
[2021/11/26 12:15:19.388] - eth_getTransactionCount
[2021/11/26 12:15:19.391] - eth_getBalance
[2021/11/26 12:15:19.395] - eth_getTransactionCount
[2021/11/26 12:15:19.398] - eth_getBalance
[2021/11/26 12:15:19.402] - eth_getTransactionCount
[2021/11/26 12:15:19.406] - eth_getBalance
[2021/11/26 12:15:19.409] - eth_getTransactionCount
[2021/11/26 12:15:19.412] - eth_getBalance
[2021/11/26 12:15:19.415] - eth_getTransactionCount
[2021/11/26 12:15:19.418] - eth_getBalance
[2021/11/26 12:15:19.422] - eth_getTransactionCount
[2021/11/26 12:15:19.425] - eth_getBalance
[2021/11/26 12:15:19.428] - eth_getTransactionCount
[2021/11/26 12:15:19.431] - eth_getBalance
[2021/11/26 12:15:19.434] - eth_getTransactionCount
[2021/11/26 12:15:19.437] - eth_getBalance
[2021/11/26 12:15:19.442] - eth_getTransactionCount
[2021/11/26 12:15:19.446] - eth_getBalance
[2021/11/26 12:15:19.448] - eth_getTransactionCount
[2021/11/26 12:15:19.452] - eth_getBalance
[2021/11/26 12:15:19.462] - eth_getTransactionCount
[2021/11/26 12:15:19.475] - eth_getBalance
[2021/11/26 12:15:19.480] - eth_getTransactionCount
[2021/11/26 12:15:19.482] - eth_getBalance
[2021/11/26 12:15:19.486] - eth_getTransactionCount
[2021/11/26 12:15:19.489] - eth_getBalance
[2021/11/26 12:15:19.492] - eth_getTransactionCount
[2021/11/26 12:15:19.495] - eth_getBalance
[2021/11/26 12:15:19.500] - eth_getTransactionCount
[2021/11/26 12:15:19.507] - eth_getBalance
[2021/11/26 12:15:19.507] - eth_getTransactionCount
[2021/11/26 12:15:19.510] - eth_getBalance
[2021/11/26 12:15:19.514] - eth_getTransactionCount
[2021/11/26 12:15:19.517] - eth_getBalance
[2021/11/26 12:15:19.520] - eth_getTransactionCount
[2021/11/26 12:15:19.523] - eth_getBalance
[2021/11/26 12:15:19.527] - eth_getTransactionCount
[2021/11/26 12:15:19.530] - eth_getBalance
[2021/11/26 12:15:19.533] - eth_getTransactionCount
[2021/11/26 12:15:19.536] - eth_getBalance
[2021/11/26 12:15:19.543] - eth_getTransactionCount
[2021/11/26 12:15:19.551] - eth_getBalance
[2021/11/26 12:15:19.557] - eth_getTransactionCount
[2021/11/26 12:15:19.567] - eth_getBalance
[2021/11/26 12:15:19.568] - eth_getTransactionCount
[2021/11/26 12:15:19.569] - eth_getBalance
[2021/11/26 12:15:19.571] - eth_getTransactionCount
[2021/11/26 12:15:19.574] - eth_getBalance
[2021/11/26 12:15:19.577] - eth_getTransactionCount
[2021/11/26 12:15:19.580] - eth_getBalance
[2021/11/26 12:15:19.584] - eth_getTransactionCount
[2021/11/26 12:15:19.587] - eth_getBalance
[2021/11/26 12:15:19.591] - eth_getTransactionCount
[2021/11/26 12:15:19.594] - eth_getBalance
[2021/11/26 12:15:19.597] - eth_getTransactionCount
[2021/11/26 12:15:19.601] - eth_getBalance
[2021/11/26 12:15:19.604] - eth_getTransactionCount
[2021/11/26 12:15:19.607] - eth_getBalance
[2021/11/26 12:15:19.610] - eth_getTransactionCount
[2021/11/26 12:15:19.613] - eth_getBalance
[2021/11/26 12:15:19.616] - eth_getTransactionCount
[2021/11/26 12:15:19.619] - eth_getBalance
[2021/11/26 12:15:19.623] - eth_getTransactionCount
[2021/11/26 12:15:19.626] - eth_getBalance
[2021/11/26 12:15:19.630] - eth_getTransactionCount
[2021/11/26 12:15:19.634] - eth_getBalance
[2021/11/26 12:15:19.638] - eth_getTransactionCount
[2021/11/26 12:15:19.647] - eth_getBalance
[2021/11/26 12:15:19.651] - eth_getTransactionCount
[2021/11/26 12:15:19.656] - eth_getBalance
[2021/11/26 12:15:19.659] - eth_getTransactionCount
[2021/11/26 12:15:19.661] - eth_getBalance
[2021/11/26 12:15:19.672] - eth_getTransactionCount
[2021/11/26 12:15:19.677] - eth_getBalance
[2021/11/26 12:15:19.681] - eth_getTransactionCount
[2021/11/26 12:15:19.684] - eth_getBalance
[2021/11/26 12:15:19.688] - eth_getTransactionCount
[2021/11/26 12:15:19.692] - eth_getBalance
[2021/11/26 12:15:19.695] - eth_getTransactionCount
[2021/11/26 12:15:19.698] - eth_getBalance
[2021/11/26 12:15:19.701] - eth_getTransactionCount
[2021/11/26 12:15:19.704] - eth_getBalance
[2021/11/26 12:15:19.707] - eth_getTransactionCount
[2021/11/26 12:15:19.710] - eth_getBalance
[2021/11/26 12:15:19.714] - eth_getTransactionCount
[2021/11/26 12:15:19.717] - eth_getBalance
[2021/11/26 12:15:19.720] - eth_getTransactionCount
[2021/11/26 12:15:19.723] - eth_getBalance
[2021/11/26 12:15:19.727] - eth_getTransactionCount
[2021/11/26 12:15:19.736] - eth_getBalance
[2021/11/26 12:15:19.743] - eth_getTransactionCount
[2021/11/26 12:15:19.746] - eth_getBalance
[2021/11/26 12:15:19.749] - eth_getTransactionCount
[2021/11/26 12:15:19.753] - eth_getBalance
[2021/11/26 12:15:19.757] - eth_getTransactionCount
[2021/11/26 12:15:19.766] - eth_getBalance
[2021/11/26 12:15:19.773] - eth_getTransactionCount
[2021/11/26 12:15:19.776] - eth_getBalance
[2021/11/26 12:15:19.779] - eth_getTransactionCount
[2021/11/26 12:15:19.783] - eth_getBalance
[2021/11/26 12:15:19.787] - eth_getTransactionCount
[2021/11/26 12:15:19.790] - eth_getBalance
[2021/11/26 12:15:19.794] - eth_getTransactionCount
[2021/11/26 12:15:19.797] - eth_getBalance
[2021/11/26 12:15:19.800] - eth_getTransactionCount
[2021/11/26 12:15:19.803] - eth_getBalance
[2021/11/26 12:15:19.807] - eth_getTransactionCount
[2021/11/26 12:15:19.810] - eth_getBalance
[2021/11/26 12:15:19.813] - eth_getTransactionCount
[2021/11/26 12:15:19.817] - eth_getBalance
[2021/11/26 12:15:19.820] - eth_getTransactionCount
[2021/11/26 12:15:19.824] - eth_getBalance
[2021/11/26 12:15:19.828] - eth_getTransactionCount
[2021/11/26 12:15:19.832] - eth_getBalance
[2021/11/26 12:15:19.836] - eth_getTransactionCount
[2021/11/26 12:15:19.839] - eth_getBalance
[2021/11/26 12:15:19.843] - eth_getTransactionCount
[2021/11/26 12:15:19.849] - eth_getBalance
[2021/11/26 12:15:19.850] - eth_getTransactionCount
[2021/11/26 12:15:19.854] - eth_getBalance
[2021/11/26 12:15:19.858] - eth_getTransactionCount
[2021/11/26 12:15:19.868] - eth_getBalance
[2021/11/26 12:15:19.876] - eth_getTransactionCount
[2021/11/26 12:15:19.881] - eth_getBalance
[2021/11/26 12:15:19.893] - eth_getTransactionCount
[2021/11/26 12:15:19.900] - eth_getBalance
[2021/11/26 12:15:19.904] - eth_getTransactionCount
[2021/11/26 12:15:19.907] - eth_getBalance
[2021/11/26 12:15:19.910] - eth_getTransactionCount
[2021/11/26 12:15:19.914] - eth_getBalance
[2021/11/26 12:15:19.917] - eth_getTransactionCount
[2021/11/26 12:15:19.921] - eth_getBalance
[2021/11/26 12:15:19.925] - eth_getTransactionCount
[2021/11/26 12:15:19.928] - eth_getBalance
[2021/11/26 12:15:19.932] - eth_getTransactionCount
[2021/11/26 12:15:19.936] - eth_getBalance
[2021/11/26 12:15:19.940] - eth_getTransactionCount
[2021/11/26 12:15:19.944] - eth_getBalance
[2021/11/26 12:15:19.947] - eth_getTransactionCount
[2021/11/26 12:15:19.952] - eth_getBalance
[2021/11/26 12:15:19.957] - eth_getTransactionCount
[2021/11/26 12:15:19.958] - eth_getBalance
[2021/11/26 12:15:19.962] - eth_getTransactionCount
[2021/11/26 12:15:19.965] - eth_getBalance
[2021/11/26 12:15:19.969] - eth_getTransactionCount
[2021/11/26 12:15:19.972] - eth_getBalance
[2021/11/26 12:15:19.976] - eth_getTransactionCount
[2021/11/26 12:15:19.980] - eth_getBalance
[2021/11/26 12:15:19.984] - eth_getTransactionCount
[2021/11/26 12:15:19.988] - eth_getBalance
[2021/11/26 12:15:19.991] - eth_getTransactionCount
[2021/11/26 12:15:19.995] - eth_getBalance
[2021/11/26 12:15:19.998] - eth_getTransactionCount
[2021/11/26 12:15:20.001] - eth_getBalance
[2021/11/26 12:15:20.004] - eth_getTransactionCount
[2021/11/26 12:15:20.008] - eth_getBalance
[2021/11/26 12:15:20.011] - eth_getTransactionCount
[2021/11/26 12:15:20.014] - eth_getBalance
[2021/11/26 12:15:20.017] - eth_getTransactionCount
[2021/11/26 12:15:20.020] - eth_getBalance
[2021/11/26 12:15:20.024] - eth_getTransactionCount
[2021/11/26 12:15:20.027] - eth_getBalance
[2021/11/26 12:15:20.030] - eth_getTransactionCount
[2021/11/26 12:15:20.033] - eth_getBalance
[2021/11/26 12:15:20.037] - eth_getTransactionCount
[2021/11/26 12:15:20.040] - eth_getBalance
[2021/11/26 12:15:20.043] - eth_getTransactionCount
[2021/11/26 12:15:20.046] - eth_getBalance
[2021/11/26 12:15:20.050] - eth_getTransactionCount
[2021/11/26 12:15:20.053] - eth_getBalance
[2021/11/26 12:15:20.058] - eth_getTransactionCount
[2021/11/26 12:15:20.059] - eth_getBalance
[2021/11/26 12:15:20.063] - eth_getTransactionCount
[2021/11/26 12:15:20.066] - eth_getBalance
[2021/11/26 12:15:20.069] - eth_getTransactionCount
[2021/11/26 12:15:20.073] - eth_getBalance
[2021/11/26 12:15:20.076] - eth_getTransactionCount
[2021/11/26 12:15:20.079] - eth_getBalance
[2021/11/26 12:15:20.082] - eth_getTransactionCount
[2021/11/26 12:15:20.085] - eth_getBalance
[2021/11/26 12:15:20.088] - eth_getTransactionCount
[2021/11/26 12:15:20.091] - eth_getBalance
[2021/11/26 12:15:20.094] - eth_getTransactionCount
[2021/11/26 12:15:20.097] - eth_getBalance
[2021/11/26 12:15:20.103] - eth_getTransactionCount
[2021/11/26 12:15:20.106] - eth_getBalance
[2021/11/26 12:15:20.110] - eth_getTransactionCount
[2021/11/26 12:15:20.114] - eth_getBalance
[2021/11/26 12:15:20.117] - eth_getTransactionCount
[2021/11/26 12:15:20.120] - eth_getBalance
[2021/11/26 12:15:20.125] - eth_getTransactionCount
[2021/11/26 12:15:20.128] - eth_getBalance
[2021/11/26 12:15:20.131] - eth_getTransactionCount
[2021/11/26 12:15:20.136] - eth_getBalance
[2021/11/26 12:15:20.139] - eth_getTransactionCount
[2021/11/26 12:15:20.142] - eth_getBalance
[2021/11/26 12:15:20.149] - eth_getTransactionCount
[2021/11/26 12:15:20.150] - eth_getBalance
[2021/11/26 12:15:20.155] - eth_getTransactionCount
[2021/11/26 12:15:20.158] - eth_getBalance
[2021/11/26 12:15:20.161] - eth_getTransactionCount
[2021/11/26 12:15:20.164] - eth_getBalance
[2021/11/26 12:15:20.167] - eth_getTransactionCount
[2021/11/26 12:15:20.170] - eth_getBalance
[2021/11/26 12:15:20.173] - eth_getTransactionCount
[2021/11/26 12:15:20.176] - eth_getBalance
[2021/11/26 12:15:20.179] - eth_getTransactionCount
[2021/11/26 12:15:20.183] - eth_getBalance
[2021/11/26 12:15:20.187] - eth_getTransactionCount
[2021/11/26 12:15:20.190] - eth_getBalance
[2021/11/26 12:15:20.193] - eth_getTransactionCount
[2021/11/26 12:15:20.196] - eth_getBalance
[2021/11/26 12:15:20.199] - eth_getTransactionCount
[2021/11/26 12:15:20.202] - eth_getBalance
[2021/11/26 12:15:20.206] - eth_getTransactionCount
[2021/11/26 12:15:20.210] - eth_getBalance
[2021/11/26 12:15:20.213] - eth_getTransactionCount
[2021/11/26 12:15:20.219] - eth_getBalance
[2021/11/26 12:15:20.222] - eth_getTransactionCount
[2021/11/26 12:15:20.225] - eth_getBalance
[2021/11/26 12:15:20.229] - eth_getTransactionCount
[2021/11/26 12:15:20.232] - eth_getBalance
[2021/11/26 12:15:20.236] - eth_getTransactionCount
[2021/11/26 12:15:20.240] - eth_getBalance
[2021/11/26 12:15:20.244] - eth_getTransactionCount
[2021/11/26 12:15:20.248] - eth_getBalance
[2021/11/26 12:15:20.252] - eth_getTransactionCount
[2021/11/26 12:15:20.255] - eth_getBalance
[2021/11/26 12:15:20.259] - eth_getTransactionCount
[2021/11/26 12:15:20.264] - eth_getBalance
[2021/11/26 12:15:20.267] - eth_getTransactionCount
[2021/11/26 12:15:20.272] - eth_getBalance
[2021/11/26 12:15:20.277] - eth_getTransactionCount
[2021/11/26 12:15:20.280] - eth_getBalance
[2021/11/26 12:15:20.283] - eth_getTransactionCount
[2021/11/26 12:15:20.287] - eth_getBalance
[2021/11/26 12:15:20.291] - eth_getTransactionCount
[2021/11/26 12:15:20.335] - eth_blockNumber
[2021/11/26 12:15:20.335] - eth_accounts
[2021/11/26 12:15:20.336] - eth_gasPrice
[2021/11/26 12:15:20.336] - eth_getBlockByNumber
[2021/11/26 12:15:20.336] - eth_subscribe
[2021/11/26 12:15:22.935] - eth_getBalance
[2021/11/26 12:15:22.936] - eth_getTransactionCount
[2021/11/26 12:15:22.937] - eth_getBalance
[2021/11/26 12:15:22.937] - eth_getTransactionCount
[2021/11/26 12:15:22.938] - eth_getBalance
[2021/11/26 12:15:22.938] - eth_getTransactionCount
[2021/11/26 12:15:22.939] - eth_getBalance
[2021/11/26 12:15:22.939] - eth_getTransactionCount
[2021/11/26 12:15:22.940] - eth_getBalance
[2021/11/26 12:15:22.941] - eth_getTransactionCount
[2021/11/26 12:15:22.941] - eth_getBalance
[2021/11/26 12:15:22.942] - eth_getTransactionCount
[2021/11/26 12:15:22.942] - eth_getBalance
[2021/11/26 12:15:22.943] - eth_getTransactionCount
[2021/11/26 12:15:22.944] - eth_getBalance
[2021/11/26 12:15:22.944] - eth_getTransactionCount
[2021/11/26 12:15:22.945] - eth_getBalance
[2021/11/26 12:15:22.945] - eth_getTransactionCount
[2021/11/26 12:15:22.946] - eth_getBalance
[2021/11/26 12:15:22.947] - eth_getTransactionCount
[2021/11/26 12:15:22.947] - eth_getBalance
[2021/11/26 12:15:22.948] - eth_getTransactionCount
[2021/11/26 12:15:22.948] - eth_getBalance
[2021/11/26 12:15:22.949] - eth_getTransactionCount
[2021/11/26 12:15:22.949] - eth_getBalance
[2021/11/26 12:15:22.950] - eth_getTransactionCount
[2021/11/26 12:15:22.950] - eth_getBalance
[2021/11/26 12:15:22.951] - eth_getTransactionCount
[2021/11/26 12:15:22.952] - eth_getBalance
[2021/11/26 12:15:22.952] - eth_getTransactionCount
[2021/11/26 12:15:22.953] - eth_getBalance
[2021/11/26 12:15:22.953] - eth_getTransactionCount
[2021/11/26 12:15:22.954] - eth_getBalance
[2021/11/26 12:15:22.954] - eth_getTransactionCount
[2021/11/26 12:15:22.955] - eth_getBalance
[2021/11/26 12:15:22.955] - eth_getTransactionCount
[2021/11/26 12:15:22.956] - eth_getBalance
[2021/11/26 12:15:22.957] - eth_getTransactionCount
[2021/11/26 12:15:22.957] - eth_getBalance
[2021/11/26 12:15:22.958] - eth_getTransactionCount
[2021/11/26 12:15:22.958] - eth_getBalance
[2021/11/26 12:15:22.959] - eth_getTransactionCount
[2021/11/26 12:15:22.959] - eth_getBalance
[2021/11/26 12:15:22.960] - eth_getTransactionCount
[2021/11/26 12:15:22.960] - eth_getBalance
[2021/11/26 12:15:22.961] - eth_getTransactionCount
[2021/11/26 12:15:22.961] - eth_getBalance
[2021/11/26 12:15:22.962] - eth_getTransactionCount
[2021/11/26 12:15:22.962] - eth_getBalance
[2021/11/26 12:15:22.963] - eth_getTransactionCount
[2021/11/26 12:15:22.964] - eth_getBalance
[2021/11/26 12:15:22.964] - eth_getTransactionCount
[2021/11/26 12:15:22.965] - eth_getBalance
[2021/11/26 12:15:22.965] - eth_getTransactionCount
[2021/11/26 12:15:22.966] - eth_getBalance
[2021/11/26 12:15:22.967] - eth_getTransactionCount
[2021/11/26 12:15:22.967] - eth_getBalance
[2021/11/26 12:15:22.968] - eth_getTransactionCount
[2021/11/26 12:15:22.968] - eth_getBalance
[2021/11/26 12:15:22.969] - eth_getTransactionCount
[2021/11/26 12:15:22.969] - eth_getBalance
[2021/11/26 12:15:22.969] - eth_getTransactionCount
[2021/11/26 12:15:22.970] - eth_getBalance
[2021/11/26 12:15:22.971] - eth_getTransactionCount
[2021/11/26 12:15:22.973] - eth_getBalance
[2021/11/26 12:15:22.974] - eth_getTransactionCount
[2021/11/26 12:15:22.974] - eth_getBalance
[2021/11/26 12:15:22.974] - eth_getTransactionCount
[2021/11/26 12:15:22.974] - eth_getBalance
[2021/11/26 12:15:22.975] - eth_getTransactionCount
[2021/11/26 12:15:22.975] - eth_getBalance
[2021/11/26 12:15:22.977] - eth_getTransactionCount
[2021/11/26 12:15:22.977] - eth_getBalance
[2021/11/26 12:15:22.977] - eth_getTransactionCount
[2021/11/26 12:15:22.977] - eth_getBalance
[2021/11/26 12:15:22.978] - eth_getTransactionCount
[2021/11/26 12:15:22.978] - eth_getBalance
[2021/11/26 12:15:22.978] - eth_getTransactionCount
[2021/11/26 12:15:22.978] - eth_getBalance
[2021/11/26 12:15:22.978] - eth_getTransactionCount
[2021/11/26 12:15:22.979] - eth_getBalance
[2021/11/26 12:15:22.979] - eth_getTransactionCount
[2021/11/26 12:15:22.979] - eth_getBalance
[2021/11/26 12:15:22.982] - eth_getTransactionCount
[2021/11/26 12:15:22.984] - eth_getBalance
[2021/11/26 12:15:22.984] - eth_getTransactionCount
[2021/11/26 12:15:22.984] - eth_getBalance
[2021/11/26 12:15:22.984] - eth_getTransactionCount
[2021/11/26 12:15:22.984] - eth_getBalance
[2021/11/26 12:15:22.984] - eth_getTransactionCount
[2021/11/26 12:15:22.984] - eth_getBalance
[2021/11/26 12:15:22.984] - eth_getTransactionCount
[2021/11/26 12:15:22.985] - eth_getBalance
[2021/11/26 12:15:22.987] - eth_getTransactionCount
[2021/11/26 12:15:22.987] - eth_getBalance
[2021/11/26 12:15:22.987] - eth_getTransactionCount
[2021/11/26 12:15:22.987] - eth_getBalance
[2021/11/26 12:15:22.988] - eth_getTransactionCount
[2021/11/26 12:15:22.988] - eth_getBalance
[2021/11/26 12:15:22.989] - eth_getTransactionCount
[2021/11/26 12:15:22.989] - eth_getBalance
[2021/11/26 12:15:22.996] - eth_getTransactionCount
[2021/11/26 12:15:22.997] - eth_getBalance
[2021/11/26 12:15:22.997] - eth_getTransactionCount
[2021/11/26 12:15:22.998] - eth_getBalance
[2021/11/26 12:15:22.998] - eth_getTransactionCount
[2021/11/26 12:15:22.999] - eth_getBalance
[2021/11/26 12:15:22.999] - eth_getTransactionCount
[2021/11/26 12:15:23.000] - eth_getBalance
[2021/11/26 12:15:23.002] - eth_getTransactionCount
[2021/11/26 12:15:23.003] - eth_getBalance
[2021/11/26 12:15:23.005] - eth_getTransactionCount
[2021/11/26 12:15:23.005] - eth_getBalance
[2021/11/26 12:15:23.005] - eth_getTransactionCount
[2021/11/26 12:15:23.005] - eth_getBalance
[2021/11/26 12:15:23.006] - eth_getTransactionCount
[2021/11/26 12:15:23.006] - eth_getBalance
[2021/11/26 12:15:23.006] - eth_getTransactionCount
[2021/11/26 12:15:23.006] - eth_getBalance
[2021/11/26 12:15:23.006] - eth_getTransactionCount
[2021/11/26 12:15:23.013] - eth_getBalance
[2021/11/26 12:15:23.015] - eth_getTransactionCount
[2021/11/26 12:15:23.016] - eth_getBalance
[2021/11/26 12:15:23.016] - eth_getTransactionCount
[2021/11/26 12:15:23.017] - eth_getBalance
[2021/11/26 12:15:23.018] - eth_getTransactionCount
[2021/11/26 12:15:23.018] - eth_getBalance
[2021/11/26 12:15:23.019] - eth_getTransactionCount
[2021/11/26 12:15:23.019] - eth_getBalance
[2021/11/26 12:15:23.020] - eth_getTransactionCount
[2021/11/26 12:15:23.020] - eth_getBalance
[2021/11/26 12:15:23.021] - eth_getTransactionCount
[2021/11/26 12:15:23.022] - eth_getBalance
[2021/11/26 12:15:23.022] - eth_getTransactionCount
[2021/11/26 12:15:23.023] - eth_getBalance
[2021/11/26 12:15:23.023] - eth_getTransactionCount
[2021/11/26 12:15:23.024] - eth_getBalance
[2021/11/26 12:15:23.024] - eth_getTransactionCount
[2021/11/26 12:15:23.025] - eth_getBalance
[2021/11/26 12:15:23.026] - eth_getTransactionCount
[2021/11/26 12:15:23.026] - eth_getBalance
[2021/11/26 12:15:23.027] - eth_getTransactionCount
[2021/11/26 12:15:23.027] - eth_getBalance
[2021/11/26 12:15:23.028] - eth_getTransactionCount
[2021/11/26 12:15:23.029] - eth_getBalance
[2021/11/26 12:15:23.029] - eth_getTransactionCount
[2021/11/26 12:15:23.030] - eth_getBalance
[2021/11/26 12:15:23.030] - eth_getTransactionCount
[2021/11/26 12:15:23.032] - eth_getBalance
[2021/11/26 12:15:23.041] - eth_getTransactionCount
[2021/11/26 12:15:23.042] - eth_getBalance
[2021/11/26 12:15:23.042] - eth_getTransactionCount
[2021/11/26 12:15:23.043] - eth_getBalance
[2021/11/26 12:15:23.044] - eth_getTransactionCount
[2021/11/26 12:15:23.044] - eth_getBalance
[2021/11/26 12:15:23.045] - eth_getTransactionCount
[2021/11/26 12:15:23.045] - eth_getBalance
[2021/11/26 12:15:23.046] - eth_getTransactionCount
[2021/11/26 12:15:23.047] - eth_getBalance
[2021/11/26 12:15:23.047] - eth_getTransactionCount
[2021/11/26 12:15:23.049] - eth_getBalance
[2021/11/26 12:15:23.049] - eth_getTransactionCount
[2021/11/26 12:15:23.050] - eth_getBalance
[2021/11/26 12:15:23.052] - eth_getTransactionCount
[2021/11/26 12:15:23.057] - eth_getBalance
[2021/11/26 12:15:23.057] - eth_getTransactionCount
[2021/11/26 12:15:23.057] - eth_getBalance
[2021/11/26 12:15:23.057] - eth_getTransactionCount
[2021/11/26 12:15:23.057] - eth_getBalance
[2021/11/26 12:15:23.057] - eth_getTransactionCount
[2021/11/26 12:15:23.058] - eth_getBalance
[2021/11/26 12:15:23.058] - eth_getTransactionCount
[2021/11/26 12:15:23.063] - eth_getBalance
[2021/11/26 12:15:23.065] - eth_getTransactionCount
[2021/11/26 12:15:23.066] - eth_getBalance
[2021/11/26 12:15:23.067] - eth_getTransactionCount
[2021/11/26 12:15:23.067] - eth_getBalance
[2021/11/26 12:15:23.068] - eth_getTransactionCount
[2021/11/26 12:15:23.069] - eth_getBalance
[2021/11/26 12:15:23.069] - eth_getTransactionCount
[2021/11/26 12:15:23.070] - eth_getBalance
[2021/11/26 12:15:23.070] - eth_getTransactionCount
[2021/11/26 12:15:23.071] - eth_getBalance
[2021/11/26 12:15:23.073] - eth_getTransactionCount
[2021/11/26 12:15:23.074] - eth_getBalance
[2021/11/26 12:15:23.075] - eth_getTransactionCount
[2021/11/26 12:15:23.077] - eth_getBalance
[2021/11/26 12:15:23.078] - eth_getTransactionCount
[2021/11/26 12:15:23.078] - eth_getBalance
[2021/11/26 12:15:23.078] - eth_getTransactionCount
[2021/11/26 12:15:23.078] - eth_getBalance
[2021/11/26 12:15:23.078] - eth_getTransactionCount
[2021/11/26 12:15:23.078] - eth_getBalance
[2021/11/26 12:15:23.078] - eth_getTransactionCount
[2021/11/26 12:15:23.079] - eth_getBalance
[2021/11/26 12:15:23.079] - eth_getTransactionCount
[2021/11/26 12:15:23.082] - eth_getBalance
[2021/11/26 12:15:23.083] - eth_getTransactionCount
[2021/11/26 12:15:23.083] - eth_getBalance
[2021/11/26 12:15:23.083] - eth_getTransactionCount
[2021/11/26 12:15:23.088] - eth_getBalance
[2021/11/26 12:15:23.089] - eth_getTransactionCount
[2021/11/26 12:15:23.089] - eth_getBalance
[2021/11/26 12:15:23.089] - eth_getTransactionCount
[2021/11/26 12:15:23.090] - eth_getBalance
[2021/11/26 12:15:23.091] - eth_getTransactionCount
[2021/11/26 12:15:23.091] - eth_getBalance
[2021/11/26 12:15:23.092] - eth_getTransactionCount
[2021/11/26 12:15:23.092] - eth_getBalance
[2021/11/26 12:15:23.100] - eth_getTransactionCount
[2021/11/26 12:15:23.101] - eth_getBalance
[2021/11/26 12:15:23.101] - eth_getTransactionCount
[2021/11/26 12:15:23.101] - eth_getBalance
[2021/11/26 12:15:23.101] - eth_getTransactionCount
[2021/11/26 12:15:23.102] - eth_getBalance
[2021/11/26 12:15:23.102] - eth_getTransactionCount
[2021/11/26 12:15:23.105] - eth_getBalance
[2021/11/26 12:15:23.105] - eth_getTransactionCount
[2021/11/26 12:15:23.105] - eth_getBalance
[2021/11/26 12:15:23.105] - eth_getTransactionCount
[2021/11/26 12:15:23.107] - eth_getBalance
[2021/11/26 12:15:23.108] - eth_getTransactionCount
[2021/11/26 12:15:23.108] - eth_getBalance
[2021/11/26 12:15:23.108] - eth_getTransactionCount
[2021/11/26 12:15:23.108] - eth_getBalance
[2021/11/26 12:15:23.108] - eth_getTransactionCount
[2021/11/26 12:15:23.108] - eth_getBalance
[2021/11/26 12:15:23.108] - eth_getTransactionCount
[2021/11/26 12:15:23.109] - eth_getBalance
[2021/11/26 12:15:23.109] - eth_getTransactionCount
[2021/11/26 12:15:23.109] - eth_getBalance
[2021/11/26 12:15:23.109] - eth_getTransactionCount
[2021/11/26 12:15:23.110] - eth_getBalance
[2021/11/26 12:15:23.110] - eth_getTransactionCount
[2021/11/26 12:15:23.121] - eth_getBalance
[2021/11/26 12:15:23.122] - eth_getTransactionCount
[2021/11/26 12:15:23.125] - eth_getBalance
[2021/11/26 12:15:23.126] - eth_getTransactionCount
[2021/11/26 12:15:23.126] - eth_getBalance
[2021/11/26 12:15:23.126] - eth_getTransactionCount
[2021/11/26 12:15:23.127] - eth_getBalance
[2021/11/26 12:15:23.127] - eth_getTransactionCount
[2021/11/26 12:15:23.127] - eth_getBalance
[2021/11/26 12:15:23.130] - eth_getTransactionCount
[2021/11/26 12:15:23.130] - eth_getBalance
[2021/11/26 12:15:23.130] - eth_getTransactionCount
[2021/11/26 12:15:23.130] - eth_getBalance
[2021/11/26 12:15:23.130] - eth_getTransactionCount
[2021/11/26 12:15:23.130] - eth_getBalance
[2021/11/26 12:15:23.131] - eth_getTransactionCount
[2021/11/26 12:15:23.131] - eth_getBalance
[2021/11/26 12:15:23.131] - eth_getTransactionCount
[2021/11/26 12:15:23.131] - eth_getBalance
[2021/11/26 12:15:23.131] - eth_getTransactionCount
[2021/11/26 12:15:23.133] - eth_getBalance
[2021/11/26 12:15:23.133] - eth_getTransactionCount
[2021/11/26 12:15:23.134] - eth_getBalance
[2021/11/26 12:15:23.135] - eth_getTransactionCount
[2021/11/26 12:15:23.135] - eth_getBalance
[2021/11/26 12:15:23.136] - eth_getTransactionCount
[2021/11/26 12:15:23.137] - eth_getBalance
[2021/11/26 12:15:23.137] - eth_getTransactionCount
[2021/11/26 12:15:23.138] - eth_getBalance
[2021/11/26 12:15:23.140] - eth_getTransactionCount
[2021/11/26 12:15:23.141] - eth_getBalance
[2021/11/26 12:15:23.141] - eth_getTransactionCount
[2021/11/26 12:15:23.142] - eth_getBalance
[2021/11/26 12:15:23.142] - eth_getTransactionCount
[2021/11/26 12:15:23.144] - eth_getBalance
[2021/11/26 12:15:23.144] - eth_getTransactionCount
[2021/11/26 12:15:23.144] - eth_getBalance
[2021/11/26 12:15:23.144] - eth_getTransactionCount
[2021/11/26 12:15:23.144] - eth_getBalance
[2021/11/26 12:15:23.145] - eth_getTransactionCount
[2021/11/26 12:15:23.146] - eth_getBalance
[2021/11/26 12:15:23.147] - eth_getTransactionCount
[2021/11/26 12:15:23.147] - eth_getBalance
[2021/11/26 12:15:23.147] - eth_getTransactionCount
[2021/11/26 12:15:23.147] - eth_getBalance
[2021/11/26 12:15:23.148] - eth_getTransactionCount
[2021/11/26 12:15:23.148] - eth_getBalance
[2021/11/26 12:15:23.149] - eth_getTransactionCount
[2021/11/26 12:15:23.149] - eth_getBalance
[2021/11/26 12:15:23.150] - eth_getTransactionCount
[2021/11/26 12:15:23.151] - eth_getBalance
[2021/11/26 12:15:23.151] - eth_getTransactionCount
[2021/11/26 12:15:23.152] - eth_getBalance
[2021/11/26 12:15:23.152] - eth_getTransactionCount
[2021/11/26 12:15:23.155] - eth_getBalance
[2021/11/26 12:15:23.156] - eth_getTransactionCount
[2021/11/26 12:15:23.156] - eth_getBalance
[2021/11/26 12:15:23.156] - eth_getTransactionCount
[2021/11/26 12:15:23.156] - eth_getBalance
[2021/11/26 12:15:23.156] - eth_getTransactionCount
[2021/11/26 12:15:23.157] - eth_getBalance
[2021/11/26 12:15:23.159] - eth_getTransactionCount
[2021/11/26 12:15:23.159] - eth_getBalance
[2021/11/26 12:15:23.159] - eth_getTransactionCount
[2021/11/26 12:15:23.159] - eth_getBalance
[2021/11/26 12:15:23.160] - eth_getTransactionCount
[2021/11/26 12:15:23.163] - eth_getBalance
[2021/11/26 12:15:23.164] - eth_getTransactionCount
[2021/11/26 12:15:23.164] - eth_getBalance
[2021/11/26 12:15:23.164] - eth_getTransactionCount
[2021/11/26 12:15:23.164] - eth_getBalance
[2021/11/26 12:15:23.164] - eth_getTransactionCount
[2021/11/26 12:15:23.165] - eth_getBalance
[2021/11/26 12:15:23.168] - eth_getTransactionCount
[2021/11/26 12:15:23.168] - eth_getBalance
[2021/11/26 12:15:23.168] - eth_getTransactionCount
[2021/11/26 12:15:23.169] - eth_getBalance
[2021/11/26 12:15:23.169] - eth_getTransactionCount
[2021/11/26 12:15:23.176] - eth_getBalance
[2021/11/26 12:15:23.177] - eth_getTransactionCount
[2021/11/26 12:15:23.177] - eth_getBalance
[2021/11/26 12:15:23.177] - eth_getTransactionCount
[2021/11/26 12:15:23.177] - eth_getBalance
[2021/11/26 12:15:23.177] - eth_getTransactionCount
[2021/11/26 12:15:23.177] - eth_getBalance
[2021/11/26 12:15:23.178] - eth_getTransactionCount
[2021/11/26 12:15:23.178] - eth_getBalance
[2021/11/26 12:15:23.178] - eth_getTransactionCount
[2021/11/26 12:15:23.178] - eth_getBalance
[2021/11/26 12:15:23.178] - eth_getTransactionCount
[2021/11/26 12:15:23.180] - eth_getBalance
[2021/11/26 12:15:23.183] - eth_getTransactionCount
[2021/11/26 12:15:23.184] - eth_getBalance
[2021/11/26 12:15:23.184] - eth_getTransactionCount
[2021/11/26 12:15:23.184] - eth_getBalance
[2021/11/26 12:15:23.187] - eth_getTransactionCount
[2021/11/26 12:15:23.187] - eth_getBalance
[2021/11/26 12:15:23.188] - eth_getTransactionCount
[2021/11/26 12:15:23.188] - eth_getBalance
[2021/11/26 12:15:23.188] - eth_getTransactionCount
[2021/11/26 12:15:23.188] - eth_getBalance
[2021/11/26 12:15:23.188] - eth_getTransactionCount
[2021/11/26 12:15:23.188] - eth_getBalance
[2021/11/26 12:15:23.189] - eth_getTransactionCount
[2021/11/26 12:15:23.191] - eth_getBalance
[2021/11/26 12:15:23.191] - eth_getTransactionCount
[2021/11/26 12:15:23.191] - eth_getBalance
[2021/11/26 12:15:23.191] - eth_getTransactionCount
[2021/11/26 12:15:23.191] - eth_getBalance
[2021/11/26 12:15:23.191] - eth_getTransactionCount
[2021/11/26 12:15:23.191] - eth_getBalance
[2021/11/26 12:15:23.192] - eth_getTransactionCount
[2021/11/26 12:15:23.194] - eth_getBalance
[2021/11/26 12:15:23.194] - eth_getTransactionCount
[2021/11/26 12:15:23.194] - eth_getBalance
[2021/11/26 12:15:23.194] - eth_getTransactionCount
[2021/11/26 12:15:23.194] - eth_getBalance
[2021/11/26 12:15:23.199] - eth_getTransactionCount
[2021/11/26 12:15:23.199] - eth_getBalance
[2021/11/26 12:15:23.200] - eth_getTransactionCount
[2021/11/26 12:15:23.200] - eth_getBalance
[2021/11/26 12:15:23.200] - eth_getTransactionCount
[2021/11/26 12:15:23.200] - eth_getBalance
[2021/11/26 12:15:23.200] - eth_getTransactionCount
[2021/11/26 12:15:23.200] - eth_getBalance
[2021/11/26 12:15:23.201] - eth_getTransactionCount
[2021/11/26 12:15:23.201] - eth_getBalance
[2021/11/26 12:15:23.201] - eth_getTransactionCount
[2021/11/26 12:15:23.201] - eth_getBalance
[2021/11/26 12:15:23.201] - eth_getTransactionCount
[2021/11/26 12:15:23.202] - eth_getBalance
[2021/11/26 12:15:23.203] - eth_getTransactionCount
[2021/11/26 12:15:23.203] - eth_getBalance
[2021/11/26 12:15:23.203] - eth_getTransactionCount
[2021/11/26 12:15:23.204] - eth_getBalance
[2021/11/26 12:15:23.208] - eth_getTransactionCount
[2021/11/26 12:15:23.209] - eth_getBalance
[2021/11/26 12:15:23.209] - eth_getTransactionCount
[2021/11/26 12:15:23.209] - eth_getBalance
[2021/11/26 12:15:23.215] - eth_getTransactionCount
[2021/11/26 12:15:23.215] - eth_getBalance
[2021/11/26 12:15:23.216] - eth_getTransactionCount
[2021/11/26 12:15:23.217] - eth_getBalance
[2021/11/26 12:15:23.217] - eth_getTransactionCount
[2021/11/26 12:15:23.228] - eth_getBalance
[2021/11/26 12:15:23.229] - eth_getTransactionCount
[2021/11/26 12:15:23.229] - eth_getBalance
[2021/11/26 12:15:23.229] - eth_getTransactionCount
[2021/11/26 12:15:23.232] - eth_getBalance
[2021/11/26 12:15:23.233] - eth_getTransactionCount
[2021/11/26 12:15:23.238] - eth_getBalance
[2021/11/26 12:15:23.239] - eth_getTransactionCount
[2021/11/26 12:15:23.239] - eth_getBalance
[2021/11/26 12:15:23.242] - eth_getTransactionCount
[2021/11/26 12:15:23.242] - eth_getBalance
[2021/11/26 12:15:23.243] - eth_getTransactionCount
[2021/11/26 12:15:23.243] - eth_getBalance
[2021/11/26 12:15:23.243] - eth_getTransactionCount
[2021/11/26 12:15:23.243] - eth_getBalance
[2021/11/26 12:15:23.245] - eth_getTransactionCount
[2021/11/26 12:15:23.245] - eth_getBalance
[2021/11/26 12:15:23.245] - eth_getTransactionCount
[2021/11/26 12:15:23.245] - eth_getBalance
[2021/11/26 12:15:23.245] - eth_getTransactionCount
[2021/11/26 12:15:23.246] - eth_getBalance
[2021/11/26 12:15:23.246] - eth_getTransactionCount
[2021/11/26 12:15:23.578] - eth_getBlockByNumber
[2021/11/26 12:15:23.612] - eth_getBalance
[2021/11/26 12:15:23.625] - eth_getTransactionCount
[2021/11/26 12:15:23.626] - eth_getBalance
[2021/11/26 12:15:23.626] - eth_getTransactionCount
[2021/11/26 12:15:23.626] - eth_getBalance
[2021/11/26 12:15:23.626] - eth_getTransactionCount
[2021/11/26 12:15:23.626] - eth_getBalance
[2021/11/26 12:15:23.626] - eth_getTransactionCount
[2021/11/26 12:15:23.626] - eth_getBalance
[2021/11/26 12:15:23.626] - eth_getTransactionCount
[2021/11/26 12:15:23.626] - eth_getBalance
[2021/11/26 12:15:23.627] - eth_getTransactionCount
[2021/11/26 12:15:23.627] - eth_getBalance
[2021/11/26 12:15:23.627] - eth_getTransactionCount
[2021/11/26 12:15:23.627] - eth_getBalance
[2021/11/26 12:15:23.631] - eth_getTransactionCount
[2021/11/26 12:15:23.631] - eth_getBalance
[2021/11/26 12:15:23.631] - eth_getTransactionCount
[2021/11/26 12:15:23.631] - eth_getBalance
[2021/11/26 12:15:23.631] - eth_getTransactionCount
[2021/11/26 12:15:23.631] - eth_getBalance
[2021/11/26 12:15:23.631] - eth_getTransactionCount
[2021/11/26 12:15:23.632] - eth_getBalance
[2021/11/26 12:15:23.632] - eth_getTransactionCount
[2021/11/26 12:15:23.632] - eth_getBalance
[2021/11/26 12:15:23.632] - eth_getTransactionCount
[2021/11/26 12:15:23.632] - eth_getBalance
[2021/11/26 12:15:23.632] - eth_getTransactionCount
[2021/11/26 12:15:23.634] - eth_getBalance
[2021/11/26 12:15:23.635] - eth_getTransactionCount
[2021/11/26 12:15:23.635] - eth_getBalance
[2021/11/26 12:15:23.635] - eth_getTransactionCount
[2021/11/26 12:15:23.635] - eth_getBalance
[2021/11/26 12:15:23.636] - eth_getTransactionCount
[2021/11/26 12:15:23.636] - eth_getBalance
[2021/11/26 12:15:23.636] - eth_getTransactionCount
[2021/11/26 12:15:23.639] - eth_getBalance
[2021/11/26 12:15:23.639] - eth_getTransactionCount
[2021/11/26 12:15:23.639] - eth_getBalance
[2021/11/26 12:15:23.639] - eth_getTransactionCount
[2021/11/26 12:15:23.639] - eth_getBalance
[2021/11/26 12:15:23.640] - eth_getTransactionCount
[2021/11/26 12:15:23.640] - eth_getBalance
[2021/11/26 12:15:23.640] - eth_getTransactionCount
[2021/11/26 12:15:23.640] - eth_getBalance
[2021/11/26 12:15:23.640] - eth_getTransactionCount
[2021/11/26 12:15:23.642] - eth_getBalance
[2021/11/26 12:15:23.642] - eth_getTransactionCount
[2021/11/26 12:15:23.642] - eth_getBalance
[2021/11/26 12:15:23.642] - eth_getTransactionCount
[2021/11/26 12:15:23.642] - eth_getBalance
[2021/11/26 12:15:23.642] - eth_getTransactionCount
[2021/11/26 12:15:23.642] - eth_getBalance
[2021/11/26 12:15:23.642] - eth_getTransactionCount
[2021/11/26 12:15:23.644] - eth_getBalance
[2021/11/26 12:15:23.644] - eth_getTransactionCount
[2021/11/26 12:15:23.644] - eth_getBalance
[2021/11/26 12:15:23.644] - eth_getTransactionCount
[2021/11/26 12:15:23.644] - eth_getBalance
[2021/11/26 12:15:23.646] - eth_getTransactionCount
[2021/11/26 12:15:23.647] - eth_getBalance
[2021/11/26 12:15:23.647] - eth_getTransactionCount
[2021/11/26 12:15:23.647] - eth_getBalance
[2021/11/26 12:15:23.647] - eth_getTransactionCount
[2021/11/26 12:15:23.647] - eth_getBalance
[2021/11/26 12:15:23.647] - eth_getTransactionCount
[2021/11/26 12:15:23.648] - eth_getBalance
[2021/11/26 12:15:23.648] - eth_getTransactionCount
[2021/11/26 12:15:23.648] - eth_getBalance
[2021/11/26 12:15:23.649] - eth_getTransactionCount
[2021/11/26 12:15:23.649] - eth_getBalance
[2021/11/26 12:15:23.650] - eth_getTransactionCount
[2021/11/26 12:15:23.650] - eth_getBalance
[2021/11/26 12:15:23.651] - eth_getTransactionCount
[2021/11/26 12:15:23.651] - eth_getBalance
[2021/11/26 12:15:23.652] - eth_getTransactionCount
[2021/11/26 12:15:23.652] - eth_getBalance
[2021/11/26 12:15:23.652] - eth_getTransactionCount
[2021/11/26 12:15:23.653] - eth_getBalance
[2021/11/26 12:15:23.653] - eth_getTransactionCount
[2021/11/26 12:15:23.654] - eth_getBalance
[2021/11/26 12:15:23.654] - eth_getTransactionCount
[2021/11/26 12:15:23.655] - eth_getBalance
[2021/11/26 12:15:23.655] - eth_getTransactionCount
[2021/11/26 12:15:23.656] - eth_getBalance
[2021/11/26 12:15:23.656] - eth_getTransactionCount
[2021/11/26 12:15:23.656] - eth_getBalance
[2021/11/26 12:15:23.657] - eth_getTransactionCount
[2021/11/26 12:15:23.657] - eth_getBalance
[2021/11/26 12:15:23.658] - eth_getTransactionCount
[2021/11/26 12:15:23.658] - eth_getBalance
[2021/11/26 12:15:23.659] - eth_getTransactionCount
[2021/11/26 12:15:23.668] - eth_getBalance
[2021/11/26 12:15:23.670] - eth_getTransactionCount
[2021/11/26 12:15:23.670] - eth_getBalance
[2021/11/26 12:15:23.670] - eth_getTransactionCount
[2021/11/26 12:15:23.670] - eth_getBalance
[2021/11/26 12:15:23.670] - eth_getTransactionCount
[2021/11/26 12:15:23.670] - eth_getBalance
[2021/11/26 12:15:23.670] - eth_getTransactionCount
[2021/11/26 12:15:23.670] - eth_getBalance
[2021/11/26 12:15:23.672] - eth_getTransactionCount
[2021/11/26 12:15:23.672] - eth_getBalance
[2021/11/26 12:15:23.672] - eth_getTransactionCount
[2021/11/26 12:15:23.672] - eth_getBalance
[2021/11/26 12:15:23.672] - eth_getTransactionCount
[2021/11/26 12:15:23.672] - eth_getBalance
[2021/11/26 12:15:23.673] - eth_getTransactionCount
[2021/11/26 12:15:23.673] - eth_getBalance
[2021/11/26 12:15:23.673] - eth_getTransactionCount
[2021/11/26 12:15:23.673] - eth_getBalance
[2021/11/26 12:15:23.673] - eth_getTransactionCount
[2021/11/26 12:15:23.673] - eth_getBalance
[2021/11/26 12:15:23.673] - eth_getTransactionCount
[2021/11/26 12:15:23.673] - eth_getBalance
[2021/11/26 12:15:23.673] - eth_getTransactionCount
[2021/11/26 12:15:23.673] - eth_getBalance
[2021/11/26 12:15:23.673] - eth_getTransactionCount
[2021/11/26 12:15:23.673] - eth_getBalance
[2021/11/26 12:15:23.674] - eth_getTransactionCount
[2021/11/26 12:15:23.674] - eth_getBalance
[2021/11/26 12:15:23.674] - eth_getTransactionCount
[2021/11/26 12:15:23.675] - eth_getBalance
[2021/11/26 12:15:23.675] - eth_getTransactionCount
[2021/11/26 12:15:23.675] - eth_getBalance
[2021/11/26 12:15:23.676] - eth_getTransactionCount
[2021/11/26 12:15:23.678] - eth_getBalance
[2021/11/26 12:15:23.680] - eth_getTransactionCount
[2021/11/26 12:15:23.681] - eth_getBalance
[2021/11/26 12:15:23.681] - eth_getTransactionCount
[2021/11/26 12:15:23.686] - eth_getBalance
[2021/11/26 12:15:23.688] - eth_getTransactionCount
[2021/11/26 12:15:23.688] - eth_getBalance
[2021/11/26 12:15:23.688] - eth_getTransactionCount
[2021/11/26 12:15:23.688] - eth_getBalance
[2021/11/26 12:15:23.690] - eth_getTransactionCount
[2021/11/26 12:15:23.691] - eth_getBalance
[2021/11/26 12:15:23.691] - eth_getTransactionCount
[2021/11/26 12:15:23.691] - eth_getBalance
[2021/11/26 12:15:23.692] - eth_getTransactionCount
[2021/11/26 12:15:23.695] - eth_getBalance
[2021/11/26 12:15:23.695] - eth_getTransactionCount
[2021/11/26 12:15:23.695] - eth_getBalance
[2021/11/26 12:15:23.695] - eth_getTransactionCount
[2021/11/26 12:15:23.705] - eth_getBalance
[2021/11/26 12:15:23.705] - eth_getTransactionCount
[2021/11/26 12:15:23.705] - eth_getBalance
[2021/11/26 12:15:23.705] - eth_getTransactionCount
[2021/11/26 12:15:23.705] - eth_getBalance
[2021/11/26 12:15:23.705] - eth_getTransactionCount
[2021/11/26 12:15:23.706] - eth_getBalance
[2021/11/26 12:15:23.706] - eth_getTransactionCount
[2021/11/26 12:15:23.706] - eth_getBalance
[2021/11/26 12:15:23.706] - eth_getTransactionCount
[2021/11/26 12:15:23.706] - eth_getBalance
[2021/11/26 12:15:23.706] - eth_getTransactionCount
[2021/11/26 12:15:23.706] - eth_getBalance
[2021/11/26 12:15:23.707] - eth_getTransactionCount
[2021/11/26 12:15:23.707] - eth_getBalance
[2021/11/26 12:15:23.707] - eth_getTransactionCount
[2021/11/26 12:15:23.707] - eth_getBalance
[2021/11/26 12:15:23.707] - eth_getTransactionCount
[2021/11/26 12:15:23.707] - eth_getBalance
[2021/11/26 12:15:23.707] - eth_getTransactionCount
[2021/11/26 12:15:23.707] - eth_getBalance
[2021/11/26 12:15:23.707] - eth_getTransactionCount
[2021/11/26 12:15:23.708] - eth_getBalance
[2021/11/26 12:15:23.708] - eth_getTransactionCount
[2021/11/26 12:15:23.709] - eth_getBalance
[2021/11/26 12:15:23.709] - eth_getTransactionCount
[2021/11/26 12:15:23.709] - eth_getBalance
[2021/11/26 12:15:23.710] - eth_getTransactionCount
[2021/11/26 12:15:23.713] - eth_getBalance
[2021/11/26 12:15:23.714] - eth_getTransactionCount
[2021/11/26 12:15:23.714] - eth_getBalance
[2021/11/26 12:15:23.714] - eth_getTransactionCount
[2021/11/26 12:15:23.717] - eth_getBalance
[2021/11/26 12:15:23.717] - eth_getTransactionCount
[2021/11/26 12:15:23.717] - eth_getBalance
[2021/11/26 12:15:23.717] - eth_getTransactionCount
[2021/11/26 12:15:28.640] - eth_getBlockByNumber
[2021/11/26 12:15:28.647] - eth_getBalance
[2021/11/26 12:15:28.648] - eth_getTransactionCount
[2021/11/26 12:15:28.649] - eth_getBalance
[2021/11/26 12:15:28.649] - eth_getTransactionCount
[2021/11/26 12:15:28.656] - eth_getBalance
[2021/11/26 12:15:28.659] - eth_getTransactionCount
[2021/11/26 12:15:28.660] - eth_getBalance
[2021/11/26 12:15:28.660] - eth_getTransactionCount
[2021/11/26 12:15:28.661] - eth_getBalance
[2021/11/26 12:15:28.661] - eth_getTransactionCount
[2021/11/26 12:15:28.662] - eth_getBalance
[2021/11/26 12:15:28.662] - eth_getTransactionCount
[2021/11/26 12:15:28.663] - eth_getBalance
[2021/11/26 12:15:28.664] - eth_getTransactionCount
[2021/11/26 12:15:28.664] - eth_getBalance
[2021/11/26 12:15:28.665] - eth_getTransactionCount
[2021/11/26 12:15:28.665] - eth_getBalance
[2021/11/26 12:15:28.666] - eth_getTransactionCount
[2021/11/26 12:15:28.666] - eth_getBalance
[2021/11/26 12:15:28.667] - eth_getTransactionCount
[2021/11/26 12:15:28.673] - eth_getBalance
[2021/11/26 12:15:28.673] - eth_getTransactionCount
[2021/11/26 12:15:28.673] - eth_getBalance
[2021/11/26 12:15:28.674] - eth_getTransactionCount
[2021/11/26 12:15:28.674] - eth_getBalance
[2021/11/26 12:15:28.674] - eth_getTransactionCount
[2021/11/26 12:15:28.675] - eth_getBalance
[2021/11/26 12:15:28.675] - eth_getTransactionCount
[2021/11/26 12:15:28.675] - eth_getBalance
[2021/11/26 12:15:28.675] - eth_getTransactionCount
[2021/11/26 12:15:28.675] - eth_getBalance
[2021/11/26 12:15:28.675] - eth_getTransactionCount
[2021/11/26 12:15:28.675] - eth_getBalance
[2021/11/26 12:15:28.675] - eth_getTransactionCount
[2021/11/26 12:15:28.675] - eth_getBalance
[2021/11/26 12:15:28.676] - eth_getTransactionCount
[2021/11/26 12:15:28.676] - eth_getBalance
[2021/11/26 12:15:28.677] - eth_getTransactionCount
[2021/11/26 12:15:28.677] - eth_getBalance
[2021/11/26 12:15:28.678] - eth_getTransactionCount
[2021/11/26 12:15:28.678] - eth_getBalance
[2021/11/26 12:15:28.678] - eth_getTransactionCount
[2021/11/26 12:15:28.679] - eth_getBalance
[2021/11/26 12:15:28.679] - eth_getTransactionCount
[2021/11/26 12:15:28.680] - eth_getBalance
[2021/11/26 12:15:28.682] - eth_getTransactionCount
[2021/11/26 12:15:28.682] - eth_getBalance
[2021/11/26 12:15:28.682] - eth_getTransactionCount
[2021/11/26 12:15:28.682] - eth_getBalance
[2021/11/26 12:15:28.682] - eth_getTransactionCount
[2021/11/26 12:15:28.683] - eth_getBalance
[2021/11/26 12:15:28.683] - eth_getTransactionCount
[2021/11/26 12:15:28.683] - eth_getBalance
[2021/11/26 12:15:28.684] - eth_getTransactionCount
[2021/11/26 12:15:28.684] - eth_getBalance
[2021/11/26 12:15:28.685] - eth_getTransactionCount
[2021/11/26 12:15:28.685] - eth_getBalance
[2021/11/26 12:15:28.685] - eth_getTransactionCount
[2021/11/26 12:15:28.686] - eth_getBalance
[2021/11/26 12:15:28.686] - eth_getTransactionCount
[2021/11/26 12:15:28.688] - eth_getBalance
[2021/11/26 12:15:28.688] - eth_getTransactionCount
[2021/11/26 12:15:28.688] - eth_getBalance
[2021/11/26 12:15:28.688] - eth_getTransactionCount
[2021/11/26 12:15:28.691] - eth_getBalance
[2021/11/26 12:15:28.691] - eth_getTransactionCount
[2021/11/26 12:15:28.691] - eth_getBalance
[2021/11/26 12:15:28.691] - eth_getTransactionCount
[2021/11/26 12:15:28.691] - eth_getBalance
[2021/11/26 12:15:28.692] - eth_getTransactionCount
[2021/11/26 12:15:28.692] - eth_getBalance
[2021/11/26 12:15:28.692] - eth_getTransactionCount
[2021/11/26 12:15:28.692] - eth_getBalance
[2021/11/26 12:15:28.693] - eth_getTransactionCount
[2021/11/26 12:15:28.693] - eth_getBalance
[2021/11/26 12:15:28.693] - eth_getTransactionCount
[2021/11/26 12:15:28.693] - eth_getBalance
[2021/11/26 12:15:28.694] - eth_getTransactionCount
[2021/11/26 12:15:28.695] - eth_getBalance
[2021/11/26 12:15:28.695] - eth_getTransactionCount
[2021/11/26 12:15:28.696] - eth_getBalance
[2021/11/26 12:15:28.697] - eth_getTransactionCount
[2021/11/26 12:15:28.697] - eth_getBalance
[2021/11/26 12:15:28.697] - eth_getTransactionCount
[2021/11/26 12:15:28.702] - eth_getBalance
[2021/11/26 12:15:28.704] - eth_getTransactionCount
[2021/11/26 12:15:28.707] - eth_getBalance
[2021/11/26 12:15:28.707] - eth_getTransactionCount
[2021/11/26 12:15:28.707] - eth_getBalance
[2021/11/26 12:15:28.708] - eth_getTransactionCount
[2021/11/26 12:15:28.711] - eth_getBalance
[2021/11/26 12:15:28.713] - eth_getTransactionCount
[2021/11/26 12:15:28.721] - eth_getBalance
[2021/11/26 12:15:28.728] - eth_getTransactionCount
[2021/11/26 12:15:28.730] - eth_getBalance
[2021/11/26 12:15:28.730] - eth_getTransactionCount
[2021/11/26 12:15:28.730] - eth_getBalance
[2021/11/26 12:15:28.731] - eth_getTransactionCount
[2021/11/26 12:15:28.731] - eth_getBalance
[2021/11/26 12:15:28.732] - eth_getTransactionCount
[2021/11/26 12:15:28.733] - eth_getBalance
[2021/11/26 12:15:28.733] - eth_getTransactionCount
[2021/11/26 12:15:28.734] - eth_getBalance
[2021/11/26 12:15:28.734] - eth_getTransactionCount
[2021/11/26 12:15:28.735] - eth_getBalance
[2021/11/26 12:15:28.735] - eth_getTransactionCount
[2021/11/26 12:15:28.736] - eth_getBalance
[2021/11/26 12:15:28.737] - eth_getTransactionCount
[2021/11/26 12:15:28.737] - eth_getBalance
[2021/11/26 12:15:28.738] - eth_getTransactionCount
[2021/11/26 12:15:28.738] - eth_getBalance
[2021/11/26 12:15:28.739] - eth_getTransactionCount
[2021/11/26 12:15:28.739] - eth_getBalance
[2021/11/26 12:15:28.739] - eth_getTransactionCount
[2021/11/26 12:15:28.740] - eth_getBalance
[2021/11/26 12:15:28.740] - eth_getTransactionCount
[2021/11/26 12:15:28.741] - eth_getBalance
[2021/11/26 12:15:28.741] - eth_getTransactionCount
[2021/11/26 12:15:28.742] - eth_getBalance
[2021/11/26 12:15:28.742] - eth_getTransactionCount
[2021/11/26 12:15:28.742] - eth_getBalance
[2021/11/26 12:15:28.743] - eth_getTransactionCount
[2021/11/26 12:15:28.744] - eth_getBalance
[2021/11/26 12:15:28.744] - eth_getTransactionCount
[2021/11/26 12:15:28.745] - eth_getBalance
[2021/11/26 12:15:28.745] - eth_getTransactionCount
[2021/11/26 12:15:28.746] - eth_getBalance
[2021/11/26 12:15:28.746] - eth_getTransactionCount
[2021/11/26 12:15:28.746] - eth_getBalance
[2021/11/26 12:15:28.747] - eth_getTransactionCount
[2021/11/26 12:15:28.747] - eth_getBalance
[2021/11/26 12:15:28.748] - eth_getTransactionCount
[2021/11/26 12:15:28.748] - eth_getBalance
[2021/11/26 12:15:28.748] - eth_getTransactionCount
[2021/11/26 12:15:28.749] - eth_getBalance
[2021/11/26 12:15:28.749] - eth_getTransactionCount
[2021/11/26 12:15:28.750] - eth_getBalance
[2021/11/26 12:15:28.750] - eth_getTransactionCount
[2021/11/26 12:15:28.750] - eth_getBalance
[2021/11/26 12:15:28.751] - eth_getTransactionCount
[2021/11/26 12:15:28.751] - eth_getBalance
[2021/11/26 12:15:28.752] - eth_getTransactionCount
[2021/11/26 12:15:28.752] - eth_getBalance
[2021/11/26 12:15:28.752] - eth_getTransactionCount
[2021/11/26 12:15:28.753] - eth_getBalance
[2021/11/26 12:15:28.753] - eth_getTransactionCount
[2021/11/26 12:15:28.754] - eth_getBalance
[2021/11/26 12:15:28.754] - eth_getTransactionCount
[2021/11/26 12:15:28.754] - eth_getBalance
[2021/11/26 12:15:28.755] - eth_getTransactionCount
[2021/11/26 12:15:28.756] - eth_getBalance
[2021/11/26 12:15:28.758] - eth_getTransactionCount
[2021/11/26 12:15:28.759] - eth_getBalance
[2021/11/26 12:15:28.759] - eth_getTransactionCount
[2021/11/26 12:15:28.760] - eth_getBalance
[2021/11/26 12:15:28.760] - eth_getTransactionCount
[2021/11/26 12:15:28.761] - eth_getBalance
[2021/11/26 12:15:28.761] - eth_getTransactionCount
[2021/11/26 12:15:28.764] - eth_getBalance
[2021/11/26 12:15:28.765] - eth_getTransactionCount
[2021/11/26 12:15:28.765] - eth_getBalance
[2021/11/26 12:15:28.765] - eth_getTransactionCount
[2021/11/26 12:15:28.768] - eth_getBalance
[2021/11/26 12:15:28.768] - eth_getTransactionCount
[2021/11/26 12:15:28.768] - eth_getBalance
[2021/11/26 12:15:28.769] - eth_getTransactionCount
[2021/11/26 12:15:28.769] - eth_getBalance
[2021/11/26 12:15:28.770] - eth_getTransactionCount
[2021/11/26 12:15:28.770] - eth_getBalance
[2021/11/26 12:15:28.770] - eth_getTransactionCount
[2021/11/26 12:15:28.770] - eth_getBalance
[2021/11/26 12:15:28.771] - eth_getTransactionCount
[2021/11/26 12:15:28.771] - eth_getBalance
[2021/11/26 12:15:28.771] - eth_getTransactionCount
[2021/11/26 12:15:28.772] - eth_getBalance
[2021/11/26 12:15:28.772] - eth_getTransactionCount
[2021/11/26 12:15:28.773] - eth_getBalance
[2021/11/26 12:15:28.773] - eth_getTransactionCount
[2021/11/26 12:15:28.774] - eth_getBalance
[2021/11/26 12:15:28.774] - eth_getTransactionCount
[2021/11/26 12:15:28.774] - eth_getBalance
[2021/11/26 12:15:28.776] - eth_getTransactionCount
[2021/11/26 12:15:28.777] - eth_getBalance
[2021/11/26 12:15:28.777] - eth_getTransactionCount
[2021/11/26 12:15:28.778] - eth_getBalance
[2021/11/26 12:15:28.778] - eth_getTransactionCount
[2021/11/26 12:15:28.778] - eth_getBalance
[2021/11/26 12:15:28.779] - eth_getTransactionCount
[2021/11/26 12:15:28.779] - eth_getBalance
[2021/11/26 12:15:28.781] - eth_getTransactionCount
[2021/11/26 12:15:28.782] - eth_getBalance
[2021/11/26 12:15:28.782] - eth_getTransactionCount
[2021/11/26 12:15:28.782] - eth_getBalance
[2021/11/26 12:15:28.788] - eth_getTransactionCount
[2021/11/26 12:15:28.792] - eth_getBalance
[2021/11/26 12:15:28.793] - eth_getTransactionCount
[2021/11/26 12:15:28.793] - eth_getBalance
[2021/11/26 12:15:28.793] - eth_getTransactionCount
[2021/11/26 12:15:28.793] - eth_getBalance
[2021/11/26 12:15:28.794] - eth_getTransactionCount
[2021/11/26 12:15:33.666] - eth_getBlockByNumber
[2021/11/26 12:15:33.712] - eth_getBalance
[2021/11/26 12:15:33.719] - eth_getTransactionCount
[2021/11/26 12:15:33.725] - eth_getBalance
[2021/11/26 12:15:33.729] - eth_getTransactionCount
[2021/11/26 12:15:33.730] - eth_getBalance
[2021/11/26 12:15:33.732] - eth_getTransactionCount
[2021/11/26 12:15:33.746] - eth_getBalance
[2021/11/26 12:15:33.750] - eth_getTransactionCount
[2021/11/26 12:15:33.751] - eth_getBalance
[2021/11/26 12:15:33.751] - eth_getTransactionCount
[2021/11/26 12:15:33.752] - eth_getBalance
[2021/11/26 12:15:33.754] - eth_getTransactionCount
[2021/11/26 12:15:33.754] - eth_getBalance
[2021/11/26 12:15:33.759] - eth_getTransactionCount
[2021/11/26 12:15:33.760] - eth_getBalance
[2021/11/26 12:15:33.760] - eth_getTransactionCount
[2021/11/26 12:15:33.760] - eth_getBalance
[2021/11/26 12:15:33.760] - eth_getTransactionCount
[2021/11/26 12:15:33.760] - eth_getBalance
[2021/11/26 12:15:33.760] - eth_getTransactionCount
[2021/11/26 12:15:33.762] - eth_getBalance
[2021/11/26 12:15:33.770] - eth_getTransactionCount
[2021/11/26 12:15:33.771] - eth_getBalance
[2021/11/26 12:15:33.771] - eth_getTransactionCount
[2021/11/26 12:15:33.771] - eth_getBalance
[2021/11/26 12:15:33.771] - eth_getTransactionCount
[2021/11/26 12:15:33.775] - eth_getBalance
[2021/11/26 12:15:33.775] - eth_getTransactionCount
[2021/11/26 12:15:33.775] - eth_getBalance
[2021/11/26 12:15:33.775] - eth_getTransactionCount
[2021/11/26 12:15:33.775] - eth_getBalance
[2021/11/26 12:15:33.775] - eth_getTransactionCount
[2021/11/26 12:15:33.775] - eth_getBalance
[2021/11/26 12:15:33.776] - eth_getTransactionCount
[2021/11/26 12:15:33.776] - eth_getBalance
[2021/11/26 12:15:33.776] - eth_getTransactionCount
[2021/11/26 12:15:33.776] - eth_getBalance
[2021/11/26 12:15:33.776] - eth_getTransactionCount
[2021/11/26 12:15:33.776] - eth_getBalance
[2021/11/26 12:15:33.776] - eth_getTransactionCount
[2021/11/26 12:15:33.776] - eth_getBalance
[2021/11/26 12:15:33.776] - eth_getTransactionCount
[2021/11/26 12:15:33.776] - eth_getBalance
[2021/11/26 12:15:33.776] - eth_getTransactionCount
[2021/11/26 12:15:33.777] - eth_getBalance
[2021/11/26 12:15:33.778] - eth_getTransactionCount
[2021/11/26 12:15:33.778] - eth_getBalance
[2021/11/26 12:15:33.778] - eth_getTransactionCount
[2021/11/26 12:15:33.779] - eth_getBalance
[2021/11/26 12:15:33.779] - eth_getTransactionCount
[2021/11/26 12:15:33.779] - eth_getBalance
[2021/11/26 12:15:33.780] - eth_getTransactionCount
[2021/11/26 12:15:33.780] - eth_getBalance
[2021/11/26 12:15:33.781] - eth_getTransactionCount
[2021/11/26 12:15:33.782] - eth_getBalance
[2021/11/26 12:15:33.782] - eth_getTransactionCount
[2021/11/26 12:15:33.782] - eth_getBalance
[2021/11/26 12:15:33.783] - eth_getTransactionCount
[2021/11/26 12:15:33.783] - eth_getBalance
[2021/11/26 12:15:33.784] - eth_getTransactionCount
[2021/11/26 12:15:33.784] - eth_getBalance
[2021/11/26 12:15:33.785] - eth_getTransactionCount
[2021/11/26 12:15:33.785] - eth_getBalance
[2021/11/26 12:15:33.786] - eth_getTransactionCount
[2021/11/26 12:15:33.786] - eth_getBalance
[2021/11/26 12:15:33.787] - eth_getTransactionCount
[2021/11/26 12:15:33.787] - eth_getBalance
[2021/11/26 12:15:33.788] - eth_getTransactionCount
[2021/11/26 12:15:33.788] - eth_getBalance
[2021/11/26 12:15:33.789] - eth_getTransactionCount
[2021/11/26 12:15:33.789] - eth_getBalance
[2021/11/26 12:15:33.790] - eth_getTransactionCount
[2021/11/26 12:15:33.790] - eth_getBalance
[2021/11/26 12:15:33.791] - eth_getTransactionCount
[2021/11/26 12:15:33.791] - eth_getBalance
[2021/11/26 12:15:33.792] - eth_getTransactionCount
[2021/11/26 12:15:33.793] - eth_getBalance
[2021/11/26 12:15:33.793] - eth_getTransactionCount
[2021/11/26 12:15:33.794] - eth_getBalance
[2021/11/26 12:15:33.794] - eth_getTransactionCount
[2021/11/26 12:15:33.796] - eth_getBalance
[2021/11/26 12:15:33.797] - eth_getTransactionCount
[2021/11/26 12:15:33.797] - eth_getBalance
[2021/11/26 12:15:33.797] - eth_getTransactionCount
[2021/11/26 12:15:33.797] - eth_getBalance
[2021/11/26 12:15:33.798] - eth_getTransactionCount
[2021/11/26 12:15:33.799] - eth_getBalance
[2021/11/26 12:15:33.799] - eth_getTransactionCount
[2021/11/26 12:15:33.802] - eth_getBalance
[2021/11/26 12:15:33.802] - eth_getTransactionCount
[2021/11/26 12:15:33.802] - eth_getBalance
[2021/11/26 12:15:33.803] - eth_getTransactionCount
[2021/11/26 12:15:33.803] - eth_getBalance
[2021/11/26 12:15:33.803] - eth_getTransactionCount
[2021/11/26 12:15:33.803] - eth_getBalance
[2021/11/26 12:15:33.803] - eth_getTransactionCount
[2021/11/26 12:15:33.803] - eth_getBalance
[2021/11/26 12:15:33.803] - eth_getTransactionCount
[2021/11/26 12:15:33.804] - eth_getBalance
[2021/11/26 12:15:33.804] - eth_getTransactionCount
[2021/11/26 12:15:33.805] - eth_getBalance
[2021/11/26 12:15:33.807] - eth_getTransactionCount
[2021/11/26 12:15:33.808] - eth_getBalance
[2021/11/26 12:15:33.808] - eth_getTransactionCount
[2021/11/26 12:15:33.808] - eth_getBalance
[2021/11/26 12:15:33.808] - eth_getTransactionCount
[2021/11/26 12:15:33.808] - eth_getBalance
[2021/11/26 12:15:33.808] - eth_getTransactionCount
[2021/11/26 12:15:33.812] - eth_getBalance
[2021/11/26 12:15:33.812] - eth_getTransactionCount
[2021/11/26 12:15:33.812] - eth_getBalance
[2021/11/26 12:15:33.813] - eth_getTransactionCount
[2021/11/26 12:15:33.825] - eth_getBalance
[2021/11/26 12:15:33.826] - eth_getTransactionCount
[2021/11/26 12:15:33.826] - eth_getBalance
[2021/11/26 12:15:33.826] - eth_getTransactionCount
[2021/11/26 12:15:33.826] - eth_getBalance
[2021/11/26 12:15:33.826] - eth_getTransactionCount
[2021/11/26 12:15:33.826] - eth_getBalance
[2021/11/26 12:15:33.826] - eth_getTransactionCount
[2021/11/26 12:15:33.826] - eth_getBalance
[2021/11/26 12:15:33.830] - eth_getTransactionCount
[2021/11/26 12:15:33.830] - eth_getBalance
[2021/11/26 12:15:33.830] - eth_getTransactionCount
[2021/11/26 12:15:33.830] - eth_getBalance
[2021/11/26 12:15:33.830] - eth_getTransactionCount
[2021/11/26 12:15:33.830] - eth_getBalance
[2021/11/26 12:15:33.830] - eth_getTransactionCount
[2021/11/26 12:15:33.831] - eth_getBalance
[2021/11/26 12:15:33.831] - eth_getTransactionCount
[2021/11/26 12:15:33.834] - eth_getBalance
[2021/11/26 12:15:33.835] - eth_getTransactionCount
[2021/11/26 12:15:33.835] - eth_getBalance
[2021/11/26 12:15:33.836] - eth_getTransactionCount
[2021/11/26 12:15:33.836] - eth_getBalance
[2021/11/26 12:15:33.837] - eth_getTransactionCount
[2021/11/26 12:15:33.837] - eth_getBalance
[2021/11/26 12:15:33.838] - eth_getTransactionCount
[2021/11/26 12:15:33.838] - eth_getBalance
[2021/11/26 12:15:33.839] - eth_getTransactionCount
[2021/11/26 12:15:33.839] - eth_getBalance
[2021/11/26 12:15:33.840] - eth_getTransactionCount
[2021/11/26 12:15:33.840] - eth_getBalance
[2021/11/26 12:15:33.840] - eth_getTransactionCount
[2021/11/26 12:15:33.841] - eth_getBalance
[2021/11/26 12:15:33.841] - eth_getTransactionCount
[2021/11/26 12:15:33.842] - eth_getBalance
[2021/11/26 12:15:33.842] - eth_getTransactionCount
[2021/11/26 12:15:33.843] - eth_getBalance
[2021/11/26 12:15:33.843] - eth_getTransactionCount
[2021/11/26 12:15:33.844] - eth_getBalance
[2021/11/26 12:15:33.844] - eth_getTransactionCount
[2021/11/26 12:15:33.845] - eth_getBalance
[2021/11/26 12:15:33.846] - eth_getTransactionCount
[2021/11/26 12:15:33.847] - eth_getBalance
[2021/11/26 12:15:33.847] - eth_getTransactionCount
[2021/11/26 12:15:33.848] - eth_getBalance
[2021/11/26 12:15:33.848] - eth_getTransactionCount
[2021/11/26 12:15:33.849] - eth_getBalance
[2021/11/26 12:15:33.850] - eth_getTransactionCount
[2021/11/26 12:15:33.855] - eth_getBalance
[2021/11/26 12:15:33.856] - eth_getTransactionCount
[2021/11/26 12:15:33.856] - eth_getBalance
[2021/11/26 12:15:33.856] - eth_getTransactionCount
[2021/11/26 12:15:33.856] - eth_getBalance
[2021/11/26 12:15:33.856] - eth_getTransactionCount
[2021/11/26 12:15:33.857] - eth_getBalance
[2021/11/26 12:15:33.860] - eth_getTransactionCount
[2021/11/26 12:15:33.861] - eth_getBalance
[2021/11/26 12:15:33.861] - eth_getTransactionCount
[2021/11/26 12:15:33.861] - eth_getBalance
[2021/11/26 12:15:33.861] - eth_getTransactionCount
[2021/11/26 12:15:33.861] - eth_getBalance
[2021/11/26 12:15:33.864] - eth_getTransactionCount
[2021/11/26 12:15:33.865] - eth_getBalance
[2021/11/26 12:15:33.865] - eth_getTransactionCount
[2021/11/26 12:15:33.866] - eth_getBalance
[2021/11/26 12:15:33.866] - eth_getTransactionCount
[2021/11/26 12:15:33.867] - eth_getBalance
[2021/11/26 12:15:33.867] - eth_getTransactionCount
[2021/11/26 12:15:33.868] - eth_getBalance
[2021/11/26 12:15:33.868] - eth_getTransactionCount
[2021/11/26 12:15:33.869] - eth_getBalance
[2021/11/26 12:15:33.870] - eth_getTransactionCount
[2021/11/26 12:15:33.870] - eth_getBalance
[2021/11/26 12:15:33.871] - eth_getTransactionCount
[2021/11/26 12:15:33.872] - eth_getBalance
[2021/11/26 12:15:33.872] - eth_getTransactionCount
[2021/11/26 12:15:33.873] - eth_getBalance
[2021/11/26 12:15:33.873] - eth_getTransactionCount
[2021/11/26 12:15:33.876] - eth_getBalance
[2021/11/26 12:15:33.877] - eth_getTransactionCount
[2021/11/26 12:15:33.877] - eth_getBalance
[2021/11/26 12:15:33.877] - eth_getTransactionCount
[2021/11/26 12:15:33.877] - eth_getBalance
[2021/11/26 12:15:33.878] - eth_getTransactionCount
[2021/11/26 12:15:33.882] - eth_getBalance
[2021/11/26 12:15:33.882] - eth_getTransactionCount
[2021/11/26 12:15:33.883] - eth_getBalance
[2021/11/26 12:15:33.883] - eth_getTransactionCount
[2021/11/26 12:15:38.711] - eth_getBlockByNumber
[2021/11/26 12:15:38.721] - eth_getBalance
[2021/11/26 12:15:38.722] - eth_getTransactionCount
[2021/11/26 12:15:38.723] - eth_getBalance
[2021/11/26 12:15:38.725] - eth_getTransactionCount
[2021/11/26 12:15:38.726] - eth_getBalance
[2021/11/26 12:15:38.727] - eth_getTransactionCount
[2021/11/26 12:15:38.728] - eth_getBalance
[2021/11/26 12:15:38.729] - eth_getTransactionCount
[2021/11/26 12:15:38.730] - eth_getBalance
[2021/11/26 12:15:38.738] - eth_getTransactionCount
[2021/11/26 12:15:38.747] - eth_getBalance
[2021/11/26 12:15:38.750] - eth_getTransactionCount
[2021/11/26 12:15:38.751] - eth_getBalance
[2021/11/26 12:15:38.758] - eth_getTransactionCount
[2021/11/26 12:15:38.760] - eth_getBalance
[2021/11/26 12:15:38.760] - eth_getTransactionCount
[2021/11/26 12:15:38.761] - eth_getBalance
[2021/11/26 12:15:38.762] - eth_getTransactionCount
[2021/11/26 12:15:38.763] - eth_getBalance
[2021/11/26 12:15:38.764] - eth_getTransactionCount
[2021/11/26 12:15:38.765] - eth_getBalance
[2021/11/26 12:15:38.765] - eth_getTransactionCount
[2021/11/26 12:15:38.766] - eth_getBalance
[2021/11/26 12:15:38.767] - eth_getTransactionCount
[2021/11/26 12:15:38.767] - eth_getBalance
[2021/11/26 12:15:38.768] - eth_getTransactionCount
[2021/11/26 12:15:38.769] - eth_getBalance
[2021/11/26 12:15:38.772] - eth_getTransactionCount
[2021/11/26 12:15:38.776] - eth_getBalance
[2021/11/26 12:15:38.777] - eth_getTransactionCount
[2021/11/26 12:15:38.778] - eth_getBalance
[2021/11/26 12:15:38.784] - eth_getTransactionCount
[2021/11/26 12:15:38.785] - eth_getBalance
[2021/11/26 12:15:38.786] - eth_getTransactionCount
[2021/11/26 12:15:38.786] - eth_getBalance
[2021/11/26 12:15:38.786] - eth_getTransactionCount
[2021/11/26 12:15:38.790] - eth_getBalance
[2021/11/26 12:15:38.792] - eth_getTransactionCount
[2021/11/26 12:15:38.792] - eth_getBalance
[2021/11/26 12:15:38.793] - eth_getTransactionCount
[2021/11/26 12:15:38.794] - eth_getBalance
[2021/11/26 12:15:38.795] - eth_getTransactionCount
[2021/11/26 12:15:38.795] - eth_getBalance
[2021/11/26 12:15:38.796] - eth_getTransactionCount
[2021/11/26 12:15:38.797] - eth_getBalance
[2021/11/26 12:15:38.800] - eth_getTransactionCount
[2021/11/26 12:15:38.801] - eth_getBalance
[2021/11/26 12:15:38.801] - eth_getTransactionCount
[2021/11/26 12:15:38.801] - eth_getBalance
[2021/11/26 12:15:38.801] - eth_getTransactionCount
[2021/11/26 12:15:38.806] - eth_getBalance
[2021/11/26 12:15:38.807] - eth_getTransactionCount
[2021/11/26 12:15:38.814] - eth_getBalance
[2021/11/26 12:15:38.815] - eth_getTransactionCount
[2021/11/26 12:15:38.815] - eth_getBalance
[2021/11/26 12:15:38.815] - eth_getTransactionCount
[2021/11/26 12:15:38.815] - eth_getBalance
[2021/11/26 12:15:38.815] - eth_getTransactionCount
[2021/11/26 12:15:38.816] - eth_getBalance
[2021/11/26 12:15:38.819] - eth_getTransactionCount
[2021/11/26 12:15:38.819] - eth_getBalance
[2021/11/26 12:15:38.819] - eth_getTransactionCount
[2021/11/26 12:15:38.819] - eth_getBalance
[2021/11/26 12:15:38.820] - eth_getTransactionCount
[2021/11/26 12:15:38.820] - eth_getBalance
[2021/11/26 12:15:38.820] - eth_getTransactionCount
[2021/11/26 12:15:38.820] - eth_getBalance
[2021/11/26 12:15:38.820] - eth_getTransactionCount
[2021/11/26 12:15:38.820] - eth_getBalance
[2021/11/26 12:15:38.820] - eth_getTransactionCount
[2021/11/26 12:15:38.820] - eth_getBalance
[2021/11/26 12:15:38.820] - eth_getTransactionCount
[2021/11/26 12:15:38.822] - eth_getBalance
[2021/11/26 12:15:38.823] - eth_getTransactionCount
[2021/11/26 12:15:38.823] - eth_getBalance
[2021/11/26 12:15:38.823] - eth_getTransactionCount
[2021/11/26 12:15:38.823] - eth_getBalance
[2021/11/26 12:15:38.823] - eth_getTransactionCount
[2021/11/26 12:15:38.824] - eth_getBalance
[2021/11/26 12:15:38.834] - eth_getTransactionCount
[2021/11/26 12:15:38.835] - eth_getBalance
[2021/11/26 12:15:38.835] - eth_getTransactionCount
[2021/11/26 12:15:38.836] - eth_getBalance
[2021/11/26 12:15:38.836] - eth_getTransactionCount
[2021/11/26 12:15:38.836] - eth_getBalance
[2021/11/26 12:15:38.836] - eth_getTransactionCount
[2021/11/26 12:15:38.837] - eth_getBalance
[2021/11/26 12:15:38.837] - eth_getTransactionCount
[2021/11/26 12:15:38.837] - eth_getBalance
[2021/11/26 12:15:38.837] - eth_getTransactionCount
[2021/11/26 12:15:38.839] - eth_getBalance
[2021/11/26 12:15:38.839] - eth_getTransactionCount
[2021/11/26 12:15:38.839] - eth_getBalance
[2021/11/26 12:15:38.839] - eth_getTransactionCount
[2021/11/26 12:15:38.839] - eth_getBalance
[2021/11/26 12:15:38.840] - eth_getTransactionCount
[2021/11/26 12:15:38.841] - eth_getBalance
[2021/11/26 12:15:38.842] - eth_getTransactionCount
[2021/11/26 12:15:38.843] - eth_getBalance
[2021/11/26 12:15:38.843] - eth_getTransactionCount
[2021/11/26 12:15:38.844] - eth_getBalance
[2021/11/26 12:15:38.850] - eth_getTransactionCount
[2021/11/26 12:15:38.853] - eth_getBalance
[2021/11/26 12:15:38.853] - eth_getTransactionCount
[2021/11/26 12:15:38.854] - eth_getBalance
[2021/11/26 12:15:38.855] - eth_getTransactionCount
[2021/11/26 12:15:38.857] - eth_getBalance
[2021/11/26 12:15:38.868] - eth_getTransactionCount
[2021/11/26 12:15:38.871] - eth_getBalance
[2021/11/26 12:15:38.871] - eth_getTransactionCount
[2021/11/26 12:15:38.886] - eth_getBalance
[2021/11/26 12:15:38.889] - eth_getTransactionCount
[2021/11/26 12:15:38.889] - eth_getBalance
[2021/11/26 12:15:38.889] - eth_getTransactionCount
[2021/11/26 12:15:38.890] - eth_getBalance
[2021/11/26 12:15:38.890] - eth_getTransactionCount
[2021/11/26 12:15:38.892] - eth_getBalance
[2021/11/26 12:15:38.910] - eth_getTransactionCount
[2021/11/26 12:15:38.910] - eth_getBalance
[2021/11/26 12:15:38.911] - eth_getTransactionCount
[2021/11/26 12:15:38.911] - eth_getBalance
[2021/11/26 12:15:38.911] - eth_getTransactionCount
[2021/11/26 12:15:38.911] - eth_getBalance
[2021/11/26 12:15:38.911] - eth_getTransactionCount
[2021/11/26 12:15:38.911] - eth_getBalance
[2021/11/26 12:15:38.911] - eth_getTransactionCount
[2021/11/26 12:15:38.911] - eth_getBalance
[2021/11/26 12:15:38.911] - eth_getTransactionCount
[2021/11/26 12:15:38.912] - eth_getBalance
[2021/11/26 12:15:38.912] - eth_getTransactionCount
[2021/11/26 12:15:38.912] - eth_getBalance
[2021/11/26 12:15:38.912] - eth_getTransactionCount
[2021/11/26 12:15:38.912] - eth_getBalance
[2021/11/26 12:15:38.912] - eth_getTransactionCount
[2021/11/26 12:15:38.912] - eth_getBalance
[2021/11/26 12:15:38.913] - eth_getTransactionCount
[2021/11/26 12:15:38.913] - eth_getBalance
[2021/11/26 12:15:38.913] - eth_getTransactionCount
[2021/11/26 12:15:38.913] - eth_getBalance
[2021/11/26 12:15:38.914] - eth_getTransactionCount
[2021/11/26 12:15:38.914] - eth_getBalance
[2021/11/26 12:15:38.919] - eth_getTransactionCount
[2021/11/26 12:15:38.919] - eth_getBalance
[2021/11/26 12:15:38.919] - eth_getTransactionCount
[2021/11/26 12:15:38.919] - eth_getBalance
[2021/11/26 12:15:38.920] - eth_getTransactionCount
[2021/11/26 12:15:38.920] - eth_getBalance
[2021/11/26 12:15:38.920] - eth_getTransactionCount
[2021/11/26 12:15:38.920] - eth_getBalance
[2021/11/26 12:15:38.920] - eth_getTransactionCount
[2021/11/26 12:15:38.920] - eth_getBalance
[2021/11/26 12:15:38.920] - eth_getTransactionCount
[2021/11/26 12:15:38.920] - eth_getBalance
[2021/11/26 12:15:38.920] - eth_getTransactionCount
[2021/11/26 12:15:38.920] - eth_getBalance
[2021/11/26 12:15:38.921] - eth_getTransactionCount
[2021/11/26 12:15:38.921] - eth_getBalance
[2021/11/26 12:15:38.921] - eth_getTransactionCount
[2021/11/26 12:15:38.921] - eth_getBalance
[2021/11/26 12:15:38.923] - eth_getTransactionCount
[2021/11/26 12:15:38.923] - eth_getBalance
[2021/11/26 12:15:38.923] - eth_getTransactionCount
[2021/11/26 12:15:38.923] - eth_getBalance
[2021/11/26 12:15:38.923] - eth_getTransactionCount
[2021/11/26 12:15:38.924] - eth_getBalance
[2021/11/26 12:15:38.924] - eth_getTransactionCount
[2021/11/26 12:15:38.926] - eth_getBalance
[2021/11/26 12:15:38.926] - eth_getTransactionCount
[2021/11/26 12:15:38.926] - eth_getBalance
[2021/11/26 12:15:38.926] - eth_getTransactionCount
[2021/11/26 12:15:38.927] - eth_getBalance
[2021/11/26 12:15:38.928] - eth_getTransactionCount
[2021/11/26 12:15:38.933] - eth_getBalance
[2021/11/26 12:15:38.934] - eth_getTransactionCount
[2021/11/26 12:15:38.934] - eth_getBalance
[2021/11/26 12:15:38.936] - eth_getTransactionCount
[2021/11/26 12:15:38.947] - eth_getBalance
[2021/11/26 12:15:38.947] - eth_getTransactionCount
[2021/11/26 12:15:38.948] - eth_getBalance
[2021/11/26 12:15:38.948] - eth_getTransactionCount
[2021/11/26 12:15:38.949] - eth_getBalance
[2021/11/26 12:15:38.949] - eth_getTransactionCount
[2021/11/26 12:15:38.951] - eth_getBalance
[2021/11/26 12:15:38.951] - eth_getTransactionCount
[2021/11/26 12:15:38.951] - eth_getBalance
[2021/11/26 12:15:38.951] - eth_getTransactionCount
[2021/11/26 12:15:38.952] - eth_getBalance
[2021/11/26 12:15:38.952] - eth_getTransactionCount
[2021/11/26 12:15:38.953] - eth_getBalance
[2021/11/26 12:15:38.953] - eth_getTransactionCount
[2021/11/26 12:15:38.954] - eth_getBalance
[2021/11/26 12:15:38.954] - eth_getTransactionCount
[2021/11/26 12:15:38.960] - eth_getBalance
[2021/11/26 12:15:38.963] - eth_getTransactionCount
[2021/11/26 12:15:38.963] - eth_getBalance
[2021/11/26 12:15:38.964] - eth_getTransactionCount
[2021/11/26 12:15:38.964] - eth_getBalance
[2021/11/26 12:15:38.965] - eth_getTransactionCount
[2021/11/26 12:15:38.965] - eth_getBalance
[2021/11/26 12:15:38.966] - eth_getTransactionCount
[2021/11/26 12:15:40.765] - eth_unsubscribe
[2021/11/26 12:15:40.766] - eth_unsubscribe
