[2021/11/22 09:31:53.650] - Starting server with initial configuration: {"gasLimit":20000000000,"gasPrice":10000000,"hardfork":"muirGlacier","hostname":"127.0.0.1","port":7545,"network_id":5777,"default_balance_ether":1000,"total_accounts":100,"unlocked_accounts":[],"locked":false,"vmErrorsOnRPCResponse":true,"verbose":false,"db_path":"/Users/zeshunshi/Library/Application Support/Ganache/workspaces/100Nodes/chaindata","logDirectory":"/Users/zeshunshi/Documents/SCTesting/logs_Ganache"}
[2021/11/22 09:31:53.806] - eth_subscribe
[2021/11/22 09:31:53.807] - eth_getLogs
[2021/11/22 09:31:53.807] - eth_subscribe
[2021/11/22 09:31:53.860] - eth_subscribe
[2021/11/22 09:31:53.862] - eth_getLogs
[2021/11/22 09:31:53.863] - eth_subscribe
[2021/11/22 09:31:53.931] - eth_blockNumber
[2021/11/22 09:31:53.931] - eth_accounts
[2021/11/22 09:31:53.931] - eth_gasPrice
[2021/11/22 09:31:53.932] - eth_getBlockByNumber
[2021/11/22 09:31:53.932] - eth_subscribe
[2021/11/22 09:31:53.961] - eth_accounts
[2021/11/22 09:31:54.045] - eth_getBalance
[2021/11/22 09:31:54.055] - eth_getTransactionCount
[2021/11/22 09:31:54.066] - eth_getBalance
[2021/11/22 09:31:54.074] - eth_getTransactionCount
[2021/11/22 09:31:54.081] - eth_getBalance
[2021/11/22 09:31:54.087] - eth_getTransactionCount
[2021/11/22 09:31:54.098] - eth_getBalance
[2021/11/22 09:31:54.107] - eth_getTransactionCount
[2021/11/22 09:31:54.114] - eth_getBalance
[2021/11/22 09:31:54.119] - eth_getTransactionCount
[2021/11/22 09:31:54.129] - eth_getBalance
[2021/11/22 09:31:54.135] - eth_getTransactionCount
[2021/11/22 09:31:54.148] - eth_getBalance
[2021/11/22 09:31:54.149] - eth_getTransactionCount
[2021/11/22 09:31:54.156] - eth_getBalance
[2021/11/22 09:31:54.166] - eth_getTransactionCount
[2021/11/22 09:31:54.176] - eth_getBalance
[2021/11/22 09:31:54.186] - eth_getTransactionCount
[2021/11/22 09:31:54.199] - eth_getBalance
[2021/11/22 09:31:54.206] - eth_getTransactionCount
[2021/11/22 09:31:54.219] - eth_getBalance
[2021/11/22 09:31:54.233] - eth_getTransactionCount
[2021/11/22 09:31:54.239] - eth_getBalance
[2021/11/22 09:31:54.252] - eth_getTransactionCount
[2021/11/22 09:31:54.273] - eth_getBalance
[2021/11/22 09:31:54.282] - eth_getTransactionCount
[2021/11/22 09:31:54.294] - eth_getBalance
[2021/11/22 09:31:54.299] - eth_getTransactionCount
[2021/11/22 09:31:54.303] - eth_getBalance
[2021/11/22 09:31:54.307] - eth_getTransactionCount
[2021/11/22 09:31:54.319] - eth_getBalance
[2021/11/22 09:31:54.326] - eth_getTransactionCount
[2021/11/22 09:31:54.340] - eth_getBalance
[2021/11/22 09:31:54.345] - eth_getTransactionCount
[2021/11/22 09:31:54.352] - eth_getBalance
[2021/11/22 09:31:54.365] - eth_getTransactionCount
[2021/11/22 09:31:54.370] - eth_getBalance
[2021/11/22 09:31:54.374] - eth_getTransactionCount
[2021/11/22 09:31:54.378] - eth_getBalance
[2021/11/22 09:31:54.387] - eth_getTransactionCount
[2021/11/22 09:31:54.391] - eth_getBalance
[2021/11/22 09:31:54.396] - eth_getTransactionCount
[2021/11/22 09:31:54.400] - eth_getBalance
[2021/11/22 09:31:54.404] - eth_getTransactionCount
[2021/11/22 09:31:54.419] - eth_getBalance
[2021/11/22 09:31:54.424] - eth_getTransactionCount
[2021/11/22 09:31:54.427] - eth_getBalance
[2021/11/22 09:31:54.431] - eth_getTransactionCount
[2021/11/22 09:31:54.436] - eth_getBalance
[2021/11/22 09:31:54.440] - eth_getTransactionCount
[2021/11/22 09:31:54.444] - eth_getBalance
[2021/11/22 09:31:54.448] - eth_getTransactionCount
[2021/11/22 09:31:54.452] - eth_getBalance
[2021/11/22 09:31:54.456] - eth_getTransactionCount
[2021/11/22 09:31:54.462] - eth_getBalance
[2021/11/22 09:31:54.465] - eth_getTransactionCount
[2021/11/22 09:31:54.470] - eth_getBalance
[2021/11/22 09:31:54.474] - eth_getTransactionCount
[2021/11/22 09:31:54.478] - eth_getBalance
[2021/11/22 09:31:54.486] - eth_getTransactionCount
[2021/11/22 09:31:54.494] - eth_getBalance
[2021/11/22 09:31:54.499] - eth_getTransactionCount
[2021/11/22 09:31:54.503] - eth_getBalance
[2021/11/22 09:31:54.507] - eth_getTransactionCount
[2021/11/22 09:31:54.517] - eth_getBalance
[2021/11/22 09:31:54.522] - eth_getTransactionCount
[2021/11/22 09:31:54.528] - eth_getBalance
[2021/11/22 09:31:54.539] - eth_getTransactionCount
[2021/11/22 09:31:54.545] - eth_getBalance
[2021/11/22 09:31:54.553] - eth_getTransactionCount
[2021/11/22 09:31:54.554] - eth_getBalance
[2021/11/22 09:31:54.560] - eth_getTransactionCount
[2021/11/22 09:31:54.564] - eth_getBalance
[2021/11/22 09:31:54.574] - eth_getTransactionCount
[2021/11/22 09:31:54.578] - eth_getBalance
[2021/11/22 09:31:54.581] - eth_getTransactionCount
[2021/11/22 09:31:54.585] - eth_getBalance
[2021/11/22 09:31:54.588] - eth_getTransactionCount
[2021/11/22 09:31:54.593] - eth_getBalance
[2021/11/22 09:31:54.603] - eth_getTransactionCount
[2021/11/22 09:31:54.609] - eth_getBalance
[2021/11/22 09:31:54.614] - eth_getTransactionCount
[2021/11/22 09:31:54.618] - eth_getBalance
[2021/11/22 09:31:54.622] - eth_getTransactionCount
[2021/11/22 09:31:54.627] - eth_getBalance
[2021/11/22 09:31:54.630] - eth_getTransactionCount
[2021/11/22 09:31:54.633] - eth_getBalance
[2021/11/22 09:31:54.637] - eth_getTransactionCount
[2021/11/22 09:31:54.640] - eth_getBalance
[2021/11/22 09:31:54.646] - eth_getTransactionCount
[2021/11/22 09:31:54.648] - eth_getBalance
[2021/11/22 09:31:54.650] - eth_getTransactionCount
[2021/11/22 09:31:54.653] - eth_getBalance
[2021/11/22 09:31:54.657] - eth_getTransactionCount
[2021/11/22 09:31:54.661] - eth_getBalance
[2021/11/22 09:31:54.672] - eth_getTransactionCount
[2021/11/22 09:31:54.675] - eth_getBalance
[2021/11/22 09:31:54.680] - eth_getTransactionCount
[2021/11/22 09:31:54.682] - eth_getBalance
[2021/11/22 09:31:54.687] - eth_getTransactionCount
[2021/11/22 09:31:54.690] - eth_getBalance
[2021/11/22 09:31:54.693] - eth_getTransactionCount
[2021/11/22 09:31:54.697] - eth_getBalance
[2021/11/22 09:31:54.710] - eth_getTransactionCount
[2021/11/22 09:31:54.716] - eth_getBalance
[2021/11/22 09:31:54.719] - eth_getTransactionCount
[2021/11/22 09:31:54.723] - eth_getBalance
[2021/11/22 09:31:54.726] - eth_getTransactionCount
[2021/11/22 09:31:54.736] - eth_getBalance
[2021/11/22 09:31:54.743] - eth_getTransactionCount
[2021/11/22 09:31:54.745] - eth_getBalance
[2021/11/22 09:31:54.748] - eth_getTransactionCount
[2021/11/22 09:31:54.758] - eth_getBalance
[2021/11/22 09:31:54.769] - eth_getTransactionCount
[2021/11/22 09:31:54.773] - eth_getBalance
[2021/11/22 09:31:54.784] - eth_getTransactionCount
[2021/11/22 09:31:54.790] - eth_getBalance
[2021/11/22 09:31:54.794] - eth_getTransactionCount
[2021/11/22 09:31:54.798] - eth_getBalance
[2021/11/22 09:31:54.806] - eth_getTransactionCount
[2021/11/22 09:31:54.817] - eth_getBalance
[2021/11/22 09:31:54.824] - eth_getTransactionCount
[2021/11/22 09:31:54.827] - eth_getBalance
[2021/11/22 09:31:54.831] - eth_getTransactionCount
[2021/11/22 09:31:54.834] - eth_getBalance
[2021/11/22 09:31:54.838] - eth_getTransactionCount
[2021/11/22 09:31:54.842] - eth_getBalance
[2021/11/22 09:31:54.846] - eth_getTransactionCount
[2021/11/22 09:31:54.849] - eth_getBalance
[2021/11/22 09:31:54.853] - eth_getTransactionCount
[2021/11/22 09:31:54.857] - eth_getBalance
[2021/11/22 09:31:54.860] - eth_getTransactionCount
[2021/11/22 09:31:54.865] - eth_getBalance
[2021/11/22 09:31:54.868] - eth_getTransactionCount
[2021/11/22 09:31:54.873] - eth_getBalance
[2021/11/22 09:31:54.878] - eth_getTransactionCount
[2021/11/22 09:31:54.879] - eth_getBalance
[2021/11/22 09:31:54.883] - eth_getTransactionCount
[2021/11/22 09:31:54.887] - eth_getBalance
[2021/11/22 09:31:54.890] - eth_getTransactionCount
[2021/11/22 09:31:54.893] - eth_getBalance
[2021/11/22 09:31:54.896] - eth_getTransactionCount
[2021/11/22 09:31:54.899] - eth_getBalance
[2021/11/22 09:31:54.902] - eth_getTransactionCount
[2021/11/22 09:31:54.906] - eth_getBalance
[2021/11/22 09:31:54.911] - eth_getTransactionCount
[2021/11/22 09:31:54.913] - eth_getBalance
[2021/11/22 09:31:54.916] - eth_getTransactionCount
[2021/11/22 09:31:54.920] - eth_getBalance
[2021/11/22 09:31:54.923] - eth_getTransactionCount
[2021/11/22 09:31:54.926] - eth_getBalance
[2021/11/22 09:31:54.935] - eth_getTransactionCount
[2021/11/22 09:31:54.941] - eth_getBalance
[2021/11/22 09:31:54.950] - eth_getTransactionCount
[2021/11/22 09:31:54.956] - eth_getBalance
[2021/11/22 09:31:54.960] - eth_getTransactionCount
[2021/11/22 09:31:54.964] - eth_getBalance
[2021/11/22 09:31:54.969] - eth_getTransactionCount
[2021/11/22 09:31:54.975] - eth_getBalance
[2021/11/22 09:31:54.978] - eth_getTransactionCount
[2021/11/22 09:31:54.988] - eth_getBalance
[2021/11/22 09:31:54.994] - eth_getTransactionCount
[2021/11/22 09:31:54.997] - eth_getBalance
[2021/11/22 09:31:55.008] - eth_getTransactionCount
[2021/11/22 09:31:55.013] - eth_getBalance
[2021/11/22 09:31:55.017] - eth_getTransactionCount
[2021/11/22 09:31:55.020] - eth_getBalance
[2021/11/22 09:31:55.024] - eth_getTransactionCount
[2021/11/22 09:31:55.028] - eth_getBalance
[2021/11/22 09:31:55.031] - eth_getTransactionCount
[2021/11/22 09:31:55.035] - eth_getBalance
[2021/11/22 09:31:55.038] - eth_getTransactionCount
[2021/11/22 09:31:55.048] - eth_getBalance
[2021/11/22 09:31:55.049] - eth_getTransactionCount
[2021/11/22 09:31:55.049] - eth_getBalance
[2021/11/22 09:31:55.054] - eth_getTransactionCount
[2021/11/22 09:31:55.056] - eth_getBalance
[2021/11/22 09:31:55.059] - eth_getTransactionCount
[2021/11/22 09:31:55.063] - eth_getBalance
[2021/11/22 09:31:55.066] - eth_getTransactionCount
[2021/11/22 09:31:55.071] - eth_getBalance
[2021/11/22 09:31:55.077] - eth_getTransactionCount
[2021/11/22 09:31:55.078] - eth_getBalance
[2021/11/22 09:31:55.091] - eth_getTransactionCount
[2021/11/22 09:31:55.097] - eth_getBalance
[2021/11/22 09:31:55.107] - eth_getTransactionCount
[2021/11/22 09:31:55.113] - eth_getBalance
[2021/11/22 09:31:55.116] - eth_getTransactionCount
[2021/11/22 09:31:55.119] - eth_getBalance
[2021/11/22 09:31:55.123] - eth_getTransactionCount
[2021/11/22 09:31:55.126] - eth_getBalance
[2021/11/22 09:31:55.129] - eth_getTransactionCount
[2021/11/22 09:31:55.133] - eth_getBalance
[2021/11/22 09:31:55.137] - eth_getTransactionCount
[2021/11/22 09:31:55.141] - eth_getBalance
[2021/11/22 09:31:55.144] - eth_getTransactionCount
[2021/11/22 09:31:55.147] - eth_getBalance
[2021/11/22 09:31:55.150] - eth_getTransactionCount
[2021/11/22 09:31:55.153] - eth_getBalance
[2021/11/22 09:31:55.156] - eth_getTransactionCount
[2021/11/22 09:31:55.205] - eth_blockNumber
[2021/11/22 09:31:55.206] - eth_accounts
[2021/11/22 09:31:55.206] - eth_gasPrice
[2021/11/22 09:31:55.206] - eth_getBlockByNumber
[2021/11/22 09:31:55.206] - eth_subscribe
[2021/11/22 09:31:55.269] - eth_getTransactionCount
[2021/11/22 09:31:55.272] - eth_getBalance
[2021/11/22 09:31:55.276] - eth_getTransactionCount
[2021/11/22 09:31:55.279] - eth_getBalance
[2021/11/22 09:31:55.282] - eth_getTransactionCount
[2021/11/22 09:31:55.286] - eth_getBalance
[2021/11/22 09:31:55.289] - eth_getTransactionCount
[2021/11/22 09:31:55.292] - eth_getBalance
[2021/11/22 09:31:55.302] - eth_getTransactionCount
[2021/11/22 09:31:55.309] - eth_getBalance
[2021/11/22 09:31:55.312] - eth_getTransactionCount
[2021/11/22 09:31:55.316] - eth_getBalance
[2021/11/22 09:31:55.319] - eth_getTransactionCount
[2021/11/22 09:31:55.322] - eth_getBalance
[2021/11/22 09:31:55.325] - eth_getTransactionCount
[2021/11/22 09:31:55.329] - eth_getBalance
[2021/11/22 09:31:55.332] - eth_getTransactionCount
[2021/11/22 09:31:55.335] - eth_getBalance
[2021/11/22 09:31:55.339] - eth_getTransactionCount
[2021/11/22 09:31:55.342] - eth_getBalance
[2021/11/22 09:31:55.352] - eth_getTransactionCount
[2021/11/22 09:31:55.358] - eth_getBalance
[2021/11/22 09:31:55.362] - eth_getTransactionCount
[2021/11/22 09:31:55.365] - eth_getBalance
[2021/11/22 09:31:55.368] - eth_getTransactionCount
[2021/11/22 09:31:55.378] - eth_getBalance
[2021/11/22 09:31:55.383] - eth_getTransactionCount
[2021/11/22 09:31:55.387] - eth_getBalance
[2021/11/22 09:31:55.391] - eth_getTransactionCount
[2021/11/22 09:31:55.393] - eth_getBalance
[2021/11/22 09:31:55.402] - eth_getTransactionCount
[2021/11/22 09:31:55.408] - eth_getBalance
[2021/11/22 09:31:55.411] - eth_getTransactionCount
[2021/11/22 09:31:55.415] - eth_getBalance
[2021/11/22 09:31:55.419] - eth_getTransactionCount
[2021/11/22 09:31:55.423] - eth_getBalance
[2021/11/22 09:31:55.426] - eth_getTransactionCount
[2021/11/22 09:31:55.429] - eth_getBalance
[2021/11/22 09:31:55.432] - eth_getTransactionCount
[2021/11/22 09:31:55.435] - eth_getBalance
[2021/11/22 09:31:55.438] - eth_getTransactionCount
[2021/11/22 09:31:55.441] - eth_getBalance
[2021/11/22 09:31:55.444] - eth_getTransactionCount
[2021/11/22 09:31:55.447] - eth_getBalance
[2021/11/22 09:31:55.450] - eth_getTransactionCount
[2021/11/22 09:31:55.454] - eth_getBalance
[2021/11/22 09:31:55.458] - eth_getTransactionCount
[2021/11/22 09:31:55.467] - eth_getBalance
[2021/11/22 09:31:55.474] - eth_getTransactionCount
[2021/11/22 09:31:55.477] - eth_getBalance
[2021/11/22 09:31:55.481] - eth_getTransactionCount
[2021/11/22 09:31:55.484] - eth_getBalance
[2021/11/22 09:31:55.488] - eth_getTransactionCount
[2021/11/22 09:31:55.498] - eth_getBalance
[2021/11/22 09:31:55.505] - eth_getTransactionCount
[2021/11/22 09:31:55.508] - eth_getBalance
[2021/11/22 09:31:55.511] - eth_getTransactionCount
[2021/11/22 09:31:55.515] - eth_getBalance
[2021/11/22 09:31:55.519] - eth_getTransactionCount
[2021/11/22 09:31:55.522] - eth_getBalance
[2021/11/22 09:31:55.525] - eth_getTransactionCount
[2021/11/22 09:31:55.528] - eth_getBalance
[2021/11/22 09:31:55.531] - eth_getTransactionCount
[2021/11/22 09:31:55.534] - eth_getBalance
[2021/11/22 09:31:55.538] - eth_getTransactionCount
[2021/11/22 09:31:55.541] - eth_getBalance
[2021/11/22 09:31:55.544] - eth_getTransactionCount
[2021/11/22 09:31:55.547] - eth_getBalance
[2021/11/22 09:31:55.550] - eth_getTransactionCount
[2021/11/22 09:31:55.555] - eth_getBalance
[2021/11/22 09:31:55.558] - eth_getTransactionCount
[2021/11/22 09:31:55.561] - eth_getBalance
[2021/11/22 09:31:55.565] - eth_getTransactionCount
[2021/11/22 09:31:55.569] - eth_getBalance
[2021/11/22 09:31:55.571] - eth_getTransactionCount
[2021/11/22 09:31:55.575] - eth_getBalance
[2021/11/22 09:31:55.578] - eth_getTransactionCount
[2021/11/22 09:31:55.581] - eth_getBalance
[2021/11/22 09:31:55.584] - eth_getTransactionCount
[2021/11/22 09:31:55.588] - eth_getBalance
[2021/11/22 09:31:55.591] - eth_getTransactionCount
[2021/11/22 09:31:55.597] - eth_getBalance
[2021/11/22 09:31:55.601] - eth_getTransactionCount
[2021/11/22 09:31:55.604] - eth_getBalance
[2021/11/22 09:31:55.607] - eth_getTransactionCount
[2021/11/22 09:31:55.610] - eth_getBalance
[2021/11/22 09:31:55.613] - eth_getTransactionCount
[2021/11/22 09:31:55.616] - eth_getBalance
[2021/11/22 09:31:55.620] - eth_getTransactionCount
[2021/11/22 09:31:55.623] - eth_getBalance
[2021/11/22 09:31:55.626] - eth_getTransactionCount
[2021/11/22 09:31:55.629] - eth_getBalance
[2021/11/22 09:31:55.632] - eth_getTransactionCount
[2021/11/22 09:31:55.636] - eth_getBalance
[2021/11/22 09:31:55.639] - eth_getTransactionCount
[2021/11/22 09:31:55.642] - eth_getBalance
[2021/11/22 09:31:55.645] - eth_getTransactionCount
[2021/11/22 09:31:55.648] - eth_getBalance
[2021/11/22 09:31:55.652] - eth_getTransactionCount
[2021/11/22 09:31:55.655] - eth_getBalance
[2021/11/22 09:31:55.658] - eth_getTransactionCount
[2021/11/22 09:31:55.661] - eth_getBalance
[2021/11/22 09:31:55.665] - eth_getTransactionCount
[2021/11/22 09:31:55.667] - eth_getBalance
[2021/11/22 09:31:55.670] - eth_getTransactionCount
[2021/11/22 09:31:55.675] - eth_getBalance
[2021/11/22 09:31:55.678] - eth_getTransactionCount
[2021/11/22 09:31:55.686] - eth_getBalance
[2021/11/22 09:31:55.687] - eth_getTransactionCount
[2021/11/22 09:31:55.688] - eth_getBalance
[2021/11/22 09:31:55.691] - eth_getTransactionCount
[2021/11/22 09:31:55.694] - eth_getBalance
[2021/11/22 09:31:55.697] - eth_getTransactionCount
[2021/11/22 09:31:55.700] - eth_getBalance
[2021/11/22 09:31:55.703] - eth_getTransactionCount
[2021/11/22 09:31:55.706] - eth_getBalance
[2021/11/22 09:31:55.710] - eth_getTransactionCount
[2021/11/22 09:31:55.714] - eth_getBalance
[2021/11/22 09:31:55.717] - eth_getTransactionCount
[2021/11/22 09:31:55.720] - eth_getBalance
[2021/11/22 09:31:55.723] - eth_getTransactionCount
[2021/11/22 09:31:55.726] - eth_getBalance
[2021/11/22 09:31:55.729] - eth_getTransactionCount
[2021/11/22 09:31:55.732] - eth_getBalance
[2021/11/22 09:31:55.735] - eth_getTransactionCount
[2021/11/22 09:31:55.738] - eth_getBalance
[2021/11/22 09:31:55.741] - eth_getTransactionCount
[2021/11/22 09:31:55.744] - eth_getBalance
[2021/11/22 09:31:55.748] - eth_getTransactionCount
[2021/11/22 09:31:55.752] - eth_getBalance
[2021/11/22 09:31:55.755] - eth_getTransactionCount
[2021/11/22 09:31:55.758] - eth_getBalance
[2021/11/22 09:31:55.763] - eth_getTransactionCount
[2021/11/22 09:31:55.765] - eth_getBalance
[2021/11/22 09:31:55.768] - eth_getTransactionCount
[2021/11/22 09:31:55.771] - eth_getBalance
[2021/11/22 09:31:55.774] - eth_getTransactionCount
[2021/11/22 09:31:55.777] - eth_getBalance
[2021/11/22 09:31:55.780] - eth_getTransactionCount
[2021/11/22 09:31:55.783] - eth_getBalance
[2021/11/22 09:31:55.786] - eth_getTransactionCount
[2021/11/22 09:31:55.790] - eth_getBalance
[2021/11/22 09:31:55.795] - eth_getTransactionCount
[2021/11/22 09:31:55.798] - eth_getBalance
[2021/11/22 09:31:55.801] - eth_getTransactionCount
[2021/11/22 09:31:55.805] - eth_getBalance
[2021/11/22 09:31:55.809] - eth_getTransactionCount
[2021/11/22 09:31:55.816] - eth_getBalance
[2021/11/22 09:31:55.817] - eth_getTransactionCount
[2021/11/22 09:31:55.820] - eth_getBalance
[2021/11/22 09:31:55.824] - eth_getTransactionCount
[2021/11/22 09:31:55.829] - eth_getBalance
[2021/11/22 09:31:55.832] - eth_getTransactionCount
[2021/11/22 09:31:55.836] - eth_getBalance
[2021/11/22 09:31:55.839] - eth_getTransactionCount
[2021/11/22 09:31:55.842] - eth_getBalance
[2021/11/22 09:31:55.845] - eth_getTransactionCount
[2021/11/22 09:31:55.849] - eth_getBalance
[2021/11/22 09:31:55.853] - eth_getTransactionCount
[2021/11/22 09:31:55.855] - eth_getBalance
[2021/11/22 09:31:55.858] - eth_getTransactionCount
[2021/11/22 09:31:55.862] - eth_getBalance
[2021/11/22 09:31:55.865] - eth_getTransactionCount
[2021/11/22 09:31:55.869] - eth_getBalance
[2021/11/22 09:31:55.874] - eth_getTransactionCount
[2021/11/22 09:31:55.877] - eth_getBalance
[2021/11/22 09:31:55.880] - eth_getTransactionCount
[2021/11/22 09:31:55.884] - eth_getBalance
[2021/11/22 09:31:55.887] - eth_getTransactionCount
[2021/11/22 09:31:55.890] - eth_getBalance
[2021/11/22 09:31:55.893] - eth_getTransactionCount
[2021/11/22 09:31:55.896] - eth_getBalance
[2021/11/22 09:31:55.899] - eth_getTransactionCount
[2021/11/22 09:31:55.903] - eth_getBalance
[2021/11/22 09:31:55.906] - eth_getTransactionCount
[2021/11/22 09:31:55.911] - eth_getBalance
[2021/11/22 09:31:55.914] - eth_getTransactionCount
[2021/11/22 09:31:55.918] - eth_getBalance
[2021/11/22 09:31:55.921] - eth_getTransactionCount
[2021/11/22 09:31:55.925] - eth_getBalance
[2021/11/22 09:31:55.929] - eth_getTransactionCount
[2021/11/22 09:31:55.931] - eth_getBalance
[2021/11/22 09:31:55.936] - eth_getTransactionCount
[2021/11/22 09:31:55.940] - eth_getBalance
[2021/11/22 09:31:55.943] - eth_getTransactionCount
[2021/11/22 09:31:55.946] - eth_getBalance
[2021/11/22 09:31:55.952] - eth_getTransactionCount
[2021/11/22 09:31:55.955] - eth_getBalance
[2021/11/22 09:31:55.958] - eth_getTransactionCount
[2021/11/22 09:31:55.962] - eth_getBalance
[2021/11/22 09:31:55.967] - eth_getTransactionCount
[2021/11/22 09:31:55.969] - eth_getBalance
[2021/11/22 09:31:55.972] - eth_getTransactionCount
[2021/11/22 09:31:55.975] - eth_getBalance
[2021/11/22 09:31:55.978] - eth_getTransactionCount
[2021/11/22 09:31:55.981] - eth_getBalance
[2021/11/22 09:31:55.984] - eth_getTransactionCount
[2021/11/22 09:31:55.988] - eth_getBalance
[2021/11/22 09:31:55.991] - eth_getTransactionCount
[2021/11/22 09:31:57.185] - eth_getBalance
[2021/11/22 09:31:57.186] - eth_getTransactionCount
[2021/11/22 09:31:57.187] - eth_getBalance
[2021/11/22 09:31:57.187] - eth_getTransactionCount
[2021/11/22 09:31:57.188] - eth_getBalance
[2021/11/22 09:31:57.189] - eth_getTransactionCount
[2021/11/22 09:31:57.189] - eth_getBalance
[2021/11/22 09:31:57.189] - eth_getTransactionCount
[2021/11/22 09:31:57.190] - eth_getBalance
[2021/11/22 09:31:57.190] - eth_getTransactionCount
[2021/11/22 09:31:57.191] - eth_getBalance
[2021/11/22 09:31:57.192] - eth_getTransactionCount
[2021/11/22 09:31:57.193] - eth_getBalance
[2021/11/22 09:31:57.193] - eth_getTransactionCount
[2021/11/22 09:31:57.194] - eth_getBalance
[2021/11/22 09:31:57.194] - eth_getTransactionCount
[2021/11/22 09:31:57.195] - eth_getBalance
[2021/11/22 09:31:57.196] - eth_getTransactionCount
[2021/11/22 09:31:57.196] - eth_getBalance
[2021/11/22 09:31:57.197] - eth_getTransactionCount
[2021/11/22 09:31:57.197] - eth_getBalance
[2021/11/22 09:31:57.198] - eth_getTransactionCount
[2021/11/22 09:31:57.199] - eth_getBalance
[2021/11/22 09:31:57.199] - eth_getTransactionCount
[2021/11/22 09:31:57.200] - eth_getBalance
[2021/11/22 09:31:57.201] - eth_getTransactionCount
[2021/11/22 09:31:57.201] - eth_getBalance
[2021/11/22 09:31:57.202] - eth_getTransactionCount
[2021/11/22 09:31:57.202] - eth_getBalance
[2021/11/22 09:31:57.203] - eth_getTransactionCount
[2021/11/22 09:31:57.204] - eth_getBalance
[2021/11/22 09:31:57.204] - eth_getTransactionCount
[2021/11/22 09:31:57.205] - eth_getBalance
[2021/11/22 09:31:57.206] - eth_getTransactionCount
[2021/11/22 09:31:57.206] - eth_getBalance
[2021/11/22 09:31:57.211] - eth_getTransactionCount
[2021/11/22 09:31:57.213] - eth_getBalance
[2021/11/22 09:31:57.214] - eth_getTransactionCount
[2021/11/22 09:31:57.214] - eth_getBalance
[2021/11/22 09:31:57.215] - eth_getTransactionCount
[2021/11/22 09:31:57.221] - eth_getBalance
[2021/11/22 09:31:57.221] - eth_getTransactionCount
[2021/11/22 09:31:57.222] - eth_getBalance
[2021/11/22 09:31:57.222] - eth_getTransactionCount
[2021/11/22 09:31:57.223] - eth_getBalance
[2021/11/22 09:31:57.224] - eth_getTransactionCount
[2021/11/22 09:31:57.225] - eth_getBalance
[2021/11/22 09:31:57.226] - eth_getTransactionCount
[2021/11/22 09:31:57.227] - eth_getBalance
[2021/11/22 09:31:57.231] - eth_getTransactionCount
[2021/11/22 09:31:57.232] - eth_getBalance
[2021/11/22 09:31:57.236] - eth_getTransactionCount
[2021/11/22 09:31:57.236] - eth_getBalance
[2021/11/22 09:31:57.236] - eth_getTransactionCount
[2021/11/22 09:31:57.236] - eth_getBalance
[2021/11/22 09:31:57.237] - eth_getTransactionCount
[2021/11/22 09:31:57.238] - eth_getBalance
[2021/11/22 09:31:57.238] - eth_getTransactionCount
[2021/11/22 09:31:57.239] - eth_getBalance
[2021/11/22 09:31:57.239] - eth_getTransactionCount
[2021/11/22 09:31:57.240] - eth_getBalance
[2021/11/22 09:31:57.241] - eth_getTransactionCount
[2021/11/22 09:31:57.242] - eth_getBalance
[2021/11/22 09:31:57.242] - eth_getTransactionCount
[2021/11/22 09:31:57.243] - eth_getBalance
[2021/11/22 09:31:57.243] - eth_getTransactionCount
[2021/11/22 09:31:57.244] - eth_getBalance
[2021/11/22 09:31:57.244] - eth_getTransactionCount
[2021/11/22 09:31:57.245] - eth_getBalance
[2021/11/22 09:31:57.245] - eth_getTransactionCount
[2021/11/22 09:31:57.246] - eth_getBalance
[2021/11/22 09:31:57.246] - eth_getTransactionCount
[2021/11/22 09:31:57.247] - eth_getBalance
[2021/11/22 09:31:57.247] - eth_getTransactionCount
[2021/11/22 09:31:57.248] - eth_getBalance
[2021/11/22 09:31:57.248] - eth_getTransactionCount
[2021/11/22 09:31:57.249] - eth_getBalance
[2021/11/22 09:31:57.256] - eth_getTransactionCount
[2021/11/22 09:31:57.257] - eth_getBalance
[2021/11/22 09:31:57.258] - eth_getTransactionCount
[2021/11/22 09:31:57.258] - eth_getBalance
[2021/11/22 09:31:57.258] - eth_getTransactionCount
[2021/11/22 09:31:57.259] - eth_getBalance
[2021/11/22 09:31:57.260] - eth_getTransactionCount
[2021/11/22 09:31:57.260] - eth_getBalance
[2021/11/22 09:31:57.261] - eth_getTransactionCount
[2021/11/22 09:31:57.261] - eth_getBalance
[2021/11/22 09:31:57.262] - eth_getTransactionCount
[2021/11/22 09:31:57.262] - eth_getBalance
[2021/11/22 09:31:57.263] - eth_getTransactionCount
[2021/11/22 09:31:57.263] - eth_getBalance
[2021/11/22 09:31:57.264] - eth_getTransactionCount
[2021/11/22 09:31:57.270] - eth_getBalance
[2021/11/22 09:31:57.270] - eth_getTransactionCount
[2021/11/22 09:31:57.270] - eth_getBalance
[2021/11/22 09:31:57.271] - eth_getTransactionCount
[2021/11/22 09:31:57.271] - eth_getBalance
[2021/11/22 09:31:57.272] - eth_getTransactionCount
[2021/11/22 09:31:57.272] - eth_getBalance
[2021/11/22 09:31:57.273] - eth_getTransactionCount
[2021/11/22 09:31:57.273] - eth_getBalance
[2021/11/22 09:31:57.274] - eth_getTransactionCount
[2021/11/22 09:31:57.274] - eth_getBalance
[2021/11/22 09:31:57.275] - eth_getTransactionCount
[2021/11/22 09:31:57.275] - eth_getBalance
[2021/11/22 09:31:57.275] - eth_getTransactionCount
[2021/11/22 09:31:57.276] - eth_getBalance
[2021/11/22 09:31:57.276] - eth_getTransactionCount
[2021/11/22 09:31:57.277] - eth_getBalance
[2021/11/22 09:31:57.277] - eth_getTransactionCount
[2021/11/22 09:31:57.278] - eth_getBalance
[2021/11/22 09:31:57.278] - eth_getTransactionCount
[2021/11/22 09:31:57.280] - eth_getBalance
[2021/11/22 09:31:57.280] - eth_getTransactionCount
[2021/11/22 09:31:57.281] - eth_getBalance
[2021/11/22 09:31:57.289] - eth_getTransactionCount
[2021/11/22 09:31:57.295] - eth_getBalance
[2021/11/22 09:31:57.296] - eth_getTransactionCount
[2021/11/22 09:31:57.297] - eth_getBalance
[2021/11/22 09:31:57.298] - eth_getTransactionCount
[2021/11/22 09:31:57.298] - eth_getBalance
[2021/11/22 09:31:57.299] - eth_getTransactionCount
[2021/11/22 09:31:57.299] - eth_getBalance
[2021/11/22 09:31:57.304] - eth_getTransactionCount
[2021/11/22 09:31:57.308] - eth_getBalance
[2021/11/22 09:31:57.308] - eth_getTransactionCount
[2021/11/22 09:31:57.308] - eth_getBalance
[2021/11/22 09:31:57.308] - eth_getTransactionCount
[2021/11/22 09:31:57.308] - eth_getBalance
[2021/11/22 09:31:57.308] - eth_getTransactionCount
[2021/11/22 09:31:57.309] - eth_getBalance
[2021/11/22 09:31:57.309] - eth_getTransactionCount
[2021/11/22 09:31:57.310] - eth_getBalance
[2021/11/22 09:31:57.311] - eth_getTransactionCount
[2021/11/22 09:31:57.312] - eth_getBalance
[2021/11/22 09:31:57.312] - eth_getTransactionCount
[2021/11/22 09:31:57.313] - eth_getBalance
[2021/11/22 09:31:57.313] - eth_getTransactionCount
[2021/11/22 09:31:57.314] - eth_getBalance
[2021/11/22 09:31:57.314] - eth_getTransactionCount
[2021/11/22 09:31:57.315] - eth_getBalance
[2021/11/22 09:31:57.315] - eth_getTransactionCount
[2021/11/22 09:31:57.315] - eth_getBalance
[2021/11/22 09:31:57.316] - eth_getTransactionCount
[2021/11/22 09:31:57.317] - eth_getBalance
[2021/11/22 09:31:57.322] - eth_getTransactionCount
[2021/11/22 09:31:57.324] - eth_getBalance
[2021/11/22 09:31:57.324] - eth_getTransactionCount
[2021/11/22 09:31:57.325] - eth_getBalance
[2021/11/22 09:31:57.325] - eth_getTransactionCount
[2021/11/22 09:31:57.326] - eth_getBalance
[2021/11/22 09:31:57.326] - eth_getTransactionCount
[2021/11/22 09:31:57.327] - eth_getBalance
[2021/11/22 09:31:57.327] - eth_getTransactionCount
[2021/11/22 09:31:57.328] - eth_getBalance
[2021/11/22 09:31:57.328] - eth_getTransactionCount
[2021/11/22 09:31:57.329] - eth_getBalance
[2021/11/22 09:31:57.329] - eth_getTransactionCount
[2021/11/22 09:31:57.330] - eth_getBalance
[2021/11/22 09:31:57.335] - eth_getTransactionCount
[2021/11/22 09:31:57.337] - eth_getBalance
[2021/11/22 09:31:57.338] - eth_getTransactionCount
[2021/11/22 09:31:57.338] - eth_getBalance
[2021/11/22 09:31:57.340] - eth_getTransactionCount
[2021/11/22 09:31:57.341] - eth_getBalance
[2021/11/22 09:31:57.341] - eth_getTransactionCount
[2021/11/22 09:31:57.343] - eth_getBalance
[2021/11/22 09:31:57.343] - eth_getTransactionCount
[2021/11/22 09:31:57.343] - eth_getBalance
[2021/11/22 09:31:57.344] - eth_getTransactionCount
[2021/11/22 09:31:57.345] - eth_getBalance
[2021/11/22 09:31:57.345] - eth_getTransactionCount
[2021/11/22 09:31:57.345] - eth_getBalance
[2021/11/22 09:31:57.345] - eth_getTransactionCount
[2021/11/22 09:31:57.345] - eth_getBalance
[2021/11/22 09:31:57.346] - eth_getTransactionCount
[2021/11/22 09:31:57.346] - eth_getBalance
[2021/11/22 09:31:57.346] - eth_getTransactionCount
[2021/11/22 09:31:57.346] - eth_getBalance
[2021/11/22 09:31:57.347] - eth_getTransactionCount
[2021/11/22 09:31:57.347] - eth_getBalance
[2021/11/22 09:31:57.348] - eth_getTransactionCount
[2021/11/22 09:31:57.348] - eth_getBalance
[2021/11/22 09:31:57.349] - eth_getTransactionCount
[2021/11/22 09:31:57.349] - eth_getBalance
[2021/11/22 09:31:57.350] - eth_getTransactionCount
[2021/11/22 09:31:57.350] - eth_getBalance
[2021/11/22 09:31:57.351] - eth_getTransactionCount
[2021/11/22 09:31:57.358] - eth_getBalance
[2021/11/22 09:31:57.362] - eth_getTransactionCount
[2021/11/22 09:31:57.362] - eth_getBalance
[2021/11/22 09:31:57.364] - eth_getTransactionCount
[2021/11/22 09:31:57.364] - eth_getBalance
[2021/11/22 09:31:57.364] - eth_getTransactionCount
[2021/11/22 09:31:57.364] - eth_getBalance
[2021/11/22 09:31:57.364] - eth_getTransactionCount
[2021/11/22 09:31:57.365] - eth_getBalance
[2021/11/22 09:31:57.365] - eth_getTransactionCount
[2021/11/22 09:31:57.365] - eth_getBalance
[2021/11/22 09:31:57.365] - eth_getTransactionCount
[2021/11/22 09:31:57.365] - eth_getBalance
[2021/11/22 09:31:57.366] - eth_getTransactionCount
[2021/11/22 09:31:57.366] - eth_getBalance
[2021/11/22 09:31:57.367] - eth_getTransactionCount
[2021/11/22 09:31:57.367] - eth_getBalance
[2021/11/22 09:31:57.367] - eth_getTransactionCount
[2021/11/22 09:31:57.368] - eth_getBalance
[2021/11/22 09:31:57.368] - eth_getTransactionCount
[2021/11/22 09:31:57.369] - eth_getBalance
[2021/11/22 09:31:57.369] - eth_getTransactionCount
[2021/11/22 09:31:57.369] - eth_getBalance
[2021/11/22 09:31:57.370] - eth_getTransactionCount
[2021/11/22 09:31:57.371] - eth_getBalance
[2021/11/22 09:31:57.371] - eth_getTransactionCount
[2021/11/22 09:31:57.371] - eth_getBalance
[2021/11/22 09:31:57.373] - eth_getTransactionCount
[2021/11/22 09:31:57.374] - eth_getBalance
[2021/11/22 09:31:57.374] - eth_getTransactionCount
[2021/11/22 09:31:57.374] - eth_getBalance
[2021/11/22 09:31:57.374] - eth_getTransactionCount
[2021/11/22 09:31:57.375] - eth_getBalance
[2021/11/22 09:31:57.375] - eth_getTransactionCount
[2021/11/22 09:31:57.376] - eth_getBalance
[2021/11/22 09:31:57.376] - eth_getTransactionCount
[2021/11/22 09:31:57.377] - eth_getBalance
[2021/11/22 09:31:57.377] - eth_getTransactionCount
[2021/11/22 09:31:57.378] - eth_getBalance
[2021/11/22 09:31:57.381] - eth_getTransactionCount
[2021/11/22 09:31:57.382] - eth_getBalance
[2021/11/22 09:31:57.382] - eth_getTransactionCount
[2021/11/22 09:31:57.382] - eth_getBalance
[2021/11/22 09:31:57.382] - eth_getTransactionCount
[2021/11/22 09:31:57.383] - eth_getBalance
[2021/11/22 09:31:57.383] - eth_getTransactionCount
[2021/11/22 09:31:57.383] - eth_getBalance
[2021/11/22 09:31:57.383] - eth_getTransactionCount
[2021/11/22 09:31:57.386] - eth_getBalance
[2021/11/22 09:31:57.386] - eth_getTransactionCount
[2021/11/22 09:31:57.386] - eth_getBalance
[2021/11/22 09:31:57.386] - eth_getTransactionCount
[2021/11/22 09:31:57.386] - eth_getBalance
[2021/11/22 09:31:57.386] - eth_getTransactionCount
[2021/11/22 09:31:57.386] - eth_getBalance
[2021/11/22 09:31:57.386] - eth_getTransactionCount
[2021/11/22 09:31:57.386] - eth_getBalance
[2021/11/22 09:31:57.386] - eth_getTransactionCount
[2021/11/22 09:31:57.386] - eth_getBalance
[2021/11/22 09:31:57.386] - eth_getTransactionCount
[2021/11/22 09:31:57.387] - eth_getBalance
[2021/11/22 09:31:57.387] - eth_getTransactionCount
[2021/11/22 09:31:57.387] - eth_getBalance
[2021/11/22 09:31:57.387] - eth_getTransactionCount
[2021/11/22 09:31:57.387] - eth_getBalance
[2021/11/22 09:31:57.388] - eth_getTransactionCount
[2021/11/22 09:31:57.389] - eth_getBalance
[2021/11/22 09:31:57.389] - eth_getTransactionCount
[2021/11/22 09:31:57.389] - eth_getBalance
[2021/11/22 09:31:57.390] - eth_getTransactionCount
[2021/11/22 09:31:57.390] - eth_getBalance
[2021/11/22 09:31:57.390] - eth_getTransactionCount
[2021/11/22 09:31:57.391] - eth_getBalance
[2021/11/22 09:31:57.394] - eth_getTransactionCount
[2021/11/22 09:31:57.395] - eth_getBalance
[2021/11/22 09:31:57.395] - eth_getTransactionCount
[2021/11/22 09:31:57.395] - eth_getBalance
[2021/11/22 09:31:57.395] - eth_getTransactionCount
[2021/11/22 09:31:57.398] - eth_getBalance
[2021/11/22 09:31:57.398] - eth_getTransactionCount
[2021/11/22 09:31:57.398] - eth_getBalance
[2021/11/22 09:31:57.398] - eth_getTransactionCount
[2021/11/22 09:31:57.398] - eth_getBalance
[2021/11/22 09:31:57.398] - eth_getTransactionCount
[2021/11/22 09:31:57.399] - eth_getBalance
[2021/11/22 09:31:57.399] - eth_getTransactionCount
[2021/11/22 09:31:57.399] - eth_getBalance
[2021/11/22 09:31:57.399] - eth_getTransactionCount
[2021/11/22 09:31:57.399] - eth_getBalance
[2021/11/22 09:31:57.400] - eth_getTransactionCount
[2021/11/22 09:31:57.409] - eth_getBalance
[2021/11/22 09:31:57.410] - eth_getTransactionCount
[2021/11/22 09:31:57.410] - eth_getBalance
[2021/11/22 09:31:57.410] - eth_getTransactionCount
[2021/11/22 09:31:57.410] - eth_getBalance
[2021/11/22 09:31:57.410] - eth_getTransactionCount
[2021/11/22 09:31:57.410] - eth_getBalance
[2021/11/22 09:31:57.410] - eth_getTransactionCount
[2021/11/22 09:31:57.410] - eth_getBalance
[2021/11/22 09:31:57.410] - eth_getTransactionCount
[2021/11/22 09:31:57.411] - eth_getBalance
[2021/11/22 09:31:57.411] - eth_getTransactionCount
[2021/11/22 09:31:57.412] - eth_getBalance
[2021/11/22 09:31:57.412] - eth_getTransactionCount
[2021/11/22 09:31:57.413] - eth_getBalance
[2021/11/22 09:31:57.413] - eth_getTransactionCount
[2021/11/22 09:31:57.413] - eth_getBalance
[2021/11/22 09:31:57.414] - eth_getTransactionCount
[2021/11/22 09:31:57.414] - eth_getBalance
[2021/11/22 09:31:57.415] - eth_getTransactionCount
[2021/11/22 09:31:57.415] - eth_getBalance
[2021/11/22 09:31:57.416] - eth_getTransactionCount
[2021/11/22 09:31:57.416] - eth_getBalance
[2021/11/22 09:31:57.416] - eth_getTransactionCount
[2021/11/22 09:31:57.417] - eth_getBalance
[2021/11/22 09:31:57.418] - eth_getTransactionCount
[2021/11/22 09:31:57.418] - eth_getBalance
[2021/11/22 09:31:57.418] - eth_getTransactionCount
[2021/11/22 09:31:57.419] - eth_getBalance
[2021/11/22 09:31:57.419] - eth_getTransactionCount
[2021/11/22 09:31:57.420] - eth_getBalance
[2021/11/22 09:31:57.420] - eth_getTransactionCount
[2021/11/22 09:31:57.428] - eth_getBalance
[2021/11/22 09:31:57.428] - eth_getTransactionCount
[2021/11/22 09:31:57.429] - eth_getBalance
[2021/11/22 09:31:57.430] - eth_getTransactionCount
[2021/11/22 09:31:57.436] - eth_getBalance
[2021/11/22 09:31:57.437] - eth_getTransactionCount
[2021/11/22 09:31:57.437] - eth_getBalance
[2021/11/22 09:31:57.438] - eth_getTransactionCount
[2021/11/22 09:31:57.438] - eth_getBalance
[2021/11/22 09:31:57.438] - eth_getTransactionCount
[2021/11/22 09:31:57.438] - eth_getBalance
[2021/11/22 09:31:57.441] - eth_getTransactionCount
[2021/11/22 09:31:57.441] - eth_getBalance
[2021/11/22 09:31:57.441] - eth_getTransactionCount
[2021/11/22 09:31:57.441] - eth_getBalance
[2021/11/22 09:31:57.441] - eth_getTransactionCount
[2021/11/22 09:31:57.441] - eth_getBalance
[2021/11/22 09:31:57.441] - eth_getTransactionCount
[2021/11/22 09:31:57.442] - eth_getBalance
[2021/11/22 09:31:57.442] - eth_getTransactionCount
[2021/11/22 09:31:57.442] - eth_getBalance
[2021/11/22 09:31:57.442] - eth_getTransactionCount
[2021/11/22 09:31:57.442] - eth_getBalance
[2021/11/22 09:31:57.442] - eth_getTransactionCount
[2021/11/22 09:31:57.442] - eth_getBalance
[2021/11/22 09:31:57.442] - eth_getTransactionCount
[2021/11/22 09:31:57.442] - eth_getBalance
[2021/11/22 09:31:57.442] - eth_getTransactionCount
[2021/11/22 09:31:57.442] - eth_getBalance
[2021/11/22 09:31:57.442] - eth_getTransactionCount
[2021/11/22 09:31:57.443] - eth_getBalance
[2021/11/22 09:31:57.443] - eth_getTransactionCount
[2021/11/22 09:31:57.443] - eth_getBalance
[2021/11/22 09:31:57.443] - eth_getTransactionCount
[2021/11/22 09:31:57.443] - eth_getBalance
[2021/11/22 09:31:57.443] - eth_getTransactionCount
[2021/11/22 09:31:57.444] - eth_getBalance
[2021/11/22 09:31:57.444] - eth_getTransactionCount
[2021/11/22 09:31:57.444] - eth_getBalance
[2021/11/22 09:31:57.444] - eth_getTransactionCount
[2021/11/22 09:31:57.445] - eth_getBalance
[2021/11/22 09:31:57.445] - eth_getTransactionCount
[2021/11/22 09:31:57.446] - eth_getBalance
[2021/11/22 09:31:57.446] - eth_getTransactionCount
[2021/11/22 09:31:57.447] - eth_getBalance
[2021/11/22 09:31:57.448] - eth_getTransactionCount
[2021/11/22 09:31:57.448] - eth_getBalance
[2021/11/22 09:31:57.448] - eth_getTransactionCount
[2021/11/22 09:31:57.448] - eth_getBalance
[2021/11/22 09:31:57.449] - eth_getTransactionCount
[2021/11/22 09:31:57.450] - eth_getBalance
[2021/11/22 09:31:57.450] - eth_getTransactionCount
[2021/11/22 09:31:57.450] - eth_getBalance
[2021/11/22 09:31:57.451] - eth_getTransactionCount
[2021/11/22 09:31:57.451] - eth_getBalance
[2021/11/22 09:31:57.452] - eth_getTransactionCount
[2021/11/22 09:31:57.452] - eth_getBalance
[2021/11/22 09:31:57.453] - eth_getTransactionCount
[2021/11/22 09:31:57.453] - eth_getBalance
[2021/11/22 09:31:57.453] - eth_getTransactionCount
[2021/11/22 09:31:57.454] - eth_getBalance
[2021/11/22 09:31:57.454] - eth_getTransactionCount
[2021/11/22 09:31:57.455] - eth_getBalance
[2021/11/22 09:31:57.455] - eth_getTransactionCount
[2021/11/22 09:31:57.456] - eth_getBalance
[2021/11/22 09:31:57.456] - eth_getTransactionCount
[2021/11/22 09:31:57.457] - eth_getBalance
[2021/11/22 09:31:57.458] - eth_getTransactionCount
[2021/11/22 09:31:57.458] - eth_getBalance
[2021/11/22 09:31:57.459] - eth_getTransactionCount
[2021/11/22 09:31:57.459] - eth_getBalance
[2021/11/22 09:31:57.460] - eth_getTransactionCount
[2021/11/22 09:31:57.460] - eth_getBalance
[2021/11/22 09:31:57.461] - eth_getTransactionCount
[2021/11/22 09:31:57.461] - eth_getBalance
[2021/11/22 09:31:57.465] - eth_getTransactionCount
[2021/11/22 09:31:57.466] - eth_getBalance
[2021/11/22 09:31:57.466] - eth_getTransactionCount
[2021/11/22 09:31:57.468] - eth_getBalance
[2021/11/22 09:31:57.468] - eth_getTransactionCount
[2021/11/22 09:31:57.468] - eth_getBalance
[2021/11/22 09:31:57.468] - eth_getTransactionCount
[2021/11/22 09:31:57.468] - eth_getBalance
[2021/11/22 09:31:57.468] - eth_getTransactionCount
[2021/11/22 09:31:57.468] - eth_getBalance
[2021/11/22 09:31:57.468] - eth_getTransactionCount
[2021/11/22 09:31:57.469] - eth_getBalance
[2021/11/22 09:31:57.469] - eth_getTransactionCount
[2021/11/22 09:31:57.469] - eth_getBalance
[2021/11/22 09:31:57.469] - eth_getTransactionCount
[2021/11/22 09:35:12.939] - eth_chainId
[2021/11/22 09:35:12.942] - eth_getTransactionCount
[2021/11/22 09:35:12.943] - eth_getBlockByNumber
[2021/11/22 09:35:12.944] - eth_gasPrice
[2021/11/22 09:35:12.988] - eth_sendRawTransaction
[2021/11/22 09:35:28.567] - eth_unsubscribe
[2021/11/22 09:35:28.569] - eth_unsubscribe
