[2021/11/19 15:34:05.579] - Starting server with initial configuration: {"gasLimit":67219750000000,"gasPrice":20000000000,"hardfork":"muirGlacier","hostname":"127.0.0.1","port":7545,"network_id":5777,"default_balance_ether":10000,"total_accounts":100,"unlocked_accounts":[],"locked":false,"vmErrorsOnRPCResponse":true,"verbose":false,"db_path":"/Users/zeshunshi/Library/Application Support/Ganache/workspaces/AWESOME/chaindata","logDirectory":"/Users/zeshunshi/Documents/SCTesting/logs_Ganache"}
[2021/11/19 15:34:05.711] - eth_subscribe
[2021/11/19 15:34:05.711] - eth_getLogs
[2021/11/19 15:34:05.711] - eth_subscribe
[2021/11/19 15:34:05.732] - eth_subscribe
[2021/11/19 15:34:05.733] - eth_getLogs
[2021/11/19 15:34:05.733] - eth_subscribe
[2021/11/19 15:34:05.759] - eth_blockNumber
[2021/11/19 15:34:05.759] - eth_accounts
[2021/11/19 15:34:05.759] - eth_gasPrice
[2021/11/19 15:34:05.759] - eth_getBlockByNumber
[2021/11/19 15:34:05.760] - eth_subscribe
[2021/11/19 15:34:05.767] - eth_accounts
[2021/11/19 15:34:05.798] - eth_getBalance
[2021/11/19 15:34:05.803] - eth_getTransactionCount
[2021/11/19 15:34:05.807] - eth_getBalance
[2021/11/19 15:34:05.813] - eth_getTransactionCount
[2021/11/19 15:34:05.817] - eth_getBalance
[2021/11/19 15:34:05.822] - eth_getTransactionCount
[2021/11/19 15:34:05.829] - eth_getBalance
[2021/11/19 15:34:05.833] - eth_getTransactionCount
[2021/11/19 15:34:05.837] - eth_getBalance
[2021/11/19 15:34:05.845] - eth_getTransactionCount
[2021/11/19 15:34:05.846] - eth_getBalance
[2021/11/19 15:34:05.849] - eth_getTransactionCount
[2021/11/19 15:34:05.852] - eth_getBalance
[2021/11/19 15:34:05.857] - eth_getTransactionCount
[2021/11/19 15:34:05.860] - eth_getBalance
[2021/11/19 15:34:05.865] - eth_getTransactionCount
[2021/11/19 15:34:05.869] - eth_getBalance
[2021/11/19 15:34:05.872] - eth_getTransactionCount
[2021/11/19 15:34:05.880] - eth_getBalance
[2021/11/19 15:34:05.884] - eth_getTransactionCount
[2021/11/19 15:34:05.888] - eth_getBalance
[2021/11/19 15:34:05.891] - eth_getTransactionCount
[2021/11/19 15:34:05.896] - eth_getBalance
[2021/11/19 15:34:05.901] - eth_getTransactionCount
[2021/11/19 15:34:05.908] - eth_getBalance
[2021/11/19 15:34:05.911] - eth_getTransactionCount
[2021/11/19 15:34:05.914] - eth_getBalance
[2021/11/19 15:34:05.922] - eth_getTransactionCount
[2021/11/19 15:34:05.923] - eth_getBalance
[2021/11/19 15:34:05.927] - eth_getTransactionCount
[2021/11/19 15:34:05.929] - eth_getBalance
[2021/11/19 15:34:05.933] - eth_getTransactionCount
[2021/11/19 15:34:05.936] - eth_getBalance
[2021/11/19 15:34:05.941] - eth_getTransactionCount
[2021/11/19 15:34:05.943] - eth_getBalance
[2021/11/19 15:34:05.947] - eth_getTransactionCount
[2021/11/19 15:34:05.953] - eth_getBalance
[2021/11/19 15:34:05.954] - eth_getTransactionCount
[2021/11/19 15:34:05.960] - eth_getBalance
[2021/11/19 15:34:05.962] - eth_getTransactionCount
[2021/11/19 15:34:05.967] - eth_getBalance
[2021/11/19 15:34:05.972] - eth_getTransactionCount
[2021/11/19 15:34:05.974] - eth_getBalance
[2021/11/19 15:34:05.978] - eth_getTransactionCount
[2021/11/19 15:34:05.983] - eth_getBalance
[2021/11/19 15:34:05.987] - eth_getTransactionCount
[2021/11/19 15:34:05.991] - eth_getBalance
[2021/11/19 15:34:05.996] - eth_getTransactionCount
[2021/11/19 15:34:05.998] - eth_getBalance
[2021/11/19 15:34:06.002] - eth_getTransactionCount
[2021/11/19 15:34:06.006] - eth_getBalance
[2021/11/19 15:34:06.010] - eth_getTransactionCount
[2021/11/19 15:34:06.014] - eth_getBalance
[2021/11/19 15:34:06.017] - eth_getTransactionCount
[2021/11/19 15:34:06.021] - eth_getBalance
[2021/11/19 15:34:06.025] - eth_getTransactionCount
[2021/11/19 15:34:06.029] - eth_getBalance
[2021/11/19 15:34:06.035] - eth_getTransactionCount
[2021/11/19 15:34:06.040] - eth_getBalance
[2021/11/19 15:34:06.048] - eth_getTransactionCount
[2021/11/19 15:34:06.054] - eth_getBalance
[2021/11/19 15:34:06.058] - eth_getTransactionCount
[2021/11/19 15:34:06.062] - eth_getBalance
[2021/11/19 15:34:06.068] - eth_getTransactionCount
[2021/11/19 15:34:06.071] - eth_getBalance
[2021/11/19 15:34:06.074] - eth_getTransactionCount
[2021/11/19 15:34:06.080] - eth_getBalance
[2021/11/19 15:34:06.081] - eth_getTransactionCount
[2021/11/19 15:34:06.085] - eth_getBalance
[2021/11/19 15:34:06.091] - eth_getTransactionCount
[2021/11/19 15:34:06.095] - eth_getBalance
[2021/11/19 15:34:06.099] - eth_getTransactionCount
[2021/11/19 15:34:06.103] - eth_getBalance
[2021/11/19 15:34:06.107] - eth_getTransactionCount
[2021/11/19 15:34:06.110] - eth_getBalance
[2021/11/19 15:34:06.114] - eth_getTransactionCount
[2021/11/19 15:34:06.122] - eth_getBalance
[2021/11/19 15:34:06.122] - eth_getTransactionCount
[2021/11/19 15:34:06.127] - eth_getBalance
[2021/11/19 15:34:06.130] - eth_getTransactionCount
[2021/11/19 15:34:06.133] - eth_getBalance
[2021/11/19 15:34:06.139] - eth_getTransactionCount
[2021/11/19 15:34:06.142] - eth_getBalance
[2021/11/19 15:34:06.145] - eth_getTransactionCount
[2021/11/19 15:34:06.151] - eth_getBalance
[2021/11/19 15:34:06.154] - eth_getTransactionCount
[2021/11/19 15:34:06.157] - eth_getBalance
[2021/11/19 15:34:06.161] - eth_getTransactionCount
[2021/11/19 15:34:06.165] - eth_getBalance
[2021/11/19 15:34:06.169] - eth_getTransactionCount
[2021/11/19 15:34:06.178] - eth_getBalance
[2021/11/19 15:34:06.179] - eth_getTransactionCount
[2021/11/19 15:34:06.184] - eth_getBalance
[2021/11/19 15:34:06.188] - eth_getTransactionCount
[2021/11/19 15:34:06.193] - eth_getBalance
[2021/11/19 15:34:06.194] - eth_getTransactionCount
[2021/11/19 15:34:06.198] - eth_getBalance
[2021/11/19 15:34:06.204] - eth_getTransactionCount
[2021/11/19 15:34:06.206] - eth_getBalance
[2021/11/19 15:34:06.210] - eth_getTransactionCount
[2021/11/19 15:34:06.214] - eth_getBalance
[2021/11/19 15:34:06.221] - eth_getTransactionCount
[2021/11/19 15:34:06.222] - eth_getBalance
[2021/11/19 15:34:06.226] - eth_getTransactionCount
[2021/11/19 15:34:06.230] - eth_getBalance
[2021/11/19 15:34:06.235] - eth_getTransactionCount
[2021/11/19 15:34:06.239] - eth_getBalance
[2021/11/19 15:34:06.242] - eth_getTransactionCount
[2021/11/19 15:34:06.246] - eth_getBalance
[2021/11/19 15:34:06.249] - eth_getTransactionCount
[2021/11/19 15:34:06.253] - eth_getBalance
[2021/11/19 15:34:06.258] - eth_getTransactionCount
[2021/11/19 15:34:06.265] - eth_getBalance
[2021/11/19 15:34:06.265] - eth_getTransactionCount
[2021/11/19 15:34:06.266] - eth_getBalance
[2021/11/19 15:34:06.274] - eth_getTransactionCount
[2021/11/19 15:34:06.274] - eth_getBalance
[2021/11/19 15:34:06.280] - eth_getTransactionCount
[2021/11/19 15:34:06.282] - eth_getBalance
[2021/11/19 15:34:06.286] - eth_getTransactionCount
[2021/11/19 15:34:06.289] - eth_getBalance
[2021/11/19 15:34:06.292] - eth_getTransactionCount
[2021/11/19 15:34:06.296] - eth_getBalance
[2021/11/19 15:34:06.300] - eth_getTransactionCount
[2021/11/19 15:34:06.303] - eth_getBalance
[2021/11/19 15:34:06.307] - eth_getTransactionCount
[2021/11/19 15:34:06.310] - eth_getBalance
[2021/11/19 15:34:06.313] - eth_getTransactionCount
[2021/11/19 15:34:06.317] - eth_getBalance
[2021/11/19 15:34:06.321] - eth_getTransactionCount
[2021/11/19 15:34:06.328] - eth_getBalance
[2021/11/19 15:34:06.334] - eth_getTransactionCount
[2021/11/19 15:34:06.337] - eth_getBalance
[2021/11/19 15:34:06.341] - eth_getTransactionCount
[2021/11/19 15:34:06.344] - eth_getBalance
[2021/11/19 15:34:06.348] - eth_getTransactionCount
[2021/11/19 15:34:06.353] - eth_getBalance
[2021/11/19 15:34:06.358] - eth_getTransactionCount
[2021/11/19 15:34:06.359] - eth_getBalance
[2021/11/19 15:34:06.366] - eth_getTransactionCount
[2021/11/19 15:34:06.367] - eth_getBalance
[2021/11/19 15:34:06.372] - eth_getTransactionCount
[2021/11/19 15:34:06.376] - eth_getBalance
[2021/11/19 15:34:06.380] - eth_getTransactionCount
[2021/11/19 15:34:06.389] - eth_getBalance
[2021/11/19 15:34:06.390] - eth_getTransactionCount
[2021/11/19 15:34:06.394] - eth_getBalance
[2021/11/19 15:34:06.398] - eth_getTransactionCount
[2021/11/19 15:34:06.402] - eth_getBalance
[2021/11/19 15:34:06.406] - eth_getTransactionCount
[2021/11/19 15:34:06.409] - eth_getBalance
[2021/11/19 15:34:06.413] - eth_getTransactionCount
[2021/11/19 15:34:06.417] - eth_getBalance
[2021/11/19 15:34:06.422] - eth_getTransactionCount
[2021/11/19 15:34:06.426] - eth_getBalance
[2021/11/19 15:34:06.429] - eth_getTransactionCount
[2021/11/19 15:34:06.433] - eth_getBalance
[2021/11/19 15:34:06.436] - eth_getTransactionCount
[2021/11/19 15:34:06.440] - eth_getBalance
[2021/11/19 15:34:06.443] - eth_getTransactionCount
[2021/11/19 15:34:06.446] - eth_getBalance
[2021/11/19 15:34:06.450] - eth_getTransactionCount
[2021/11/19 15:34:06.453] - eth_getBalance
[2021/11/19 15:34:06.457] - eth_getTransactionCount
[2021/11/19 15:34:06.461] - eth_getBalance
[2021/11/19 15:34:06.467] - eth_getTransactionCount
[2021/11/19 15:34:06.471] - eth_getBalance
[2021/11/19 15:34:06.478] - eth_getTransactionCount
[2021/11/19 15:34:06.483] - eth_getBalance
[2021/11/19 15:34:06.488] - eth_getTransactionCount
[2021/11/19 15:34:06.489] - eth_getBalance
[2021/11/19 15:34:06.493] - eth_getTransactionCount
[2021/11/19 15:34:06.500] - eth_getBalance
[2021/11/19 15:34:06.501] - eth_getTransactionCount
[2021/11/19 15:34:06.503] - eth_getBalance
[2021/11/19 15:34:06.510] - eth_getTransactionCount
[2021/11/19 15:34:06.511] - eth_getBalance
[2021/11/19 15:34:06.519] - eth_getTransactionCount
[2021/11/19 15:34:06.519] - eth_getBalance
[2021/11/19 15:34:06.523] - eth_getTransactionCount
[2021/11/19 15:34:06.527] - eth_getBalance
[2021/11/19 15:34:06.534] - eth_getTransactionCount
[2021/11/19 15:34:06.535] - eth_getBalance
[2021/11/19 15:34:06.540] - eth_getTransactionCount
[2021/11/19 15:34:06.542] - eth_getBalance
[2021/11/19 15:34:06.565] - eth_getTransactionCount
[2021/11/19 15:34:06.566] - eth_getBalance
[2021/11/19 15:34:06.574] - eth_getTransactionCount
[2021/11/19 15:34:06.574] - eth_getBalance
[2021/11/19 15:34:06.574] - eth_getTransactionCount
[2021/11/19 15:34:06.575] - eth_getBalance
[2021/11/19 15:34:06.575] - eth_getTransactionCount
[2021/11/19 15:34:06.575] - eth_getBalance
[2021/11/19 15:34:06.577] - eth_getTransactionCount
[2021/11/19 15:34:06.579] - eth_getBalance
[2021/11/19 15:34:06.582] - eth_getTransactionCount
[2021/11/19 15:34:06.589] - eth_getBalance
[2021/11/19 15:34:06.589] - eth_getTransactionCount
[2021/11/19 15:34:06.593] - eth_getBalance
[2021/11/19 15:34:06.596] - eth_getTransactionCount
[2021/11/19 15:34:06.603] - eth_blockNumber
[2021/11/19 15:34:06.603] - eth_accounts
[2021/11/19 15:34:06.603] - eth_gasPrice
[2021/11/19 15:34:06.603] - eth_getBlockByNumber
[2021/11/19 15:34:06.603] - eth_subscribe
[2021/11/19 15:34:06.684] - eth_getTransactionCount
[2021/11/19 15:34:06.688] - eth_getBalance
[2021/11/19 15:34:06.693] - eth_getTransactionCount
[2021/11/19 15:34:06.696] - eth_getBalance
[2021/11/19 15:34:06.700] - eth_getTransactionCount
[2021/11/19 15:34:06.705] - eth_getBalance
[2021/11/19 15:34:06.710] - eth_getTransactionCount
[2021/11/19 15:34:06.714] - eth_getBalance
[2021/11/19 15:34:06.718] - eth_getTransactionCount
[2021/11/19 15:34:06.722] - eth_getBalance
[2021/11/19 15:34:06.726] - eth_getTransactionCount
[2021/11/19 15:34:06.733] - eth_getBalance
[2021/11/19 15:34:06.744] - eth_getTransactionCount
[2021/11/19 15:34:06.754] - eth_getBalance
[2021/11/19 15:34:06.763] - eth_getTransactionCount
[2021/11/19 15:34:06.771] - eth_getBalance
[2021/11/19 15:34:06.775] - eth_getTransactionCount
[2021/11/19 15:34:06.779] - eth_getBalance
[2021/11/19 15:34:06.784] - eth_getTransactionCount
[2021/11/19 15:34:06.788] - eth_getBalance
[2021/11/19 15:34:06.798] - eth_getTransactionCount
[2021/11/19 15:34:06.804] - eth_getBalance
[2021/11/19 15:34:06.809] - eth_getTransactionCount
[2021/11/19 15:34:06.814] - eth_getBalance
[2021/11/19 15:34:06.818] - eth_getTransactionCount
[2021/11/19 15:34:06.823] - eth_getBalance
[2021/11/19 15:34:06.829] - eth_getTransactionCount
[2021/11/19 15:34:06.832] - eth_getBalance
[2021/11/19 15:34:06.837] - eth_getTransactionCount
[2021/11/19 15:34:06.841] - eth_getBalance
[2021/11/19 15:34:06.845] - eth_getTransactionCount
[2021/11/19 15:34:06.849] - eth_getBalance
[2021/11/19 15:34:06.853] - eth_getTransactionCount
[2021/11/19 15:34:06.857] - eth_getBalance
[2021/11/19 15:34:06.861] - eth_getTransactionCount
[2021/11/19 15:34:06.865] - eth_getBalance
[2021/11/19 15:34:06.869] - eth_getTransactionCount
[2021/11/19 15:34:06.877] - eth_getBalance
[2021/11/19 15:34:06.878] - eth_getTransactionCount
[2021/11/19 15:34:06.885] - eth_getBalance
[2021/11/19 15:34:06.887] - eth_getTransactionCount
[2021/11/19 15:34:06.896] - eth_getBalance
[2021/11/19 15:34:06.902] - eth_getTransactionCount
[2021/11/19 15:34:06.907] - eth_getBalance
[2021/11/19 15:34:06.911] - eth_getTransactionCount
[2021/11/19 15:34:06.915] - eth_getBalance
[2021/11/19 15:34:06.919] - eth_getTransactionCount
[2021/11/19 15:34:06.923] - eth_getBalance
[2021/11/19 15:34:06.926] - eth_getTransactionCount
[2021/11/19 15:34:06.931] - eth_getBalance
[2021/11/19 15:34:06.935] - eth_getTransactionCount
[2021/11/19 15:34:06.942] - eth_getBalance
[2021/11/19 15:34:06.947] - eth_getTransactionCount
[2021/11/19 15:34:06.949] - eth_getBalance
[2021/11/19 15:34:06.953] - eth_getTransactionCount
[2021/11/19 15:34:06.958] - eth_getBalance
[2021/11/19 15:34:06.962] - eth_getTransactionCount
[2021/11/19 15:34:06.966] - eth_getBalance
[2021/11/19 15:34:06.970] - eth_getTransactionCount
[2021/11/19 15:34:06.974] - eth_getBalance
[2021/11/19 15:34:06.978] - eth_getTransactionCount
[2021/11/19 15:34:06.982] - eth_getBalance
[2021/11/19 15:34:06.986] - eth_getTransactionCount
[2021/11/19 15:34:06.993] - eth_getBalance
[2021/11/19 15:34:06.997] - eth_getTransactionCount
[2021/11/19 15:34:07.002] - eth_getBalance
[2021/11/19 15:34:07.006] - eth_getTransactionCount
[2021/11/19 15:34:07.010] - eth_getBalance
[2021/11/19 15:34:07.014] - eth_getTransactionCount
[2021/11/19 15:34:07.021] - eth_getBalance
[2021/11/19 15:34:07.025] - eth_getTransactionCount
[2021/11/19 15:34:07.030] - eth_getBalance
[2021/11/19 15:34:07.039] - eth_getTransactionCount
[2021/11/19 15:34:07.044] - eth_getBalance
[2021/11/19 15:34:07.050] - eth_getTransactionCount
[2021/11/19 15:34:07.055] - eth_getBalance
[2021/11/19 15:34:07.064] - eth_getTransactionCount
[2021/11/19 15:34:07.068] - eth_getBalance
[2021/11/19 15:34:07.073] - eth_getTransactionCount
[2021/11/19 15:34:07.077] - eth_getBalance
[2021/11/19 15:34:07.081] - eth_getTransactionCount
[2021/11/19 15:34:07.085] - eth_getBalance
[2021/11/19 15:34:07.089] - eth_getTransactionCount
[2021/11/19 15:34:07.096] - eth_getBalance
[2021/11/19 15:34:07.104] - eth_getTransactionCount
[2021/11/19 15:34:07.108] - eth_getBalance
[2021/11/19 15:34:07.114] - eth_getTransactionCount
[2021/11/19 15:34:07.118] - eth_getBalance
[2021/11/19 15:34:07.123] - eth_getTransactionCount
[2021/11/19 15:34:07.128] - eth_getBalance
[2021/11/19 15:34:07.133] - eth_getTransactionCount
[2021/11/19 15:34:07.134] - eth_getBalance
[2021/11/19 15:34:07.139] - eth_getTransactionCount
[2021/11/19 15:34:07.142] - eth_getBalance
[2021/11/19 15:34:07.151] - eth_getTransactionCount
[2021/11/19 15:34:07.152] - eth_getBalance
[2021/11/19 15:34:07.155] - eth_getTransactionCount
[2021/11/19 15:34:07.159] - eth_getBalance
[2021/11/19 15:34:07.163] - eth_getTransactionCount
[2021/11/19 15:34:07.169] - eth_getBalance
[2021/11/19 15:34:07.174] - eth_getTransactionCount
[2021/11/19 15:34:07.178] - eth_getBalance
[2021/11/19 15:34:07.182] - eth_getTransactionCount
[2021/11/19 15:34:07.186] - eth_getBalance
[2021/11/19 15:34:07.194] - eth_getTransactionCount
[2021/11/19 15:34:07.195] - eth_getBalance
[2021/11/19 15:34:07.198] - eth_getTransactionCount
[2021/11/19 15:34:07.202] - eth_getBalance
[2021/11/19 15:34:07.207] - eth_getTransactionCount
[2021/11/19 15:34:07.211] - eth_getBalance
[2021/11/19 15:34:07.215] - eth_getTransactionCount
[2021/11/19 15:34:07.221] - eth_getBalance
[2021/11/19 15:34:07.225] - eth_getTransactionCount
[2021/11/19 15:34:07.230] - eth_getBalance
[2021/11/19 15:34:07.237] - eth_getTransactionCount
[2021/11/19 15:34:07.237] - eth_getBalance
[2021/11/19 15:34:07.241] - eth_getTransactionCount
[2021/11/19 15:34:07.245] - eth_getBalance
[2021/11/19 15:34:07.249] - eth_getTransactionCount
[2021/11/19 15:34:07.253] - eth_getBalance
[2021/11/19 15:34:07.258] - eth_getTransactionCount
[2021/11/19 15:34:07.267] - eth_getBalance
[2021/11/19 15:34:07.267] - eth_getTransactionCount
[2021/11/19 15:34:07.272] - eth_getBalance
[2021/11/19 15:34:07.276] - eth_getTransactionCount
[2021/11/19 15:34:07.280] - eth_getBalance
[2021/11/19 15:34:07.284] - eth_getTransactionCount
[2021/11/19 15:34:07.289] - eth_getBalance
[2021/11/19 15:34:07.296] - eth_getTransactionCount
[2021/11/19 15:34:07.296] - eth_getBalance
[2021/11/19 15:34:07.308] - eth_getTransactionCount
[2021/11/19 15:34:07.309] - eth_getBalance
[2021/11/19 15:34:07.309] - eth_getTransactionCount
[2021/11/19 15:34:07.318] - eth_getBalance
[2021/11/19 15:34:07.318] - eth_getTransactionCount
[2021/11/19 15:34:07.324] - eth_getBalance
[2021/11/19 15:34:07.330] - eth_getTransactionCount
[2021/11/19 15:34:07.343] - eth_getBalance
[2021/11/19 15:34:07.350] - eth_getTransactionCount
[2021/11/19 15:34:07.355] - eth_getBalance
[2021/11/19 15:34:07.359] - eth_getTransactionCount
[2021/11/19 15:34:07.363] - eth_getBalance
[2021/11/19 15:34:07.367] - eth_getTransactionCount
[2021/11/19 15:34:07.371] - eth_getBalance
[2021/11/19 15:34:07.376] - eth_getTransactionCount
[2021/11/19 15:34:07.380] - eth_getBalance
[2021/11/19 15:34:07.384] - eth_getTransactionCount
[2021/11/19 15:34:07.392] - eth_getBalance
[2021/11/19 15:34:07.395] - eth_getTransactionCount
[2021/11/19 15:34:07.400] - eth_getBalance
[2021/11/19 15:34:07.404] - eth_getTransactionCount
[2021/11/19 15:34:07.408] - eth_getBalance
[2021/11/19 15:34:07.415] - eth_getTransactionCount
[2021/11/19 15:34:07.426] - eth_getBalance
[2021/11/19 15:34:07.427] - eth_getTransactionCount
[2021/11/19 15:34:07.427] - eth_getBalance
[2021/11/19 15:34:07.434] - eth_getTransactionCount
[2021/11/19 15:34:07.434] - eth_getBalance
[2021/11/19 15:34:07.440] - eth_getTransactionCount
[2021/11/19 15:34:07.447] - eth_getBalance
[2021/11/19 15:34:07.451] - eth_getTransactionCount
[2021/11/19 15:34:07.460] - eth_getBalance
[2021/11/19 15:34:07.464] - eth_getTransactionCount
[2021/11/19 15:34:07.469] - eth_getBalance
[2021/11/19 15:34:07.473] - eth_getTransactionCount
[2021/11/19 15:34:07.477] - eth_getBalance
[2021/11/19 15:34:07.482] - eth_getTransactionCount
[2021/11/19 15:34:07.487] - eth_getBalance
[2021/11/19 15:34:07.495] - eth_getTransactionCount
[2021/11/19 15:34:07.495] - eth_getBalance
[2021/11/19 15:34:07.500] - eth_getTransactionCount
[2021/11/19 15:34:07.505] - eth_getBalance
[2021/11/19 15:34:07.509] - eth_getTransactionCount
[2021/11/19 15:34:07.514] - eth_getBalance
[2021/11/19 15:34:07.518] - eth_getTransactionCount
[2021/11/19 15:34:07.522] - eth_getBalance
[2021/11/19 15:34:07.526] - eth_getTransactionCount
[2021/11/19 15:34:07.530] - eth_getBalance
[2021/11/19 15:34:07.535] - eth_getTransactionCount
[2021/11/19 15:34:07.539] - eth_getBalance
[2021/11/19 15:34:07.543] - eth_getTransactionCount
[2021/11/19 15:34:07.548] - eth_getBalance
[2021/11/19 15:34:07.556] - eth_getTransactionCount
[2021/11/19 15:34:07.557] - eth_getBalance
[2021/11/19 15:34:07.562] - eth_getTransactionCount
[2021/11/19 15:34:07.567] - eth_getBalance
[2021/11/19 15:34:07.575] - eth_getTransactionCount
[2021/11/19 15:34:07.575] - eth_getBalance
[2021/11/19 15:34:07.578] - eth_getTransactionCount
[2021/11/19 15:34:07.583] - eth_getBalance
[2021/11/19 15:34:07.591] - eth_getTransactionCount
[2021/11/19 15:34:07.591] - eth_getBalance
[2021/11/19 15:34:07.594] - eth_getTransactionCount
[2021/11/19 15:34:07.600] - eth_getBalance
[2021/11/19 15:34:07.612] - eth_getTransactionCount
[2021/11/19 15:34:07.613] - eth_getBalance
[2021/11/19 15:34:07.613] - eth_getTransactionCount
[2021/11/19 15:34:07.618] - eth_getBalance
[2021/11/19 15:34:07.622] - eth_getTransactionCount
[2021/11/19 15:34:09.634] - eth_unsubscribe
[2021/11/19 15:34:09.634] - eth_unsubscribe
