[2021/11/19 15:33:14.570] - Starting server with initial configuration: {"gasLimit":67219750000000,"gasPrice":20000000000,"hardfork":"muirGlacier","hostname":"127.0.0.1","port":7545,"network_id":5777,"default_balance_ether":10000,"total_accounts":100,"unlocked_accounts":[],"locked":false,"vmErrorsOnRPCResponse":true,"verbose":false,"db_path":"/Users/zeshunshi/Library/Application Support/Ganache/workspaces/AWESOME/chaindata","logDirectory":"/Users/zeshunshi/Documents/SCTesting/logs_Ganache"}
[2021/11/19 15:33:14.718] - eth_subscribe
[2021/11/19 15:33:14.719] - eth_getLogs
[2021/11/19 15:33:14.721] - eth_subscribe
[2021/11/19 15:33:14.751] - eth_subscribe
[2021/11/19 15:33:14.751] - eth_getLogs
[2021/11/19 15:33:14.752] - eth_subscribe
[2021/11/19 15:33:14.797] - eth_blockNumber
[2021/11/19 15:33:14.798] - eth_accounts
[2021/11/19 15:33:14.798] - eth_gasPrice
[2021/11/19 15:33:14.798] - eth_getBlockByNumber
[2021/11/19 15:33:14.799] - eth_subscribe
[2021/11/19 15:33:14.809] - eth_accounts
[2021/11/19 15:33:14.873] - eth_getBalance
[2021/11/19 15:33:14.883] - eth_getTransactionCount
[2021/11/19 15:33:14.893] - eth_getBalance
[2021/11/19 15:33:14.902] - eth_getTransactionCount
[2021/11/19 15:33:14.913] - eth_getBalance
[2021/11/19 15:33:14.922] - eth_getTransactionCount
[2021/11/19 15:33:14.929] - eth_getBalance
[2021/11/19 15:33:14.937] - eth_getTransactionCount
[2021/11/19 15:33:14.943] - eth_getBalance
[2021/11/19 15:33:14.948] - eth_getTransactionCount
[2021/11/19 15:33:14.958] - eth_getBalance
[2021/11/19 15:33:14.965] - eth_getTransactionCount
[2021/11/19 15:33:14.969] - eth_getBalance
[2021/11/19 15:33:14.978] - eth_getTransactionCount
[2021/11/19 15:33:14.987] - eth_getBalance
[2021/11/19 15:33:14.993] - eth_getTransactionCount
[2021/11/19 15:33:14.998] - eth_getBalance
[2021/11/19 15:33:15.007] - eth_getTransactionCount
[2021/11/19 15:33:15.013] - eth_getBalance
[2021/11/19 15:33:15.024] - eth_getTransactionCount
[2021/11/19 15:33:15.034] - eth_getBalance
[2021/11/19 15:33:15.046] - eth_getTransactionCount
[2021/11/19 15:33:15.053] - eth_getBalance
[2021/11/19 15:33:15.065] - eth_getTransactionCount
[2021/11/19 15:33:15.079] - eth_getBalance
[2021/11/19 15:33:15.086] - eth_getTransactionCount
[2021/11/19 15:33:15.095] - eth_getBalance
[2021/11/19 15:33:15.101] - eth_getTransactionCount
[2021/11/19 15:33:15.116] - eth_getBalance
[2021/11/19 15:33:15.116] - eth_getTransactionCount
[2021/11/19 15:33:15.119] - eth_getBalance
[2021/11/19 15:33:15.129] - eth_getTransactionCount
[2021/11/19 15:33:15.148] - eth_getBalance
[2021/11/19 15:33:15.163] - eth_getTransactionCount
[2021/11/19 15:33:15.169] - eth_getBalance
[2021/11/19 15:33:15.183] - eth_getTransactionCount
[2021/11/19 15:33:15.194] - eth_getBalance
[2021/11/19 15:33:15.199] - eth_getTransactionCount
[2021/11/19 15:33:15.204] - eth_getBalance
[2021/11/19 15:33:15.207] - eth_getTransactionCount
[2021/11/19 15:33:15.213] - eth_getBalance
[2021/11/19 15:33:15.221] - eth_getTransactionCount
[2021/11/19 15:33:15.225] - eth_getBalance
[2021/11/19 15:33:15.233] - eth_getTransactionCount
[2021/11/19 15:33:15.238] - eth_getBalance
[2021/11/19 15:33:15.243] - eth_getTransactionCount
[2021/11/19 15:33:15.247] - eth_getBalance
[2021/11/19 15:33:15.252] - eth_getTransactionCount
[2021/11/19 15:33:15.259] - eth_getBalance
[2021/11/19 15:33:15.270] - eth_getTransactionCount
[2021/11/19 15:33:15.271] - eth_getBalance
[2021/11/19 15:33:15.274] - eth_getTransactionCount
[2021/11/19 15:33:15.276] - eth_getBalance
[2021/11/19 15:33:15.279] - eth_getTransactionCount
[2021/11/19 15:33:15.283] - eth_getBalance
[2021/11/19 15:33:15.287] - eth_getTransactionCount
[2021/11/19 15:33:15.291] - eth_getBalance
[2021/11/19 15:33:15.295] - eth_getTransactionCount
[2021/11/19 15:33:15.298] - eth_getBalance
[2021/11/19 15:33:15.301] - eth_getTransactionCount
[2021/11/19 15:33:15.305] - eth_getBalance
[2021/11/19 15:33:15.309] - eth_getTransactionCount
[2021/11/19 15:33:15.312] - eth_getBalance
[2021/11/19 15:33:15.316] - eth_getTransactionCount
[2021/11/19 15:33:15.325] - eth_getBalance
[2021/11/19 15:33:15.329] - eth_getTransactionCount
[2021/11/19 15:33:15.334] - eth_getBalance
[2021/11/19 15:33:15.343] - eth_getTransactionCount
[2021/11/19 15:33:15.348] - eth_getBalance
[2021/11/19 15:33:15.352] - eth_getTransactionCount
[2021/11/19 15:33:15.356] - eth_getBalance
[2021/11/19 15:33:15.359] - eth_getTransactionCount
[2021/11/19 15:33:15.363] - eth_getBalance
[2021/11/19 15:33:15.374] - eth_getTransactionCount
[2021/11/19 15:33:15.379] - eth_getBalance
[2021/11/19 15:33:15.382] - eth_getTransactionCount
[2021/11/19 15:33:15.386] - eth_getBalance
[2021/11/19 15:33:15.390] - eth_getTransactionCount
[2021/11/19 15:33:15.394] - eth_getBalance
[2021/11/19 15:33:15.405] - eth_getTransactionCount
[2021/11/19 15:33:15.412] - eth_getBalance
[2021/11/19 15:33:15.415] - eth_getTransactionCount
[2021/11/19 15:33:15.419] - eth_getBalance
[2021/11/19 15:33:15.423] - eth_getTransactionCount
[2021/11/19 15:33:15.427] - eth_getBalance
[2021/11/19 15:33:15.431] - eth_getTransactionCount
[2021/11/19 15:33:15.435] - eth_getBalance
[2021/11/19 15:33:15.439] - eth_getTransactionCount
[2021/11/19 15:33:15.442] - eth_getBalance
[2021/11/19 15:33:15.446] - eth_getTransactionCount
[2021/11/19 15:33:15.449] - eth_getBalance
[2021/11/19 15:33:15.453] - eth_getTransactionCount
[2021/11/19 15:33:15.457] - eth_getBalance
[2021/11/19 15:33:15.461] - eth_getTransactionCount
[2021/11/19 15:33:15.466] - eth_getBalance
[2021/11/19 15:33:15.478] - eth_getTransactionCount
[2021/11/19 15:33:15.482] - eth_getBalance
[2021/11/19 15:33:15.486] - eth_getTransactionCount
[2021/11/19 15:33:15.490] - eth_getBalance
[2021/11/19 15:33:15.494] - eth_getTransactionCount
[2021/11/19 15:33:15.498] - eth_getBalance
[2021/11/19 15:33:15.502] - eth_getTransactionCount
[2021/11/19 15:33:15.506] - eth_getBalance
[2021/11/19 15:33:15.521] - eth_getTransactionCount
[2021/11/19 15:33:15.534] - eth_getBalance
[2021/11/19 15:33:15.540] - eth_getTransactionCount
[2021/11/19 15:33:15.544] - eth_getBalance
[2021/11/19 15:33:15.549] - eth_getTransactionCount
[2021/11/19 15:33:15.552] - eth_getBalance
[2021/11/19 15:33:15.555] - eth_getTransactionCount
[2021/11/19 15:33:15.559] - eth_getBalance
[2021/11/19 15:33:15.569] - eth_getTransactionCount
[2021/11/19 15:33:15.577] - eth_getBalance
[2021/11/19 15:33:15.590] - eth_getTransactionCount
[2021/11/19 15:33:15.595] - eth_getBalance
[2021/11/19 15:33:15.605] - eth_getTransactionCount
[2021/11/19 15:33:15.619] - eth_getBalance
[2021/11/19 15:33:15.626] - eth_getTransactionCount
[2021/11/19 15:33:15.630] - eth_getBalance
[2021/11/19 15:33:15.638] - eth_getTransactionCount
[2021/11/19 15:33:15.644] - eth_getBalance
[2021/11/19 15:33:15.649] - eth_getTransactionCount
[2021/11/19 15:33:15.653] - eth_getBalance
[2021/11/19 15:33:15.656] - eth_getTransactionCount
[2021/11/19 15:33:15.660] - eth_getBalance
[2021/11/19 15:33:15.664] - eth_getTransactionCount
[2021/11/19 15:33:15.667] - eth_getBalance
[2021/11/19 15:33:15.671] - eth_getTransactionCount
[2021/11/19 15:33:15.675] - eth_getBalance
[2021/11/19 15:33:15.679] - eth_getTransactionCount
[2021/11/19 15:33:15.682] - eth_getBalance
[2021/11/19 15:33:15.685] - eth_getTransactionCount
[2021/11/19 15:33:15.689] - eth_getBalance
[2021/11/19 15:33:15.692] - eth_getTransactionCount
[2021/11/19 15:33:15.696] - eth_getBalance
[2021/11/19 15:33:15.699] - eth_getTransactionCount
[2021/11/19 15:33:15.702] - eth_getBalance
[2021/11/19 15:33:15.706] - eth_getTransactionCount
[2021/11/19 15:33:15.710] - eth_getBalance
[2021/11/19 15:33:15.715] - eth_getTransactionCount
[2021/11/19 15:33:15.717] - eth_getBalance
[2021/11/19 15:33:15.720] - eth_getTransactionCount
[2021/11/19 15:33:15.723] - eth_getBalance
[2021/11/19 15:33:15.727] - eth_getTransactionCount
[2021/11/19 15:33:15.730] - eth_getBalance
[2021/11/19 15:33:15.735] - eth_getTransactionCount
[2021/11/19 15:33:15.737] - eth_getBalance
[2021/11/19 15:33:15.740] - eth_getTransactionCount
[2021/11/19 15:33:15.743] - eth_getBalance
[2021/11/19 15:33:15.748] - eth_getTransactionCount
[2021/11/19 15:33:15.750] - eth_getBalance
[2021/11/19 15:33:15.754] - eth_getTransactionCount
[2021/11/19 15:33:15.758] - eth_getBalance
[2021/11/19 15:33:15.769] - eth_getTransactionCount
[2021/11/19 15:33:15.780] - eth_getBalance
[2021/11/19 15:33:15.786] - eth_getTransactionCount
[2021/11/19 15:33:15.789] - eth_getBalance
[2021/11/19 15:33:15.793] - eth_getTransactionCount
[2021/11/19 15:33:15.797] - eth_getBalance
[2021/11/19 15:33:15.801] - eth_getTransactionCount
[2021/11/19 15:33:15.807] - eth_getBalance
[2021/11/19 15:33:15.808] - eth_getTransactionCount
[2021/11/19 15:33:15.812] - eth_getBalance
[2021/11/19 15:33:15.821] - eth_getTransactionCount
[2021/11/19 15:33:15.828] - eth_getBalance
[2021/11/19 15:33:15.831] - eth_getTransactionCount
[2021/11/19 15:33:15.834] - eth_getBalance
[2021/11/19 15:33:15.838] - eth_getTransactionCount
[2021/11/19 15:33:15.841] - eth_getBalance
[2021/11/19 15:33:15.845] - eth_getTransactionCount
[2021/11/19 15:33:15.851] - eth_getBalance
[2021/11/19 15:33:15.852] - eth_getTransactionCount
[2021/11/19 15:33:15.857] - eth_getBalance
[2021/11/19 15:33:15.858] - eth_getTransactionCount
[2021/11/19 15:33:15.868] - eth_getBalance
[2021/11/19 15:33:15.874] - eth_getTransactionCount
[2021/11/19 15:33:15.878] - eth_getBalance
[2021/11/19 15:33:15.881] - eth_getTransactionCount
[2021/11/19 15:33:15.884] - eth_getBalance
[2021/11/19 15:33:15.889] - eth_getTransactionCount
[2021/11/19 15:33:15.894] - eth_getBalance
[2021/11/19 15:33:15.895] - eth_getTransactionCount
[2021/11/19 15:33:15.902] - eth_getBalance
[2021/11/19 15:33:15.909] - eth_getTransactionCount
[2021/11/19 15:33:15.917] - eth_getBalance
[2021/11/19 15:33:15.925] - eth_getTransactionCount
[2021/11/19 15:33:15.932] - eth_getBalance
[2021/11/19 15:33:15.935] - eth_getTransactionCount
[2021/11/19 15:33:15.944] - eth_getBalance
[2021/11/19 15:33:15.944] - eth_getTransactionCount
[2021/11/19 15:33:15.952] - eth_getBalance
[2021/11/19 15:33:15.953] - eth_getTransactionCount
[2021/11/19 15:33:15.953] - eth_getBalance
[2021/11/19 15:33:15.957] - eth_getTransactionCount
[2021/11/19 15:33:15.960] - eth_getBalance
[2021/11/19 15:33:15.963] - eth_getTransactionCount
[2021/11/19 15:33:15.966] - eth_getBalance
[2021/11/19 15:33:15.970] - eth_getTransactionCount
[2021/11/19 15:33:15.974] - eth_getBalance
[2021/11/19 15:33:15.977] - eth_getTransactionCount
[2021/11/19 15:33:16.027] - eth_blockNumber
[2021/11/19 15:33:16.027] - eth_accounts
[2021/11/19 15:33:16.027] - eth_gasPrice
[2021/11/19 15:33:16.027] - eth_getBlockByNumber
[2021/11/19 15:33:16.027] - eth_subscribe
[2021/11/19 15:33:16.112] - eth_getTransactionCount
[2021/11/19 15:33:16.122] - eth_getBalance
[2021/11/19 15:33:16.129] - eth_getTransactionCount
[2021/11/19 15:33:16.133] - eth_getBalance
[2021/11/19 15:33:16.136] - eth_getTransactionCount
[2021/11/19 15:33:16.139] - eth_getBalance
[2021/11/19 15:33:16.142] - eth_getTransactionCount
[2021/11/19 15:33:16.145] - eth_getBalance
[2021/11/19 15:33:16.149] - eth_getTransactionCount
[2021/11/19 15:33:16.152] - eth_getBalance
[2021/11/19 15:33:16.155] - eth_getTransactionCount
[2021/11/19 15:33:16.158] - eth_getBalance
[2021/11/19 15:33:16.162] - eth_getTransactionCount
[2021/11/19 15:33:16.165] - eth_getBalance
[2021/11/19 15:33:16.177] - eth_getTransactionCount
[2021/11/19 15:33:16.181] - eth_getBalance
[2021/11/19 15:33:16.185] - eth_getTransactionCount
[2021/11/19 15:33:16.188] - eth_getBalance
[2021/11/19 15:33:16.191] - eth_getTransactionCount
[2021/11/19 15:33:16.194] - eth_getBalance
[2021/11/19 15:33:16.198] - eth_getTransactionCount
[2021/11/19 15:33:16.202] - eth_getBalance
[2021/11/19 15:33:16.213] - eth_getTransactionCount
[2021/11/19 15:33:16.217] - eth_getBalance
[2021/11/19 15:33:16.221] - eth_getTransactionCount
[2021/11/19 15:33:16.224] - eth_getBalance
[2021/11/19 15:33:16.229] - eth_getTransactionCount
[2021/11/19 15:33:16.238] - eth_getBalance
[2021/11/19 15:33:16.245] - eth_getTransactionCount
[2021/11/19 15:33:16.248] - eth_getBalance
[2021/11/19 15:33:16.251] - eth_getTransactionCount
[2021/11/19 15:33:16.254] - eth_getBalance
[2021/11/19 15:33:16.258] - eth_getTransactionCount
[2021/11/19 15:33:16.261] - eth_getBalance
[2021/11/19 15:33:16.264] - eth_getTransactionCount
[2021/11/19 15:33:16.267] - eth_getBalance
[2021/11/19 15:33:16.270] - eth_getTransactionCount
[2021/11/19 15:33:16.273] - eth_getBalance
[2021/11/19 15:33:16.280] - eth_getTransactionCount
[2021/11/19 15:33:16.281] - eth_getBalance
[2021/11/19 15:33:16.284] - eth_getTransactionCount
[2021/11/19 15:33:16.287] - eth_getBalance
[2021/11/19 15:33:16.291] - eth_getTransactionCount
[2021/11/19 15:33:16.301] - eth_getBalance
[2021/11/19 15:33:16.313] - eth_getTransactionCount
[2021/11/19 15:33:16.320] - eth_getBalance
[2021/11/19 15:33:16.324] - eth_getTransactionCount
[2021/11/19 15:33:16.327] - eth_getBalance
[2021/11/19 15:33:16.330] - eth_getTransactionCount
[2021/11/19 15:33:16.334] - eth_getBalance
[2021/11/19 15:33:16.345] - eth_getTransactionCount
[2021/11/19 15:33:16.351] - eth_getBalance
[2021/11/19 15:33:16.354] - eth_getTransactionCount
[2021/11/19 15:33:16.358] - eth_getBalance
[2021/11/19 15:33:16.361] - eth_getTransactionCount
[2021/11/19 15:33:16.364] - eth_getBalance
[2021/11/19 15:33:16.367] - eth_getTransactionCount
[2021/11/19 15:33:16.371] - eth_getBalance
[2021/11/19 15:33:16.374] - eth_getTransactionCount
[2021/11/19 15:33:16.377] - eth_getBalance
[2021/11/19 15:33:16.380] - eth_getTransactionCount
[2021/11/19 15:33:16.383] - eth_getBalance
[2021/11/19 15:33:16.388] - eth_getTransactionCount
[2021/11/19 15:33:16.391] - eth_getBalance
[2021/11/19 15:33:16.394] - eth_getTransactionCount
[2021/11/19 15:33:16.398] - eth_getBalance
[2021/11/19 15:33:16.402] - eth_getTransactionCount
[2021/11/19 15:33:16.405] - eth_getBalance
[2021/11/19 15:33:16.408] - eth_getTransactionCount
[2021/11/19 15:33:16.411] - eth_getBalance
[2021/11/19 15:33:16.415] - eth_getTransactionCount
[2021/11/19 15:33:16.418] - eth_getBalance
[2021/11/19 15:33:16.421] - eth_getTransactionCount
[2021/11/19 15:33:16.424] - eth_getBalance
[2021/11/19 15:33:16.429] - eth_getTransactionCount
[2021/11/19 15:33:16.432] - eth_getBalance
[2021/11/19 15:33:16.442] - eth_getTransactionCount
[2021/11/19 15:33:16.449] - eth_getBalance
[2021/11/19 15:33:16.453] - eth_getTransactionCount
[2021/11/19 15:33:16.462] - eth_getBalance
[2021/11/19 15:33:16.470] - eth_getTransactionCount
[2021/11/19 15:33:16.473] - eth_getBalance
[2021/11/19 15:33:16.477] - eth_getTransactionCount
[2021/11/19 15:33:16.480] - eth_getBalance
[2021/11/19 15:33:16.483] - eth_getTransactionCount
[2021/11/19 15:33:16.486] - eth_getBalance
[2021/11/19 15:33:16.490] - eth_getTransactionCount
[2021/11/19 15:33:16.493] - eth_getBalance
[2021/11/19 15:33:16.496] - eth_getTransactionCount
[2021/11/19 15:33:16.500] - eth_getBalance
[2021/11/19 15:33:16.503] - eth_getTransactionCount
[2021/11/19 15:33:16.506] - eth_getBalance
[2021/11/19 15:33:16.510] - eth_getTransactionCount
[2021/11/19 15:33:16.513] - eth_getBalance
[2021/11/19 15:33:16.516] - eth_getTransactionCount
[2021/11/19 15:33:16.520] - eth_getBalance
[2021/11/19 15:33:16.523] - eth_getTransactionCount
[2021/11/19 15:33:16.526] - eth_getBalance
[2021/11/19 15:33:16.530] - eth_getTransactionCount
[2021/11/19 15:33:16.533] - eth_getBalance
[2021/11/19 15:33:16.537] - eth_getTransactionCount
[2021/11/19 15:33:16.540] - eth_getBalance
[2021/11/19 15:33:16.543] - eth_getTransactionCount
[2021/11/19 15:33:16.546] - eth_getBalance
[2021/11/19 15:33:16.549] - eth_getTransactionCount
[2021/11/19 15:33:16.553] - eth_getBalance
[2021/11/19 15:33:16.557] - eth_getTransactionCount
[2021/11/19 15:33:16.560] - eth_getBalance
[2021/11/19 15:33:16.563] - eth_getTransactionCount
[2021/11/19 15:33:16.566] - eth_getBalance
[2021/11/19 15:33:16.570] - eth_getTransactionCount
[2021/11/19 15:33:16.573] - eth_getBalance
[2021/11/19 15:33:16.577] - eth_getTransactionCount
[2021/11/19 15:33:16.580] - eth_getBalance
[2021/11/19 15:33:16.583] - eth_getTransactionCount
[2021/11/19 15:33:16.586] - eth_getBalance
[2021/11/19 15:33:16.589] - eth_getTransactionCount
[2021/11/19 15:33:16.592] - eth_getBalance
[2021/11/19 15:33:16.596] - eth_getTransactionCount
[2021/11/19 15:33:16.599] - eth_getBalance
[2021/11/19 15:33:16.603] - eth_getTransactionCount
[2021/11/19 15:33:16.606] - eth_getBalance
[2021/11/19 15:33:16.610] - eth_getTransactionCount
[2021/11/19 15:33:16.613] - eth_getBalance
[2021/11/19 15:33:16.616] - eth_getTransactionCount
[2021/11/19 15:33:16.620] - eth_getBalance
[2021/11/19 15:33:16.623] - eth_getTransactionCount
[2021/11/19 15:33:16.626] - eth_getBalance
[2021/11/19 15:33:16.629] - eth_getTransactionCount
[2021/11/19 15:33:16.632] - eth_getBalance
[2021/11/19 15:33:16.635] - eth_getTransactionCount
[2021/11/19 15:33:16.639] - eth_getBalance
[2021/11/19 15:33:16.642] - eth_getTransactionCount
[2021/11/19 15:33:16.649] - eth_getBalance
[2021/11/19 15:33:16.649] - eth_getTransactionCount
[2021/11/19 15:33:16.652] - eth_getBalance
[2021/11/19 15:33:16.656] - eth_getTransactionCount
[2021/11/19 15:33:16.659] - eth_getBalance
[2021/11/19 15:33:16.662] - eth_getTransactionCount
[2021/11/19 15:33:16.667] - eth_getBalance
[2021/11/19 15:33:16.670] - eth_getTransactionCount
[2021/11/19 15:33:16.674] - eth_getBalance
[2021/11/19 15:33:16.678] - eth_getTransactionCount
[2021/11/19 15:33:16.681] - eth_getBalance
[2021/11/19 15:33:16.684] - eth_getTransactionCount
[2021/11/19 15:33:16.689] - eth_getBalance
[2021/11/19 15:33:16.693] - eth_getTransactionCount
[2021/11/19 15:33:16.699] - eth_getBalance
[2021/11/19 15:33:16.702] - eth_getTransactionCount
[2021/11/19 15:33:16.706] - eth_getBalance
[2021/11/19 15:33:16.709] - eth_getTransactionCount
[2021/11/19 15:33:16.712] - eth_getBalance
[2021/11/19 15:33:16.715] - eth_getTransactionCount
[2021/11/19 15:33:16.718] - eth_getBalance
[2021/11/19 15:33:16.721] - eth_getTransactionCount
[2021/11/19 15:33:16.725] - eth_getBalance
[2021/11/19 15:33:16.728] - eth_getTransactionCount
[2021/11/19 15:33:16.731] - eth_getBalance
[2021/11/19 15:33:16.735] - eth_getTransactionCount
[2021/11/19 15:33:16.740] - eth_getBalance
[2021/11/19 15:33:16.742] - eth_getTransactionCount
[2021/11/19 15:33:16.745] - eth_getBalance
[2021/11/19 15:33:16.748] - eth_getTransactionCount
[2021/11/19 15:33:16.751] - eth_getBalance
[2021/11/19 15:33:16.754] - eth_getTransactionCount
[2021/11/19 15:33:16.758] - eth_getBalance
[2021/11/19 15:33:16.761] - eth_getTransactionCount
[2021/11/19 15:33:16.764] - eth_getBalance
[2021/11/19 15:33:16.768] - eth_getTransactionCount
[2021/11/19 15:33:16.771] - eth_getBalance
[2021/11/19 15:33:16.776] - eth_getTransactionCount
[2021/11/19 15:33:16.781] - eth_getBalance
[2021/11/19 15:33:16.784] - eth_getTransactionCount
[2021/11/19 15:33:16.787] - eth_getBalance
[2021/11/19 15:33:16.790] - eth_getTransactionCount
[2021/11/19 15:33:16.793] - eth_getBalance
[2021/11/19 15:33:16.796] - eth_getTransactionCount
[2021/11/19 15:33:16.800] - eth_getBalance
[2021/11/19 15:33:16.804] - eth_getTransactionCount
[2021/11/19 15:33:16.807] - eth_getBalance
[2021/11/19 15:33:16.811] - eth_getTransactionCount
[2021/11/19 15:33:16.814] - eth_getBalance
[2021/11/19 15:33:16.818] - eth_getTransactionCount
[2021/11/19 15:33:16.822] - eth_getBalance
[2021/11/19 15:33:16.827] - eth_getTransactionCount
[2021/11/19 15:33:16.830] - eth_getBalance
[2021/11/19 15:33:16.833] - eth_getTransactionCount
[2021/11/19 15:33:16.836] - eth_getBalance
[2021/11/19 15:33:16.839] - eth_getTransactionCount
[2021/11/19 15:33:16.843] - eth_getBalance
[2021/11/19 15:33:16.846] - eth_getTransactionCount
[2021/11/19 15:33:16.849] - eth_getBalance
[2021/11/19 15:33:16.852] - eth_getTransactionCount
[2021/11/19 15:33:16.855] - eth_getBalance
[2021/11/19 15:33:16.860] - eth_getTransactionCount
[2021/11/19 15:33:16.863] - eth_getBalance
[2021/11/19 15:33:16.867] - eth_getTransactionCount
[2021/11/19 15:33:16.870] - eth_getBalance
[2021/11/19 15:33:16.873] - eth_getTransactionCount
[2021/11/19 15:33:19.253] - eth_getBalance
[2021/11/19 15:33:19.257] - eth_getTransactionCount
[2021/11/19 15:33:19.261] - eth_getBalance
[2021/11/19 15:33:19.265] - eth_getTransactionCount
[2021/11/19 15:33:19.270] - eth_getBalance
[2021/11/19 15:33:19.274] - eth_getTransactionCount
[2021/11/19 15:33:19.277] - eth_getBalance
[2021/11/19 15:33:19.281] - eth_getTransactionCount
[2021/11/19 15:33:19.286] - eth_getBalance
[2021/11/19 15:33:19.291] - eth_getTransactionCount
[2021/11/19 15:33:19.295] - eth_getBalance
[2021/11/19 15:33:19.299] - eth_getTransactionCount
[2021/11/19 15:33:19.303] - eth_getBalance
[2021/11/19 15:33:19.307] - eth_getTransactionCount
[2021/11/19 15:33:19.311] - eth_getBalance
[2021/11/19 15:33:19.315] - eth_getTransactionCount
[2021/11/19 15:33:19.319] - eth_getBalance
[2021/11/19 15:33:19.324] - eth_getTransactionCount
[2021/11/19 15:33:19.329] - eth_getBalance
[2021/11/19 15:33:19.333] - eth_getTransactionCount
[2021/11/19 15:33:19.337] - eth_getBalance
[2021/11/19 15:33:19.341] - eth_getTransactionCount
[2021/11/19 15:33:19.345] - eth_getBalance
[2021/11/19 15:33:19.349] - eth_getTransactionCount
[2021/11/19 15:33:19.353] - eth_getBalance
[2021/11/19 15:33:19.356] - eth_getTransactionCount
[2021/11/19 15:33:19.361] - eth_getBalance
[2021/11/19 15:33:19.364] - eth_getTransactionCount
[2021/11/19 15:33:19.370] - eth_getBalance
[2021/11/19 15:33:19.374] - eth_getTransactionCount
[2021/11/19 15:33:19.378] - eth_getBalance
[2021/11/19 15:33:19.382] - eth_getTransactionCount
[2021/11/19 15:33:19.386] - eth_getBalance
[2021/11/19 15:33:19.396] - eth_getTransactionCount
[2021/11/19 15:33:19.404] - eth_getBalance
[2021/11/19 15:33:19.416] - eth_getTransactionCount
[2021/11/19 15:33:19.421] - eth_getBalance
[2021/11/19 15:33:19.425] - eth_getTransactionCount
[2021/11/19 15:33:19.430] - eth_getBalance
[2021/11/19 15:33:19.434] - eth_getTransactionCount
[2021/11/19 15:33:19.438] - eth_getBalance
[2021/11/19 15:33:19.442] - eth_getTransactionCount
[2021/11/19 15:33:19.446] - eth_getBalance
[2021/11/19 15:33:19.450] - eth_getTransactionCount
[2021/11/19 15:33:19.454] - eth_getBalance
[2021/11/19 15:33:19.458] - eth_getTransactionCount
[2021/11/19 15:33:19.462] - eth_getBalance
[2021/11/19 15:33:19.466] - eth_getTransactionCount
[2021/11/19 15:33:19.472] - eth_getBalance
[2021/11/19 15:33:19.476] - eth_getTransactionCount
[2021/11/19 15:33:19.480] - eth_getBalance
[2021/11/19 15:33:19.484] - eth_getTransactionCount
[2021/11/19 15:33:19.488] - eth_getBalance
[2021/11/19 15:33:19.492] - eth_getTransactionCount
[2021/11/19 15:33:19.496] - eth_getBalance
[2021/11/19 15:33:19.500] - eth_getTransactionCount
[2021/11/19 15:33:19.504] - eth_getBalance
[2021/11/19 15:33:19.508] - eth_getTransactionCount
[2021/11/19 15:33:19.513] - eth_getBalance
[2021/11/19 15:33:19.518] - eth_getTransactionCount
[2021/11/19 15:33:19.522] - eth_getBalance
[2021/11/19 15:33:19.526] - eth_getTransactionCount
[2021/11/19 15:33:19.530] - eth_getBalance
[2021/11/19 15:33:19.534] - eth_getTransactionCount
[2021/11/19 15:33:19.538] - eth_getBalance
[2021/11/19 15:33:19.542] - eth_getTransactionCount
[2021/11/19 15:33:19.546] - eth_getBalance
[2021/11/19 15:33:19.549] - eth_getTransactionCount
[2021/11/19 15:33:19.554] - eth_getBalance
[2021/11/19 15:33:19.558] - eth_getTransactionCount
[2021/11/19 15:33:19.562] - eth_getBalance
[2021/11/19 15:33:19.566] - eth_getTransactionCount
[2021/11/19 15:33:19.571] - eth_getBalance
[2021/11/19 15:33:19.575] - eth_getTransactionCount
[2021/11/19 15:33:19.579] - eth_getBalance
[2021/11/19 15:33:19.583] - eth_getTransactionCount
[2021/11/19 15:33:19.587] - eth_getBalance
[2021/11/19 15:33:19.591] - eth_getTransactionCount
[2021/11/19 15:33:19.596] - eth_getBalance
[2021/11/19 15:33:19.600] - eth_getTransactionCount
[2021/11/19 15:33:19.605] - eth_getBalance
[2021/11/19 15:33:19.609] - eth_getTransactionCount
[2021/11/19 15:33:19.612] - eth_getBalance
[2021/11/19 15:33:19.617] - eth_getTransactionCount
[2021/11/19 15:33:19.621] - eth_getBalance
[2021/11/19 15:33:19.625] - eth_getTransactionCount
[2021/11/19 15:33:19.629] - eth_getBalance
[2021/11/19 15:33:19.633] - eth_getTransactionCount
[2021/11/19 15:33:19.638] - eth_getBalance
[2021/11/19 15:33:19.642] - eth_getTransactionCount
[2021/11/19 15:33:19.646] - eth_getBalance
[2021/11/19 15:33:19.650] - eth_getTransactionCount
[2021/11/19 15:33:19.654] - eth_getBalance
[2021/11/19 15:33:19.658] - eth_getTransactionCount
[2021/11/19 15:33:19.662] - eth_getBalance
[2021/11/19 15:33:19.666] - eth_getTransactionCount
[2021/11/19 15:33:19.670] - eth_getBalance
[2021/11/19 15:33:19.674] - eth_getTransactionCount
[2021/11/19 15:33:19.679] - eth_getBalance
[2021/11/19 15:33:19.683] - eth_getTransactionCount
[2021/11/19 15:33:19.687] - eth_getBalance
[2021/11/19 15:33:19.691] - eth_getTransactionCount
[2021/11/19 15:33:19.695] - eth_getBalance
[2021/11/19 15:33:19.699] - eth_getTransactionCount
[2021/11/19 15:33:19.703] - eth_getBalance
[2021/11/19 15:33:19.707] - eth_getTransactionCount
[2021/11/19 15:33:19.712] - eth_getBalance
[2021/11/19 15:33:19.715] - eth_getTransactionCount
[2021/11/19 15:33:19.720] - eth_getBalance
[2021/11/19 15:33:19.725] - eth_getTransactionCount
[2021/11/19 15:33:19.729] - eth_getBalance
[2021/11/19 15:33:19.733] - eth_getTransactionCount
[2021/11/19 15:33:19.737] - eth_getBalance
[2021/11/19 15:33:19.741] - eth_getTransactionCount
[2021/11/19 15:33:19.745] - eth_getBalance
[2021/11/19 15:33:19.749] - eth_getTransactionCount
[2021/11/19 15:33:19.753] - eth_getBalance
[2021/11/19 15:33:19.757] - eth_getTransactionCount
[2021/11/19 15:33:19.762] - eth_getBalance
[2021/11/19 15:33:19.766] - eth_getTransactionCount
[2021/11/19 15:33:19.770] - eth_getBalance
[2021/11/19 15:33:19.774] - eth_getTransactionCount
[2021/11/19 15:33:19.779] - eth_getBalance
[2021/11/19 15:33:19.783] - eth_getTransactionCount
[2021/11/19 15:33:19.787] - eth_getBalance
[2021/11/19 15:33:19.792] - eth_getTransactionCount
[2021/11/19 15:33:19.796] - eth_getBalance
[2021/11/19 15:33:19.799] - eth_getTransactionCount
[2021/11/19 15:33:19.804] - eth_getBalance
[2021/11/19 15:33:19.808] - eth_getTransactionCount
[2021/11/19 15:33:19.812] - eth_getBalance
[2021/11/19 15:33:19.817] - eth_getTransactionCount
[2021/11/19 15:33:19.822] - eth_getBalance
[2021/11/19 15:33:19.826] - eth_getTransactionCount
[2021/11/19 15:33:19.830] - eth_getBalance
[2021/11/19 15:33:19.834] - eth_getTransactionCount
[2021/11/19 15:33:19.838] - eth_getBalance
[2021/11/19 15:33:19.842] - eth_getTransactionCount
[2021/11/19 15:33:19.847] - eth_getBalance
[2021/11/19 15:33:19.851] - eth_getTransactionCount
[2021/11/19 15:33:19.855] - eth_getBalance
[2021/11/19 15:33:19.859] - eth_getTransactionCount
[2021/11/19 15:33:19.863] - eth_getBalance
[2021/11/19 15:33:19.867] - eth_getTransactionCount
[2021/11/19 15:33:19.872] - eth_getBalance
[2021/11/19 15:33:19.876] - eth_getTransactionCount
[2021/11/19 15:33:19.880] - eth_getBalance
[2021/11/19 15:33:19.884] - eth_getTransactionCount
[2021/11/19 15:33:19.894] - eth_getBalance
[2021/11/19 15:33:19.903] - eth_getTransactionCount
[2021/11/19 15:33:19.908] - eth_getBalance
[2021/11/19 15:33:19.916] - eth_getTransactionCount
[2021/11/19 15:33:19.925] - eth_getBalance
[2021/11/19 15:33:19.929] - eth_getTransactionCount
[2021/11/19 15:33:19.933] - eth_getBalance
[2021/11/19 15:33:19.937] - eth_getTransactionCount
[2021/11/19 15:33:19.941] - eth_getBalance
[2021/11/19 15:33:19.945] - eth_getTransactionCount
[2021/11/19 15:33:19.950] - eth_getBalance
[2021/11/19 15:33:19.955] - eth_getTransactionCount
[2021/11/19 15:33:19.959] - eth_getBalance
[2021/11/19 15:33:19.963] - eth_getTransactionCount
[2021/11/19 15:33:19.967] - eth_getBalance
[2021/11/19 15:33:19.971] - eth_getTransactionCount
[2021/11/19 15:33:19.976] - eth_getBalance
[2021/11/19 15:33:19.980] - eth_getTransactionCount
[2021/11/19 15:33:19.984] - eth_getBalance
[2021/11/19 15:33:19.987] - eth_getTransactionCount
[2021/11/19 15:33:19.995] - eth_getBalance
[2021/11/19 15:33:19.999] - eth_getTransactionCount
[2021/11/19 15:33:20.002] - eth_getBalance
[2021/11/19 15:33:20.006] - eth_getTransactionCount
[2021/11/19 15:33:20.010] - eth_getBalance
[2021/11/19 15:33:20.014] - eth_getTransactionCount
[2021/11/19 15:33:20.018] - eth_getBalance
[2021/11/19 15:33:20.022] - eth_getTransactionCount
[2021/11/19 15:33:20.026] - eth_getBalance
[2021/11/19 15:33:20.030] - eth_getTransactionCount
[2021/11/19 15:33:20.035] - eth_getBalance
[2021/11/19 15:33:20.039] - eth_getTransactionCount
[2021/11/19 15:33:20.043] - eth_getBalance
[2021/11/19 15:33:20.047] - eth_getTransactionCount
[2021/11/19 15:33:20.052] - eth_getBalance
[2021/11/19 15:33:20.055] - eth_getTransactionCount
[2021/11/19 15:33:20.060] - eth_getBalance
[2021/11/19 15:33:20.063] - eth_getTransactionCount
[2021/11/19 15:33:20.067] - eth_getBalance
[2021/11/19 15:33:20.072] - eth_getTransactionCount
[2021/11/19 15:33:20.077] - eth_getBalance
[2021/11/19 15:33:20.081] - eth_getTransactionCount
[2021/11/19 15:33:20.085] - eth_getBalance
[2021/11/19 15:33:20.089] - eth_getTransactionCount
[2021/11/19 15:33:20.093] - eth_getBalance
[2021/11/19 15:33:20.098] - eth_getTransactionCount
[2021/11/19 15:33:20.102] - eth_getBalance
[2021/11/19 15:33:20.106] - eth_getTransactionCount
[2021/11/19 15:33:20.110] - eth_getBalance
[2021/11/19 15:33:20.113] - eth_getTransactionCount
[2021/11/19 15:33:20.119] - eth_getBalance
[2021/11/19 15:33:20.123] - eth_getTransactionCount
[2021/11/19 15:33:20.127] - eth_getBalance
[2021/11/19 15:33:20.130] - eth_getTransactionCount
[2021/11/19 15:33:20.134] - eth_getBalance
[2021/11/19 15:33:20.138] - eth_getTransactionCount
[2021/11/19 15:33:20.142] - eth_getBalance
[2021/11/19 15:33:20.146] - eth_getTransactionCount
[2021/11/19 15:33:20.150] - eth_getBalance
[2021/11/19 15:33:20.154] - eth_getTransactionCount
[2021/11/19 15:33:20.159] - eth_getBalance
[2021/11/19 15:33:20.163] - eth_getTransactionCount
[2021/11/19 15:33:20.167] - eth_getBalance
[2021/11/19 15:33:20.172] - eth_getTransactionCount
[2021/11/19 15:33:20.176] - eth_getBalance
[2021/11/19 15:33:20.180] - eth_getTransactionCount
[2021/11/19 15:33:20.191] - eth_getBalance
[2021/11/19 15:33:20.199] - eth_getTransactionCount
[2021/11/19 15:33:20.203] - eth_getBalance
[2021/11/19 15:33:20.207] - eth_getTransactionCount
[2021/11/19 15:33:20.213] - eth_getBalance
[2021/11/19 15:33:20.217] - eth_getTransactionCount
[2021/11/19 15:33:20.221] - eth_getBalance
[2021/11/19 15:33:20.226] - eth_getTransactionCount
[2021/11/19 15:33:20.229] - eth_getBalance
[2021/11/19 15:33:20.233] - eth_getTransactionCount
[2021/11/19 15:33:20.237] - eth_getBalance
[2021/11/19 15:33:20.241] - eth_getTransactionCount
[2021/11/19 15:33:20.245] - eth_getBalance
[2021/11/19 15:33:20.249] - eth_getTransactionCount
[2021/11/19 15:33:20.254] - eth_getBalance
[2021/11/19 15:33:20.259] - eth_getTransactionCount
[2021/11/19 15:33:20.263] - eth_getBalance
[2021/11/19 15:33:20.267] - eth_getTransactionCount
[2021/11/19 15:33:20.271] - eth_getBalance
[2021/11/19 15:33:20.275] - eth_getTransactionCount
[2021/11/19 15:33:20.280] - eth_getBalance
[2021/11/19 15:33:20.284] - eth_getTransactionCount
[2021/11/19 15:33:20.293] - eth_getBalance
[2021/11/19 15:33:20.302] - eth_getTransactionCount
[2021/11/19 15:33:20.310] - eth_getBalance
[2021/11/19 15:33:20.331] - eth_getTransactionCount
[2021/11/19 15:33:20.357] - eth_getBalance
[2021/11/19 15:33:20.369] - eth_getTransactionCount
[2021/11/19 15:33:20.374] - eth_getBalance
[2021/11/19 15:33:20.378] - eth_getTransactionCount
[2021/11/19 15:33:20.382] - eth_getBalance
[2021/11/19 15:33:20.386] - eth_getTransactionCount
[2021/11/19 15:33:20.390] - eth_getBalance
[2021/11/19 15:33:20.394] - eth_getTransactionCount
[2021/11/19 15:33:20.398] - eth_getBalance
[2021/11/19 15:33:20.403] - eth_getTransactionCount
[2021/11/19 15:33:20.408] - eth_getBalance
[2021/11/19 15:33:20.412] - eth_getTransactionCount
[2021/11/19 15:33:20.416] - eth_getBalance
[2021/11/19 15:33:20.427] - eth_getTransactionCount
[2021/11/19 15:33:20.428] - eth_getBalance
[2021/11/19 15:33:20.428] - eth_getTransactionCount
[2021/11/19 15:33:20.433] - eth_getBalance
[2021/11/19 15:33:20.440] - eth_getTransactionCount
[2021/11/19 15:33:20.449] - eth_getBalance
[2021/11/19 15:33:20.454] - eth_getTransactionCount
[2021/11/19 15:33:20.458] - eth_getBalance
[2021/11/19 15:33:20.462] - eth_getTransactionCount
[2021/11/19 15:33:20.466] - eth_getBalance
[2021/11/19 15:33:20.470] - eth_getTransactionCount
[2021/11/19 15:33:20.475] - eth_getBalance
[2021/11/19 15:33:20.479] - eth_getTransactionCount
[2021/11/19 15:33:20.483] - eth_getBalance
[2021/11/19 15:33:20.487] - eth_getTransactionCount
[2021/11/19 15:33:20.491] - eth_getBalance
[2021/11/19 15:33:20.496] - eth_getTransactionCount
[2021/11/19 15:33:20.500] - eth_getBalance
[2021/11/19 15:33:20.504] - eth_getTransactionCount
[2021/11/19 15:33:20.508] - eth_getBalance
[2021/11/19 15:33:20.512] - eth_getTransactionCount
[2021/11/19 15:33:20.516] - eth_getBalance
[2021/11/19 15:33:20.520] - eth_getTransactionCount
[2021/11/19 15:33:20.524] - eth_getBalance
[2021/11/19 15:33:20.528] - eth_getTransactionCount
[2021/11/19 15:33:20.532] - eth_getBalance
[2021/11/19 15:33:20.537] - eth_getTransactionCount
[2021/11/19 15:33:20.547] - eth_getBalance
[2021/11/19 15:33:20.554] - eth_getTransactionCount
[2021/11/19 15:33:20.559] - eth_getBalance
[2021/11/19 15:33:20.562] - eth_getTransactionCount
[2021/11/19 15:33:20.566] - eth_getBalance
[2021/11/19 15:33:20.575] - eth_getTransactionCount
[2021/11/19 15:33:20.588] - eth_getBalance
[2021/11/19 15:33:20.593] - eth_getTransactionCount
[2021/11/19 15:33:20.597] - eth_getBalance
[2021/11/19 15:33:20.602] - eth_getTransactionCount
[2021/11/19 15:33:20.606] - eth_getBalance
[2021/11/19 15:33:20.610] - eth_getTransactionCount
[2021/11/19 15:33:20.615] - eth_getBalance
[2021/11/19 15:33:20.621] - eth_getTransactionCount
[2021/11/19 15:33:20.623] - eth_getBalance
[2021/11/19 15:33:20.627] - eth_getTransactionCount
[2021/11/19 15:33:20.631] - eth_getBalance
[2021/11/19 15:33:20.634] - eth_getTransactionCount
[2021/11/19 15:33:20.638] - eth_getBalance
[2021/11/19 15:33:20.643] - eth_getTransactionCount
[2021/11/19 15:33:20.648] - eth_getBalance
[2021/11/19 15:33:20.652] - eth_getTransactionCount
[2021/11/19 15:33:20.657] - eth_getBalance
[2021/11/19 15:33:20.661] - eth_getTransactionCount
[2021/11/19 15:33:20.665] - eth_getBalance
[2021/11/19 15:33:20.670] - eth_getTransactionCount
[2021/11/19 15:33:20.675] - eth_getBalance
[2021/11/19 15:33:20.678] - eth_getTransactionCount
[2021/11/19 15:33:20.682] - eth_getBalance
[2021/11/19 15:33:20.687] - eth_getTransactionCount
[2021/11/19 15:33:20.691] - eth_getBalance
[2021/11/19 15:33:20.695] - eth_getTransactionCount
[2021/11/19 15:33:20.699] - eth_getBalance
[2021/11/19 15:33:20.703] - eth_getTransactionCount
[2021/11/19 15:33:20.707] - eth_getBalance
[2021/11/19 15:33:20.712] - eth_getTransactionCount
[2021/11/19 15:33:20.716] - eth_getBalance
[2021/11/19 15:33:20.725] - eth_getTransactionCount
[2021/11/19 15:33:20.725] - eth_getBalance
[2021/11/19 15:33:20.729] - eth_getTransactionCount
[2021/11/19 15:33:20.738] - eth_getBalance
[2021/11/19 15:33:20.739] - eth_getTransactionCount
[2021/11/19 15:33:20.744] - eth_getBalance
[2021/11/19 15:33:20.746] - eth_getTransactionCount
[2021/11/19 15:33:20.751] - eth_getBalance
[2021/11/19 15:33:20.754] - eth_getTransactionCount
[2021/11/19 15:33:20.758] - eth_getBalance
[2021/11/19 15:33:20.762] - eth_getTransactionCount
[2021/11/19 15:33:20.766] - eth_getBalance
[2021/11/19 15:33:20.771] - eth_getTransactionCount
[2021/11/19 15:33:20.776] - eth_getBalance
[2021/11/19 15:33:20.780] - eth_getTransactionCount
[2021/11/19 15:33:20.784] - eth_getBalance
[2021/11/19 15:33:20.788] - eth_getTransactionCount
[2021/11/19 15:33:20.792] - eth_getBalance
[2021/11/19 15:33:20.796] - eth_getTransactionCount
[2021/11/19 15:33:20.800] - eth_getBalance
[2021/11/19 15:33:20.804] - eth_getTransactionCount
[2021/11/19 15:33:20.808] - eth_getBalance
[2021/11/19 15:33:20.813] - eth_getTransactionCount
[2021/11/19 15:33:20.817] - eth_getBalance
[2021/11/19 15:33:20.821] - eth_getTransactionCount
[2021/11/19 15:33:20.825] - eth_getBalance
[2021/11/19 15:33:20.829] - eth_getTransactionCount
[2021/11/19 15:33:20.833] - eth_getBalance
[2021/11/19 15:33:20.837] - eth_getTransactionCount
[2021/11/19 15:33:20.841] - eth_getBalance
[2021/11/19 15:33:20.844] - eth_getTransactionCount
[2021/11/19 15:33:20.849] - eth_getBalance
[2021/11/19 15:33:20.855] - eth_getTransactionCount
[2021/11/19 15:33:20.863] - eth_getBalance
[2021/11/19 15:33:20.864] - eth_getTransactionCount
[2021/11/19 15:33:20.869] - eth_getBalance
[2021/11/19 15:33:20.870] - eth_getTransactionCount
[2021/11/19 15:33:20.874] - eth_getBalance
[2021/11/19 15:33:20.879] - eth_getTransactionCount
[2021/11/19 15:33:20.883] - eth_getBalance
[2021/11/19 15:33:20.887] - eth_getTransactionCount
[2021/11/19 15:33:20.891] - eth_getBalance
[2021/11/19 15:33:20.896] - eth_getTransactionCount
[2021/11/19 15:33:20.900] - eth_getBalance
[2021/11/19 15:33:20.904] - eth_getTransactionCount
[2021/11/19 15:33:20.908] - eth_getBalance
[2021/11/19 15:33:20.912] - eth_getTransactionCount
[2021/11/19 15:33:20.915] - eth_getBalance
[2021/11/19 15:33:20.919] - eth_getTransactionCount
[2021/11/19 15:33:20.923] - eth_getBalance
[2021/11/19 15:33:20.927] - eth_getTransactionCount
[2021/11/19 15:33:20.931] - eth_getBalance
[2021/11/19 15:33:20.936] - eth_getTransactionCount
[2021/11/19 15:33:20.940] - eth_getBalance
[2021/11/19 15:33:20.944] - eth_getTransactionCount
[2021/11/19 15:33:20.948] - eth_getBalance
[2021/11/19 15:33:20.952] - eth_getTransactionCount
[2021/11/19 15:33:20.956] - eth_getBalance
[2021/11/19 15:33:20.960] - eth_getTransactionCount
[2021/11/19 15:33:20.964] - eth_getBalance
[2021/11/19 15:33:20.968] - eth_getTransactionCount
[2021/11/19 15:33:20.978] - eth_getBalance
[2021/11/19 15:33:20.985] - eth_getTransactionCount
[2021/11/19 15:33:20.990] - eth_getBalance
[2021/11/19 15:33:20.995] - eth_getTransactionCount
[2021/11/19 15:33:21.000] - eth_getBalance
[2021/11/19 15:33:21.007] - eth_getTransactionCount
[2021/11/19 15:33:21.008] - eth_getBalance
[2021/11/19 15:33:21.013] - eth_getTransactionCount
[2021/11/19 15:33:21.017] - eth_getBalance
[2021/11/19 15:33:21.019] - eth_getTransactionCount
[2021/11/19 15:33:21.023] - eth_getBalance
[2021/11/19 15:33:21.028] - eth_getTransactionCount
[2021/11/19 15:33:21.034] - eth_getBalance
[2021/11/19 15:33:21.040] - eth_getTransactionCount
[2021/11/19 15:33:21.041] - eth_getBalance
[2021/11/19 15:33:21.049] - eth_getTransactionCount
[2021/11/19 15:33:21.050] - eth_getBalance
[2021/11/19 15:33:21.056] - eth_getTransactionCount
[2021/11/19 15:33:21.058] - eth_getBalance
[2021/11/19 15:33:21.062] - eth_getTransactionCount
[2021/11/19 15:33:21.065] - eth_getBalance
[2021/11/19 15:33:21.070] - eth_getTransactionCount
[2021/11/19 15:33:47.900] - eth_chainId
[2021/11/19 15:33:47.903] - eth_getTransactionCount
[2021/11/19 15:33:47.904] - eth_getBlockByNumber
[2021/11/19 15:33:47.904] - eth_gasPrice
[2021/11/19 15:33:47.941] - eth_sendRawTransaction
[2021/11/19 15:34:05.571] - eth_unsubscribe
[2021/11/19 15:34:05.571] - eth_unsubscribe
