[2021/11/22 09:35:28.579] - Starting server with initial configuration: {"gasLimit":20000000000,"gasPrice":10000000,"hardfork":"muirGlacier","hostname":"127.0.0.1","port":7545,"network_id":5777,"default_balance_ether":1000,"total_accounts":100,"unlocked_accounts":[],"locked":false,"vmErrorsOnRPCResponse":true,"verbose":false,"db_path":"/Users/zeshunshi/Library/Application Support/Ganache/workspaces/100Nodes/chaindata","logDirectory":"/Users/zeshunshi/Documents/SCTesting/logs_Ganache"}
[2021/11/22 09:35:28.724] - eth_subscribe
[2021/11/22 09:35:28.725] - eth_getLogs
[2021/11/22 09:35:28.726] - eth_subscribe
[2021/11/22 09:35:28.748] - eth_subscribe
[2021/11/22 09:35:28.748] - eth_getLogs
[2021/11/22 09:35:28.749] - eth_subscribe
[2021/11/22 09:35:28.770] - eth_getBlockByNumber
[2021/11/22 09:35:28.770] - eth_subscribe
[2021/11/22 09:35:28.783] - eth_blockNumber
[2021/11/22 09:35:28.783] - eth_accounts
[2021/11/22 09:35:28.783] - eth_blockNumber
[2021/11/22 09:35:28.783] - eth_gasPrice
[2021/11/22 09:35:28.783] - eth_accounts
[2021/11/22 09:35:28.784] - eth_getBlockByNumber
[2021/11/22 09:35:28.784] - eth_gasPrice
[2021/11/22 09:35:28.784] - eth_subscribe
[2021/11/22 09:35:28.796] - eth_accounts
[2021/11/22 09:35:28.863] - eth_getBalance
[2021/11/22 09:35:28.870] - eth_getTransactionCount
[2021/11/22 09:35:28.875] - eth_getBalance
[2021/11/22 09:35:28.887] - eth_getTransactionCount
[2021/11/22 09:35:28.895] - eth_getBalance
[2021/11/22 09:35:28.900] - eth_getTransactionCount
[2021/11/22 09:35:28.904] - eth_getBalance
[2021/11/22 09:35:28.909] - eth_getTransactionCount
[2021/11/22 09:35:28.913] - eth_getBalance
[2021/11/22 09:35:28.917] - eth_getTransactionCount
[2021/11/22 09:35:28.921] - eth_getBalance
[2021/11/22 09:35:28.925] - eth_getTransactionCount
[2021/11/22 09:35:28.929] - eth_getBalance
[2021/11/22 09:35:28.933] - eth_getTransactionCount
[2021/11/22 09:35:28.938] - eth_getBalance
[2021/11/22 09:35:28.942] - eth_getTransactionCount
[2021/11/22 09:35:28.947] - eth_getBalance
[2021/11/22 09:35:28.951] - eth_getTransactionCount
[2021/11/22 09:35:28.954] - eth_getBalance
[2021/11/22 09:35:28.957] - eth_getTransactionCount
[2021/11/22 09:35:28.961] - eth_getBalance
[2021/11/22 09:35:28.971] - eth_getTransactionCount
[2021/11/22 09:35:28.972] - eth_getBalance
[2021/11/22 09:35:28.976] - eth_getTransactionCount
[2021/11/22 09:35:28.982] - eth_getBalance
[2021/11/22 09:35:28.985] - eth_getTransactionCount
[2021/11/22 09:35:28.989] - eth_getBalance
[2021/11/22 09:35:28.997] - eth_getTransactionCount
[2021/11/22 09:35:28.997] - eth_getBalance
[2021/11/22 09:35:29.002] - eth_getTransactionCount
[2021/11/22 09:35:29.006] - eth_getBalance
[2021/11/22 09:35:29.006] - eth_getTransactionCount
[2021/11/22 09:35:29.010] - eth_getBalance
[2021/11/22 09:35:29.014] - eth_getTransactionCount
[2021/11/22 09:35:29.017] - eth_getBalance
[2021/11/22 09:35:29.022] - eth_getTransactionCount
[2021/11/22 09:35:29.023] - eth_getBalance
[2021/11/22 09:35:29.032] - eth_getTransactionCount
[2021/11/22 09:35:29.033] - eth_getBalance
[2021/11/22 09:35:29.037] - eth_getTransactionCount
[2021/11/22 09:35:29.042] - eth_getBalance
[2021/11/22 09:35:29.043] - eth_getTransactionCount
[2021/11/22 09:35:29.047] - eth_getBalance
[2021/11/22 09:35:29.054] - eth_getTransactionCount
[2021/11/22 09:35:29.057] - eth_getBalance
[2021/11/22 09:35:29.060] - eth_getTransactionCount
[2021/11/22 09:35:29.064] - eth_getBalance
[2021/11/22 09:35:29.069] - eth_getTransactionCount
[2021/11/22 09:35:29.072] - eth_getBalance
[2021/11/22 09:35:29.075] - eth_getTransactionCount
[2021/11/22 09:35:29.081] - eth_getBalance
[2021/11/22 09:35:29.082] - eth_getTransactionCount
[2021/11/22 09:35:29.085] - eth_getBalance
[2021/11/22 09:35:29.089] - eth_getTransactionCount
[2021/11/22 09:35:29.093] - eth_getBalance
[2021/11/22 09:35:29.098] - eth_getTransactionCount
[2021/11/22 09:35:29.100] - eth_getBalance
[2021/11/22 09:35:29.103] - eth_getTransactionCount
[2021/11/22 09:35:29.109] - eth_getBalance
[2021/11/22 09:35:29.112] - eth_getTransactionCount
[2021/11/22 09:35:29.116] - eth_getBalance
[2021/11/22 09:35:29.119] - eth_getTransactionCount
[2021/11/22 09:35:29.123] - eth_getBalance
[2021/11/22 09:35:29.126] - eth_getTransactionCount
[2021/11/22 09:35:29.129] - eth_getBalance
[2021/11/22 09:35:29.133] - eth_getTransactionCount
[2021/11/22 09:35:29.137] - eth_getBalance
[2021/11/22 09:35:29.141] - eth_getTransactionCount
[2021/11/22 09:35:29.144] - eth_getBalance
[2021/11/22 09:35:29.149] - eth_getTransactionCount
[2021/11/22 09:35:29.151] - eth_getBalance
[2021/11/22 09:35:29.155] - eth_getTransactionCount
[2021/11/22 09:35:29.158] - eth_getBalance
[2021/11/22 09:35:29.161] - eth_getTransactionCount
[2021/11/22 09:35:29.165] - eth_getBalance
[2021/11/22 09:35:29.168] - eth_getTransactionCount
[2021/11/22 09:35:29.172] - eth_getBalance
[2021/11/22 09:35:29.176] - eth_getTransactionCount
[2021/11/22 09:35:29.180] - eth_getBalance
[2021/11/22 09:35:29.184] - eth_getTransactionCount
[2021/11/22 09:35:29.187] - eth_getBalance
[2021/11/22 09:35:29.194] - eth_getTransactionCount
[2021/11/22 09:35:29.196] - eth_getBalance
[2021/11/22 09:35:29.200] - eth_getTransactionCount
[2021/11/22 09:35:29.203] - eth_getBalance
[2021/11/22 09:35:29.206] - eth_getTransactionCount
[2021/11/22 09:35:29.210] - eth_getBalance
[2021/11/22 09:35:29.213] - eth_getTransactionCount
[2021/11/22 09:35:29.217] - eth_getBalance
[2021/11/22 09:35:29.222] - eth_getTransactionCount
[2021/11/22 09:35:29.231] - eth_getBalance
[2021/11/22 09:35:29.232] - eth_getTransactionCount
[2021/11/22 09:35:29.232] - eth_getBalance
[2021/11/22 09:35:29.237] - eth_getTransactionCount
[2021/11/22 09:35:29.241] - eth_getBalance
[2021/11/22 09:35:29.247] - eth_getTransactionCount
[2021/11/22 09:35:29.247] - eth_getBalance
[2021/11/22 09:35:29.251] - eth_getTransactionCount
[2021/11/22 09:35:29.256] - eth_getBalance
[2021/11/22 09:35:29.259] - eth_getTransactionCount
[2021/11/22 09:35:29.262] - eth_getBalance
[2021/11/22 09:35:29.265] - eth_getTransactionCount
[2021/11/22 09:35:29.270] - eth_getBalance
[2021/11/22 09:35:29.273] - eth_getTransactionCount
[2021/11/22 09:35:29.276] - eth_getBalance
[2021/11/22 09:35:29.279] - eth_getTransactionCount
[2021/11/22 09:35:29.283] - eth_getBalance
[2021/11/22 09:35:29.286] - eth_getTransactionCount
[2021/11/22 09:35:29.290] - eth_getBalance
[2021/11/22 09:35:29.296] - eth_getTransactionCount
[2021/11/22 09:35:29.297] - eth_getBalance
[2021/11/22 09:35:29.300] - eth_getTransactionCount
[2021/11/22 09:35:29.304] - eth_getBalance
[2021/11/22 09:35:29.307] - eth_getTransactionCount
[2021/11/22 09:35:29.315] - eth_getBalance
[2021/11/22 09:35:29.316] - eth_getTransactionCount
[2021/11/22 09:35:29.322] - eth_getBalance
[2021/11/22 09:35:29.324] - eth_getTransactionCount
[2021/11/22 09:35:29.328] - eth_getBalance
[2021/11/22 09:35:29.332] - eth_getTransactionCount
[2021/11/22 09:35:29.334] - eth_getBalance
[2021/11/22 09:35:29.340] - eth_getTransactionCount
[2021/11/22 09:35:29.342] - eth_getBalance
[2021/11/22 09:35:29.345] - eth_getTransactionCount
[2021/11/22 09:35:29.348] - eth_getBalance
[2021/11/22 09:35:29.352] - eth_getTransactionCount
[2021/11/22 09:35:29.356] - eth_getBalance
[2021/11/22 09:35:29.359] - eth_getTransactionCount
[2021/11/22 09:35:29.363] - eth_getBalance
[2021/11/22 09:35:29.366] - eth_getTransactionCount
[2021/11/22 09:35:29.369] - eth_getBalance
[2021/11/22 09:35:29.373] - eth_getTransactionCount
[2021/11/22 09:35:29.376] - eth_getBalance
[2021/11/22 09:35:29.380] - eth_getTransactionCount
[2021/11/22 09:35:29.383] - eth_getBalance
[2021/11/22 09:35:29.389] - eth_getTransactionCount
[2021/11/22 09:35:29.391] - eth_getBalance
[2021/11/22 09:35:29.395] - eth_getTransactionCount
[2021/11/22 09:35:29.399] - eth_getBalance
[2021/11/22 09:35:29.404] - eth_getTransactionCount
[2021/11/22 09:35:29.409] - eth_getBalance
[2021/11/22 09:35:29.414] - eth_getTransactionCount
[2021/11/22 09:35:29.418] - eth_getBalance
[2021/11/22 09:35:29.424] - eth_getTransactionCount
[2021/11/22 09:35:29.427] - eth_getBalance
[2021/11/22 09:35:29.429] - eth_getTransactionCount
[2021/11/22 09:35:29.433] - eth_getBalance
[2021/11/22 09:35:29.437] - eth_getTransactionCount
[2021/11/22 09:35:29.441] - eth_getBalance
[2021/11/22 09:35:29.445] - eth_getTransactionCount
[2021/11/22 09:35:29.453] - eth_getBalance
[2021/11/22 09:35:29.454] - eth_getTransactionCount
[2021/11/22 09:35:29.460] - eth_getBalance
[2021/11/22 09:35:29.460] - eth_getTransactionCount
[2021/11/22 09:35:29.463] - eth_getBalance
[2021/11/22 09:35:29.468] - eth_getTransactionCount
[2021/11/22 09:35:29.474] - eth_getBalance
[2021/11/22 09:35:29.475] - eth_getTransactionCount
[2021/11/22 09:35:29.479] - eth_getBalance
[2021/11/22 09:35:29.488] - eth_getTransactionCount
[2021/11/22 09:35:29.489] - eth_getBalance
[2021/11/22 09:35:29.491] - eth_getTransactionCount
[2021/11/22 09:35:29.494] - eth_getBalance
[2021/11/22 09:35:29.499] - eth_getTransactionCount
[2021/11/22 09:35:29.503] - eth_getBalance
[2021/11/22 09:35:29.507] - eth_getTransactionCount
[2021/11/22 09:35:29.511] - eth_getBalance
[2021/11/22 09:35:29.515] - eth_getTransactionCount
[2021/11/22 09:35:29.540] - eth_getBalance
[2021/11/22 09:35:29.542] - eth_getTransactionCount
[2021/11/22 09:35:29.544] - eth_getBalance
[2021/11/22 09:35:29.545] - eth_getTransactionCount
[2021/11/22 09:35:29.545] - eth_getBalance
[2021/11/22 09:35:29.545] - eth_getTransactionCount
[2021/11/22 09:35:29.546] - eth_getBalance
[2021/11/22 09:35:29.548] - eth_getTransactionCount
[2021/11/22 09:35:29.552] - eth_getBalance
[2021/11/22 09:35:29.557] - eth_getTransactionCount
[2021/11/22 09:35:29.563] - eth_getBalance
[2021/11/22 09:35:29.568] - eth_getTransactionCount
[2021/11/22 09:35:29.572] - eth_getBalance
[2021/11/22 09:35:29.576] - eth_getTransactionCount
[2021/11/22 09:35:29.579] - eth_getBalance
[2021/11/22 09:35:29.587] - eth_getTransactionCount
[2021/11/22 09:35:29.589] - eth_getBalance
[2021/11/22 09:35:29.592] - eth_getTransactionCount
[2021/11/22 09:35:29.595] - eth_getBalance
[2021/11/22 09:35:29.600] - eth_getTransactionCount
[2021/11/22 09:35:29.603] - eth_getBalance
[2021/11/22 09:35:29.610] - eth_getTransactionCount
[2021/11/22 09:35:29.611] - eth_getBalance
[2021/11/22 09:35:29.613] - eth_getTransactionCount
[2021/11/22 09:35:29.616] - eth_getBalance
[2021/11/22 09:35:29.620] - eth_getTransactionCount
[2021/11/22 09:35:29.623] - eth_getBalance
[2021/11/22 09:35:29.626] - eth_getTransactionCount
[2021/11/22 09:35:29.630] - eth_getBalance
[2021/11/22 09:35:29.633] - eth_getTransactionCount
[2021/11/22 09:35:29.641] - eth_getBalance
[2021/11/22 09:35:29.642] - eth_getTransactionCount
[2021/11/22 09:35:29.653] - eth_getBalance
[2021/11/22 09:35:29.656] - eth_getTransactionCount
[2021/11/22 09:35:29.660] - eth_getBalance
[2021/11/22 09:35:29.666] - eth_getTransactionCount
[2021/11/22 09:35:29.666] - eth_getBalance
[2021/11/22 09:35:29.670] - eth_getTransactionCount
[2021/11/22 09:35:29.673] - eth_getBalance
[2021/11/22 09:35:29.677] - eth_getTransactionCount
[2021/11/22 09:35:29.684] - eth_getBalance
[2021/11/22 09:35:29.685] - eth_getTransactionCount
[2021/11/22 09:35:29.688] - eth_getBalance
[2021/11/22 09:35:29.692] - eth_getTransactionCount
[2021/11/22 09:35:29.695] - eth_getBalance
[2021/11/22 09:35:29.698] - eth_getTransactionCount
[2021/11/22 09:35:29.702] - eth_getBalance
[2021/11/22 09:35:29.705] - eth_getTransactionCount
[2021/11/22 09:35:29.709] - eth_getBalance
[2021/11/22 09:35:29.712] - eth_getTransactionCount
[2021/11/22 09:35:29.715] - eth_getBalance
[2021/11/22 09:35:29.719] - eth_getTransactionCount
[2021/11/22 09:35:29.722] - eth_getBalance
[2021/11/22 09:35:29.726] - eth_getTransactionCount
[2021/11/22 09:35:29.730] - eth_getBalance
[2021/11/22 09:35:29.733] - eth_getTransactionCount
[2021/11/22 09:35:29.736] - eth_getBalance
[2021/11/22 09:35:29.739] - eth_getTransactionCount
[2021/11/22 09:35:29.742] - eth_getBalance
[2021/11/22 09:35:29.747] - eth_getTransactionCount
[2021/11/22 09:35:29.752] - eth_getBalance
[2021/11/22 09:35:29.758] - eth_getTransactionCount
[2021/11/22 09:35:29.759] - eth_getBalance
[2021/11/22 09:35:29.762] - eth_getTransactionCount
[2021/11/22 09:35:29.765] - eth_getBalance
[2021/11/22 09:35:29.770] - eth_getTransactionCount
[2021/11/22 09:35:29.775] - eth_getBalance
[2021/11/22 09:35:29.782] - eth_getTransactionCount
[2021/11/22 09:35:29.787] - eth_getBalance
[2021/11/22 09:35:29.793] - eth_getTransactionCount
[2021/11/22 09:35:29.794] - eth_getBalance
[2021/11/22 09:35:29.797] - eth_getTransactionCount
[2021/11/22 09:35:29.801] - eth_getBalance
[2021/11/22 09:35:29.804] - eth_getTransactionCount
[2021/11/22 09:35:29.807] - eth_getBalance
[2021/11/22 09:35:29.811] - eth_getTransactionCount
[2021/11/22 09:35:29.814] - eth_getBalance
[2021/11/22 09:35:29.821] - eth_getTransactionCount
[2021/11/22 09:35:29.825] - eth_getBalance
[2021/11/22 09:35:29.828] - eth_getTransactionCount
[2021/11/22 09:35:29.832] - eth_getBalance
[2021/11/22 09:35:29.835] - eth_getTransactionCount
[2021/11/22 09:35:29.838] - eth_getBalance
[2021/11/22 09:35:29.841] - eth_getTransactionCount
[2021/11/22 09:35:29.845] - eth_getBalance
[2021/11/22 09:35:29.848] - eth_getTransactionCount
[2021/11/22 09:35:29.852] - eth_getBalance
[2021/11/22 09:35:29.855] - eth_getTransactionCount
[2021/11/22 09:35:29.858] - eth_getBalance
[2021/11/22 09:35:29.865] - eth_getTransactionCount
[2021/11/22 09:35:29.870] - eth_getBalance
[2021/11/22 09:35:29.873] - eth_getTransactionCount
[2021/11/22 09:35:29.877] - eth_getBalance
[2021/11/22 09:35:29.880] - eth_getTransactionCount
[2021/11/22 09:35:29.885] - eth_getBalance
[2021/11/22 09:35:29.892] - eth_getTransactionCount
[2021/11/22 09:35:29.897] - eth_getBalance
[2021/11/22 09:35:29.900] - eth_getTransactionCount
[2021/11/22 09:35:29.905] - eth_getBalance
[2021/11/22 09:35:29.912] - eth_getTransactionCount
[2021/11/22 09:35:29.912] - eth_getBalance
[2021/11/22 09:35:29.917] - eth_getTransactionCount
[2021/11/22 09:35:29.921] - eth_getBalance
[2021/11/22 09:35:29.924] - eth_getTransactionCount
[2021/11/22 09:35:29.928] - eth_getBalance
[2021/11/22 09:35:29.933] - eth_getTransactionCount
[2021/11/22 09:35:29.936] - eth_getBalance
[2021/11/22 09:35:29.940] - eth_getTransactionCount
[2021/11/22 09:35:29.942] - eth_getBalance
[2021/11/22 09:35:29.945] - eth_getTransactionCount
[2021/11/22 09:35:29.949] - eth_getBalance
[2021/11/22 09:35:29.957] - eth_getTransactionCount
[2021/11/22 09:35:29.958] - eth_getBalance
[2021/11/22 09:35:29.960] - eth_getTransactionCount
[2021/11/22 09:35:29.964] - eth_getBalance
[2021/11/22 09:35:29.966] - eth_getTransactionCount
[2021/11/22 09:35:29.969] - eth_getBalance
[2021/11/22 09:35:29.973] - eth_getTransactionCount
[2021/11/22 09:35:29.976] - eth_getBalance
[2021/11/22 09:35:29.984] - eth_getTransactionCount
[2021/11/22 09:35:29.984] - eth_getBalance
[2021/11/22 09:35:29.985] - eth_getTransactionCount
[2021/11/22 09:35:29.989] - eth_getBalance
[2021/11/22 09:35:29.995] - eth_getTransactionCount
[2021/11/22 09:35:29.995] - eth_getBalance
[2021/11/22 09:35:30.003] - eth_getTransactionCount
[2021/11/22 09:35:30.004] - eth_getBalance
[2021/11/22 09:35:30.010] - eth_getTransactionCount
[2021/11/22 09:35:30.010] - eth_getBalance
[2021/11/22 09:35:30.014] - eth_getTransactionCount
[2021/11/22 09:35:30.018] - eth_getBalance
[2021/11/22 09:35:30.021] - eth_getTransactionCount
[2021/11/22 09:35:30.024] - eth_getBalance
[2021/11/22 09:35:30.027] - eth_getTransactionCount
[2021/11/22 09:35:30.031] - eth_getBalance
[2021/11/22 09:35:30.039] - eth_getTransactionCount
[2021/11/22 09:35:30.039] - eth_getBalance
[2021/11/22 09:35:30.042] - eth_getTransactionCount
[2021/11/22 09:35:30.047] - eth_getBalance
[2021/11/22 09:35:30.051] - eth_getTransactionCount
[2021/11/22 09:35:30.053] - eth_getBalance
[2021/11/22 09:35:30.058] - eth_getTransactionCount
[2021/11/22 09:35:30.059] - eth_getBalance
[2021/11/22 09:35:30.063] - eth_getTransactionCount
[2021/11/22 09:35:30.065] - eth_getBalance
[2021/11/22 09:35:30.068] - eth_getTransactionCount
[2021/11/22 09:35:30.072] - eth_getBalance
[2021/11/22 09:35:30.075] - eth_getTransactionCount
[2021/11/22 09:35:30.079] - eth_getBalance
[2021/11/22 09:35:30.091] - eth_getTransactionCount
[2021/11/22 09:35:30.092] - eth_getBalance
[2021/11/22 09:35:30.092] - eth_getTransactionCount
[2021/11/22 09:35:30.092] - eth_getBalance
[2021/11/22 09:35:30.096] - eth_getTransactionCount
[2021/11/22 09:35:30.101] - eth_getBalance
[2021/11/22 09:35:30.104] - eth_getTransactionCount
[2021/11/22 09:35:30.109] - eth_getBalance
[2021/11/22 09:35:30.114] - eth_getTransactionCount
[2021/11/22 09:35:30.118] - eth_getBalance
[2021/11/22 09:35:30.123] - eth_getTransactionCount
[2021/11/22 09:35:30.125] - eth_getBalance
[2021/11/22 09:35:30.129] - eth_getTransactionCount
[2021/11/22 09:35:30.132] - eth_getBalance
[2021/11/22 09:35:30.141] - eth_getTransactionCount
[2021/11/22 09:35:30.142] - eth_getBalance
[2021/11/22 09:35:30.142] - eth_getTransactionCount
[2021/11/22 09:35:30.149] - eth_getBalance
[2021/11/22 09:35:30.150] - eth_getTransactionCount
[2021/11/22 09:35:30.151] - eth_getBalance
[2021/11/22 09:35:30.154] - eth_getTransactionCount
[2021/11/22 09:35:30.158] - eth_getBalance
[2021/11/22 09:35:30.161] - eth_getTransactionCount
[2021/11/22 09:35:30.164] - eth_getBalance
[2021/11/22 09:35:30.168] - eth_getTransactionCount
[2021/11/22 09:35:30.171] - eth_getBalance
[2021/11/22 09:35:30.175] - eth_getTransactionCount
[2021/11/22 09:35:30.178] - eth_getBalance
[2021/11/22 09:35:30.181] - eth_getTransactionCount
[2021/11/22 09:35:30.184] - eth_getBalance
[2021/11/22 09:35:30.188] - eth_getTransactionCount
[2021/11/22 09:35:30.191] - eth_getBalance
[2021/11/22 09:35:30.194] - eth_getTransactionCount
[2021/11/22 09:35:30.197] - eth_getBalance
[2021/11/22 09:35:30.200] - eth_getTransactionCount
[2021/11/22 09:35:30.208] - eth_getBalance
[2021/11/22 09:35:30.208] - eth_getTransactionCount
[2021/11/22 09:35:30.212] - eth_getBalance
[2021/11/22 09:35:30.215] - eth_getTransactionCount
[2021/11/22 09:35:30.218] - eth_getBalance
[2021/11/22 09:35:30.222] - eth_getTransactionCount
[2021/11/22 09:35:30.225] - eth_getBalance
[2021/11/22 09:35:30.228] - eth_getTransactionCount
[2021/11/22 09:35:30.231] - eth_getBalance
[2021/11/22 09:35:30.234] - eth_getTransactionCount
[2021/11/22 09:35:30.237] - eth_getBalance
[2021/11/22 09:35:30.245] - eth_getTransactionCount
[2021/11/22 09:35:30.250] - eth_getBalance
[2021/11/22 09:35:30.254] - eth_getTransactionCount
[2021/11/22 09:35:30.258] - eth_getBalance
[2021/11/22 09:35:30.261] - eth_getTransactionCount
[2021/11/22 09:35:30.264] - eth_getBalance
[2021/11/22 09:35:30.267] - eth_getTransactionCount
[2021/11/22 09:35:30.270] - eth_getBalance
[2021/11/22 09:35:30.274] - eth_getTransactionCount
[2021/11/22 09:35:30.277] - eth_getBalance
[2021/11/22 09:35:30.280] - eth_getTransactionCount
[2021/11/22 09:35:30.283] - eth_getBalance
[2021/11/22 09:35:30.286] - eth_getTransactionCount
[2021/11/22 09:35:30.290] - eth_getBalance
[2021/11/22 09:35:30.294] - eth_getTransactionCount
[2021/11/22 09:35:30.297] - eth_getBalance
[2021/11/22 09:35:30.301] - eth_getTransactionCount
[2021/11/22 09:35:30.304] - eth_getBalance
[2021/11/22 09:35:30.307] - eth_getTransactionCount
[2021/11/22 09:35:30.310] - eth_getBalance
[2021/11/22 09:35:30.313] - eth_getTransactionCount
[2021/11/22 09:35:30.316] - eth_getBalance
[2021/11/22 09:35:30.319] - eth_getTransactionCount
[2021/11/22 09:35:30.322] - eth_getBalance
[2021/11/22 09:35:30.326] - eth_getTransactionCount
[2021/11/22 09:35:30.329] - eth_getBalance
[2021/11/22 09:35:30.333] - eth_getTransactionCount
[2021/11/22 09:35:30.336] - eth_getBalance
[2021/11/22 09:35:30.339] - eth_getTransactionCount
[2021/11/22 09:35:30.361] - eth_getBalance
[2021/11/22 09:35:30.363] - eth_getTransactionCount
[2021/11/22 09:35:30.365] - eth_getBalance
[2021/11/22 09:35:30.372] - eth_getTransactionCount
[2021/11/22 09:35:30.372] - eth_getBalance
[2021/11/22 09:35:30.372] - eth_getTransactionCount
[2021/11/22 09:35:30.372] - eth_getBalance
[2021/11/22 09:35:30.372] - eth_getTransactionCount
[2021/11/22 09:35:30.374] - eth_getBalance
[2021/11/22 09:35:30.378] - eth_getTransactionCount
[2021/11/22 09:35:30.381] - eth_getBalance
[2021/11/22 09:35:30.385] - eth_getTransactionCount
[2021/11/22 09:35:30.392] - eth_getBalance
[2021/11/22 09:35:30.393] - eth_getTransactionCount
[2021/11/22 09:35:30.394] - eth_getBalance
[2021/11/22 09:35:30.398] - eth_getTransactionCount
[2021/11/22 09:35:30.401] - eth_getBalance
[2021/11/22 09:35:30.404] - eth_getTransactionCount
[2021/11/22 09:35:30.408] - eth_getBalance
[2021/11/22 09:35:30.411] - eth_getTransactionCount
[2021/11/22 09:35:30.414] - eth_getBalance
[2021/11/22 09:35:30.418] - eth_getTransactionCount
[2021/11/22 09:35:30.421] - eth_getBalance
[2021/11/22 09:35:30.425] - eth_getTransactionCount
[2021/11/22 09:35:30.428] - eth_getBalance
[2021/11/22 09:35:30.433] - eth_getTransactionCount
[2021/11/22 09:35:30.434] - eth_getBalance
[2021/11/22 09:35:30.442] - eth_getTransactionCount
[2021/11/22 09:35:30.448] - eth_getBalance
[2021/11/22 09:35:30.452] - eth_getTransactionCount
[2021/11/22 09:35:30.455] - eth_getBalance
[2021/11/22 09:35:30.458] - eth_getTransactionCount
[2021/11/22 09:35:30.462] - eth_getBalance
[2021/11/22 09:35:30.466] - eth_getTransactionCount
[2021/11/22 09:35:30.469] - eth_getBalance
[2021/11/22 09:35:30.472] - eth_getTransactionCount
[2021/11/22 09:35:30.476] - eth_getBalance
[2021/11/22 09:35:30.479] - eth_getTransactionCount
[2021/11/22 09:35:30.482] - eth_getBalance
[2021/11/22 09:35:30.485] - eth_getTransactionCount
[2021/11/22 09:35:30.488] - eth_getBalance
[2021/11/22 09:35:30.492] - eth_getTransactionCount
[2021/11/22 09:35:30.495] - eth_getBalance
[2021/11/22 09:35:30.498] - eth_getTransactionCount
[2021/11/22 09:35:30.501] - eth_getBalance
[2021/11/22 09:35:30.506] - eth_getTransactionCount
[2021/11/22 09:35:30.509] - eth_getBalance
[2021/11/22 09:35:30.512] - eth_getTransactionCount
[2021/11/22 09:35:30.515] - eth_getBalance
[2021/11/22 09:35:30.519] - eth_getTransactionCount
[2021/11/22 09:35:30.522] - eth_getBalance
[2021/11/22 09:35:30.525] - eth_getTransactionCount
[2021/11/22 09:35:30.528] - eth_getBalance
[2021/11/22 09:35:30.531] - eth_getTransactionCount
[2021/11/22 09:35:30.535] - eth_getBalance
[2021/11/22 09:35:30.538] - eth_getTransactionCount
[2021/11/22 09:35:30.541] - eth_getBalance
[2021/11/22 09:35:30.545] - eth_getTransactionCount
[2021/11/22 09:35:30.548] - eth_getBalance
[2021/11/22 09:35:30.555] - eth_getTransactionCount
[2021/11/22 09:35:30.556] - eth_getBalance
[2021/11/22 09:35:30.559] - eth_getTransactionCount
[2021/11/22 09:35:30.562] - eth_getBalance
[2021/11/22 09:35:30.567] - eth_getTransactionCount
[2021/11/22 09:35:30.574] - eth_getBalance
[2021/11/22 09:35:30.578] - eth_getTransactionCount
[2021/11/22 09:35:30.581] - eth_getBalance
[2021/11/22 09:35:30.584] - eth_getTransactionCount
[2021/11/22 09:35:30.587] - eth_getBalance
[2021/11/22 09:35:30.591] - eth_getTransactionCount
[2021/11/22 09:35:30.595] - eth_getBalance
[2021/11/22 09:35:30.598] - eth_getTransactionCount
[2021/11/22 09:35:30.601] - eth_getBalance
[2021/11/22 09:35:30.604] - eth_getTransactionCount
[2021/11/22 09:35:30.607] - eth_getBalance
[2021/11/22 09:35:30.610] - eth_getTransactionCount
[2021/11/22 09:35:30.614] - eth_getBalance
[2021/11/22 09:35:30.617] - eth_getTransactionCount
[2021/11/22 09:35:30.620] - eth_getBalance
[2021/11/22 09:35:30.623] - eth_getTransactionCount
[2021/11/22 09:35:30.626] - eth_getBalance
[2021/11/22 09:35:30.630] - eth_getTransactionCount
[2021/11/22 09:35:30.634] - eth_getBalance
[2021/11/22 09:35:30.637] - eth_getTransactionCount
[2021/11/22 09:35:30.643] - eth_getBalance
[2021/11/22 09:35:30.649] - eth_getTransactionCount
[2021/11/22 09:35:30.651] - eth_getBalance
[2021/11/22 09:35:30.657] - eth_getTransactionCount
[2021/11/22 09:35:30.660] - eth_getBalance
[2021/11/22 09:35:30.666] - eth_getTransactionCount
[2021/11/22 09:35:30.675] - eth_getBalance
[2021/11/22 09:35:30.675] - eth_getTransactionCount
[2021/11/22 09:35:30.681] - eth_getBalance
[2021/11/22 09:35:30.682] - eth_getTransactionCount
[2021/11/22 09:35:30.685] - eth_getBalance
[2021/11/22 09:35:30.689] - eth_getTransactionCount
[2021/11/22 09:35:30.693] - eth_getBalance
[2021/11/22 09:35:30.695] - eth_getTransactionCount
[2021/11/22 09:35:30.698] - eth_getBalance
[2021/11/22 09:35:30.702] - eth_getTransactionCount
[2021/11/22 09:35:30.705] - eth_getBalance
[2021/11/22 09:35:30.708] - eth_getTransactionCount
[2021/11/22 09:35:30.711] - eth_getBalance
[2021/11/22 09:35:30.714] - eth_getTransactionCount
[2021/11/22 09:35:30.717] - eth_getBalance
[2021/11/22 09:35:30.721] - eth_getTransactionCount
[2021/11/22 09:35:30.725] - eth_getBalance
[2021/11/22 09:35:30.728] - eth_getTransactionCount
[2021/11/22 09:35:30.731] - eth_getBalance
[2021/11/22 09:35:30.734] - eth_getTransactionCount
[2021/11/22 09:35:30.738] - eth_getBalance
[2021/11/22 09:35:30.741] - eth_getTransactionCount
[2021/11/22 09:35:30.750] - eth_getBalance
[2021/11/22 09:35:30.751] - eth_getTransactionCount
[2021/11/22 09:35:30.752] - eth_getBalance
[2021/11/22 09:35:30.758] - eth_getTransactionCount
[2021/11/22 09:35:30.759] - eth_getBalance
[2021/11/22 09:35:30.765] - eth_getTransactionCount
[2021/11/22 09:35:30.772] - eth_getBalance
[2021/11/22 09:35:30.775] - eth_getTransactionCount
[2021/11/22 09:35:30.778] - eth_getBalance
[2021/11/22 09:35:30.781] - eth_getTransactionCount
[2021/11/22 09:35:30.789] - eth_getBalance
[2021/11/22 09:35:30.789] - eth_getTransactionCount
[2021/11/22 09:35:30.793] - eth_getBalance
[2021/11/22 09:35:30.795] - eth_getTransactionCount
[2021/11/22 09:35:30.798] - eth_getBalance
[2021/11/22 09:35:30.802] - eth_getTransactionCount
[2021/11/22 09:35:30.805] - eth_getBalance
[2021/11/22 09:35:30.809] - eth_getTransactionCount
[2021/11/22 09:35:30.813] - eth_getBalance
[2021/11/22 09:35:30.816] - eth_getTransactionCount
[2021/11/22 09:35:30.819] - eth_getBalance
[2021/11/22 09:35:30.823] - eth_getTransactionCount
[2021/11/22 09:35:30.826] - eth_getBalance
[2021/11/22 09:35:30.829] - eth_getTransactionCount
[2021/11/22 09:35:30.833] - eth_getBalance
[2021/11/22 09:35:30.837] - eth_getTransactionCount
[2021/11/22 09:35:30.839] - eth_getBalance
[2021/11/22 09:35:30.842] - eth_getTransactionCount
[2021/11/22 09:35:30.846] - eth_getBalance
[2021/11/22 09:35:30.850] - eth_getTransactionCount
[2021/11/22 09:35:30.853] - eth_getBalance
[2021/11/22 09:35:30.857] - eth_getTransactionCount
[2021/11/22 09:35:30.860] - eth_getBalance
[2021/11/22 09:35:30.863] - eth_getTransactionCount
[2021/11/22 09:35:30.866] - eth_getBalance
[2021/11/22 09:35:30.869] - eth_getTransactionCount
[2021/11/22 09:35:30.872] - eth_getBalance
[2021/11/22 09:35:30.877] - eth_getTransactionCount
[2021/11/22 09:35:30.879] - eth_getBalance
[2021/11/22 09:35:30.882] - eth_getTransactionCount
[2021/11/22 09:35:30.885] - eth_getBalance
[2021/11/22 09:35:30.889] - eth_getTransactionCount
[2021/11/22 09:35:30.892] - eth_getBalance
[2021/11/22 09:35:30.896] - eth_getTransactionCount
[2021/11/22 09:35:30.900] - eth_getBalance
[2021/11/22 09:35:30.904] - eth_getTransactionCount
[2021/11/22 09:35:30.906] - eth_getBalance
[2021/11/22 09:35:30.911] - eth_getTransactionCount
[2021/11/22 09:35:30.912] - eth_getBalance
[2021/11/22 09:35:30.915] - eth_getTransactionCount
[2021/11/22 09:35:30.918] - eth_getBalance
[2021/11/22 09:35:30.921] - eth_getTransactionCount
[2021/11/22 09:35:30.924] - eth_getBalance
[2021/11/22 09:35:30.928] - eth_getTransactionCount
[2021/11/22 09:35:30.932] - eth_getBalance
[2021/11/22 09:35:30.935] - eth_getTransactionCount
[2021/11/22 09:35:30.940] - eth_getBalance
[2021/11/22 09:35:30.947] - eth_getTransactionCount
[2021/11/22 09:35:30.950] - eth_getBalance
[2021/11/22 09:35:30.953] - eth_getTransactionCount
[2021/11/22 09:35:30.956] - eth_getBalance
[2021/11/22 09:35:30.959] - eth_getTransactionCount
[2021/11/22 09:35:30.963] - eth_getBalance
[2021/11/22 09:35:30.966] - eth_getTransactionCount
[2021/11/22 09:35:30.969] - eth_getBalance
[2021/11/22 09:35:30.974] - eth_getTransactionCount
[2021/11/22 09:35:30.978] - eth_getBalance
[2021/11/22 09:35:30.980] - eth_getTransactionCount
[2021/11/22 09:35:30.982] - eth_getBalance
[2021/11/22 09:35:30.986] - eth_getTransactionCount
[2021/11/22 09:35:30.989] - eth_getBalance
[2021/11/22 09:35:30.992] - eth_getTransactionCount
[2021/11/22 09:35:30.995] - eth_getBalance
[2021/11/22 09:35:30.998] - eth_getTransactionCount
[2021/11/22 09:35:31.003] - eth_getBalance
[2021/11/22 09:35:31.007] - eth_getTransactionCount
[2021/11/22 09:35:31.008] - eth_getBalance
[2021/11/22 09:35:31.012] - eth_getTransactionCount
[2021/11/22 09:35:31.016] - eth_getBalance
[2021/11/22 09:35:31.019] - eth_getTransactionCount
[2021/11/22 09:35:31.022] - eth_getBalance
[2021/11/22 09:35:31.027] - eth_getTransactionCount
[2021/11/22 09:35:31.029] - eth_getBalance
[2021/11/22 09:35:31.032] - eth_getTransactionCount
[2021/11/22 09:35:31.055] - eth_getBalance
[2021/11/22 09:35:31.056] - eth_getTransactionCount
[2021/11/22 09:35:31.058] - eth_getBalance
[2021/11/22 09:35:31.066] - eth_getTransactionCount
[2021/11/22 09:35:31.067] - eth_getBalance
[2021/11/22 09:35:31.067] - eth_getTransactionCount
[2021/11/22 09:35:31.067] - eth_getBalance
[2021/11/22 09:35:31.069] - eth_getTransactionCount
[2021/11/22 09:35:31.072] - eth_getBalance
[2021/11/22 09:35:31.075] - eth_getTransactionCount
[2021/11/22 09:35:31.078] - eth_getBalance
[2021/11/22 09:35:31.083] - eth_getTransactionCount
[2021/11/22 09:35:31.192] - eth_getTransactionCount
[2021/11/22 09:35:31.193] - eth_getBalance
[2021/11/22 09:35:31.193] - eth_getTransactionCount
[2021/11/22 09:35:31.198] - eth_getBalance
[2021/11/22 09:35:31.198] - eth_getTransactionCount
[2021/11/22 09:35:31.198] - eth_getBalance
[2021/11/22 09:35:31.199] - eth_getTransactionCount
[2021/11/22 09:35:31.199] - eth_getBalance
[2021/11/22 09:35:31.199] - eth_getTransactionCount
[2021/11/22 09:35:31.199] - eth_getBalance
[2021/11/22 09:35:31.199] - eth_getTransactionCount
[2021/11/22 09:35:31.199] - eth_getBalance
[2021/11/22 09:35:31.199] - eth_getTransactionCount
[2021/11/22 09:35:31.200] - eth_getBalance
[2021/11/22 09:35:31.200] - eth_getTransactionCount
[2021/11/22 09:35:31.200] - eth_getBalance
[2021/11/22 09:35:31.200] - eth_getTransactionCount
[2021/11/22 09:35:31.201] - eth_getBalance
[2021/11/22 09:35:31.202] - eth_getTransactionCount
[2021/11/22 09:35:31.202] - eth_getBalance
[2021/11/22 09:35:31.203] - eth_getTransactionCount
[2021/11/22 09:35:31.204] - eth_getBalance
[2021/11/22 09:35:31.204] - eth_getTransactionCount
[2021/11/22 09:35:31.209] - eth_getBalance
[2021/11/22 09:35:31.210] - eth_getTransactionCount
[2021/11/22 09:35:31.210] - eth_getBalance
[2021/11/22 09:35:31.210] - eth_getTransactionCount
[2021/11/22 09:35:31.210] - eth_getBalance
[2021/11/22 09:35:31.210] - eth_getTransactionCount
[2021/11/22 09:35:31.210] - eth_getBalance
[2021/11/22 09:35:31.213] - eth_getTransactionCount
[2021/11/22 09:35:31.213] - eth_getBalance
[2021/11/22 09:35:31.213] - eth_getTransactionCount
[2021/11/22 09:35:31.214] - eth_getBalance
[2021/11/22 09:35:31.214] - eth_getTransactionCount
[2021/11/22 09:35:31.214] - eth_getBalance
[2021/11/22 09:35:31.214] - eth_getTransactionCount
[2021/11/22 09:35:31.214] - eth_getBalance
[2021/11/22 09:35:31.214] - eth_getTransactionCount
[2021/11/22 09:35:31.215] - eth_getBalance
[2021/11/22 09:35:31.216] - eth_getTransactionCount
[2021/11/22 09:35:31.216] - eth_getBalance
[2021/11/22 09:35:31.218] - eth_getTransactionCount
[2021/11/22 09:35:31.218] - eth_getBalance
[2021/11/22 09:35:31.219] - eth_getTransactionCount
[2021/11/22 09:35:31.219] - eth_getBalance
[2021/11/22 09:35:31.219] - eth_getTransactionCount
[2021/11/22 09:35:31.220] - eth_getBalance
[2021/11/22 09:35:31.220] - eth_getTransactionCount
[2021/11/22 09:35:31.221] - eth_getBalance
[2021/11/22 09:35:31.224] - eth_getTransactionCount
[2021/11/22 09:35:31.225] - eth_getBalance
[2021/11/22 09:35:31.230] - eth_getTransactionCount
[2021/11/22 09:35:31.230] - eth_getBalance
[2021/11/22 09:35:31.230] - eth_getTransactionCount
[2021/11/22 09:35:31.231] - eth_getBalance
[2021/11/22 09:35:31.231] - eth_getTransactionCount
[2021/11/22 09:35:31.231] - eth_getBalance
[2021/11/22 09:35:31.231] - eth_getTransactionCount
[2021/11/22 09:35:31.231] - eth_getBalance
[2021/11/22 09:35:31.231] - eth_getTransactionCount
[2021/11/22 09:35:31.231] - eth_getBalance
[2021/11/22 09:35:31.231] - eth_getTransactionCount
[2021/11/22 09:35:31.232] - eth_getBalance
[2021/11/22 09:35:31.232] - eth_getTransactionCount
[2021/11/22 09:35:31.232] - eth_getBalance
[2021/11/22 09:35:31.232] - eth_getTransactionCount
[2021/11/22 09:35:31.232] - eth_getBalance
[2021/11/22 09:35:31.233] - eth_getTransactionCount
[2021/11/22 09:35:31.233] - eth_getBalance
[2021/11/22 09:35:31.233] - eth_getTransactionCount
[2021/11/22 09:35:31.234] - eth_getBalance
[2021/11/22 09:35:31.235] - eth_getTransactionCount
[2021/11/22 09:35:31.235] - eth_getBalance
[2021/11/22 09:35:31.236] - eth_getTransactionCount
[2021/11/22 09:35:31.237] - eth_getBalance
[2021/11/22 09:35:31.238] - eth_getTransactionCount
[2021/11/22 09:35:31.239] - eth_getBalance
[2021/11/22 09:35:31.240] - eth_getTransactionCount
[2021/11/22 09:35:31.240] - eth_getBalance
[2021/11/22 09:35:31.241] - eth_getTransactionCount
[2021/11/22 09:35:31.242] - eth_getBalance
[2021/11/22 09:35:31.242] - eth_getTransactionCount
[2021/11/22 09:35:31.243] - eth_getBalance
[2021/11/22 09:35:31.249] - eth_getTransactionCount
[2021/11/22 09:35:31.251] - eth_getBalance
[2021/11/22 09:35:31.253] - eth_getTransactionCount
[2021/11/22 09:35:31.258] - eth_getBalance
[2021/11/22 09:35:31.259] - eth_getTransactionCount
[2021/11/22 09:35:31.259] - eth_getBalance
[2021/11/22 09:35:31.259] - eth_getTransactionCount
[2021/11/22 09:35:31.260] - eth_getBalance
[2021/11/22 09:35:31.262] - eth_getTransactionCount
[2021/11/22 09:35:31.262] - eth_getBalance
[2021/11/22 09:35:31.262] - eth_getTransactionCount
[2021/11/22 09:35:31.262] - eth_getBalance
[2021/11/22 09:35:31.262] - eth_getTransactionCount
[2021/11/22 09:35:31.263] - eth_getBalance
[2021/11/22 09:35:31.263] - eth_getTransactionCount
[2021/11/22 09:35:31.263] - eth_getBalance
[2021/11/22 09:35:31.268] - eth_getTransactionCount
[2021/11/22 09:35:31.268] - eth_getBalance
[2021/11/22 09:35:31.269] - eth_getTransactionCount
[2021/11/22 09:35:31.269] - eth_getBalance
[2021/11/22 09:35:31.270] - eth_getTransactionCount
[2021/11/22 09:35:31.270] - eth_getBalance
[2021/11/22 09:35:31.271] - eth_getTransactionCount
[2021/11/22 09:35:31.272] - eth_getBalance
[2021/11/22 09:35:31.272] - eth_getTransactionCount
[2021/11/22 09:35:31.273] - eth_getBalance
[2021/11/22 09:35:31.273] - eth_getTransactionCount
[2021/11/22 09:35:31.275] - eth_getBalance
[2021/11/22 09:35:31.285] - eth_getTransactionCount
[2021/11/22 09:35:31.287] - eth_getBalance
[2021/11/22 09:35:31.287] - eth_getTransactionCount
[2021/11/22 09:35:31.287] - eth_getBalance
[2021/11/22 09:35:31.287] - eth_getTransactionCount
[2021/11/22 09:35:31.299] - eth_getBalance
[2021/11/22 09:35:31.299] - eth_getTransactionCount
[2021/11/22 09:35:31.299] - eth_getBalance
[2021/11/22 09:35:31.300] - eth_getTransactionCount
[2021/11/22 09:35:31.300] - eth_getBalance
[2021/11/22 09:35:31.300] - eth_getTransactionCount
[2021/11/22 09:35:31.300] - eth_getBalance
[2021/11/22 09:35:31.300] - eth_getTransactionCount
[2021/11/22 09:35:31.300] - eth_getBalance
[2021/11/22 09:35:31.300] - eth_getTransactionCount
[2021/11/22 09:35:31.300] - eth_getBalance
[2021/11/22 09:35:31.300] - eth_getTransactionCount
[2021/11/22 09:35:31.300] - eth_getBalance
[2021/11/22 09:35:31.302] - eth_getTransactionCount
[2021/11/22 09:35:31.302] - eth_getBalance
[2021/11/22 09:35:31.303] - eth_getTransactionCount
[2021/11/22 09:35:31.303] - eth_getBalance
[2021/11/22 09:35:31.308] - eth_getTransactionCount
[2021/11/22 09:35:31.308] - eth_getBalance
[2021/11/22 09:35:31.309] - eth_getTransactionCount
[2021/11/22 09:35:31.309] - eth_getBalance
[2021/11/22 09:35:31.309] - eth_getTransactionCount
[2021/11/22 09:35:31.309] - eth_getBalance
[2021/11/22 09:35:31.311] - eth_getTransactionCount
[2021/11/22 09:35:31.311] - eth_getBalance
[2021/11/22 09:35:31.311] - eth_getTransactionCount
[2021/11/22 09:35:31.311] - eth_getBalance
[2021/11/22 09:35:31.311] - eth_getTransactionCount
[2021/11/22 09:35:31.311] - eth_getBalance
[2021/11/22 09:35:31.311] - eth_getTransactionCount
[2021/11/22 09:35:31.311] - eth_getBalance
[2021/11/22 09:35:31.311] - eth_getTransactionCount
[2021/11/22 09:35:31.311] - eth_getBalance
[2021/11/22 09:35:31.311] - eth_getTransactionCount
[2021/11/22 09:35:31.312] - eth_getBalance
[2021/11/22 09:35:31.312] - eth_getTransactionCount
[2021/11/22 09:35:31.312] - eth_getBalance
[2021/11/22 09:35:31.312] - eth_getTransactionCount
[2021/11/22 09:35:31.315] - eth_getBalance
[2021/11/22 09:35:31.316] - eth_getTransactionCount
[2021/11/22 09:35:31.316] - eth_getBalance
[2021/11/22 09:35:31.316] - eth_getTransactionCount
[2021/11/22 09:35:31.317] - eth_getBalance
[2021/11/22 09:35:31.317] - eth_getTransactionCount
[2021/11/22 09:35:31.317] - eth_getBalance
[2021/11/22 09:35:31.317] - eth_getTransactionCount
[2021/11/22 09:35:31.317] - eth_getBalance
[2021/11/22 09:35:31.318] - eth_getTransactionCount
[2021/11/22 09:35:31.318] - eth_getBalance
[2021/11/22 09:35:31.318] - eth_getTransactionCount
[2021/11/22 09:35:31.318] - eth_getBalance
[2021/11/22 09:35:31.318] - eth_getTransactionCount
[2021/11/22 09:35:31.318] - eth_getBalance
[2021/11/22 09:35:31.318] - eth_getTransactionCount
[2021/11/22 09:35:31.323] - eth_getBalance
[2021/11/22 09:35:31.323] - eth_getTransactionCount
[2021/11/22 09:35:31.323] - eth_getBalance
[2021/11/22 09:35:31.323] - eth_getTransactionCount
[2021/11/22 09:35:31.324] - eth_getBalance
[2021/11/22 09:35:31.324] - eth_getTransactionCount
[2021/11/22 09:35:31.324] - eth_getBalance
[2021/11/22 09:35:31.324] - eth_getTransactionCount
[2021/11/22 09:35:31.326] - eth_getBalance
[2021/11/22 09:35:31.326] - eth_getTransactionCount
[2021/11/22 09:35:31.326] - eth_getBalance
[2021/11/22 09:35:31.326] - eth_getTransactionCount
[2021/11/22 09:35:31.327] - eth_getBalance
[2021/11/22 09:35:31.327] - eth_getTransactionCount
[2021/11/22 09:35:31.328] - eth_getBalance
[2021/11/22 09:35:31.328] - eth_getTransactionCount
[2021/11/22 09:35:31.328] - eth_getBalance
[2021/11/22 09:35:31.329] - eth_getTransactionCount
[2021/11/22 09:35:31.329] - eth_getBalance
[2021/11/22 09:35:31.330] - eth_getTransactionCount
[2021/11/22 09:35:31.331] - eth_getBalance
[2021/11/22 09:35:31.331] - eth_getTransactionCount
[2021/11/22 09:35:31.331] - eth_getBalance
[2021/11/22 09:35:31.332] - eth_getTransactionCount
[2021/11/22 09:35:31.333] - eth_getBalance
[2021/11/22 09:35:31.334] - eth_getTransactionCount
[2021/11/22 09:35:31.334] - eth_getBalance
[2021/11/22 09:35:31.335] - eth_getTransactionCount
[2021/11/22 09:35:33.427] - eth_unsubscribe
[2021/11/22 09:35:33.428] - eth_unsubscribe
